[3.975s] Invoking command in '/TestBotTeaching/build/pythonDriving': PYTHONPATH=/TestBotTeaching/build/pythonDriving/prefix_override:/usr/lib/python3/dist-packages/colcon_core/task/python/colcon_distutils_commands:/TestBotTeaching/install/pythonDriving/lib/python3.10/site-packages:${PYTHONPATH} /usr/bin/python3 -W ignore:setup.py install is deprecated setup.py develop --uninstall --editable --build-directory /TestBotTeaching/build/pythonDriving/build
[5.823s] running develop
[6.685s] Removing /TestBotTeaching/install/pythonDriving/lib/python3.10/site-packages/pythonDriving.egg-link (link to .)
[6.831s] Invoked command in '/TestBotTeaching/build/pythonDriving' returned '0': PYTHONPATH=/TestBotTeaching/build/pythonDriving/prefix_override:/usr/lib/python3/dist-packages/colcon_core/task/python/colcon_distutils_commands:/TestBotTeaching/install/pythonDriving/lib/python3.10/site-packages:${PYTHONPATH} /usr/bin/python3 -W ignore:setup.py install is deprecated setup.py develop --uninstall --editable --build-directory /TestBotTeaching/build/pythonDriving/build
[6.840s] Invoking command in '/TestBotTeaching/pythonDriving': PYTHONPATH=/TestBotTeaching/build/pythonDriving/prefix_override:/usr/lib/python3/dist-packages/colcon_core/task/python/colcon_distutils_commands:/TestBotTeaching/install/pythonDriving/lib/python3.10/site-packages:${PYTHONPATH} /usr/bin/python3 -W ignore:setup.py install is deprecated setup.py egg_info --egg-base ../build/pythonDriving build --build-base /TestBotTeaching/build/pythonDriving/build install --record /TestBotTeaching/build/pythonDriving/install.log --single-version-externally-managed install_data --force
[8.229s] running egg_info
[8.232s] writing ../build/pythonDriving/pythonDriving.egg-info/PKG-INFO
[8.233s] writing dependency_links to ../build/pythonDriving/pythonDriving.egg-info/dependency_links.txt
[8.234s] writing entry points to ../build/pythonDriving/pythonDriving.egg-info/entry_points.txt
[8.235s] writing requirements to ../build/pythonDriving/pythonDriving.egg-info/requires.txt
[8.236s] writing top-level names to ../build/pythonDriving/pythonDriving.egg-info/top_level.txt
[8.246s] reading manifest file '../build/pythonDriving/pythonDriving.egg-info/SOURCES.txt'
[8.251s] writing manifest file '../build/pythonDriving/pythonDriving.egg-info/SOURCES.txt'
[8.256s] running build
[8.257s] running build_py
[8.257s] running install
[8.258s] running install_lib
[8.261s] creating /TestBotTeaching/install/pythonDriving/lib/python3.10/site-packages/pythonDriving
[8.265s] copying /TestBotTeaching/build/pythonDriving/build/lib/pythonDriving/__init__.py -> /TestBotTeaching/install/pythonDriving/lib/python3.10/site-packages/pythonDriving
[8.266s] byte-compiling /TestBotTeaching/install/pythonDriving/lib/python3.10/site-packages/pythonDriving/__init__.py to __init__.cpython-310.pyc
[8.269s] running install_data
[8.269s] copying resource/pythonDriving -> /TestBotTeaching/install/pythonDriving/share/ament_index/resource_index/packages
[8.270s] copying package.xml -> /TestBotTeaching/install/pythonDriving/share/pythonDriving
[8.271s] running install_egg_info
[8.280s] Copying ../build/pythonDriving/pythonDriving.egg-info to /TestBotTeaching/install/pythonDriving/lib/python3.10/site-packages/pythonDriving-0.0.0-py3.10.egg-info
[8.287s] running install_scripts
[8.385s] Installing pythonDriving script to /TestBotTeaching/install/pythonDriving/lib/pythonDriving
[8.386s] writing list of installed files to '/TestBotTeaching/build/pythonDriving/install.log'
[8.522s] Invoked command in '/TestBotTeaching/pythonDriving' returned '0': PYTHONPATH=/TestBotTeaching/build/pythonDriving/prefix_override:/usr/lib/python3/dist-packages/colcon_core/task/python/colcon_distutils_commands:/TestBotTeaching/install/pythonDriving/lib/python3.10/site-packages:${PYTHONPATH} /usr/bin/python3 -W ignore:setup.py install is deprecated setup.py egg_info --egg-base ../build/pythonDriving build --build-base /TestBotTeaching/build/pythonDriving/build install --record /TestBotTeaching/build/pythonDriving/install.log --single-version-externally-managed install_data --force
