[0.094s] Invoking command in '/Testbot/build/drivetrain': CMAKE_PREFIX_PATH=${CMAKE_PREFIX_PATH}:/opt/ros/humble /usr/bin/cmake --build /Testbot/build/drivetrain -- -j4 -l4
[0.220s] -- Found ament_cmake: 1.3.10 (/opt/ros/humble/share/ament_cmake/cmake)
[0.825s] -- Override CMake install command with custom implementation using symlinks instead of copying resources
[0.908s] -- Found rclcpp: 16.0.10 (/opt/ros/humble/share/rclcpp/cmake)
[1.385s] -- Found rosidl_generator_c: 3.1.5 (/opt/ros/humble/share/rosidl_generator_c/cmake)
[1.472s] -- Found rosidl_adapter: 3.1.5 (/opt/ros/humble/share/rosidl_adapter/cmake)
[1.557s] -- Found rosidl_generator_cpp: 3.1.5 (/opt/ros/humble/share/rosidl_generator_cpp/cmake)
[1.672s] -- Using all available rosidl_typesupport_c: rosidl_typesupport_fastrtps_c;rosidl_typesupport_introspection_c
[1.817s] -- Using all available rosidl_typesupport_cpp: rosidl_typesupport_fastrtps_cpp;rosidl_typesupport_introspection_cpp
[2.347s] -- Found rmw_implementation_cmake: 6.1.2 (/opt/ros/humble/share/rmw_implementation_cmake/cmake)
[2.389s] -- Found rmw_fastrtps_cpp: 6.2.7 (/opt/ros/humble/share/rmw_fastrtps_cpp/cmake)
[3.091s] -- Found OpenSSL: /usr/lib/aarch64-linux-gnu/libcrypto.so (found version "3.0.2")  
[3.221s] -- Found FastRTPS: /opt/ros/humble/include  
[3.434s] -- Using RMW implementation 'rmw_fastrtps_cpp' as default
[3.571s] -- Looking for pthread.h
[4.036s] -- Looking for pthread.h - found
[4.038s] -- Performing Test CMAKE_HAVE_LIBC_PTHREAD
[4.459s] -- Performing Test CMAKE_HAVE_LIBC_PTHREAD - Success
[4.464s] -- Found Threads: TRUE  
[4.887s] -- Found ament_lint_auto: 0.12.11 (/opt/ros/humble/share/ament_lint_auto/cmake)
[5.284s] -- Added test 'cppcheck' to perform static code analysis on C / C++ code
[5.285s] -- Configured cppcheck include dirs: 
[5.285s] -- Configured cppcheck exclude dirs and/or files: 
[5.289s] -- Added test 'lint_cmake' to check CMake code style
[5.296s] -- Added test 'uncrustify' to check C / C++ code style
[5.296s] -- Configured uncrustify additional arguments: 
[5.298s] -- Added test 'xmllint' to check XML markup files
[5.304s] -- Configuring done
[5.336s] [31mCMake Error at CMakeLists.txt:14 (add_executable):
[5.336s]   Cannot find source file:
[5.337s] 
[5.337s]     src/testbot_ws/src/drivetrain/src/drivesub.cpp
[5.338s] 
[5.339s]   Tried extensions .c .C .c++ .cc .cpp .cxx .cu .mpp .m .M .mm .ixx .cppm .h
[5.339s]   .hh .h++ .hm .hpp .hxx .in .txx .f .F .for .f77 .f90 .f95 .f03 .hip .ispc
[5.340s] 
[5.340s] [0m
[5.341s] [31mCMake Error at CMakeLists.txt:14 (add_executable):
[5.344s]   No SOURCES given to target: drivetrainNode
[5.345s] 
[5.346s] [0m
[5.346s] [0mCMake Generate step failed.  Build files cannot be regenerated correctly.[0m
[5.367s] gmake: *** [Makefile:226: cmake_check_build_system] Error 1
[5.377s] Invoked command in '/Testbot/build/drivetrain' returned '2': CMAKE_PREFIX_PATH=${CMAKE_PREFIX_PATH}:/opt/ros/humble /usr/bin/cmake --build /Testbot/build/drivetrain -- -j4 -l4
