[0.067s] DEBUG:colcon:Command line arguments: ['/usr/bin/colcon', 'build', '--symlink-install']
[0.067s] DEBUG:colcon:Parsed command line arguments: Namespace(log_base=None, log_level=None, verb_name='build', build_base='build', install_base='install', merge_install=False, symlink_install=True, test_result_base=None, continue_on_error=False, executor='parallel', parallel_workers=20, event_handlers=None, ignore_user_meta=False, metas=['./colcon.meta'], base_paths=['.'], packages_ignore=None, packages_ignore_regex=None, paths=None, packages_up_to=None, packages_up_to_regex=None, packages_above=None, packages_above_and_dependencies=None, packages_above_depth=None, packages_select_by_dep=None, packages_skip_by_dep=None, packages_skip_up_to=None, packages_select_build_failed=False, packages_skip_build_finished=False, packages_select_test_failures=False, packages_skip_test_passed=False, packages_select=None, packages_skip=None, packages_select_regex=None, packages_skip_regex=None, packages_start=None, packages_end=None, allow_overriding=[], cmake_args=None, cmake_target=None, cmake_target_skip_unavailable=False, cmake_clean_cache=False, cmake_clean_first=False, cmake_force_configure=False, ament_cmake_args=None, catkin_cmake_args=None, catkin_skip_building_tests=False, mixin_files=None, mixin=None, verb_parser=<colcon_mixin.mixin.mixin_argument.MixinArgumentDecorator object at 0x7b30e6e49ab0>, verb_extension=<colcon_core.verb.build.BuildVerb object at 0x7b30e6e48d00>, main=<bound method BuildVerb.main of <colcon_core.verb.build.BuildVerb object at 0x7b30e6e48d00>>, mixin_verb=('build',))
[0.158s] Level 1:colcon.colcon_core.package_discovery:discover_packages(colcon_meta) check parameters
[0.158s] Level 1:colcon.colcon_core.package_discovery:discover_packages(recursive) check parameters
[0.158s] Level 1:colcon.colcon_core.package_discovery:discover_packages(ignore) check parameters
[0.159s] Level 1:colcon.colcon_core.package_discovery:discover_packages(path) check parameters
[0.159s] Level 1:colcon.colcon_core.package_discovery:discover_packages(colcon_meta) discover
[0.159s] Level 1:colcon.colcon_core.package_discovery:discover_packages(recursive) discover
[0.159s] INFO:colcon.colcon_core.package_discovery:Crawling recursively for packages in '/home/cameron/Astrobotics/wtfisgoingon/micro_ros_raspberrypi_pico_sdk/pythonDriving'
[0.159s] Level 1:colcon.colcon_core.package_identification:_identify(.) by extensions ['ignore', 'ignore_ament_install']
[0.159s] Level 1:colcon.colcon_core.package_identification:_identify(.) by extension 'ignore'
[0.159s] Level 1:colcon.colcon_core.package_identification:_identify(.) by extension 'ignore_ament_install'
[0.159s] Level 1:colcon.colcon_core.package_identification:_identify(.) by extensions ['colcon_pkg']
[0.159s] Level 1:colcon.colcon_core.package_identification:_identify(.) by extension 'colcon_pkg'
[0.159s] Level 1:colcon.colcon_core.package_identification:_identify(.) by extensions ['colcon_meta']
[0.159s] Level 1:colcon.colcon_core.package_identification:_identify(.) by extension 'colcon_meta'
[0.159s] Level 1:colcon.colcon_core.package_identification:_identify(.) by extensions ['ros']
[0.159s] Level 1:colcon.colcon_core.package_identification:_identify(.) by extension 'ros'
[0.168s] DEBUG:colcon.colcon_core.package_identification:Package '.' with type 'ros.ament_python' and name 'pythonDriving'
[0.168s] Level 1:colcon.colcon_core.package_discovery:discover_packages(recursive) using defaults
[0.168s] Level 1:colcon.colcon_core.package_discovery:discover_packages(ignore) discover
[0.168s] Level 1:colcon.colcon_core.package_discovery:discover_packages(ignore) using defaults
[0.168s] Level 1:colcon.colcon_core.package_discovery:discover_packages(path) discover
[0.168s] Level 1:colcon.colcon_core.package_discovery:discover_packages(path) using defaults
[0.180s] Level 1:colcon.colcon_core.package_discovery:discover_packages(prefix_path) check parameters
[0.180s] Level 1:colcon.colcon_core.package_discovery:discover_packages(prefix_path) discover
[0.181s] DEBUG:colcon.colcon_installed_package_information.package_discovery:Found 1 installed packages in /home/cameron/Astrobotics/wtfisgoingon/micro_ros_raspberrypi_pico_sdk/pythonDriving/install
[0.182s] DEBUG:colcon.colcon_installed_package_information.package_discovery:Found 270 installed packages in /opt/ros/humble
[0.183s] Level 1:colcon.colcon_core.package_discovery:discover_packages(prefix_path) using defaults
[0.210s] Level 5:colcon.colcon_core.verb:set package 'pythonDriving' build argument 'cmake_args' from command line to 'None'
[0.210s] Level 5:colcon.colcon_core.verb:set package 'pythonDriving' build argument 'cmake_target' from command line to 'None'
[0.210s] Level 5:colcon.colcon_core.verb:set package 'pythonDriving' build argument 'cmake_target_skip_unavailable' from command line to 'False'
[0.210s] Level 5:colcon.colcon_core.verb:set package 'pythonDriving' build argument 'cmake_clean_cache' from command line to 'False'
[0.210s] Level 5:colcon.colcon_core.verb:set package 'pythonDriving' build argument 'cmake_clean_first' from command line to 'False'
[0.210s] Level 5:colcon.colcon_core.verb:set package 'pythonDriving' build argument 'cmake_force_configure' from command line to 'False'
[0.210s] Level 5:colcon.colcon_core.verb:set package 'pythonDriving' build argument 'ament_cmake_args' from command line to 'None'
[0.210s] Level 5:colcon.colcon_core.verb:set package 'pythonDriving' build argument 'catkin_cmake_args' from command line to 'None'
[0.210s] Level 5:colcon.colcon_core.verb:set package 'pythonDriving' build argument 'catkin_skip_building_tests' from command line to 'False'
[0.210s] DEBUG:colcon.colcon_core.verb:Building package 'pythonDriving' with the following arguments: {'ament_cmake_args': None, 'build_base': '/home/cameron/Astrobotics/wtfisgoingon/micro_ros_raspberrypi_pico_sdk/pythonDriving/build/pythonDriving', 'catkin_cmake_args': None, 'catkin_skip_building_tests': False, 'cmake_args': None, 'cmake_clean_cache': False, 'cmake_clean_first': False, 'cmake_force_configure': False, 'cmake_target': None, 'cmake_target_skip_unavailable': False, 'install_base': '/home/cameron/Astrobotics/wtfisgoingon/micro_ros_raspberrypi_pico_sdk/pythonDriving/install/pythonDriving', 'merge_install': False, 'path': '/home/cameron/Astrobotics/wtfisgoingon/micro_ros_raspberrypi_pico_sdk/pythonDriving', 'symlink_install': True, 'test_result_base': None}
[0.210s] INFO:colcon.colcon_core.executor:Executing jobs using 'parallel' executor
[0.211s] DEBUG:colcon.colcon_parallel_executor.executor.parallel:run_until_complete
[0.211s] INFO:colcon.colcon_ros.task.ament_python.build:Building ROS package in '/home/cameron/Astrobotics/wtfisgoingon/micro_ros_raspberrypi_pico_sdk/pythonDriving' with build type 'ament_python'
[0.211s] Level 1:colcon.colcon_core.shell:create_environment_hook('pythonDriving', 'ament_prefix_path')
[0.213s] INFO:colcon.colcon_core.plugin_system:Skipping extension 'colcon_core.shell.bat': Not used on non-Windows systems
[0.213s] INFO:colcon.colcon_core.shell:Creating environment hook '/home/cameron/Astrobotics/wtfisgoingon/micro_ros_raspberrypi_pico_sdk/pythonDriving/install/pythonDriving/share/pythonDriving/hook/ament_prefix_path.ps1'
[0.213s] INFO:colcon.colcon_core.shell:Creating environment descriptor '/home/cameron/Astrobotics/wtfisgoingon/micro_ros_raspberrypi_pico_sdk/pythonDriving/install/pythonDriving/share/pythonDriving/hook/ament_prefix_path.dsv'
[0.214s] INFO:colcon.colcon_core.shell:Creating environment hook '/home/cameron/Astrobotics/wtfisgoingon/micro_ros_raspberrypi_pico_sdk/pythonDriving/install/pythonDriving/share/pythonDriving/hook/ament_prefix_path.sh'
[0.214s] INFO:colcon.colcon_core.shell:Skip shell extension 'powershell' for command environment: Not usable outside of PowerShell
[0.214s] DEBUG:colcon.colcon_core.shell:Skip shell extension 'dsv' for command environment
[0.367s] INFO:colcon.colcon_core.task.python.build:Building Python package in '/home/cameron/Astrobotics/wtfisgoingon/micro_ros_raspberrypi_pico_sdk/pythonDriving'
[0.368s] INFO:colcon.colcon_core.shell:Skip shell extension 'powershell' for command environment: Not usable outside of PowerShell
[0.368s] DEBUG:colcon.colcon_core.shell:Skip shell extension 'dsv' for command environment
[0.566s] DEBUG:colcon.colcon_core.event_handler.log_command:Invoking command in '/home/cameron/Astrobotics/wtfisgoingon/micro_ros_raspberrypi_pico_sdk/pythonDriving/build/pythonDriving': PYTHONPATH=/home/cameron/Astrobotics/wtfisgoingon/micro_ros_raspberrypi_pico_sdk/pythonDriving/build/pythonDriving/prefix_override:/usr/lib/python3/dist-packages/colcon_core/task/python/colcon_distutils_commands:/home/cameron/Astrobotics/wtfisgoingon/micro_ros_raspberrypi_pico_sdk/pythonDriving/install/pythonDriving/lib/python3.10/site-packages:${PYTHONPATH} /usr/bin/python3 -W ignore:setup.py install is deprecated setup.py develop --editable --build-directory /home/cameron/Astrobotics/wtfisgoingon/micro_ros_raspberrypi_pico_sdk/pythonDriving/build/pythonDriving/build --no-deps symlink_data
[0.821s] Level 1:colcon.colcon_core.shell:create_environment_hook('pythonDriving', 'pythonpath_develop')
[0.821s] INFO:colcon.colcon_core.shell:Creating environment hook '/home/cameron/Astrobotics/wtfisgoingon/micro_ros_raspberrypi_pico_sdk/pythonDriving/build/pythonDriving/share/pythonDriving/hook/pythonpath_develop.ps1'
[0.821s] DEBUG:colcon.colcon_core.event_handler.log_command:Invoked command in '/home/cameron/Astrobotics/wtfisgoingon/micro_ros_raspberrypi_pico_sdk/pythonDriving/build/pythonDriving' returned '0': PYTHONPATH=/home/cameron/Astrobotics/wtfisgoingon/micro_ros_raspberrypi_pico_sdk/pythonDriving/build/pythonDriving/prefix_override:/usr/lib/python3/dist-packages/colcon_core/task/python/colcon_distutils_commands:/home/cameron/Astrobotics/wtfisgoingon/micro_ros_raspberrypi_pico_sdk/pythonDriving/install/pythonDriving/lib/python3.10/site-packages:${PYTHONPATH} /usr/bin/python3 -W ignore:setup.py install is deprecated setup.py develop --editable --build-directory /home/cameron/Astrobotics/wtfisgoingon/micro_ros_raspberrypi_pico_sdk/pythonDriving/build/pythonDriving/build --no-deps symlink_data
[0.822s] INFO:colcon.colcon_core.shell:Creating environment descriptor '/home/cameron/Astrobotics/wtfisgoingon/micro_ros_raspberrypi_pico_sdk/pythonDriving/build/pythonDriving/share/pythonDriving/hook/pythonpath_develop.dsv'
[0.822s] INFO:colcon.colcon_core.shell:Creating environment hook '/home/cameron/Astrobotics/wtfisgoingon/micro_ros_raspberrypi_pico_sdk/pythonDriving/build/pythonDriving/share/pythonDriving/hook/pythonpath_develop.sh'
[0.823s] Level 1:colcon.colcon_core.environment:checking '/home/cameron/Astrobotics/wtfisgoingon/micro_ros_raspberrypi_pico_sdk/pythonDriving/install/pythonDriving' for CMake module files
[0.824s] Level 1:colcon.colcon_core.environment:checking '/home/cameron/Astrobotics/wtfisgoingon/micro_ros_raspberrypi_pico_sdk/pythonDriving/install/pythonDriving' for CMake config files
[0.824s] Level 1:colcon.colcon_core.environment:checking '/home/cameron/Astrobotics/wtfisgoingon/micro_ros_raspberrypi_pico_sdk/pythonDriving/install/pythonDriving/lib'
[0.824s] Level 1:colcon.colcon_core.environment:checking '/home/cameron/Astrobotics/wtfisgoingon/micro_ros_raspberrypi_pico_sdk/pythonDriving/install/pythonDriving/bin'
[0.824s] Level 1:colcon.colcon_core.environment:checking '/home/cameron/Astrobotics/wtfisgoingon/micro_ros_raspberrypi_pico_sdk/pythonDriving/install/pythonDriving/lib/pkgconfig/pythonDriving.pc'
[0.824s] Level 1:colcon.colcon_core.environment:checking '/home/cameron/Astrobotics/wtfisgoingon/micro_ros_raspberrypi_pico_sdk/pythonDriving/install/pythonDriving/lib/python3.10/site-packages'
[0.824s] Level 1:colcon.colcon_core.shell:create_environment_hook('pythonDriving', 'pythonpath')
[0.825s] INFO:colcon.colcon_core.shell:Creating environment hook '/home/cameron/Astrobotics/wtfisgoingon/micro_ros_raspberrypi_pico_sdk/pythonDriving/install/pythonDriving/share/pythonDriving/hook/pythonpath.ps1'
[0.825s] INFO:colcon.colcon_core.shell:Creating environment descriptor '/home/cameron/Astrobotics/wtfisgoingon/micro_ros_raspberrypi_pico_sdk/pythonDriving/install/pythonDriving/share/pythonDriving/hook/pythonpath.dsv'
[0.825s] INFO:colcon.colcon_core.shell:Creating environment hook '/home/cameron/Astrobotics/wtfisgoingon/micro_ros_raspberrypi_pico_sdk/pythonDriving/install/pythonDriving/share/pythonDriving/hook/pythonpath.sh'
[0.825s] Level 1:colcon.colcon_core.environment:checking '/home/cameron/Astrobotics/wtfisgoingon/micro_ros_raspberrypi_pico_sdk/pythonDriving/install/pythonDriving/bin'
[0.825s] Level 1:colcon.colcon_core.environment:create_environment_scripts_only(pythonDriving)
[0.826s] INFO:colcon.colcon_core.shell:Creating package script '/home/cameron/Astrobotics/wtfisgoingon/micro_ros_raspberrypi_pico_sdk/pythonDriving/install/pythonDriving/share/pythonDriving/package.ps1'
[0.826s] INFO:colcon.colcon_core.shell:Creating package descriptor '/home/cameron/Astrobotics/wtfisgoingon/micro_ros_raspberrypi_pico_sdk/pythonDriving/install/pythonDriving/share/pythonDriving/package.dsv'
[0.826s] INFO:colcon.colcon_core.shell:Creating package script '/home/cameron/Astrobotics/wtfisgoingon/micro_ros_raspberrypi_pico_sdk/pythonDriving/install/pythonDriving/share/pythonDriving/package.sh'
[0.827s] INFO:colcon.colcon_core.shell:Creating package script '/home/cameron/Astrobotics/wtfisgoingon/micro_ros_raspberrypi_pico_sdk/pythonDriving/install/pythonDriving/share/pythonDriving/package.bash'
[0.827s] INFO:colcon.colcon_core.shell:Creating package script '/home/cameron/Astrobotics/wtfisgoingon/micro_ros_raspberrypi_pico_sdk/pythonDriving/install/pythonDriving/share/pythonDriving/package.zsh'
[0.828s] Level 1:colcon.colcon_core.environment:create_file_with_runtime_dependencies(/home/cameron/Astrobotics/wtfisgoingon/micro_ros_raspberrypi_pico_sdk/pythonDriving/install/pythonDriving/share/colcon-core/packages/pythonDriving)
[0.828s] DEBUG:colcon.colcon_parallel_executor.executor.parallel:closing loop
[0.828s] DEBUG:colcon.colcon_parallel_executor.executor.parallel:loop closed
[0.828s] DEBUG:colcon.colcon_parallel_executor.executor.parallel:run_until_complete finished with '0'
[0.828s] DEBUG:colcon.colcon_core.event_reactor:joining thread
[0.834s] INFO:colcon.colcon_core.plugin_system:Skipping extension 'colcon_notification.desktop_notification.terminal_notifier': Not used on non-Darwin systems
[0.834s] INFO:colcon.colcon_core.plugin_system:Skipping extension 'colcon_notification.desktop_notification.win32': Not used on non-Windows systems
[0.834s] INFO:colcon.colcon_notification.desktop_notification:Sending desktop notification using 'notify2'
[0.843s] DEBUG:colcon.colcon_core.event_reactor:joined thread
[0.843s] INFO:colcon.colcon_core.shell:Creating prefix script '/home/cameron/Astrobotics/wtfisgoingon/micro_ros_raspberrypi_pico_sdk/pythonDriving/install/local_setup.ps1'
[0.844s] INFO:colcon.colcon_core.shell:Creating prefix util module '/home/cameron/Astrobotics/wtfisgoingon/micro_ros_raspberrypi_pico_sdk/pythonDriving/install/_local_setup_util_ps1.py'
[0.845s] INFO:colcon.colcon_core.shell:Creating prefix chain script '/home/cameron/Astrobotics/wtfisgoingon/micro_ros_raspberrypi_pico_sdk/pythonDriving/install/setup.ps1'
[0.846s] INFO:colcon.colcon_core.shell:Creating prefix script '/home/cameron/Astrobotics/wtfisgoingon/micro_ros_raspberrypi_pico_sdk/pythonDriving/install/local_setup.sh'
[0.846s] INFO:colcon.colcon_core.shell:Creating prefix util module '/home/cameron/Astrobotics/wtfisgoingon/micro_ros_raspberrypi_pico_sdk/pythonDriving/install/_local_setup_util_sh.py'
[0.846s] INFO:colcon.colcon_core.shell:Creating prefix chain script '/home/cameron/Astrobotics/wtfisgoingon/micro_ros_raspberrypi_pico_sdk/pythonDriving/install/setup.sh'
[0.847s] INFO:colcon.colcon_core.shell:Creating prefix script '/home/cameron/Astrobotics/wtfisgoingon/micro_ros_raspberrypi_pico_sdk/pythonDriving/install/local_setup.bash'
[0.847s] INFO:colcon.colcon_core.shell:Creating prefix chain script '/home/cameron/Astrobotics/wtfisgoingon/micro_ros_raspberrypi_pico_sdk/pythonDriving/install/setup.bash'
[0.848s] INFO:colcon.colcon_core.shell:Creating prefix script '/home/cameron/Astrobotics/wtfisgoingon/micro_ros_raspberrypi_pico_sdk/pythonDriving/install/local_setup.zsh'
[0.848s] INFO:colcon.colcon_core.shell:Creating prefix chain script '/home/cameron/Astrobotics/wtfisgoingon/micro_ros_raspberrypi_pico_sdk/pythonDriving/install/setup.zsh'
