[0.000000] (-) TimerEvent: {}
[0.014923] (drivetrain) JobQueued: {'identifier': 'drivetrain', 'dependencies': OrderedDict()}
[0.015292] (pythonDriving) JobQueued: {'identifier': 'pythonDriving', 'dependencies': OrderedDict()}
[0.030762] (drivetrain) JobStarted: {'identifier': 'drivetrain'}
[0.094126] (-) TimerEvent: {}
[0.196863] (-) TimerEvent: {}
[0.299150] (-) TimerEvent: {}
[0.410395] (-) TimerEvent: {}
[0.504003] (pythonDriving) JobStarted: {'identifier': 'pythonDriving'}
[0.513624] (-) TimerEvent: {}
[0.617747] (-) TimerEvent: {}
[0.733349] (-) TimerEvent: {}
[0.836699] (drivetrain) JobProgress: {'identifier': 'drivetrain', 'progress': 'cmake'}
[0.837629] (-) TimerEvent: {}
[0.891835] (drivetrain) Command: {'cmd': ['/usr/bin/cmake', '/TestBotTeaching/drivetrain', '-DAMENT_CMAKE_SYMLINK_INSTALL=1', '-DCMAKE_INSTALL_PREFIX=/TestBotTeaching/install/drivetrain'], 'cwd': '/TestBotTeaching/build/drivetrain', 'env': OrderedDict([('HOSTNAME', 'astrobotics-desktop'), ('SHLVL', '2'), ('LD_LIBRARY_PATH', '/opt/ros/humble/opt/rviz_ogre_vendor/lib:/opt/ros/humble/lib/aarch64-linux-gnu:/opt/ros/humble/lib'), ('HOME', '/home/astro-dev'), ('ROS_PYTHON_VERSION', '3'), ('REMOTE_CONTAINERS', 'true'), ('ROS_DISTRO', 'humble'), ('REMOTE_CONTAINERS_IPC', '/tmp/vscode-remote-containers-ipc-a59ac04c-5e7e-4c19-9a48-7efa347a3ae4.sock'), ('_', '/usr/bin/colcon'), ('ROS_VERSION', '2'), ('TERM', 'xterm'), ('ROS_LOCALHOST_ONLY', '0'), ('PATH', '/home/astro-dev/.local/bin:/opt/ros/humble/bin:/usr/local/sbin:/usr/local/bin:/usr/sbin:/usr/bin:/sbin:/bin'), ('REMOTE_CONTAINERS_SOCKETS', '["/tmp/vscode-ssh-auth-a59ac04c-5e7e-4c19-9a48-7efa347a3ae4.sock","/tmp/.X11-unix/X0","/home/astro-dev/.gnupg/S.gpg-agent"]'), ('DISPLAY', ':0'), ('LANG', 'C.UTF-8'), ('LS_COLORS', ''), ('SSH_AUTH_SOCK', '/tmp/vscode-ssh-auth-a59ac04c-5e7e-4c19-9a48-7efa347a3ae4.sock'), ('AMENT_PREFIX_PATH', '/opt/ros/humble'), ('REMOTE_CONTAINERS_DISPLAY_SOCK', '/tmp/.X11-unix/X0'), ('PWD', '/TestBotTeaching/build/drivetrain'), ('LC_ALL', 'C.UTF-8'), ('PYTHONPATH', '/opt/ros/humble/lib/python3.10/site-packages:/opt/ros/humble/local/lib/python3.10/dist-packages'), ('COLCON', '1'), ('CMAKE_PREFIX_PATH', '/opt/ros/humble')]), 'shell': False}
[0.937297] (-) TimerEvent: {}
[1.047815] (-) TimerEvent: {}
[1.160896] (-) TimerEvent: {}
[1.264925] (-) TimerEvent: {}
[1.378082] (-) TimerEvent: {}
[1.485432] (-) TimerEvent: {}
[1.585553] (drivetrain) StderrLine: {'line': b'\x1b[0mCMake Error: The current CMakeCache.txt directory /TestBotTeaching/build/drivetrain/CMakeCache.txt is different than the directory /home/astrobotics/TestBotTeaching/build/drivetrain where CMakeCache.txt was created. This may result in binaries being created in the wrong place. If you are not sure, reedit the CMakeCache.txt\x1b[0m\n'}
[1.587817] (-) TimerEvent: {}
[1.612088] (drivetrain) StderrLine: {'line': b'\x1b[0mCMake Error: The source "/TestBotTeaching/drivetrain/CMakeLists.txt" does not match the source "/home/astrobotics/TestBotTeaching/drivetrain/CMakeLists.txt" used to generate cache.  Re-run cmake with a different source directory.\x1b[0m\n'}
[1.688397] (-) TimerEvent: {}
[1.806842] (-) TimerEvent: {}
[1.921568] (-) TimerEvent: {}
[2.030658] (-) TimerEvent: {}
[2.136818] (-) TimerEvent: {}
[2.245514] (-) TimerEvent: {}
[2.352472] (-) TimerEvent: {}
[2.458697] (-) TimerEvent: {}
[2.563092] (-) TimerEvent: {}
[2.669969] (-) TimerEvent: {}
[2.782685] (-) TimerEvent: {}
[2.885545] (-) TimerEvent: {}
[2.987004] (-) TimerEvent: {}
[3.088117] (-) TimerEvent: {}
[3.189419] (-) TimerEvent: {}
[3.291762] (-) TimerEvent: {}
[3.393786] (-) TimerEvent: {}
[3.498478] (-) TimerEvent: {}
[3.602858] (-) TimerEvent: {}
[3.705003] (-) TimerEvent: {}
[3.808302] (-) TimerEvent: {}
[3.913532] (-) TimerEvent: {}
[4.020392] (-) TimerEvent: {}
[4.123991] (-) TimerEvent: {}
[4.226821] (-) TimerEvent: {}
[4.328754] (-) TimerEvent: {}
[4.431963] (-) TimerEvent: {}
[4.536405] (-) TimerEvent: {}
[4.638261] (-) TimerEvent: {}
[4.741969] (-) TimerEvent: {}
[4.845002] (-) TimerEvent: {}
[4.947726] (-) TimerEvent: {}
[5.050904] (-) TimerEvent: {}
[5.153672] (-) TimerEvent: {}
[5.255917] (-) TimerEvent: {}
[5.359344] (-) TimerEvent: {}
[5.462407] (-) TimerEvent: {}
[5.564418] (-) TimerEvent: {}
[5.666817] (-) TimerEvent: {}
[5.768503] (-) TimerEvent: {}
[5.871862] (-) TimerEvent: {}
[5.975417] (-) TimerEvent: {}
[6.077005] (-) TimerEvent: {}
[6.179389] (-) TimerEvent: {}
[6.283598] (-) TimerEvent: {}
[6.390282] (-) TimerEvent: {}
[6.497303] (-) TimerEvent: {}
[6.599340] (-) TimerEvent: {}
[6.702376] (-) TimerEvent: {}
[6.805803] (-) TimerEvent: {}
[6.907710] (-) TimerEvent: {}
[7.009543] (-) TimerEvent: {}
[7.112527] (-) TimerEvent: {}
[7.215274] (-) TimerEvent: {}
[7.319064] (-) TimerEvent: {}
[7.429209] (-) TimerEvent: {}
[7.530507] (-) TimerEvent: {}
[7.631434] (-) TimerEvent: {}
[7.733121] (-) TimerEvent: {}
[7.835685] (-) TimerEvent: {}
[7.937598] (-) TimerEvent: {}
[8.039659] (-) TimerEvent: {}
[8.140768] (-) TimerEvent: {}
[8.243061] (-) TimerEvent: {}
[8.345694] (-) TimerEvent: {}
[8.446773] (-) TimerEvent: {}
[8.547855] (-) TimerEvent: {}
[8.649526] (-) TimerEvent: {}
[8.760512] (-) TimerEvent: {}
[8.862030] (-) TimerEvent: {}
[8.967855] (-) TimerEvent: {}
[9.073224] (-) TimerEvent: {}
[9.180932] (-) TimerEvent: {}
[9.300204] (-) TimerEvent: {}
[9.404931] (-) TimerEvent: {}
[9.510450] (-) TimerEvent: {}
[9.623457] (-) TimerEvent: {}
[9.738962] (-) TimerEvent: {}
[9.864935] (-) TimerEvent: {}
[9.977082] (-) TimerEvent: {}
[10.078974] (-) TimerEvent: {}
[10.184508] (-) TimerEvent: {}
[10.296498] (-) TimerEvent: {}
[10.407622] (-) TimerEvent: {}
[10.522262] (-) TimerEvent: {}
[10.625784] (-) TimerEvent: {}
[10.728603] (-) TimerEvent: {}
[10.840764] (-) TimerEvent: {}
[10.944331] (-) TimerEvent: {}
[11.047558] (-) TimerEvent: {}
[11.153049] (-) TimerEvent: {}
[11.258439] (-) TimerEvent: {}
[11.363591] (-) TimerEvent: {}
[11.473132] (-) TimerEvent: {}
[11.576644] (-) TimerEvent: {}
[11.688206] (-) TimerEvent: {}
[11.797914] (-) TimerEvent: {}
[11.913785] (-) TimerEvent: {}
[12.023973] (-) TimerEvent: {}
[12.127080] (-) TimerEvent: {}
[12.231780] (-) TimerEvent: {}
[12.339143] (-) TimerEvent: {}
[12.455224] (-) TimerEvent: {}
[12.562859] (-) TimerEvent: {}
[12.673960] (-) TimerEvent: {}
[12.780410] (-) TimerEvent: {}
[12.882723] (-) TimerEvent: {}
[12.991134] (-) TimerEvent: {}
[13.101735] (-) TimerEvent: {}
[13.205436] (-) TimerEvent: {}
[13.317827] (-) TimerEvent: {}
[13.419526] (-) TimerEvent: {}
[13.528303] (-) TimerEvent: {}
[13.639314] (-) TimerEvent: {}
[13.752787] (-) TimerEvent: {}
[13.857840] (-) TimerEvent: {}
[13.964794] (-) TimerEvent: {}
[14.070827] (-) TimerEvent: {}
[14.178874] (-) TimerEvent: {}
[14.288475] (-) TimerEvent: {}
[14.403110] (-) TimerEvent: {}
[14.508661] (-) TimerEvent: {}
[14.624497] (-) TimerEvent: {}
[14.734837] (-) TimerEvent: {}
[14.840367] (-) TimerEvent: {}
[14.944215] (-) TimerEvent: {}
[15.051173] (-) TimerEvent: {}
[15.160758] (-) TimerEvent: {}
[15.270858] (-) TimerEvent: {}
[15.377872] (-) TimerEvent: {}
[15.485160] (-) TimerEvent: {}
[15.595908] (-) TimerEvent: {}
[15.701173] (-) TimerEvent: {}
[15.812805] (-) TimerEvent: {}
[15.914811] (-) TimerEvent: {}
[16.019113] (-) TimerEvent: {}
[16.122359] (-) TimerEvent: {}
[16.224133] (-) TimerEvent: {}
[16.328531] (-) TimerEvent: {}
[16.429649] (-) TimerEvent: {}
[16.530900] (-) TimerEvent: {}
[16.633360] (-) TimerEvent: {}
[16.734431] (-) TimerEvent: {}
[16.841500] (-) TimerEvent: {}
[16.943560] (-) TimerEvent: {}
[17.046384] (-) TimerEvent: {}
[17.147549] (-) TimerEvent: {}
[17.250346] (-) TimerEvent: {}
[17.351842] (-) TimerEvent: {}
[17.454374] (-) TimerEvent: {}
[17.556070] (-) TimerEvent: {}
[17.658669] (-) TimerEvent: {}
[17.761926] (-) TimerEvent: {}
[17.863532] (-) TimerEvent: {}
[17.966571] (-) TimerEvent: {}
[18.069296] (-) TimerEvent: {}
[18.174587] (-) TimerEvent: {}
[18.278562] (-) TimerEvent: {}
[18.381697] (-) TimerEvent: {}
[18.483290] (-) TimerEvent: {}
[18.587097] (-) TimerEvent: {}
[18.689154] (-) TimerEvent: {}
[18.790934] (-) TimerEvent: {}
[18.893612] (-) TimerEvent: {}
[18.994949] (-) TimerEvent: {}
[19.097492] (-) TimerEvent: {}
[19.199676] (-) TimerEvent: {}
[19.303099] (-) TimerEvent: {}
[19.404205] (-) TimerEvent: {}
[19.505318] (-) TimerEvent: {}
[19.609175] (-) TimerEvent: {}
[19.697991] (drivetrain) CommandEnded: {'returncode': 1}
[19.716476] (-) TimerEvent: {}
[19.835515] (-) TimerEvent: {}
[19.937651] (-) TimerEvent: {}
[20.047379] (-) TimerEvent: {}
[20.154286] (-) TimerEvent: {}
[20.262843] (-) TimerEvent: {}
[20.373513] (-) TimerEvent: {}
[20.479517] (-) TimerEvent: {}
[20.588730] (-) TimerEvent: {}
[20.761310] (-) TimerEvent: {}
[20.877824] (-) TimerEvent: {}
[20.986472] (-) TimerEvent: {}
[21.174652] (-) TimerEvent: {}
[21.358206] (-) TimerEvent: {}
[21.525501] (-) TimerEvent: {}
[21.627492] (-) TimerEvent: {}
[21.729310] (-) TimerEvent: {}
[21.830463] (-) TimerEvent: {}
[21.931676] (-) TimerEvent: {}
[22.032787] (-) TimerEvent: {}
[22.136767] (-) TimerEvent: {}
[22.245959] (-) TimerEvent: {}
[22.355530] (-) TimerEvent: {}
[22.406263] (drivetrain) JobEnded: {'identifier': 'drivetrain', 'rc': 1}
[22.455728] (-) TimerEvent: {}
[22.558967] (-) TimerEvent: {}
[22.665706] (-) TimerEvent: {}
[22.776574] (-) TimerEvent: {}
[22.878484] (-) TimerEvent: {}
[22.984663] (-) TimerEvent: {}
[23.088756] (-) TimerEvent: {}
[23.192587] (-) TimerEvent: {}
[23.300501] (-) TimerEvent: {}
[23.405372] (-) TimerEvent: {}
[23.512393] (-) TimerEvent: {}
[23.620130] (-) TimerEvent: {}
[23.725417] (-) TimerEvent: {}
[23.833750] (-) TimerEvent: {}
[23.935834] (-) TimerEvent: {}
[24.037848] (-) TimerEvent: {}
[24.139007] (-) TimerEvent: {}
[24.241173] (-) TimerEvent: {}
[24.346721] (-) TimerEvent: {}
[24.453546] (-) TimerEvent: {}
[24.557761] (-) TimerEvent: {}
[24.664951] (-) TimerEvent: {}
[24.768827] (-) TimerEvent: {}
[24.872574] (-) TimerEvent: {}
[24.980172] (-) TimerEvent: {}
[25.086179] (-) TimerEvent: {}
[25.190472] (-) TimerEvent: {}
[25.292429] (-) TimerEvent: {}
[25.394673] (-) TimerEvent: {}
[25.495656] (-) TimerEvent: {}
[25.598439] (-) TimerEvent: {}
[25.702874] (-) TimerEvent: {}
[25.804057] (-) TimerEvent: {}
[25.911687] (-) TimerEvent: {}
[26.023519] (-) TimerEvent: {}
[26.130567] (-) TimerEvent: {}
[26.248981] (-) TimerEvent: {}
[26.359077] (-) TimerEvent: {}
[26.464688] (-) TimerEvent: {}
[26.572807] (-) TimerEvent: {}
[26.692510] (-) TimerEvent: {}
[26.807166] (-) TimerEvent: {}
[26.937025] (-) TimerEvent: {}
[27.069474] (-) TimerEvent: {}
[27.177168] (-) TimerEvent: {}
[27.281570] (-) TimerEvent: {}
[27.385351] (-) TimerEvent: {}
[27.486371] (-) TimerEvent: {}
[27.596726] (-) TimerEvent: {}
[27.708885] (-) TimerEvent: {}
[27.812535] (-) TimerEvent: {}
[27.915022] (-) TimerEvent: {}
[28.017949] (-) TimerEvent: {}
[28.120904] (-) TimerEvent: {}
[28.222700] (-) TimerEvent: {}
[28.323614] (-) TimerEvent: {}
[28.424812] (-) TimerEvent: {}
[28.526675] (-) TimerEvent: {}
[28.630095] (-) TimerEvent: {}
[28.731999] (-) TimerEvent: {}
[28.834661] (-) TimerEvent: {}
[28.938179] (-) TimerEvent: {}
[29.049619] (-) TimerEvent: {}
[29.153952] (-) TimerEvent: {}
[29.258137] (-) TimerEvent: {}
[29.359754] (-) TimerEvent: {}
[29.464700] (-) TimerEvent: {}
[29.566390] (-) TimerEvent: {}
[29.673380] (-) TimerEvent: {}
[29.775965] (-) TimerEvent: {}
[29.879665] (-) TimerEvent: {}
[29.981847] (-) TimerEvent: {}
[30.083946] (-) TimerEvent: {}
[30.186047] (-) TimerEvent: {}
[30.289449] (-) TimerEvent: {}
[30.391471] (-) TimerEvent: {}
[30.494178] (-) TimerEvent: {}
[30.597016] (-) TimerEvent: {}
[30.699701] (-) TimerEvent: {}
[30.800835] (-) TimerEvent: {}
[30.904051] (-) TimerEvent: {}
[31.005308] (-) TimerEvent: {}
[31.106370] (-) TimerEvent: {}
[31.207400] (-) TimerEvent: {}
[31.308877] (-) TimerEvent: {}
[31.412887] (-) TimerEvent: {}
[31.514892] (-) TimerEvent: {}
[31.615981] (-) TimerEvent: {}
[31.717482] (-) TimerEvent: {}
[31.818897] (-) TimerEvent: {}
[31.922572] (-) TimerEvent: {}
[32.028783] (-) TimerEvent: {}
[32.130386] (-) TimerEvent: {}
[32.232826] (-) TimerEvent: {}
[32.334226] (-) TimerEvent: {}
[32.435711] (-) TimerEvent: {}
[32.538749] (-) TimerEvent: {}
[32.640192] (-) TimerEvent: {}
[32.743311] (-) TimerEvent: {}
[32.844773] (-) TimerEvent: {}
[32.947057] (-) TimerEvent: {}
[33.048073] (-) TimerEvent: {}
[33.150104] (-) TimerEvent: {}
[33.254565] (-) TimerEvent: {}
[33.358260] (-) TimerEvent: {}
[33.461764] (-) TimerEvent: {}
[33.564662] (-) TimerEvent: {}
[33.668816] (-) TimerEvent: {}
[33.772177] (-) TimerEvent: {}
[33.875508] (-) TimerEvent: {}
[33.978040] (-) TimerEvent: {}
[34.081486] (-) TimerEvent: {}
[34.183157] (-) TimerEvent: {}
[34.287890] (-) TimerEvent: {}
[34.391027] (-) TimerEvent: {}
[34.495277] (-) TimerEvent: {}
[34.597961] (-) TimerEvent: {}
[34.699580] (-) TimerEvent: {}
[34.802985] (-) TimerEvent: {}
[34.906232] (-) TimerEvent: {}
[35.008856] (-) TimerEvent: {}
[35.111225] (-) TimerEvent: {}
[35.213781] (-) TimerEvent: {}
[35.315081] (-) TimerEvent: {}
[35.429816] (-) TimerEvent: {}
[35.536127] (-) TimerEvent: {}
[35.638286] (-) TimerEvent: {}
[35.741831] (-) TimerEvent: {}
[35.843874] (-) TimerEvent: {}
[35.946659] (-) TimerEvent: {}
[36.049799] (-) TimerEvent: {}
[36.154911] (-) TimerEvent: {}
[36.258552] (-) TimerEvent: {}
[36.362699] (-) TimerEvent: {}
[36.466396] (-) TimerEvent: {}
[36.572739] (-) TimerEvent: {}
[36.676732] (-) TimerEvent: {}
[36.779357] (-) TimerEvent: {}
[36.880751] (-) TimerEvent: {}
[36.982515] (-) TimerEvent: {}
[37.086283] (-) TimerEvent: {}
[37.188517] (-) TimerEvent: {}
[37.291028] (-) TimerEvent: {}
[37.393050] (-) TimerEvent: {}
[37.513498] (-) TimerEvent: {}
[37.634680] (-) TimerEvent: {}
[37.743217] (-) TimerEvent: {}
[37.862532] (-) TimerEvent: {}
[37.964789] (-) TimerEvent: {}
[38.096564] (-) TimerEvent: {}
[38.202010] (-) TimerEvent: {}
[38.308750] (-) TimerEvent: {}
[38.412469] (-) TimerEvent: {}
[38.527565] (-) TimerEvent: {}
[38.628500] (-) TimerEvent: {}
[38.748427] (-) TimerEvent: {}
[38.850032] (-) TimerEvent: {}
[38.966781] (-) TimerEvent: {}
[39.079479] (-) TimerEvent: {}
[39.184593] (-) TimerEvent: {}
[39.301375] (-) TimerEvent: {}
[39.409352] (-) TimerEvent: {}
[39.521391] (-) TimerEvent: {}
[39.636788] (-) TimerEvent: {}
[39.751832] (-) TimerEvent: {}
[39.861800] (-) TimerEvent: {}
[39.966228] (-) TimerEvent: {}
[40.080538] (-) TimerEvent: {}
[40.182280] (-) TimerEvent: {}
[40.312728] (-) TimerEvent: {}
[40.422840] (-) TimerEvent: {}
[40.541996] (-) TimerEvent: {}
[40.656747] (-) TimerEvent: {}
[40.770461] (-) TimerEvent: {}
[40.881601] (-) TimerEvent: {}
[41.000104] (-) TimerEvent: {}
[41.103417] (-) TimerEvent: {}
[41.222840] (-) TimerEvent: {}
[41.350095] (-) TimerEvent: {}
[41.465856] (-) TimerEvent: {}
[41.572753] (-) TimerEvent: {}
[41.637670] (pythonDriving) JobEnded: {'identifier': 'pythonDriving', 'rc': 'SIGINT'}
[41.655507] (-) EventReactorShutdown: {}
