[0.000000] (-) TimerEvent: {}
[0.002343] (drivetrain) JobQueued: {'identifier': 'drivetrain', 'dependencies': OrderedDict()}
[0.002697] (pythonDriving) JobQueued: {'identifier': 'pythonDriving', 'dependencies': OrderedDict()}
[0.016794] (drivetrain) JobStarted: {'identifier': 'drivetrain'}
[0.081604] (pythonDriving) JobStarted: {'identifier': 'pythonDriving'}
[0.092951] (-) TimerEvent: {}
[0.135061] (drivetrain) JobProgress: {'identifier': 'drivetrain', 'progress': 'cmake'}
[0.141869] (drivetrain) Command: {'cmd': ['/usr/bin/cmake', '/home/astrobotics/TestBotTeaching/drivetrain', '-DAMENT_CMAKE_SYMLINK_INSTALL=1', '-DCMAKE_INSTALL_PREFIX=/home/astrobotics/TestBotTeaching/install/drivetrain'], 'cwd': '/home/astrobotics/TestBotTeaching/build/drivetrain', 'env': OrderedDict([('USER', 'astrobotics'), ('XDG_SESSION_TYPE', 'wayland'), ('SHLVL', '2'), ('LD_LIBRARY_PATH', '/opt/ros/humble/opt/rviz_ogre_vendor/lib:/opt/ros/humble/lib/aarch64-linux-gnu:/opt/ros/humble/lib'), ('HOME', '/home/astrobotics'), ('OLDPWD', '/home/astrobotics/TestBotTeaching'), ('DESKTOP_SESSION', 'ubuntu'), ('ROS_PYTHON_VERSION', '3'), ('GNOME_SHELL_SESSION_MODE', 'ubuntu'), ('GTK_MODULES', 'gail:atk-bridge'), ('SYSTEMD_EXEC_PID', '10731'), ('DBUS_SESSION_BUS_ADDRESS', 'unix:path=/run/user/1000/bus'), ('COLORTERM', 'truecolor'), ('IM_CONFIG_PHASE', '1'), ('WAYLAND_DISPLAY', 'wayland-0'), ('COLCON_PREFIX_PATH', '/home/astrobotics/TestBotTeaching/install'), ('ROS_DISTRO', 'humble'), ('LOGNAME', 'astrobotics'), ('_', '/usr/bin/colcon'), ('ROS_VERSION', '2'), ('XDG_SESSION_CLASS', 'user'), ('USERNAME', 'astrobotics'), ('TERM', 'xterm-256color'), ('GNOME_DESKTOP_SESSION_ID', 'this-is-deprecated'), ('ROS_LOCALHOST_ONLY', '0'), ('PATH', '/opt/ros/humble/bin:/usr/local/sbin:/usr/local/bin:/usr/sbin:/usr/bin:/sbin:/bin:/usr/games:/usr/local/games:/snap/bin:/snap/bin'), ('SESSION_MANAGER', 'local/astrobotics-desktop:@/tmp/.ICE-unix/10501,unix/astrobotics-desktop:/tmp/.ICE-unix/10501'), ('XDG_MENU_PREFIX', 'gnome-'), ('GNOME_TERMINAL_SCREEN', '/org/gnome/Terminal/screen/6e081162_8e4a_493b_835b_06af80c79e83'), ('GNOME_SETUP_DISPLAY', ':1'), ('XDG_RUNTIME_DIR', '/run/user/1000'), ('DISPLAY', ':0'), ('LANG', 'en_US.UTF-8'), ('XDG_CURRENT_DESKTOP', 'ubuntu:GNOME'), ('XMODIFIERS', '@im=ibus'), ('XDG_SESSION_DESKTOP', 'ubuntu'), ('XAUTHORITY', '/run/user/1000/.mutter-Xwaylandauth.NFW1V2'), ('GNOME_TERMINAL_SERVICE', ':1.103'), ('SSH_AGENT_LAUNCHER', 'gnome-keyring'), ('SSH_AUTH_SOCK', '/run/user/1000/keyring/ssh'), ('AMENT_PREFIX_PATH', '/home/astrobotics/TestBotTeaching/install/pythonDriving:/opt/ros/humble'), ('SHELL', '/bin/bash'), ('QT_ACCESSIBILITY', '1'), ('GDMSESSION', 'ubuntu'), ('QT_IM_MODULE', 'ibus'), ('PWD', '/home/astrobotics/TestBotTeaching/build/drivetrain'), ('LC_ALL', 'en_US.UTF-8'), ('XDG_CONFIG_DIRS', '/etc/xdg/xdg-ubuntu:/etc/xdg'), ('XDG_DATA_DIRS', '/usr/share/ubuntu:/usr/local/share/:/usr/share/:/var/lib/snapd/desktop'), ('PYTHONPATH', '/home/astrobotics/TestBotTeaching/install/pythonDriving/lib/python3.10/site-packages:/opt/ros/humble/lib/python3.10/site-packages:/opt/ros/humble/local/lib/python3.10/dist-packages'), ('COLCON', '1'), ('VTE_VERSION', '6800'), ('CMAKE_PREFIX_PATH', '/home/astrobotics/TestBotTeaching/install/pythonDriving:/opt/ros/humble')]), 'shell': False}
[0.193191] (-) TimerEvent: {}
[0.228066] (drivetrain) StdoutLine: {'line': b'-- Found ament_cmake: 1.3.10 (/opt/ros/humble/share/ament_cmake/cmake)\n'}
[0.293382] (-) TimerEvent: {}
[0.394198] (-) TimerEvent: {}
[0.495309] (-) TimerEvent: {}
[0.596290] (-) TimerEvent: {}
[0.697341] (-) TimerEvent: {}
[0.798358] (-) TimerEvent: {}
[0.899245] (-) TimerEvent: {}
[1.000478] (-) TimerEvent: {}
[1.102336] (-) TimerEvent: {}
[1.203846] (-) TimerEvent: {}
[1.219414] (drivetrain) StdoutLine: {'line': b'-- Override CMake install command with custom implementation using symlinks instead of copying resources\n'}
[1.292532] (drivetrain) StdoutLine: {'line': b'-- Found rclcpp: 16.0.10 (/opt/ros/humble/share/rclcpp/cmake)\n'}
[1.304465] (-) TimerEvent: {}
[1.405915] (-) TimerEvent: {}
[1.506646] (-) TimerEvent: {}
[1.541452] (drivetrain) StdoutLine: {'line': b'-- Found rosidl_generator_c: 3.1.5 (/opt/ros/humble/share/rosidl_generator_c/cmake)\n'}
[1.558334] (drivetrain) StdoutLine: {'line': b'-- Found rosidl_adapter: 3.1.5 (/opt/ros/humble/share/rosidl_adapter/cmake)\n'}
[1.596308] (drivetrain) StdoutLine: {'line': b'-- Found rosidl_generator_cpp: 3.1.5 (/opt/ros/humble/share/rosidl_generator_cpp/cmake)\n'}
[1.606834] (-) TimerEvent: {}
[1.655878] (drivetrain) StdoutLine: {'line': b'-- Using all available rosidl_typesupport_c: rosidl_typesupport_fastrtps_c;rosidl_typesupport_introspection_c\n'}
[1.707041] (-) TimerEvent: {}
[1.734320] (drivetrain) StdoutLine: {'line': b'-- Using all available rosidl_typesupport_cpp: rosidl_typesupport_fastrtps_cpp;rosidl_typesupport_introspection_cpp\n'}
[1.807241] (-) TimerEvent: {}
[1.908021] (-) TimerEvent: {}
[1.947830] (drivetrain) StdoutLine: {'line': b'-- Found rmw_implementation_cmake: 6.1.2 (/opt/ros/humble/share/rmw_implementation_cmake/cmake)\n'}
[1.958741] (drivetrain) StdoutLine: {'line': b'-- Found rmw_fastrtps_cpp: 6.2.7 (/opt/ros/humble/share/rmw_fastrtps_cpp/cmake)\n'}
[2.008230] (-) TimerEvent: {}
[2.109044] (-) TimerEvent: {}
[2.209895] (-) TimerEvent: {}
[2.311052] (-) TimerEvent: {}
[2.414476] (-) TimerEvent: {}
[2.515571] (-) TimerEvent: {}
[2.617140] (-) TimerEvent: {}
[2.718845] (-) TimerEvent: {}
[2.820835] (-) TimerEvent: {}
[2.922140] (-) TimerEvent: {}
[3.023220] (-) TimerEvent: {}
[3.124033] (-) TimerEvent: {}
[3.194271] (drivetrain) StdoutLine: {'line': b"-- Using RMW implementation 'rmw_fastrtps_cpp' as default\n"}
[3.224328] (-) TimerEvent: {}
[3.325172] (-) TimerEvent: {}
[3.426386] (-) TimerEvent: {}
[3.508797] (drivetrain) StdoutLine: {'line': b'-- Found sensor_msgs: 4.2.4 (/opt/ros/humble/share/sensor_msgs/cmake)\n'}
[3.526782] (-) TimerEvent: {}
[3.628279] (-) TimerEvent: {}
[3.713583] (drivetrain) StdoutLine: {'line': b'-- Found ament_lint_auto: 0.12.11 (/opt/ros/humble/share/ament_lint_auto/cmake)\n'}
[3.728453] (-) TimerEvent: {}
[3.829797] (-) TimerEvent: {}
[3.931586] (-) TimerEvent: {}
[4.032675] (-) TimerEvent: {}
[4.134138] (-) TimerEvent: {}
[4.236504] (-) TimerEvent: {}
[4.238255] (drivetrain) StdoutLine: {'line': b"-- Added test 'cppcheck' to perform static code analysis on C / C++ code\n"}
[4.239550] (drivetrain) StdoutLine: {'line': b'-- Configured cppcheck include dirs: \n'}
[4.240295] (drivetrain) StdoutLine: {'line': b'-- Configured cppcheck exclude dirs and/or files: \n'}
[4.243517] (drivetrain) StdoutLine: {'line': b"-- Added test 'lint_cmake' to check CMake code style\n"}
[4.251938] (drivetrain) StdoutLine: {'line': b"-- Added test 'uncrustify' to check C / C++ code style\n"}
[4.253616] (drivetrain) StdoutLine: {'line': b'-- Configured uncrustify additional arguments: \n'}
[4.255574] (drivetrain) StdoutLine: {'line': b"-- Added test 'xmllint' to check XML markup files\n"}
[4.263254] (drivetrain) StdoutLine: {'line': b'-- Configuring done\n'}
[4.299294] (drivetrain) StderrLine: {'line': b'\x1b[31mCMake Error at CMakeLists.txt:16 (add_executable):\n'}
[4.301663] (drivetrain) StderrLine: {'line': b'  Cannot find source file:\n'}
[4.302847] (drivetrain) StderrLine: {'line': b'\n'}
[4.303633] (drivetrain) StderrLine: {'line': b'    /TestBotTeaching/drivetrain/src/drivesub.cpp\n'}
[4.304512] (drivetrain) StderrLine: {'line': b'\n'}
[4.305461] (drivetrain) StderrLine: {'line': b'  Tried extensions .c .C .c++ .cc .cpp .cxx .cu .mpp .m .M .mm .ixx .cppm .h\n'}
[4.305915] (drivetrain) StderrLine: {'line': b'  .hh .h++ .hm .hpp .hxx .in .txx .f .F .for .f77 .f90 .f95 .f03 .hip .ispc\n'}
[4.306334] (drivetrain) StderrLine: {'line': b'\n'}
[4.306751] (drivetrain) StderrLine: {'line': b'\x1b[0m\n'}
[4.307540] (drivetrain) StderrLine: {'line': b'\x1b[31mCMake Error at CMakeLists.txt:16 (add_executable):\n'}
[4.308478] (drivetrain) StderrLine: {'line': b'  No SOURCES given to target: drivetrainNode\n'}
[4.309089] (drivetrain) StderrLine: {'line': b'\n'}
[4.309926] (drivetrain) StderrLine: {'line': b'\x1b[0m\n'}
[4.310779] (drivetrain) StderrLine: {'line': b'\x1b[0mCMake Generate step failed.  Build files cannot be regenerated correctly.\x1b[0m\n'}
[4.337029] (-) TimerEvent: {}
[4.355563] (drivetrain) CommandEnded: {'returncode': 1}
[4.438062] (-) TimerEvent: {}
[4.493601] (drivetrain) JobEnded: {'identifier': 'drivetrain', 'rc': 1}
[4.538218] (-) TimerEvent: {}
[4.638902] (-) TimerEvent: {}
[4.740568] (-) TimerEvent: {}
[4.842177] (-) TimerEvent: {}
[4.890711] (pythonDriving) JobEnded: {'identifier': 'pythonDriving', 'rc': 'SIGINT'}
[4.894276] (-) EventReactorShutdown: {}
