[0.000000] (-) TimerEvent: {}
[0.002154] (drivetrain) JobQueued: {'identifier': 'drivetrain', 'dependencies': OrderedDict()}
[0.002979] (drivetrain) JobStarted: {'identifier': 'drivetrain'}
[0.080735] (drivetrain) JobProgress: {'identifier': 'drivetrain', 'progress': 'cmake'}
[0.089710] (drivetrain) Command: {'cmd': ['/usr/bin/cmake', '/TestBotTeaching/drivetrain', '-DAMENT_CMAKE_SYMLINK_INSTALL=1', '-DCMAKE_INSTALL_PREFIX=/TestBotTeaching/install/drivetrain'], 'cwd': '/TestBotTeaching/build/drivetrain', 'env': OrderedDict([('HOSTNAME', '3c220b9af21e'), ('SHLVL', '1'), ('LD_LIBRARY_PATH', '/opt/ros/humble/opt/rviz_ogre_vendor/lib:/opt/ros/humble/lib/aarch64-linux-gnu:/opt/ros/humble/lib'), ('HOME', '/home/astro-dev'), ('ROS_PYTHON_VERSION', '3'), ('ROS_DISTRO', 'humble'), ('_', '/usr/bin/colcon'), ('ROS_VERSION', '2'), ('TERM', 'xterm'), ('ROS_LOCALHOST_ONLY', '0'), ('PATH', '/opt/ros/humble/bin:/usr/local/sbin:/usr/local/bin:/usr/sbin:/usr/bin:/sbin:/bin'), ('LANG', 'C.UTF-8'), ('AMENT_PREFIX_PATH', '/opt/ros/humble'), ('PWD', '/TestBotTeaching/build/drivetrain'), ('LC_ALL', 'C.UTF-8'), ('PYTHONPATH', '/opt/ros/humble/lib/python3.10/site-packages:/opt/ros/humble/local/lib/python3.10/dist-packages'), ('COLCON', '1'), ('CMAKE_PREFIX_PATH', '/opt/ros/humble')]), 'shell': False}
[0.103834] (-) TimerEvent: {}
[0.208565] (-) TimerEvent: {}
[0.309678] (-) TimerEvent: {}
[0.411215] (-) TimerEvent: {}
[0.512564] (-) TimerEvent: {}
[0.611382] (drivetrain) StdoutLine: {'line': b'-- Found ament_cmake: 1.3.10 (/opt/ros/humble/share/ament_cmake/cmake)\n'}
[0.612685] (-) TimerEvent: {}
[0.713730] (-) TimerEvent: {}
[0.814521] (-) TimerEvent: {}
[0.915291] (-) TimerEvent: {}
[1.016234] (-) TimerEvent: {}
[1.117078] (-) TimerEvent: {}
[1.217828] (-) TimerEvent: {}
[1.318846] (-) TimerEvent: {}
[1.354042] (drivetrain) StdoutLine: {'line': b'-- Override CMake install command with custom implementation using symlinks instead of copying resources\n'}
[1.419110] (-) TimerEvent: {}
[1.468020] (drivetrain) StdoutLine: {'line': b'-- Found rclcpp: 16.0.10 (/opt/ros/humble/share/rclcpp/cmake)\n'}
[1.519347] (-) TimerEvent: {}
[1.621854] (-) TimerEvent: {}
[1.722715] (-) TimerEvent: {}
[1.761310] (drivetrain) StdoutLine: {'line': b'-- Found rosidl_generator_c: 3.1.5 (/opt/ros/humble/share/rosidl_generator_c/cmake)\n'}
[1.782490] (drivetrain) StdoutLine: {'line': b'-- Found rosidl_adapter: 3.1.5 (/opt/ros/humble/share/rosidl_adapter/cmake)\n'}
[1.822905] (-) TimerEvent: {}
[1.831331] (drivetrain) StdoutLine: {'line': b'-- Found rosidl_generator_cpp: 3.1.5 (/opt/ros/humble/share/rosidl_generator_cpp/cmake)\n'}
[1.914179] (drivetrain) StdoutLine: {'line': b'-- Using all available rosidl_typesupport_c: rosidl_typesupport_fastrtps_c;rosidl_typesupport_introspection_c\n'}
[1.923077] (-) TimerEvent: {}
[2.019175] (drivetrain) StdoutLine: {'line': b'-- Using all available rosidl_typesupport_cpp: rosidl_typesupport_fastrtps_cpp;rosidl_typesupport_introspection_cpp\n'}
[2.023276] (-) TimerEvent: {}
[2.126217] (-) TimerEvent: {}
[2.227034] (-) TimerEvent: {}
[2.289932] (drivetrain) StdoutLine: {'line': b'-- Found rmw_implementation_cmake: 6.1.2 (/opt/ros/humble/share/rmw_implementation_cmake/cmake)\n'}
[2.304380] (drivetrain) StdoutLine: {'line': b'-- Found rmw_fastrtps_cpp: 6.2.7 (/opt/ros/humble/share/rmw_fastrtps_cpp/cmake)\n'}
[2.327222] (-) TimerEvent: {}
[2.428194] (-) TimerEvent: {}
[2.529065] (-) TimerEvent: {}
[2.629899] (-) TimerEvent: {}
[2.730778] (-) TimerEvent: {}
[2.831970] (-) TimerEvent: {}
[2.932828] (-) TimerEvent: {}
[3.033691] (-) TimerEvent: {}
[3.134696] (-) TimerEvent: {}
[3.235538] (-) TimerEvent: {}
[3.336348] (-) TimerEvent: {}
[3.437229] (-) TimerEvent: {}
[3.447769] (drivetrain) StdoutLine: {'line': b"-- Using RMW implementation 'rmw_fastrtps_cpp' as default\n"}
[3.537431] (-) TimerEvent: {}
[3.638878] (-) TimerEvent: {}
[3.739776] (-) TimerEvent: {}
[3.818483] (drivetrain) StdoutLine: {'line': b'-- Found sensor_msgs: 4.2.4 (/opt/ros/humble/share/sensor_msgs/cmake)\n'}
[3.839962] (-) TimerEvent: {}
[3.941022] (-) TimerEvent: {}
[4.042005] (-) TimerEvent: {}
[4.050284] (drivetrain) StdoutLine: {'line': b'-- Found ament_lint_auto: 0.12.11 (/opt/ros/humble/share/ament_lint_auto/cmake)\n'}
[4.145175] (-) TimerEvent: {}
[4.247442] (-) TimerEvent: {}
[4.348321] (-) TimerEvent: {}
[4.449104] (-) TimerEvent: {}
[4.553015] (-) TimerEvent: {}
[4.650957] (drivetrain) StdoutLine: {'line': b"-- Added test 'cppcheck' to perform static code analysis on C / C++ code\n"}
[4.651896] (drivetrain) StdoutLine: {'line': b'-- Configured cppcheck include dirs: \n'}
[4.652446] (drivetrain) StdoutLine: {'line': b'-- Configured cppcheck exclude dirs and/or files: \n'}
[4.653142] (-) TimerEvent: {}
[4.657193] (drivetrain) StdoutLine: {'line': b"-- Added test 'lint_cmake' to check CMake code style\n"}
[4.666317] (drivetrain) StdoutLine: {'line': b"-- Added test 'uncrustify' to check C / C++ code style\n"}
[4.667090] (drivetrain) StdoutLine: {'line': b'-- Configured uncrustify additional arguments: \n'}
[4.669477] (drivetrain) StdoutLine: {'line': b"-- Added test 'xmllint' to check XML markup files\n"}
[4.680215] (drivetrain) StdoutLine: {'line': b'-- Configuring done\n'}
[4.753365] (-) TimerEvent: {}
[4.811169] (drivetrain) StdoutLine: {'line': b'-- Generating done\n'}
[4.822675] (drivetrain) StdoutLine: {'line': b'-- Build files have been written to: /TestBotTeaching/build/drivetrain\n'}
[4.853558] (-) TimerEvent: {}
[4.878073] (drivetrain) CommandEnded: {'returncode': 0}
[4.880861] (drivetrain) JobProgress: {'identifier': 'drivetrain', 'progress': 'build'}
[4.885175] (drivetrain) Command: {'cmd': ['/usr/bin/cmake', '--build', '/TestBotTeaching/build/drivetrain', '--', '-j4', '-l4'], 'cwd': '/TestBotTeaching/build/drivetrain', 'env': OrderedDict([('HOSTNAME', '3c220b9af21e'), ('SHLVL', '1'), ('LD_LIBRARY_PATH', '/opt/ros/humble/opt/rviz_ogre_vendor/lib:/opt/ros/humble/lib/aarch64-linux-gnu:/opt/ros/humble/lib'), ('HOME', '/home/astro-dev'), ('ROS_PYTHON_VERSION', '3'), ('ROS_DISTRO', 'humble'), ('_', '/usr/bin/colcon'), ('ROS_VERSION', '2'), ('TERM', 'xterm'), ('ROS_LOCALHOST_ONLY', '0'), ('PATH', '/opt/ros/humble/bin:/usr/local/sbin:/usr/local/bin:/usr/sbin:/usr/bin:/sbin:/bin'), ('LANG', 'C.UTF-8'), ('AMENT_PREFIX_PATH', '/opt/ros/humble'), ('PWD', '/TestBotTeaching/build/drivetrain'), ('LC_ALL', 'C.UTF-8'), ('PYTHONPATH', '/opt/ros/humble/lib/python3.10/site-packages:/opt/ros/humble/local/lib/python3.10/dist-packages'), ('COLCON', '1'), ('CMAKE_PREFIX_PATH', '/opt/ros/humble')]), 'shell': False}
[4.953760] (-) TimerEvent: {}
[5.054601] (-) TimerEvent: {}
[5.103324] (drivetrain) StdoutLine: {'line': b'\x1b[35m\x1b[1mConsolidate compiler generated dependencies of target drivetrainNode\x1b[0m\n'}
[5.154859] (-) TimerEvent: {}
[5.255710] (-) TimerEvent: {}
[5.331033] (drivetrain) StdoutLine: {'line': b'[ 33%] \x1b[32mBuilding CXX object CMakeFiles/drivetrainNode.dir/src/drivesub.cpp.o\x1b[0m\n'}
[5.355915] (-) TimerEvent: {}
[5.457263] (-) TimerEvent: {}
[5.558391] (-) TimerEvent: {}
[5.659481] (-) TimerEvent: {}
[5.760412] (-) TimerEvent: {}
[5.861390] (-) TimerEvent: {}
[5.962247] (-) TimerEvent: {}
[6.063292] (-) TimerEvent: {}
[6.164614] (-) TimerEvent: {}
[6.265906] (-) TimerEvent: {}
[6.366824] (-) TimerEvent: {}
[6.468058] (-) TimerEvent: {}
[6.568926] (-) TimerEvent: {}
[6.670071] (-) TimerEvent: {}
[6.770997] (-) TimerEvent: {}
[6.872308] (-) TimerEvent: {}
[6.973304] (-) TimerEvent: {}
[7.074345] (-) TimerEvent: {}
[7.175310] (-) TimerEvent: {}
[7.276153] (-) TimerEvent: {}
[7.377032] (-) TimerEvent: {}
[7.477920] (-) TimerEvent: {}
[7.578932] (-) TimerEvent: {}
[7.679817] (-) TimerEvent: {}
[7.780661] (-) TimerEvent: {}
[7.881771] (-) TimerEvent: {}
[7.982647] (-) TimerEvent: {}
[8.083496] (-) TimerEvent: {}
[8.184355] (-) TimerEvent: {}
[8.285350] (-) TimerEvent: {}
[8.386446] (-) TimerEvent: {}
[8.487284] (-) TimerEvent: {}
[8.588238] (-) TimerEvent: {}
[8.689444] (-) TimerEvent: {}
[8.790799] (-) TimerEvent: {}
[8.892276] (-) TimerEvent: {}
[8.993281] (-) TimerEvent: {}
[9.094182] (-) TimerEvent: {}
[9.195056] (-) TimerEvent: {}
[9.295956] (-) TimerEvent: {}
[9.396882] (-) TimerEvent: {}
[9.497860] (-) TimerEvent: {}
[9.598719] (-) TimerEvent: {}
[9.699610] (-) TimerEvent: {}
[9.800655] (-) TimerEvent: {}
[9.901585] (-) TimerEvent: {}
[10.002490] (-) TimerEvent: {}
[10.103674] (-) TimerEvent: {}
[10.204672] (-) TimerEvent: {}
[10.305682] (-) TimerEvent: {}
[10.406750] (-) TimerEvent: {}
[10.507762] (-) TimerEvent: {}
[10.608728] (-) TimerEvent: {}
[10.709699] (-) TimerEvent: {}
[10.810741] (-) TimerEvent: {}
[10.911589] (-) TimerEvent: {}
[11.012527] (-) TimerEvent: {}
[11.113637] (-) TimerEvent: {}
[11.214491] (-) TimerEvent: {}
[11.315747] (-) TimerEvent: {}
[11.416809] (-) TimerEvent: {}
[11.518168] (-) TimerEvent: {}
[11.619046] (-) TimerEvent: {}
[11.719990] (-) TimerEvent: {}
[11.821075] (-) TimerEvent: {}
[11.922306] (-) TimerEvent: {}
[12.023399] (-) TimerEvent: {}
[12.124300] (-) TimerEvent: {}
[12.225513] (-) TimerEvent: {}
[12.326423] (-) TimerEvent: {}
[12.427681] (-) TimerEvent: {}
[12.528539] (-) TimerEvent: {}
[12.629486] (-) TimerEvent: {}
[12.730371] (-) TimerEvent: {}
[12.831266] (-) TimerEvent: {}
[12.932301] (-) TimerEvent: {}
[13.033687] (-) TimerEvent: {}
[13.134744] (-) TimerEvent: {}
[13.235817] (-) TimerEvent: {}
[13.336740] (-) TimerEvent: {}
[13.437632] (-) TimerEvent: {}
[13.538637] (-) TimerEvent: {}
[13.639950] (-) TimerEvent: {}
[13.741110] (-) TimerEvent: {}
[13.842151] (-) TimerEvent: {}
[13.943063] (-) TimerEvent: {}
[14.044083] (-) TimerEvent: {}
[14.145101] (-) TimerEvent: {}
[14.245953] (-) TimerEvent: {}
[14.346962] (-) TimerEvent: {}
[14.447822] (-) TimerEvent: {}
[14.549594] (-) TimerEvent: {}
[14.650425] (-) TimerEvent: {}
[14.751311] (-) TimerEvent: {}
[14.852222] (-) TimerEvent: {}
[14.953112] (-) TimerEvent: {}
[15.053931] (-) TimerEvent: {}
[15.154828] (-) TimerEvent: {}
[15.255740] (-) TimerEvent: {}
[15.356631] (-) TimerEvent: {}
[15.457537] (-) TimerEvent: {}
[15.558422] (-) TimerEvent: {}
[15.659290] (-) TimerEvent: {}
[15.760234] (-) TimerEvent: {}
[15.864805] (-) TimerEvent: {}
[15.965935] (-) TimerEvent: {}
[16.066840] (-) TimerEvent: {}
[16.167721] (-) TimerEvent: {}
[16.268690] (-) TimerEvent: {}
[16.369717] (-) TimerEvent: {}
[16.470563] (-) TimerEvent: {}
[16.571685] (-) TimerEvent: {}
[16.672597] (-) TimerEvent: {}
[16.773673] (-) TimerEvent: {}
[16.874866] (-) TimerEvent: {}
[16.975952] (-) TimerEvent: {}
[17.076921] (-) TimerEvent: {}
[17.177845] (-) TimerEvent: {}
[17.278853] (-) TimerEvent: {}
[17.379854] (-) TimerEvent: {}
[17.480766] (-) TimerEvent: {}
[17.581808] (-) TimerEvent: {}
[17.682711] (-) TimerEvent: {}
[17.783765] (-) TimerEvent: {}
[17.884988] (-) TimerEvent: {}
[17.985981] (-) TimerEvent: {}
[18.086840] (-) TimerEvent: {}
[18.187895] (-) TimerEvent: {}
[18.290255] (-) TimerEvent: {}
[18.391146] (-) TimerEvent: {}
[18.492034] (-) TimerEvent: {}
[18.593055] (-) TimerEvent: {}
[18.694021] (-) TimerEvent: {}
[18.795764] (-) TimerEvent: {}
[18.896741] (-) TimerEvent: {}
[18.997975] (-) TimerEvent: {}
[19.098995] (-) TimerEvent: {}
[19.200049] (-) TimerEvent: {}
[19.300970] (-) TimerEvent: {}
[19.405196] (-) TimerEvent: {}
[19.508716] (-) TimerEvent: {}
[19.614793] (-) TimerEvent: {}
[19.718117] (-) TimerEvent: {}
[19.821664] (-) TimerEvent: {}
[19.925065] (-) TimerEvent: {}
[20.028135] (-) TimerEvent: {}
[20.131200] (-) TimerEvent: {}
[20.232901] (-) TimerEvent: {}
[20.336485] (-) TimerEvent: {}
[20.438622] (-) TimerEvent: {}
[20.539733] (-) TimerEvent: {}
[20.643973] (-) TimerEvent: {}
[20.745433] (-) TimerEvent: {}
[20.846807] (-) TimerEvent: {}
[20.948103] (-) TimerEvent: {}
[21.049304] (-) TimerEvent: {}
[21.153182] (-) TimerEvent: {}
[21.257218] (-) TimerEvent: {}
[21.358286] (-) TimerEvent: {}
[21.459157] (-) TimerEvent: {}
[21.560057] (-) TimerEvent: {}
[21.661119] (-) TimerEvent: {}
[21.761981] (-) TimerEvent: {}
[21.862871] (-) TimerEvent: {}
[21.963941] (-) TimerEvent: {}
[22.065068] (-) TimerEvent: {}
[22.165947] (-) TimerEvent: {}
[22.266789] (-) TimerEvent: {}
[22.368144] (-) TimerEvent: {}
[22.469125] (-) TimerEvent: {}
[22.569969] (-) TimerEvent: {}
[22.670801] (-) TimerEvent: {}
[22.771692] (-) TimerEvent: {}
[22.872630] (-) TimerEvent: {}
[22.973533] (-) TimerEvent: {}
[23.074440] (-) TimerEvent: {}
[23.175352] (-) TimerEvent: {}
[23.276313] (-) TimerEvent: {}
[23.377656] (-) TimerEvent: {}
[23.480491] (-) TimerEvent: {}
[23.581581] (-) TimerEvent: {}
[23.683072] (-) TimerEvent: {}
[23.784018] (-) TimerEvent: {}
[23.884893] (-) TimerEvent: {}
[23.985855] (-) TimerEvent: {}
[24.086896] (-) TimerEvent: {}
[24.187893] (-) TimerEvent: {}
[24.288867] (-) TimerEvent: {}
[24.389759] (-) TimerEvent: {}
[24.490808] (-) TimerEvent: {}
[24.591671] (-) TimerEvent: {}
[24.692532] (-) TimerEvent: {}
[24.793525] (-) TimerEvent: {}
[24.894434] (-) TimerEvent: {}
[24.995593] (-) TimerEvent: {}
[25.096705] (-) TimerEvent: {}
[25.197691] (-) TimerEvent: {}
[25.298532] (-) TimerEvent: {}
[25.399413] (-) TimerEvent: {}
[25.500309] (-) TimerEvent: {}
[25.601213] (-) TimerEvent: {}
[25.703731] (-) TimerEvent: {}
[25.804766] (-) TimerEvent: {}
[25.905698] (-) TimerEvent: {}
[26.008753] (-) TimerEvent: {}
[26.112165] (-) TimerEvent: {}
[26.216017] (-) TimerEvent: {}
[26.316884] (-) TimerEvent: {}
[26.417842] (-) TimerEvent: {}
[26.518746] (-) TimerEvent: {}
[26.619688] (-) TimerEvent: {}
[26.720657] (-) TimerEvent: {}
[26.821662] (-) TimerEvent: {}
[26.927299] (-) TimerEvent: {}
[27.028229] (-) TimerEvent: {}
[27.129130] (-) TimerEvent: {}
[27.230087] (-) TimerEvent: {}
[27.331024] (-) TimerEvent: {}
[27.431823] (-) TimerEvent: {}
[27.532840] (-) TimerEvent: {}
[27.633834] (-) TimerEvent: {}
[27.734858] (-) TimerEvent: {}
[27.835763] (-) TimerEvent: {}
[27.936691] (-) TimerEvent: {}
[28.037589] (-) TimerEvent: {}
[28.138622] (-) TimerEvent: {}
[28.239494] (-) TimerEvent: {}
[28.340415] (-) TimerEvent: {}
[28.441400] (-) TimerEvent: {}
[28.542328] (-) TimerEvent: {}
[28.643215] (-) TimerEvent: {}
[28.744801] (-) TimerEvent: {}
[28.846138] (-) TimerEvent: {}
[28.946991] (-) TimerEvent: {}
[29.047849] (-) TimerEvent: {}
[29.148730] (-) TimerEvent: {}
[29.249630] (-) TimerEvent: {}
[29.350567] (-) TimerEvent: {}
[29.451781] (-) TimerEvent: {}
[29.552644] (-) TimerEvent: {}
[29.653501] (-) TimerEvent: {}
[29.754312] (-) TimerEvent: {}
[29.855230] (-) TimerEvent: {}
[29.956330] (-) TimerEvent: {}
[30.057351] (-) TimerEvent: {}
[30.158811] (-) TimerEvent: {}
[30.259865] (-) TimerEvent: {}
[30.361106] (-) TimerEvent: {}
[30.462021] (-) TimerEvent: {}
[30.562903] (-) TimerEvent: {}
[30.663847] (-) TimerEvent: {}
[30.764905] (-) TimerEvent: {}
[30.866415] (-) TimerEvent: {}
[30.968546] (-) TimerEvent: {}
[31.069702] (-) TimerEvent: {}
[31.171249] (-) TimerEvent: {}
[31.272374] (-) TimerEvent: {}
[31.373345] (-) TimerEvent: {}
[31.474257] (-) TimerEvent: {}
[31.575428] (-) TimerEvent: {}
[31.676618] (-) TimerEvent: {}
[31.778439] (-) TimerEvent: {}
[31.881404] (-) TimerEvent: {}
[31.982657] (-) TimerEvent: {}
[32.083526] (-) TimerEvent: {}
[32.184413] (-) TimerEvent: {}
[32.285353] (-) TimerEvent: {}
[32.386471] (-) TimerEvent: {}
[32.487873] (-) TimerEvent: {}
[32.588720] (-) TimerEvent: {}
[32.689754] (-) TimerEvent: {}
[32.790680] (-) TimerEvent: {}
[32.891569] (-) TimerEvent: {}
[32.992665] (-) TimerEvent: {}
[33.093746] (-) TimerEvent: {}
[33.194874] (-) TimerEvent: {}
[33.295771] (-) TimerEvent: {}
[33.396631] (-) TimerEvent: {}
[33.497555] (-) TimerEvent: {}
[33.598346] (-) TimerEvent: {}
[33.699233] (-) TimerEvent: {}
[33.800121] (-) TimerEvent: {}
[33.901027] (-) TimerEvent: {}
[34.002159] (-) TimerEvent: {}
[34.105187] (-) TimerEvent: {}
[34.209172] (-) TimerEvent: {}
[34.313168] (-) TimerEvent: {}
[34.414143] (-) TimerEvent: {}
[34.515016] (-) TimerEvent: {}
[34.615907] (-) TimerEvent: {}
[34.717013] (-) TimerEvent: {}
[34.817907] (-) TimerEvent: {}
[34.918824] (-) TimerEvent: {}
[35.019626] (-) TimerEvent: {}
[35.120527] (-) TimerEvent: {}
[35.221510] (-) TimerEvent: {}
[35.322464] (-) TimerEvent: {}
[35.424749] (-) TimerEvent: {}
[35.527378] (-) TimerEvent: {}
[35.629569] (-) TimerEvent: {}
[35.730538] (-) TimerEvent: {}
[35.832314] (-) TimerEvent: {}
[35.933972] (-) TimerEvent: {}
[36.051002] (-) TimerEvent: {}
[36.151835] (-) TimerEvent: {}
[36.252812] (-) TimerEvent: {}
[36.353729] (-) TimerEvent: {}
[36.454599] (-) TimerEvent: {}
[36.556707] (-) TimerEvent: {}
[36.657730] (-) TimerEvent: {}
[36.759395] (-) TimerEvent: {}
[36.865165] (-) TimerEvent: {}
[36.966109] (-) TimerEvent: {}
[37.069459] (-) TimerEvent: {}
[37.174813] (-) TimerEvent: {}
[37.437163] (-) TimerEvent: {}
[37.541194] (-) TimerEvent: {}
[37.642221] (-) TimerEvent: {}
[37.745201] (-) TimerEvent: {}
[37.846984] (-) TimerEvent: {}
[37.949183] (-) TimerEvent: {}
[38.050968] (-) TimerEvent: {}
[38.152724] (-) TimerEvent: {}
[38.253804] (-) TimerEvent: {}
[38.355379] (-) TimerEvent: {}
[38.456797] (-) TimerEvent: {}
[38.562986] (-) TimerEvent: {}
[38.664086] (-) TimerEvent: {}
[38.771295] (-) TimerEvent: {}
[38.873170] (-) TimerEvent: {}
[38.977877] (-) TimerEvent: {}
[39.079055] (-) TimerEvent: {}
[39.186302] (-) TimerEvent: {}
[39.287597] (-) TimerEvent: {}
[39.389694] (-) TimerEvent: {}
[39.492068] (-) TimerEvent: {}
[39.593400] (-) TimerEvent: {}
[39.694219] (-) TimerEvent: {}
[39.795106] (-) TimerEvent: {}
[39.896097] (-) TimerEvent: {}
[39.997094] (-) TimerEvent: {}
[40.098132] (-) TimerEvent: {}
[40.198990] (-) TimerEvent: {}
[40.299929] (-) TimerEvent: {}
[40.403189] (-) TimerEvent: {}
[40.504147] (-) TimerEvent: {}
[40.605032] (-) TimerEvent: {}
[40.706554] (-) TimerEvent: {}
[40.808357] (-) TimerEvent: {}
[40.909257] (-) TimerEvent: {}
[41.010077] (-) TimerEvent: {}
[41.112804] (-) TimerEvent: {}
[41.213753] (-) TimerEvent: {}
[41.315999] (-) TimerEvent: {}
[41.425149] (-) TimerEvent: {}
[41.526674] (-) TimerEvent: {}
[41.632492] (-) TimerEvent: {}
[41.733465] (-) TimerEvent: {}
[41.835462] (-) TimerEvent: {}
[41.937135] (-) TimerEvent: {}
[42.040717] (-) TimerEvent: {}
[42.142793] (-) TimerEvent: {}
[42.247268] (-) TimerEvent: {}
[42.349091] (-) TimerEvent: {}
[42.451432] (-) TimerEvent: {}
[42.553154] (-) TimerEvent: {}
[42.655789] (-) TimerEvent: {}
[42.757052] (-) TimerEvent: {}
[42.869246] (-) TimerEvent: {}
[42.973153] (-) TimerEvent: {}
[43.084007] (-) TimerEvent: {}
[43.187375] (-) TimerEvent: {}
[43.295822] (-) TimerEvent: {}
[43.397200] (-) TimerEvent: {}
[43.499180] (-) TimerEvent: {}
[43.608536] (-) TimerEvent: {}
[43.716464] (-) TimerEvent: {}
[43.817929] (-) TimerEvent: {}
[43.920232] (-) TimerEvent: {}
[44.023452] (-) TimerEvent: {}
[44.136810] (-) TimerEvent: {}
[44.238945] (-) TimerEvent: {}
[44.349602] (-) TimerEvent: {}
[44.452243] (-) TimerEvent: {}
[44.557170] (-) TimerEvent: {}
[44.664056] (-) TimerEvent: {}
[44.765419] (-) TimerEvent: {}
[44.866723] (-) TimerEvent: {}
[44.967518] (-) TimerEvent: {}
[45.068495] (-) TimerEvent: {}
[45.169758] (-) TimerEvent: {}
[45.270806] (-) TimerEvent: {}
[45.371698] (-) TimerEvent: {}
[45.472720] (-) TimerEvent: {}
[45.574064] (-) TimerEvent: {}
[45.675173] (-) TimerEvent: {}
[45.776632] (-) TimerEvent: {}
[45.877742] (-) TimerEvent: {}
[45.978658] (-) TimerEvent: {}
[46.079651] (-) TimerEvent: {}
[46.180938] (-) TimerEvent: {}
[46.281862] (-) TimerEvent: {}
[46.383101] (-) TimerEvent: {}
[46.486085] (-) TimerEvent: {}
[46.588134] (-) TimerEvent: {}
[46.697019] (-) TimerEvent: {}
[46.798389] (-) TimerEvent: {}
[46.906447] (-) TimerEvent: {}
[47.007984] (-) TimerEvent: {}
[47.109449] (-) TimerEvent: {}
[47.211521] (-) TimerEvent: {}
[47.312890] (-) TimerEvent: {}
[47.415888] (-) TimerEvent: {}
[47.516781] (-) TimerEvent: {}
[47.618052] (-) TimerEvent: {}
[47.720620] (-) TimerEvent: {}
[47.822187] (-) TimerEvent: {}
[47.923130] (-) TimerEvent: {}
[48.024118] (-) TimerEvent: {}
[48.125181] (-) TimerEvent: {}
[48.226084] (-) TimerEvent: {}
[48.327460] (-) TimerEvent: {}
[48.430325] (-) TimerEvent: {}
[48.531692] (-) TimerEvent: {}
[48.634961] (-) TimerEvent: {}
[48.736596] (-) TimerEvent: {}
[48.839831] (-) TimerEvent: {}
[48.941275] (-) TimerEvent: {}
[49.042640] (-) TimerEvent: {}
[49.144407] (-) TimerEvent: {}
[49.258078] (-) TimerEvent: {}
[49.359478] (-) TimerEvent: {}
[49.460531] (-) TimerEvent: {}
[49.562528] (-) TimerEvent: {}
[49.663508] (-) TimerEvent: {}
[49.764841] (-) TimerEvent: {}
[49.867060] (-) TimerEvent: {}
[49.970283] (-) TimerEvent: {}
[50.072252] (-) TimerEvent: {}
[50.173095] (-) TimerEvent: {}
[50.273932] (-) TimerEvent: {}
[50.374737] (-) TimerEvent: {}
[50.475644] (-) TimerEvent: {}
[50.578565] (-) TimerEvent: {}
[50.681192] (-) TimerEvent: {}
[50.782088] (-) TimerEvent: {}
[50.883115] (-) TimerEvent: {}
[50.984105] (-) TimerEvent: {}
[51.085467] (-) TimerEvent: {}
[51.186959] (-) TimerEvent: {}
[51.291753] (-) TimerEvent: {}
[51.392823] (-) TimerEvent: {}
[51.494098] (-) TimerEvent: {}
[51.595111] (-) TimerEvent: {}
[51.697524] (-) TimerEvent: {}
[51.798352] (-) TimerEvent: {}
[51.899193] (-) TimerEvent: {}
[52.000299] (-) TimerEvent: {}
[52.104361] (-) TimerEvent: {}
[52.220167] (-) TimerEvent: {}
[52.321457] (-) TimerEvent: {}
[52.422449] (-) TimerEvent: {}
[52.523768] (-) TimerEvent: {}
[52.625575] (-) TimerEvent: {}
[52.728256] (-) TimerEvent: {}
[52.830255] (-) TimerEvent: {}
[52.931430] (-) TimerEvent: {}
[52.954406] (drivetrain) StdoutLine: {'line': b'[ 66%] \x1b[32m\x1b[1mLinking CXX executable drivetrainNode\x1b[0m\n'}
[53.031649] (-) TimerEvent: {}
[53.132783] (-) TimerEvent: {}
[53.235586] (-) TimerEvent: {}
[53.337950] (-) TimerEvent: {}
[53.440450] (-) TimerEvent: {}
[53.544588] (-) TimerEvent: {}
[53.646434] (-) TimerEvent: {}
[53.759346] (-) TimerEvent: {}
[53.871180] (-) TimerEvent: {}
[53.973408] (-) TimerEvent: {}
[54.076645] (-) TimerEvent: {}
[54.182019] (-) TimerEvent: {}
[54.293287] (-) TimerEvent: {}
[54.397905] (-) TimerEvent: {}
[54.501778] (-) TimerEvent: {}
[54.604713] (-) TimerEvent: {}
[54.706216] (-) TimerEvent: {}
[54.808081] (-) TimerEvent: {}
[54.911511] (-) TimerEvent: {}
[55.017723] (-) TimerEvent: {}
[55.118950] (-) TimerEvent: {}
[55.220494] (-) TimerEvent: {}
[55.321388] (-) TimerEvent: {}
[55.422131] (-) TimerEvent: {}
[55.522970] (-) TimerEvent: {}
[55.623874] (-) TimerEvent: {}
[55.725321] (-) TimerEvent: {}
[55.826132] (-) TimerEvent: {}
[55.927308] (-) TimerEvent: {}
[56.028819] (-) TimerEvent: {}
[56.129627] (-) TimerEvent: {}
[56.230496] (-) TimerEvent: {}
[56.247735] (drivetrain) StdoutLine: {'line': b'[100%] Built target drivetrainNode\n'}
[56.302315] (drivetrain) CommandEnded: {'returncode': 0}
[56.330773] (-) TimerEvent: {}
[56.431811] (-) TimerEvent: {}
[56.453381] (drivetrain) JobProgress: {'identifier': 'drivetrain', 'progress': 'install'}
[56.498605] (drivetrain) Command: {'cmd': ['/usr/bin/cmake', '--install', '/TestBotTeaching/build/drivetrain'], 'cwd': '/TestBotTeaching/build/drivetrain', 'env': OrderedDict([('HOSTNAME', '3c220b9af21e'), ('SHLVL', '1'), ('LD_LIBRARY_PATH', '/opt/ros/humble/opt/rviz_ogre_vendor/lib:/opt/ros/humble/lib/aarch64-linux-gnu:/opt/ros/humble/lib'), ('HOME', '/home/astro-dev'), ('ROS_PYTHON_VERSION', '3'), ('ROS_DISTRO', 'humble'), ('_', '/usr/bin/colcon'), ('ROS_VERSION', '2'), ('TERM', 'xterm'), ('ROS_LOCALHOST_ONLY', '0'), ('PATH', '/opt/ros/humble/bin:/usr/local/sbin:/usr/local/bin:/usr/sbin:/usr/bin:/sbin:/bin'), ('LANG', 'C.UTF-8'), ('AMENT_PREFIX_PATH', '/opt/ros/humble'), ('PWD', '/TestBotTeaching/build/drivetrain'), ('LC_ALL', 'C.UTF-8'), ('PYTHONPATH', '/opt/ros/humble/lib/python3.10/site-packages:/opt/ros/humble/local/lib/python3.10/dist-packages'), ('COLCON', '1'), ('CMAKE_PREFIX_PATH', '/opt/ros/humble')]), 'shell': False}
[56.532014] (-) TimerEvent: {}
[56.535014] (drivetrain) StdoutLine: {'line': b'-- Install configuration: ""\n'}
[56.538096] (drivetrain) StdoutLine: {'line': b'-- Execute custom install script\n'}
[56.539780] (drivetrain) StdoutLine: {'line': b'-- Symlinking: /TestBotTeaching/install/drivetrain/lib/drivetrain/drivetrainNode\n'}
[56.591558] (drivetrain) StdoutLine: {'line': b'-- Symlinking: /TestBotTeaching/install/drivetrain/share/ament_index/resource_index/package_run_dependencies/drivetrain\n'}
[56.629982] (drivetrain) StdoutLine: {'line': b'-- Symlinking: /TestBotTeaching/install/drivetrain/share/ament_index/resource_index/parent_prefix_path/drivetrain\n'}
[56.632162] (-) TimerEvent: {}
[56.668595] (drivetrain) StdoutLine: {'line': b'-- Symlinking: /TestBotTeaching/install/drivetrain/share/drivetrain/environment/ament_prefix_path.sh\n'}
[56.709463] (drivetrain) StdoutLine: {'line': b'-- Symlinking: /TestBotTeaching/install/drivetrain/share/drivetrain/environment/ament_prefix_path.dsv\n'}
[56.732405] (-) TimerEvent: {}
[56.745966] (drivetrain) StdoutLine: {'line': b'-- Symlinking: /TestBotTeaching/install/drivetrain/share/drivetrain/environment/path.sh\n'}
[56.788246] (drivetrain) StdoutLine: {'line': b'-- Symlinking: /TestBotTeaching/install/drivetrain/share/drivetrain/environment/path.dsv\n'}
[56.824851] (drivetrain) StdoutLine: {'line': b'-- Symlinking: /TestBotTeaching/install/drivetrain/share/drivetrain/local_setup.bash\n'}
[56.832583] (-) TimerEvent: {}
[56.861766] (drivetrain) StdoutLine: {'line': b'-- Symlinking: /TestBotTeaching/install/drivetrain/share/drivetrain/local_setup.sh\n'}
[56.904264] (drivetrain) StdoutLine: {'line': b'-- Symlinking: /TestBotTeaching/install/drivetrain/share/drivetrain/local_setup.zsh\n'}
[56.932811] (-) TimerEvent: {}
[56.944526] (drivetrain) StdoutLine: {'line': b'-- Symlinking: /TestBotTeaching/install/drivetrain/share/drivetrain/local_setup.dsv\n'}
[56.985954] (drivetrain) StdoutLine: {'line': b'-- Symlinking: /TestBotTeaching/install/drivetrain/share/drivetrain/package.dsv\n'}
[57.030920] (drivetrain) StdoutLine: {'line': b'-- Symlinking: /TestBotTeaching/install/drivetrain/share/ament_index/resource_index/packages/drivetrain\n'}
[57.033017] (-) TimerEvent: {}
[57.071575] (drivetrain) StdoutLine: {'line': b'-- Symlinking: /TestBotTeaching/install/drivetrain/share/drivetrain/cmake/drivetrainConfig.cmake\n'}
[57.128003] (drivetrain) StdoutLine: {'line': b'-- Symlinking: /TestBotTeaching/install/drivetrain/share/drivetrain/cmake/drivetrainConfig-version.cmake\n'}
[57.133224] (-) TimerEvent: {}
[57.167978] (drivetrain) StdoutLine: {'line': b'-- Symlinking: /TestBotTeaching/install/drivetrain/share/drivetrain/package.xml\n'}
[57.213319] (drivetrain) CommandEnded: {'returncode': 0}
[57.233417] (-) TimerEvent: {}
[57.334444] (-) TimerEvent: {}
[57.435670] (-) TimerEvent: {}
[57.537339] (-) TimerEvent: {}
[57.543026] (drivetrain) JobEnded: {'identifier': 'drivetrain', 'rc': 0}
[57.547134] (-) EventReactorShutdown: {}
