[0.142s] Invoking command in '/TestBotTeaching/build/drivetrain': CMAKE_PREFIX_PATH=${CMAKE_PREFIX_PATH}:/opt/ros/humble /usr/bin/cmake --build /TestBotTeaching/build/drivetrain -- -j4 -l4
[0.535s] [35m[1mConsolidate compiler generated dependencies of target drivetrainNode[0m
[0.745s] [ 33%] [32mBuilding CXX object CMakeFiles/drivetrainNode.dir/src/uart.cpp.o[0m
[2.854s] [01m[K/TestBotTeaching/drivetrain/src/uart.cpp:[m[K In constructor ‘[01m[KUart::Uart()[m[K’:
[2.856s] [01m[K/TestBotTeaching/drivetrain/src/uart.cpp:25:12:[m[K [01;35m[Kwarning: [m[K‘[01m[K*this.Uart::fid[m[K’ is used uninitialized [[01;35m[K-Wuninitialized[m[K]
[2.857s]    25 |   [01;35m[Ktcgetattr(fid, &port_options)[m[K;        // Get the current attributes of the Serial port
[2.857s]       |   [01;35m[K~~~~~~~~~^~~~~~~~~~~~~~~~~~~~[m[K
[3.054s] [ 66%] [32m[1mLinking CXX executable drivetrainNode[0m
[6.827s] [100%] Built target drivetrainNode
[6.889s] Invoked command in '/TestBotTeaching/build/drivetrain' returned '0': CMAKE_PREFIX_PATH=${CMAKE_PREFIX_PATH}:/opt/ros/humble /usr/bin/cmake --build /TestBotTeaching/build/drivetrain -- -j4 -l4
[7.103s] Invoking command in '/TestBotTeaching/build/drivetrain': CMAKE_PREFIX_PATH=${CMAKE_PREFIX_PATH}:/opt/ros/humble /usr/bin/cmake --install /TestBotTeaching/build/drivetrain
[7.137s] -- Install configuration: ""
[7.139s] -- Execute custom install script
[7.141s] -- Up-to-date symlink: /TestBotTeaching/install/drivetrain/lib/drivetrain/drivetrainNode
[7.142s] -- Up-to-date symlink: /TestBotTeaching/install/drivetrain/share/ament_index/resource_index/package_run_dependencies/drivetrain
[7.143s] -- Up-to-date symlink: /TestBotTeaching/install/drivetrain/share/ament_index/resource_index/parent_prefix_path/drivetrain
[7.145s] -- Up-to-date symlink: /TestBotTeaching/install/drivetrain/share/drivetrain/environment/ament_prefix_path.sh
[7.146s] -- Up-to-date symlink: /TestBotTeaching/install/drivetrain/share/drivetrain/environment/ament_prefix_path.dsv
[7.147s] -- Up-to-date symlink: /TestBotTeaching/install/drivetrain/share/drivetrain/environment/path.sh
[7.148s] -- Up-to-date symlink: /TestBotTeaching/install/drivetrain/share/drivetrain/environment/path.dsv
[7.149s] -- Up-to-date symlink: /TestBotTeaching/install/drivetrain/share/drivetrain/local_setup.bash
[7.150s] -- Up-to-date symlink: /TestBotTeaching/install/drivetrain/share/drivetrain/local_setup.sh
[7.151s] -- Up-to-date symlink: /TestBotTeaching/install/drivetrain/share/drivetrain/local_setup.zsh
[7.152s] -- Up-to-date symlink: /TestBotTeaching/install/drivetrain/share/drivetrain/local_setup.dsv
[7.153s] -- Symlinking: /TestBotTeaching/install/drivetrain/share/drivetrain/package.dsv
[7.194s] -- Up-to-date symlink: /TestBotTeaching/install/drivetrain/share/ament_index/resource_index/packages/drivetrain
[7.200s] -- Up-to-date symlink: /TestBotTeaching/install/drivetrain/share/drivetrain/cmake/drivetrainConfig.cmake
[7.203s] -- Up-to-date symlink: /TestBotTeaching/install/drivetrain/share/drivetrain/cmake/drivetrainConfig-version.cmake
[7.204s] -- Up-to-date symlink: /TestBotTeaching/install/drivetrain/share/drivetrain/package.xml
[7.211s] Invoked command in '/TestBotTeaching/build/drivetrain' returned '0': CMAKE_PREFIX_PATH=${CMAKE_PREFIX_PATH}:/opt/ros/humble /usr/bin/cmake --install /TestBotTeaching/build/drivetrain
