gmake: Warning: File 'Makefile' has modification time 1620 s in the future
gmake[1]: Warning: File 'CMakeFiles/Makefile2' has modification time 1620 s in the future
gmake[2]: Warning: File 'CMakeFiles/drivetrainNode.dir/flags.make' has modification time 1620 s in the future
[35m[1mConsolidate compiler generated dependencies of target drivetrainNode[0m
gmake[2]: warning:  Clock skew detected.  Your build may be incomplete.
gmake[2]: Warning: File 'CMakeFiles/drivetrainNode.dir/flags.make' has modification time 1620 s in the future
gmake[2]: warning:  Clock skew detected.  Your build may be incomplete.
[100%] Built target drivetrainNode
gmake[1]: warning:  Clock skew detected.  Your build may be incomplete.
gmake: warning:  Clock skew detected.  Your build may be incomplete.
-- Install configuration: ""
-- Up-to-date: /TestBotTeaching/install/drivetrain/lib/drivetrain/drivetrainNode
-- Up-to-date: /TestBotTeaching/install/drivetrain/share/ament_index/resource_index/package_run_dependencies/drivetrain
-- Up-to-date: /TestBotTeaching/install/drivetrain/share/ament_index/resource_index/parent_prefix_path/drivetrain
-- Up-to-date: /TestBotTeaching/install/drivetrain/share/drivetrain/environment/ament_prefix_path.sh
-- Up-to-date: /TestBotTeaching/install/drivetrain/share/drivetrain/environment/ament_prefix_path.dsv
-- Up-to-date: /TestBotTeaching/install/drivetrain/share/drivetrain/environment/path.sh
-- Up-to-date: /TestBotTeaching/install/drivetrain/share/drivetrain/environment/path.dsv
-- Up-to-date: /TestBotTeaching/install/drivetrain/share/drivetrain/local_setup.bash
-- Up-to-date: /TestBotTeaching/install/drivetrain/share/drivetrain/local_setup.sh
-- Up-to-date: /TestBotTeaching/install/drivetrain/share/drivetrain/local_setup.zsh
-- Up-to-date: /TestBotTeaching/install/drivetrain/share/drivetrain/local_setup.dsv
-- Installing: /TestBotTeaching/install/drivetrain/share/drivetrain/package.dsv
-- Up-to-date: /TestBotTeaching/install/drivetrain/share/ament_index/resource_index/packages/drivetrain
-- Up-to-date: /TestBotTeaching/install/drivetrain/share/drivetrain/cmake/drivetrainConfig.cmake
-- Up-to-date: /TestBotTeaching/install/drivetrain/share/drivetrain/cmake/drivetrainConfig-version.cmake
-- Up-to-date: /TestBotTeaching/install/drivetrain/share/drivetrain/package.xml
