[0.062s] Invoking command in '/TestBotTeaching/build/drivetrain': CMAKE_PREFIX_PATH=/opt/ros/humble /usr/bin/cmake --build /TestBotTeaching/build/drivetrain -- -j4 -l4
[0.111s] gmake: Warning: File 'Makefile' has modification time 1620 s in the future
[0.222s] gmake[1]: Warning: File 'CMakeFiles/Makefile2' has modification time 1620 s in the future
[0.243s] gmake[2]: Warning: File 'CMakeFiles/drivetrainNode.dir/flags.make' has modification time 1620 s in the future
[0.289s] [35m[1mConsolidate compiler generated dependencies of target drivetrainNode[0m
[0.334s] gmake[2]: warning:  Clock skew detected.  Your build may be incomplete.
[0.350s] gmake[2]: Warning: File 'CMakeFiles/drivetrainNode.dir/flags.make' has modification time 1620 s in the future
[0.374s] gmake[2]: warning:  Clock skew detected.  Your build may be incomplete.
[0.410s] [100%] Built target drivetrainNode
[0.413s] gmake[1]: warning:  Clock skew detected.  Your build may be incomplete.
[0.448s] gmake: warning:  Clock skew detected.  Your build may be incomplete.
[0.455s] Invoked command in '/TestBotTeaching/build/drivetrain' returned '0': CMAKE_PREFIX_PATH=/opt/ros/humble /usr/bin/cmake --build /TestBotTeaching/build/drivetrain -- -j4 -l4
[0.654s] Invoking command in '/TestBotTeaching/build/drivetrain': CMAKE_PREFIX_PATH=/opt/ros/humble /usr/bin/cmake --install /TestBotTeaching/build/drivetrain
[0.683s] -- Install configuration: ""
[0.684s] -- Up-to-date: /TestBotTeaching/install/drivetrain/lib/drivetrain/drivetrainNode
[0.686s] -- Up-to-date: /TestBotTeaching/install/drivetrain/share/ament_index/resource_index/package_run_dependencies/drivetrain
[0.687s] -- Up-to-date: /TestBotTeaching/install/drivetrain/share/ament_index/resource_index/parent_prefix_path/drivetrain
[0.687s] -- Up-to-date: /TestBotTeaching/install/drivetrain/share/drivetrain/environment/ament_prefix_path.sh
[0.688s] -- Up-to-date: /TestBotTeaching/install/drivetrain/share/drivetrain/environment/ament_prefix_path.dsv
[0.688s] -- Up-to-date: /TestBotTeaching/install/drivetrain/share/drivetrain/environment/path.sh
[0.689s] -- Up-to-date: /TestBotTeaching/install/drivetrain/share/drivetrain/environment/path.dsv
[0.690s] -- Up-to-date: /TestBotTeaching/install/drivetrain/share/drivetrain/local_setup.bash
[0.690s] -- Up-to-date: /TestBotTeaching/install/drivetrain/share/drivetrain/local_setup.sh
[0.691s] -- Up-to-date: /TestBotTeaching/install/drivetrain/share/drivetrain/local_setup.zsh
[0.691s] -- Up-to-date: /TestBotTeaching/install/drivetrain/share/drivetrain/local_setup.dsv
[0.691s] -- Installing: /TestBotTeaching/install/drivetrain/share/drivetrain/package.dsv
[0.692s] -- Up-to-date: /TestBotTeaching/install/drivetrain/share/ament_index/resource_index/packages/drivetrain
[0.693s] -- Up-to-date: /TestBotTeaching/install/drivetrain/share/drivetrain/cmake/drivetrainConfig.cmake
[0.693s] -- Up-to-date: /TestBotTeaching/install/drivetrain/share/drivetrain/cmake/drivetrainConfig-version.cmake
[0.694s] -- Up-to-date: /TestBotTeaching/install/drivetrain/share/drivetrain/package.xml
[0.700s] Invoked command in '/TestBotTeaching/build/drivetrain' returned '0': CMAKE_PREFIX_PATH=/opt/ros/humble /usr/bin/cmake --install /TestBotTeaching/build/drivetrain
