[0.087s] Invoking command in '/home/astrobotics/TestBotTeaching/build/drivetrain': CMAKE_PREFIX_PATH=/opt/ros/humble /usr/bin/cmake /home/astrobotics/TestBotTeaching/drivetrain -DCMAKE_INSTALL_PREFIX=/home/astrobotics/TestBotTeaching/install/drivetrain
[1.208s] -- The C compiler identification is GNU 11.4.0
[2.087s] -- The CXX compiler identification is GNU 11.4.0
[2.172s] -- Detecting C compiler ABI info
[2.673s] -- Detecting C compiler ABI info - done
[2.709s] -- Check for working C compiler: /usr/bin/cc - skipped
[2.713s] -- Detecting C compile features
[2.718s] -- Detecting C compile features - done
[2.747s] -- Detecting CXX compiler ABI info
[3.280s] -- Detecting CXX compiler ABI info - done
[3.316s] -- Check for working CXX compiler: /usr/bin/c++ - skipped
[3.317s] -- Detecting CXX compile features
[3.320s] -- Detecting CXX compile features - done
[3.409s] -- Found ament_cmake: 1.3.10 (/opt/ros/humble/share/ament_cmake/cmake)
[4.555s] -- Found Python3: /usr/bin/python3 (found version "3.10.12") found components: Interpreter 
[5.531s] -- Found rclcpp: 16.0.10 (/opt/ros/humble/share/rclcpp/cmake)
[6.082s] -- Found rosidl_generator_c: 3.1.5 (/opt/ros/humble/share/rosidl_generator_c/cmake)
[6.150s] -- Found rosidl_adapter: 3.1.5 (/opt/ros/humble/share/rosidl_adapter/cmake)
[6.249s] -- Found rosidl_generator_cpp: 3.1.5 (/opt/ros/humble/share/rosidl_generator_cpp/cmake)
[6.392s] -- Using all available rosidl_typesupport_c: rosidl_typesupport_fastrtps_c;rosidl_typesupport_introspection_c
[6.573s] -- Using all available rosidl_typesupport_cpp: rosidl_typesupport_fastrtps_cpp;rosidl_typesupport_introspection_cpp
[7.124s] -- Found rmw_implementation_cmake: 6.1.2 (/opt/ros/humble/share/rmw_implementation_cmake/cmake)
[7.160s] -- Found rmw_fastrtps_cpp: 6.2.7 (/opt/ros/humble/share/rmw_fastrtps_cpp/cmake)
[7.983s] -- Found OpenSSL: /usr/lib/aarch64-linux-gnu/libcrypto.so (found version "3.0.2")  
[8.306s] -- Found FastRTPS: /opt/ros/humble/include  
[8.813s] -- Using RMW implementation 'rmw_fastrtps_cpp' as default
[8.924s] -- Looking for pthread.h
[9.397s] -- Looking for pthread.h - found
[9.400s] -- Performing Test CMAKE_HAVE_LIBC_PTHREAD
[9.842s] -- Performing Test CMAKE_HAVE_LIBC_PTHREAD - Success
[9.849s] -- Found Threads: TRUE  
[10.297s] -- Found sensor_msgs: 4.2.4 (/opt/ros/humble/share/sensor_msgs/cmake)
[10.574s] -- Found ament_lint_auto: 0.12.11 (/opt/ros/humble/share/ament_lint_auto/cmake)
[11.189s] -- Added test 'cppcheck' to perform static code analysis on C / C++ code
[11.190s] -- Configured cppcheck include dirs: 
[11.191s] -- Configured cppcheck exclude dirs and/or files: 
[11.196s] -- Added test 'lint_cmake' to check CMake code style
[11.208s] -- Added test 'uncrustify' to check C / C++ code style
[11.209s] -- Configured uncrustify additional arguments: 
[11.212s] -- Added test 'xmllint' to check XML markup files
[11.228s] -- Configuring done
[11.267s] [31mCMake Error at CMakeLists.txt:16 (add_executable):
[11.268s]   Cannot find source file:
[11.268s] 
[11.269s]     /TestBotTeaching/drivetrain/src/drivesub.cpp
[11.269s] 
[11.270s]   Tried extensions .c .C .c++ .cc .cpp .cxx .cu .mpp .m .M .mm .ixx .cppm .h
[11.271s]   .hh .h++ .hm .hpp .hxx .in .txx .f .F .for .f77 .f90 .f95 .f03 .hip .ispc
[11.271s] 
[11.272s] [0m
[11.273s] [31mCMake Error at CMakeLists.txt:16 (add_executable):
[11.273s]   No SOURCES given to target: drivetrainNode
[11.274s] 
[11.276s] [0m
[11.277s] [0mCMake Generate step failed.  Build files cannot be regenerated correctly.[0m
