[0.090s] Invoking command in '/TestBotTeaching/build/drivetrain': CMAKE_PREFIX_PATH=/opt/ros/humble /usr/bin/cmake /TestBotTeaching/drivetrain -DAMENT_CMAKE_SYMLINK_INSTALL=1 -DCMAKE_INSTALL_PREFIX=/TestBotTeaching/install/drivetrain
[0.609s] -- Found ament_cmake: 1.3.10 (/opt/ros/humble/share/ament_cmake/cmake)
[1.353s] -- Override CMake install command with custom implementation using symlinks instead of copying resources
[1.465s] -- Found rclcpp: 16.0.10 (/opt/ros/humble/share/rclcpp/cmake)
[1.759s] -- Found rosidl_generator_c: 3.1.5 (/opt/ros/humble/share/rosidl_generator_c/cmake)
[1.780s] -- Found rosidl_adapter: 3.1.5 (/opt/ros/humble/share/rosidl_adapter/cmake)
[1.829s] -- Found rosidl_generator_cpp: 3.1.5 (/opt/ros/humble/share/rosidl_generator_cpp/cmake)
[1.912s] -- Using all available rosidl_typesupport_c: rosidl_typesupport_fastrtps_c;rosidl_typesupport_introspection_c
[2.017s] -- Using all available rosidl_typesupport_cpp: rosidl_typesupport_fastrtps_cpp;rosidl_typesupport_introspection_cpp
[2.287s] -- Found rmw_implementation_cmake: 6.1.2 (/opt/ros/humble/share/rmw_implementation_cmake/cmake)
[2.302s] -- Found rmw_fastrtps_cpp: 6.2.7 (/opt/ros/humble/share/rmw_fastrtps_cpp/cmake)
[3.445s] -- Using RMW implementation 'rmw_fastrtps_cpp' as default
[3.816s] -- Found sensor_msgs: 4.2.4 (/opt/ros/humble/share/sensor_msgs/cmake)
[4.048s] -- Found ament_lint_auto: 0.12.11 (/opt/ros/humble/share/ament_lint_auto/cmake)
[4.649s] -- Added test 'cppcheck' to perform static code analysis on C / C++ code
[4.649s] -- Configured cppcheck include dirs: 
[4.650s] -- Configured cppcheck exclude dirs and/or files: 
[4.655s] -- Added test 'lint_cmake' to check CMake code style
[4.664s] -- Added test 'uncrustify' to check C / C++ code style
[4.664s] -- Configured uncrustify additional arguments: 
[4.667s] -- Added test 'xmllint' to check XML markup files
[4.683s] -- Configuring done
[4.809s] -- Generating done
[4.820s] -- Build files have been written to: /TestBotTeaching/build/drivetrain
[4.876s] Invoked command in '/TestBotTeaching/build/drivetrain' returned '0': CMAKE_PREFIX_PATH=/opt/ros/humble /usr/bin/cmake /TestBotTeaching/drivetrain -DAMENT_CMAKE_SYMLINK_INSTALL=1 -DCMAKE_INSTALL_PREFIX=/TestBotTeaching/install/drivetrain
[4.890s] Invoking command in '/TestBotTeaching/build/drivetrain': CMAKE_PREFIX_PATH=/opt/ros/humble /usr/bin/cmake --build /TestBotTeaching/build/drivetrain -- -j4 -l4
[5.101s] [35m[1mConsolidate compiler generated dependencies of target drivetrainNode[0m
[5.328s] [ 33%] [32mBuilding CXX object CMakeFiles/drivetrainNode.dir/src/drivesub.cpp.o[0m
[52.952s] [ 66%] [32m[1mLinking CXX executable drivetrainNode[0m
[56.245s] [100%] Built target drivetrainNode
[56.300s] Invoked command in '/TestBotTeaching/build/drivetrain' returned '0': CMAKE_PREFIX_PATH=/opt/ros/humble /usr/bin/cmake --build /TestBotTeaching/build/drivetrain -- -j4 -l4
[56.501s] Invoking command in '/TestBotTeaching/build/drivetrain': CMAKE_PREFIX_PATH=/opt/ros/humble /usr/bin/cmake --install /TestBotTeaching/build/drivetrain
[56.532s] -- Install configuration: ""
[56.536s] -- Execute custom install script
[56.537s] -- Symlinking: /TestBotTeaching/install/drivetrain/lib/drivetrain/drivetrainNode
[56.589s] -- Symlinking: /TestBotTeaching/install/drivetrain/share/ament_index/resource_index/package_run_dependencies/drivetrain
[56.627s] -- Symlinking: /TestBotTeaching/install/drivetrain/share/ament_index/resource_index/parent_prefix_path/drivetrain
[56.666s] -- Symlinking: /TestBotTeaching/install/drivetrain/share/drivetrain/environment/ament_prefix_path.sh
[56.707s] -- Symlinking: /TestBotTeaching/install/drivetrain/share/drivetrain/environment/ament_prefix_path.dsv
[56.743s] -- Symlinking: /TestBotTeaching/install/drivetrain/share/drivetrain/environment/path.sh
[56.786s] -- Symlinking: /TestBotTeaching/install/drivetrain/share/drivetrain/environment/path.dsv
[56.822s] -- Symlinking: /TestBotTeaching/install/drivetrain/share/drivetrain/local_setup.bash
[56.859s] -- Symlinking: /TestBotTeaching/install/drivetrain/share/drivetrain/local_setup.sh
[56.902s] -- Symlinking: /TestBotTeaching/install/drivetrain/share/drivetrain/local_setup.zsh
[56.942s] -- Symlinking: /TestBotTeaching/install/drivetrain/share/drivetrain/local_setup.dsv
[56.983s] -- Symlinking: /TestBotTeaching/install/drivetrain/share/drivetrain/package.dsv
[57.028s] -- Symlinking: /TestBotTeaching/install/drivetrain/share/ament_index/resource_index/packages/drivetrain
[57.070s] -- Symlinking: /TestBotTeaching/install/drivetrain/share/drivetrain/cmake/drivetrainConfig.cmake
[57.125s] -- Symlinking: /TestBotTeaching/install/drivetrain/share/drivetrain/cmake/drivetrainConfig-version.cmake
[57.169s] -- Symlinking: /TestBotTeaching/install/drivetrain/share/drivetrain/package.xml
[57.212s] Invoked command in '/TestBotTeaching/build/drivetrain' returned '0': CMAKE_PREFIX_PATH=/opt/ros/humble /usr/bin/cmake --install /TestBotTeaching/build/drivetrain
