[0.878s] Invoking command in '/workspaces/TestBotTeaching/pythonDriving': PYTHONPATH=/workspaces/TestBotTeaching/build/pythonDriving/prefix_override:/usr/lib/python3/dist-packages/colcon_core/task/python/colcon_distutils_commands:/workspaces/TestBotTeaching/install/pythonDriving/lib/python3.10/site-packages:${PYTHONPATH} /usr/bin/python3 -W ignore:setup.py install is deprecated setup.py egg_info --egg-base ../build/pythonDriving build --build-base /workspaces/TestBotTeaching/build/pythonDriving/build install --record /workspaces/TestBotTeaching/build/pythonDriving/install.log --single-version-externally-managed install_data
[1.218s] running egg_info
[1.218s] creating ../build/pythonDriving/pythonDriving.egg-info
[1.219s] writing ../build/pythonDriving/pythonDriving.egg-info/PKG-INFO
[1.219s] writing dependency_links to ../build/pythonDriving/pythonDriving.egg-info/dependency_links.txt
[1.220s] writing entry points to ../build/pythonDriving/pythonDriving.egg-info/entry_points.txt
[1.220s] writing requirements to ../build/pythonDriving/pythonDriving.egg-info/requires.txt
[1.220s] writing top-level names to ../build/pythonDriving/pythonDriving.egg-info/top_level.txt
[1.220s] writing manifest file '../build/pythonDriving/pythonDriving.egg-info/SOURCES.txt'
[1.223s] reading manifest file '../build/pythonDriving/pythonDriving.egg-info/SOURCES.txt'
[1.224s] writing manifest file '../build/pythonDriving/pythonDriving.egg-info/SOURCES.txt'
[1.224s] running build
[1.224s] running build_py
[1.225s] creating /workspaces/TestBotTeaching/build/pythonDriving/build
[1.225s] creating /workspaces/TestBotTeaching/build/pythonDriving/build/lib
[1.225s] creating /workspaces/TestBotTeaching/build/pythonDriving/build/lib/pythonDriving
[1.225s] copying pythonDriving/pythonDriving.py -> /workspaces/TestBotTeaching/build/pythonDriving/build/lib/pythonDriving
[1.226s] copying pythonDriving/__init__.py -> /workspaces/TestBotTeaching/build/pythonDriving/build/lib/pythonDriving
[1.226s] running install
[1.227s] running install_lib
[1.229s] running install_data
[1.229s] running install_egg_info
[1.232s] removing '/workspaces/TestBotTeaching/install/pythonDriving/lib/python3.10/site-packages/pythonDriving-0.0.0-py3.10.egg-info' (and everything under it)
[1.233s] Copying ../build/pythonDriving/pythonDriving.egg-info to /workspaces/TestBotTeaching/install/pythonDriving/lib/python3.10/site-packages/pythonDriving-0.0.0-py3.10.egg-info
[1.235s] running install_scripts
[1.264s] Installing pythonDriving script to /workspaces/TestBotTeaching/install/pythonDriving/lib/pythonDriving
[1.265s] writing list of installed files to '/workspaces/TestBotTeaching/build/pythonDriving/install.log'
[1.298s] Invoked command in '/workspaces/TestBotTeaching/pythonDriving' returned '0': PYTHONPATH=/workspaces/TestBotTeaching/build/pythonDriving/prefix_override:/usr/lib/python3/dist-packages/colcon_core/task/python/colcon_distutils_commands:/workspaces/TestBotTeaching/install/pythonDriving/lib/python3.10/site-packages:${PYTHONPATH} /usr/bin/python3 -W ignore:setup.py install is deprecated setup.py egg_info --egg-base ../build/pythonDriving build --build-base /workspaces/TestBotTeaching/build/pythonDriving/build install --record /workspaces/TestBotTeaching/build/pythonDriving/install.log --single-version-externally-managed install_data
