[0.567s] DEBUG:colcon:Command line arguments: ['/usr/bin/colcon', 'build']
[0.567s] DEBUG:colcon:Parsed command line arguments: Namespace(log_base=None, log_level=None, verb_name='build', build_base='build', install_base='install', merge_install=False, symlink_install=False, test_result_base=None, continue_on_error=False, executor='parallel', parallel_workers=4, event_handlers=None, ignore_user_meta=False, metas=['./colcon.meta'], base_paths=['.'], packages_ignore=None, packages_ignore_regex=None, paths=None, packages_up_to=None, packages_up_to_regex=None, packages_above=None, packages_above_and_dependencies=None, packages_above_depth=None, packages_select_by_dep=None, packages_skip_by_dep=None, packages_skip_up_to=None, packages_select_build_failed=False, packages_skip_build_finished=False, packages_select_test_failures=False, packages_skip_test_passed=False, packages_select=None, packages_skip=None, packages_select_regex=None, packages_skip_regex=None, packages_start=None, packages_end=None, cmake_args=None, cmake_target=None, cmake_target_skip_unavailable=False, cmake_clean_cache=False, cmake_clean_first=False, cmake_force_configure=False, ament_cmake_args=None, catkin_cmake_args=None, catkin_skip_building_tests=False, mixin_files=None, mixin=None, verb_parser=<colcon_mixin.mixin.mixin_argument.MixinArgumentDecorator object at 0xffff9c007b80>, verb_extension=<colcon_core.verb.build.BuildVerb object at 0xffff9c204250>, main=<bound method BuildVerb.main of <colcon_core.verb.build.BuildVerb object at 0xffff9c204250>>, mixin_verb=('build',))
[2.358s] Level 1:colcon.colcon_core.package_discovery:discover_packages(colcon_meta) check parameters
[2.359s] Level 1:colcon.colcon_core.package_discovery:discover_packages(recursive) check parameters
[2.359s] Level 1:colcon.colcon_core.package_discovery:discover_packages(ignore) check parameters
[2.360s] Level 1:colcon.colcon_core.package_discovery:discover_packages(path) check parameters
[2.360s] Level 1:colcon.colcon_core.package_discovery:discover_packages(colcon_meta) discover
[2.361s] Level 1:colcon.colcon_core.package_discovery:discover_packages(recursive) discover
[2.362s] INFO:colcon.colcon_core.package_discovery:Crawling recursively for packages in '/TestBotTeaching'
[2.365s] Level 1:colcon.colcon_core.package_identification:_identify(.) by extensions ['ignore', 'ignore_ament_install']
[2.366s] Level 1:colcon.colcon_core.package_identification:_identify(.) by extension 'ignore'
[2.367s] Level 1:colcon.colcon_core.package_identification:_identify(.) by extension 'ignore_ament_install'
[2.368s] Level 1:colcon.colcon_core.package_identification:_identify(.) by extensions ['colcon_pkg']
[2.369s] Level 1:colcon.colcon_core.package_identification:_identify(.) by extension 'colcon_pkg'
[2.369s] Level 1:colcon.colcon_core.package_identification:_identify(.) by extensions ['colcon_meta']
[2.370s] Level 1:colcon.colcon_core.package_identification:_identify(.) by extension 'colcon_meta'
[2.370s] Level 1:colcon.colcon_core.package_identification:_identify(.) by extensions ['ros']
[2.371s] Level 1:colcon.colcon_core.package_identification:_identify(.) by extension 'ros'
[2.480s] Level 1:colcon.colcon_core.package_identification:_identify(.) by extensions ['cmake', 'python']
[2.481s] Level 1:colcon.colcon_core.package_identification:_identify(.) by extension 'cmake'
[2.483s] Level 1:colcon.colcon_core.package_identification:_identify(.) by extension 'python'
[2.485s] Level 1:colcon.colcon_core.package_identification:_identify(.) by extensions ['python_setup_py']
[2.486s] Level 1:colcon.colcon_core.package_identification:_identify(.) by extension 'python_setup_py'
[2.487s] Level 1:colcon.colcon_core.package_identification:_identify(build) by extensions ['ignore', 'ignore_ament_install']
[2.488s] Level 1:colcon.colcon_core.package_identification:_identify(build) by extension 'ignore'
[2.489s] Level 1:colcon.colcon_core.package_identification:_identify(build) ignored
[2.490s] Level 1:colcon.colcon_core.package_identification:_identify(drivetrain) by extensions ['ignore', 'ignore_ament_install']
[2.492s] Level 1:colcon.colcon_core.package_identification:_identify(drivetrain) by extension 'ignore'
[2.493s] Level 1:colcon.colcon_core.package_identification:_identify(drivetrain) by extension 'ignore_ament_install'
[2.494s] Level 1:colcon.colcon_core.package_identification:_identify(drivetrain) by extensions ['colcon_pkg']
[2.494s] Level 1:colcon.colcon_core.package_identification:_identify(drivetrain) by extension 'colcon_pkg'
[2.495s] Level 1:colcon.colcon_core.package_identification:_identify(drivetrain) by extensions ['colcon_meta']
[2.495s] Level 1:colcon.colcon_core.package_identification:_identify(drivetrain) by extension 'colcon_meta'
[2.495s] Level 1:colcon.colcon_core.package_identification:_identify(drivetrain) by extensions ['ros']
[2.496s] Level 1:colcon.colcon_core.package_identification:_identify(drivetrain) by extension 'ros'
[2.516s] DEBUG:colcon.colcon_core.package_identification:Package 'drivetrain' with type 'ros.ament_cmake' and name 'drivetrain'
[2.518s] Level 1:colcon.colcon_core.package_identification:_identify(install) by extensions ['ignore', 'ignore_ament_install']
[2.519s] Level 1:colcon.colcon_core.package_identification:_identify(install) by extension 'ignore'
[2.520s] Level 1:colcon.colcon_core.package_identification:_identify(install) ignored
[2.524s] Level 1:colcon.colcon_core.package_identification:_identify(log) by extensions ['ignore', 'ignore_ament_install']
[2.525s] Level 1:colcon.colcon_core.package_identification:_identify(log) by extension 'ignore'
[2.525s] Level 1:colcon.colcon_core.package_identification:_identify(log) ignored
[2.525s] Level 1:colcon.colcon_core.package_discovery:discover_packages(recursive) using defaults
[2.526s] Level 1:colcon.colcon_core.package_discovery:discover_packages(ignore) discover
[2.526s] Level 1:colcon.colcon_core.package_discovery:discover_packages(ignore) using defaults
[2.526s] Level 1:colcon.colcon_core.package_discovery:discover_packages(path) discover
[2.527s] Level 1:colcon.colcon_core.package_discovery:discover_packages(path) using defaults
[2.714s] Level 5:colcon.colcon_core.verb:set package 'drivetrain' build argument 'cmake_args' from command line to 'None'
[2.715s] Level 5:colcon.colcon_core.verb:set package 'drivetrain' build argument 'cmake_target' from command line to 'None'
[2.716s] Level 5:colcon.colcon_core.verb:set package 'drivetrain' build argument 'cmake_target_skip_unavailable' from command line to 'False'
[2.717s] Level 5:colcon.colcon_core.verb:set package 'drivetrain' build argument 'cmake_clean_cache' from command line to 'False'
[2.718s] Level 5:colcon.colcon_core.verb:set package 'drivetrain' build argument 'cmake_clean_first' from command line to 'False'
[2.718s] Level 5:colcon.colcon_core.verb:set package 'drivetrain' build argument 'cmake_force_configure' from command line to 'False'
[2.719s] Level 5:colcon.colcon_core.verb:set package 'drivetrain' build argument 'ament_cmake_args' from command line to 'None'
[2.720s] Level 5:colcon.colcon_core.verb:set package 'drivetrain' build argument 'catkin_cmake_args' from command line to 'None'
[2.721s] Level 5:colcon.colcon_core.verb:set package 'drivetrain' build argument 'catkin_skip_building_tests' from command line to 'False'
[2.722s] DEBUG:colcon.colcon_core.verb:Building package 'drivetrain' with the following arguments: {'ament_cmake_args': None, 'build_base': '/TestBotTeaching/build/drivetrain', 'catkin_cmake_args': None, 'catkin_skip_building_tests': False, 'cmake_args': None, 'cmake_clean_cache': False, 'cmake_clean_first': False, 'cmake_force_configure': False, 'cmake_target': None, 'cmake_target_skip_unavailable': False, 'install_base': '/TestBotTeaching/install/drivetrain', 'merge_install': False, 'path': '/TestBotTeaching/drivetrain', 'symlink_install': False, 'test_result_base': None}
[2.724s] INFO:colcon.colcon_core.executor:Executing jobs using 'parallel' executor
[2.733s] DEBUG:colcon.colcon_parallel_executor.executor.parallel:run_until_complete
[2.737s] INFO:colcon.colcon_ros.task.ament_cmake.build:Building ROS package in '/TestBotTeaching/drivetrain' with build type 'ament_cmake'
[2.741s] INFO:colcon.colcon_cmake.task.cmake.build:Building CMake package in '/TestBotTeaching/drivetrain'
[2.774s] INFO:colcon.colcon_core.plugin_system:Skipping extension 'colcon_core.shell.bat': Not used on non-Windows systems
[2.776s] INFO:colcon.colcon_core.shell:Skip shell extension 'powershell' for command environment: Not usable outside of PowerShell
[2.778s] DEBUG:colcon.colcon_core.shell:Skip shell extension 'dsv' for command environment
[2.901s] DEBUG:colcon.colcon_core.event_handler.log_command:Invoking command in '/TestBotTeaching/build/drivetrain': CMAKE_PREFIX_PATH=${CMAKE_PREFIX_PATH}:/opt/ros/humble /usr/bin/cmake --build /TestBotTeaching/build/drivetrain -- -j4 -l4
[45.895s] DEBUG:colcon.colcon_core.event_handler.log_command:Invoked command in '/TestBotTeaching/build/drivetrain' returned '0': CMAKE_PREFIX_PATH=${CMAKE_PREFIX_PATH}:/opt/ros/humble /usr/bin/cmake --build /TestBotTeaching/build/drivetrain -- -j4 -l4
[46.107s] DEBUG:colcon.colcon_core.event_handler.log_command:Invoking command in '/TestBotTeaching/build/drivetrain': CMAKE_PREFIX_PATH=${CMAKE_PREFIX_PATH}:/opt/ros/humble /usr/bin/cmake --install /TestBotTeaching/build/drivetrain
[46.195s] Level 1:colcon.colcon_core.environment:create_environment_scripts_only(drivetrain)
[46.196s] DEBUG:colcon.colcon_core.event_handler.log_command:Invoked command in '/TestBotTeaching/build/drivetrain' returned '0': CMAKE_PREFIX_PATH=${CMAKE_PREFIX_PATH}:/opt/ros/humble /usr/bin/cmake --install /TestBotTeaching/build/drivetrain
[46.210s] Level 1:colcon.colcon_core.environment:checking '/TestBotTeaching/install/drivetrain' for CMake module files
[46.213s] Level 1:colcon.colcon_core.environment:checking '/TestBotTeaching/install/drivetrain' for CMake config files
[46.214s] Level 1:colcon.colcon_core.shell:create_environment_hook('drivetrain', 'cmake_prefix_path')
[46.215s] INFO:colcon.colcon_core.shell:Creating environment hook '/TestBotTeaching/install/drivetrain/share/drivetrain/hook/cmake_prefix_path.ps1'
[46.218s] INFO:colcon.colcon_core.shell:Creating environment descriptor '/TestBotTeaching/install/drivetrain/share/drivetrain/hook/cmake_prefix_path.dsv'
[46.222s] INFO:colcon.colcon_core.shell:Creating environment hook '/TestBotTeaching/install/drivetrain/share/drivetrain/hook/cmake_prefix_path.sh'
[46.227s] Level 1:colcon.colcon_core.environment:checking '/TestBotTeaching/install/drivetrain/lib'
[46.229s] Level 1:colcon.colcon_core.environment:checking '/TestBotTeaching/install/drivetrain/bin'
[46.230s] Level 1:colcon.colcon_core.environment:checking '/TestBotTeaching/install/drivetrain/lib/pkgconfig/drivetrain.pc'
[46.247s] Level 1:colcon.colcon_core.environment:checking '/TestBotTeaching/install/drivetrain/lib/python3.10/site-packages'
[46.248s] Level 1:colcon.colcon_core.environment:checking '/TestBotTeaching/install/drivetrain/bin'
[46.250s] INFO:colcon.colcon_core.shell:Creating package script '/TestBotTeaching/install/drivetrain/share/drivetrain/package.ps1'
[46.257s] INFO:colcon.colcon_core.shell:Creating package descriptor '/TestBotTeaching/install/drivetrain/share/drivetrain/package.dsv'
[46.266s] INFO:colcon.colcon_core.shell:Creating package script '/TestBotTeaching/install/drivetrain/share/drivetrain/package.sh'
[46.273s] INFO:colcon.colcon_core.shell:Creating package script '/TestBotTeaching/install/drivetrain/share/drivetrain/package.bash'
[46.286s] INFO:colcon.colcon_core.shell:Creating package script '/TestBotTeaching/install/drivetrain/share/drivetrain/package.zsh'
[46.292s] Level 1:colcon.colcon_core.environment:create_file_with_runtime_dependencies(/TestBotTeaching/install/drivetrain/share/colcon-core/packages/drivetrain)
[46.554s] Level 1:colcon.colcon_core.environment:create_environment_scripts_only(drivetrain)
[46.556s] Level 1:colcon.colcon_core.environment:checking '/TestBotTeaching/install/drivetrain' for CMake module files
[46.560s] Level 1:colcon.colcon_core.environment:checking '/TestBotTeaching/install/drivetrain' for CMake config files
[46.561s] Level 1:colcon.colcon_core.shell:create_environment_hook('drivetrain', 'cmake_prefix_path')
[46.563s] INFO:colcon.colcon_core.shell:Creating environment hook '/TestBotTeaching/install/drivetrain/share/drivetrain/hook/cmake_prefix_path.ps1'
[46.566s] INFO:colcon.colcon_core.shell:Creating environment descriptor '/TestBotTeaching/install/drivetrain/share/drivetrain/hook/cmake_prefix_path.dsv'
[46.569s] INFO:colcon.colcon_core.shell:Creating environment hook '/TestBotTeaching/install/drivetrain/share/drivetrain/hook/cmake_prefix_path.sh'
[46.574s] Level 1:colcon.colcon_core.environment:checking '/TestBotTeaching/install/drivetrain/lib'
[46.575s] Level 1:colcon.colcon_core.environment:checking '/TestBotTeaching/install/drivetrain/bin'
[46.576s] Level 1:colcon.colcon_core.environment:checking '/TestBotTeaching/install/drivetrain/lib/pkgconfig/drivetrain.pc'
[46.579s] Level 1:colcon.colcon_core.environment:checking '/TestBotTeaching/install/drivetrain/lib/python3.10/site-packages'
[46.582s] Level 1:colcon.colcon_core.environment:checking '/TestBotTeaching/install/drivetrain/bin'
[46.586s] INFO:colcon.colcon_core.shell:Creating package script '/TestBotTeaching/install/drivetrain/share/drivetrain/package.ps1'
[46.593s] INFO:colcon.colcon_core.shell:Creating package descriptor '/TestBotTeaching/install/drivetrain/share/drivetrain/package.dsv'
[46.600s] INFO:colcon.colcon_core.shell:Creating package script '/TestBotTeaching/install/drivetrain/share/drivetrain/package.sh'
[46.604s] INFO:colcon.colcon_core.shell:Creating package script '/TestBotTeaching/install/drivetrain/share/drivetrain/package.bash'
[46.608s] INFO:colcon.colcon_core.shell:Creating package script '/TestBotTeaching/install/drivetrain/share/drivetrain/package.zsh'
[46.612s] Level 1:colcon.colcon_core.environment:create_file_with_runtime_dependencies(/TestBotTeaching/install/drivetrain/share/colcon-core/packages/drivetrain)
[46.615s] DEBUG:colcon.colcon_parallel_executor.executor.parallel:closing loop
[46.625s] DEBUG:colcon.colcon_parallel_executor.executor.parallel:loop closed
[46.626s] DEBUG:colcon.colcon_parallel_executor.executor.parallel:run_until_complete finished with '0'
[46.627s] DEBUG:colcon.colcon_core.event_reactor:joining thread
[46.676s] INFO:colcon.colcon_core.plugin_system:Skipping extension 'colcon_notification.desktop_notification.notify_send': Could not find 'notify-send'
[46.677s] INFO:colcon.colcon_core.plugin_system:Skipping extension 'colcon_notification.desktop_notification.terminal_notifier': Not used on non-Darwin systems
[46.678s] INFO:colcon.colcon_core.plugin_system:Skipping extension 'colcon_notification.desktop_notification.win32': Not used on non-Windows systems
[46.679s] INFO:colcon.colcon_notification.desktop_notification:Sending desktop notification using 'notify2'
[46.680s] DEBUG:colcon.colcon_notification.desktop_notification.notify2:Failed to initialize notify2: org.freedesktop.DBus.Error.NotSupported: Unable to autolaunch a dbus-daemon without a $DISPLAY for X11
[46.682s] DEBUG:colcon.colcon_core.event_reactor:joined thread
[46.685s] INFO:colcon.colcon_core.shell:Creating prefix script '/TestBotTeaching/install/local_setup.ps1'
[46.697s] INFO:colcon.colcon_core.shell:Creating prefix util module '/TestBotTeaching/install/_local_setup_util_ps1.py'
[46.709s] INFO:colcon.colcon_core.shell:Creating prefix chain script '/TestBotTeaching/install/setup.ps1'
[46.720s] INFO:colcon.colcon_core.shell:Creating prefix script '/TestBotTeaching/install/local_setup.sh'
[46.728s] INFO:colcon.colcon_core.shell:Creating prefix util module '/TestBotTeaching/install/_local_setup_util_sh.py'
[46.733s] INFO:colcon.colcon_core.shell:Creating prefix chain script '/TestBotTeaching/install/setup.sh'
[46.742s] INFO:colcon.colcon_core.shell:Creating prefix script '/TestBotTeaching/install/local_setup.bash'
[46.747s] INFO:colcon.colcon_core.shell:Creating prefix chain script '/TestBotTeaching/install/setup.bash'
[46.756s] INFO:colcon.colcon_core.shell:Creating prefix script '/TestBotTeaching/install/local_setup.zsh'
[46.761s] INFO:colcon.colcon_core.shell:Creating prefix chain script '/TestBotTeaching/install/setup.zsh'
