[0.545s] DEBUG:colcon:Command line arguments: ['/usr/bin/colcon', 'build']
[0.545s] DEBUG:colcon:Parsed command line arguments: Namespace(log_base=None, log_level=None, verb_name='build', build_base='build', install_base='install', merge_install=False, symlink_install=False, test_result_base=None, continue_on_error=False, executor='parallel', parallel_workers=4, event_handlers=None, ignore_user_meta=False, metas=['./colcon.meta'], base_paths=['.'], packages_ignore=None, packages_ignore_regex=None, paths=None, packages_up_to=None, packages_up_to_regex=None, packages_above=None, packages_above_and_dependencies=None, packages_above_depth=None, packages_select_by_dep=None, packages_skip_by_dep=None, packages_skip_up_to=None, packages_select_build_failed=False, packages_skip_build_finished=False, packages_select_test_failures=False, packages_skip_test_passed=False, packages_select=None, packages_skip=None, packages_select_regex=None, packages_skip_regex=None, packages_start=None, packages_end=None, cmake_args=None, cmake_target=None, cmake_target_skip_unavailable=False, cmake_clean_cache=False, cmake_clean_first=False, cmake_force_configure=False, ament_cmake_args=None, catkin_cmake_args=None, catkin_skip_building_tests=False, mixin_files=None, mixin=None, verb_parser=<colcon_mixin.mixin.mixin_argument.MixinArgumentDecorator object at 0xffffb3c8a380>, verb_extension=<colcon_core.verb.build.BuildVerb object at 0xffffb3ba2aa0>, main=<bound method BuildVerb.main of <colcon_core.verb.build.BuildVerb object at 0xffffb3ba2aa0>>, mixin_verb=('build',))
[1.210s] Level 1:colcon.colcon_core.package_discovery:discover_packages(colcon_meta) check parameters
[1.211s] Level 1:colcon.colcon_core.package_discovery:discover_packages(recursive) check parameters
[1.211s] Level 1:colcon.colcon_core.package_discovery:discover_packages(ignore) check parameters
[1.212s] Level 1:colcon.colcon_core.package_discovery:discover_packages(path) check parameters
[1.212s] Level 1:colcon.colcon_core.package_discovery:discover_packages(colcon_meta) discover
[1.212s] Level 1:colcon.colcon_core.package_discovery:discover_packages(recursive) discover
[1.213s] INFO:colcon.colcon_core.package_discovery:Crawling recursively for packages in '/Testbot'
[1.214s] Level 1:colcon.colcon_core.package_identification:_identify(.) by extensions ['ignore', 'ignore_ament_install']
[1.214s] Level 1:colcon.colcon_core.package_identification:_identify(.) by extension 'ignore'
[1.215s] Level 1:colcon.colcon_core.package_identification:_identify(.) by extension 'ignore_ament_install'
[1.215s] Level 1:colcon.colcon_core.package_identification:_identify(.) by extensions ['colcon_pkg']
[1.216s] Level 1:colcon.colcon_core.package_identification:_identify(.) by extension 'colcon_pkg'
[1.216s] Level 1:colcon.colcon_core.package_identification:_identify(.) by extensions ['colcon_meta']
[1.216s] Level 1:colcon.colcon_core.package_identification:_identify(.) by extension 'colcon_meta'
[1.217s] Level 1:colcon.colcon_core.package_identification:_identify(.) by extensions ['ros']
[1.217s] Level 1:colcon.colcon_core.package_identification:_identify(.) by extension 'ros'
[1.299s] Level 1:colcon.colcon_core.package_identification:_identify(.) by extensions ['cmake', 'python']
[1.299s] Level 1:colcon.colcon_core.package_identification:_identify(.) by extension 'cmake'
[1.300s] Level 1:colcon.colcon_core.package_identification:_identify(.) by extension 'python'
[1.300s] Level 1:colcon.colcon_core.package_identification:_identify(.) by extensions ['python_setup_py']
[1.301s] Level 1:colcon.colcon_core.package_identification:_identify(.) by extension 'python_setup_py'
[1.302s] Level 1:colcon.colcon_core.package_identification:_identify(build) by extensions ['ignore', 'ignore_ament_install']
[1.303s] Level 1:colcon.colcon_core.package_identification:_identify(build) by extension 'ignore'
[1.304s] Level 1:colcon.colcon_core.package_identification:_identify(build) ignored
[1.307s] Level 1:colcon.colcon_core.package_identification:_identify(install) by extensions ['ignore', 'ignore_ament_install']
[1.308s] Level 1:colcon.colcon_core.package_identification:_identify(install) by extension 'ignore'
[1.310s] Level 1:colcon.colcon_core.package_identification:_identify(install) ignored
[1.313s] Level 1:colcon.colcon_core.package_identification:_identify(log) by extensions ['ignore', 'ignore_ament_install']
[1.314s] Level 1:colcon.colcon_core.package_identification:_identify(log) by extension 'ignore'
[1.315s] Level 1:colcon.colcon_core.package_identification:_identify(log) ignored
[1.317s] Level 1:colcon.colcon_core.package_identification:_identify(src) by extensions ['ignore', 'ignore_ament_install']
[1.318s] Level 1:colcon.colcon_core.package_identification:_identify(src) by extension 'ignore'
[1.319s] Level 1:colcon.colcon_core.package_identification:_identify(src) by extension 'ignore_ament_install'
[1.322s] Level 1:colcon.colcon_core.package_identification:_identify(src) by extensions ['colcon_pkg']
[1.322s] Level 1:colcon.colcon_core.package_identification:_identify(src) by extension 'colcon_pkg'
[1.323s] Level 1:colcon.colcon_core.package_identification:_identify(src) by extensions ['colcon_meta']
[1.324s] Level 1:colcon.colcon_core.package_identification:_identify(src) by extension 'colcon_meta'
[1.326s] Level 1:colcon.colcon_core.package_identification:_identify(src) by extensions ['ros']
[1.327s] Level 1:colcon.colcon_core.package_identification:_identify(src) by extension 'ros'
[1.328s] Level 1:colcon.colcon_core.package_identification:_identify(src) by extensions ['cmake', 'python']
[1.329s] Level 1:colcon.colcon_core.package_identification:_identify(src) by extension 'cmake'
[1.330s] Level 1:colcon.colcon_core.package_identification:_identify(src) by extension 'python'
[1.331s] Level 1:colcon.colcon_core.package_identification:_identify(src) by extensions ['python_setup_py']
[1.332s] Level 1:colcon.colcon_core.package_identification:_identify(src) by extension 'python_setup_py'
[1.334s] Level 1:colcon.colcon_core.package_identification:_identify(src/testbot_ws) by extensions ['ignore', 'ignore_ament_install']
[1.336s] Level 1:colcon.colcon_core.package_identification:_identify(src/testbot_ws) by extension 'ignore'
[1.337s] Level 1:colcon.colcon_core.package_identification:_identify(src/testbot_ws) by extension 'ignore_ament_install'
[1.339s] Level 1:colcon.colcon_core.package_identification:_identify(src/testbot_ws) by extensions ['colcon_pkg']
[1.340s] Level 1:colcon.colcon_core.package_identification:_identify(src/testbot_ws) by extension 'colcon_pkg'
[1.341s] Level 1:colcon.colcon_core.package_identification:_identify(src/testbot_ws) by extensions ['colcon_meta']
[1.342s] Level 1:colcon.colcon_core.package_identification:_identify(src/testbot_ws) by extension 'colcon_meta'
[1.342s] Level 1:colcon.colcon_core.package_identification:_identify(src/testbot_ws) by extensions ['ros']
[1.343s] Level 1:colcon.colcon_core.package_identification:_identify(src/testbot_ws) by extension 'ros'
[1.345s] Level 1:colcon.colcon_core.package_identification:_identify(src/testbot_ws) by extensions ['cmake', 'python']
[1.347s] Level 1:colcon.colcon_core.package_identification:_identify(src/testbot_ws) by extension 'cmake'
[1.348s] Level 1:colcon.colcon_core.package_identification:_identify(src/testbot_ws) by extension 'python'
[1.349s] Level 1:colcon.colcon_core.package_identification:_identify(src/testbot_ws) by extensions ['python_setup_py']
[1.350s] Level 1:colcon.colcon_core.package_identification:_identify(src/testbot_ws) by extension 'python_setup_py'
[1.352s] Level 1:colcon.colcon_core.package_identification:_identify(src/testbot_ws/src) by extensions ['ignore', 'ignore_ament_install']
[1.354s] Level 1:colcon.colcon_core.package_identification:_identify(src/testbot_ws/src) by extension 'ignore'
[1.355s] Level 1:colcon.colcon_core.package_identification:_identify(src/testbot_ws/src) by extension 'ignore_ament_install'
[1.356s] Level 1:colcon.colcon_core.package_identification:_identify(src/testbot_ws/src) by extensions ['colcon_pkg']
[1.357s] Level 1:colcon.colcon_core.package_identification:_identify(src/testbot_ws/src) by extension 'colcon_pkg'
[1.358s] Level 1:colcon.colcon_core.package_identification:_identify(src/testbot_ws/src) by extensions ['colcon_meta']
[1.359s] Level 1:colcon.colcon_core.package_identification:_identify(src/testbot_ws/src) by extension 'colcon_meta'
[1.362s] Level 1:colcon.colcon_core.package_identification:_identify(src/testbot_ws/src) by extensions ['ros']
[1.363s] Level 1:colcon.colcon_core.package_identification:_identify(src/testbot_ws/src) by extension 'ros'
[1.366s] Level 1:colcon.colcon_core.package_identification:_identify(src/testbot_ws/src) by extensions ['cmake', 'python']
[1.366s] Level 1:colcon.colcon_core.package_identification:_identify(src/testbot_ws/src) by extension 'cmake'
[1.368s] Level 1:colcon.colcon_core.package_identification:_identify(src/testbot_ws/src) by extension 'python'
[1.370s] Level 1:colcon.colcon_core.package_identification:_identify(src/testbot_ws/src) by extensions ['python_setup_py']
[1.371s] Level 1:colcon.colcon_core.package_identification:_identify(src/testbot_ws/src) by extension 'python_setup_py'
[1.374s] Level 1:colcon.colcon_core.package_identification:_identify(src/testbot_ws/src/drivetrain) by extensions ['ignore', 'ignore_ament_install']
[1.377s] Level 1:colcon.colcon_core.package_identification:_identify(src/testbot_ws/src/drivetrain) by extension 'ignore'
[1.377s] Level 1:colcon.colcon_core.package_identification:_identify(src/testbot_ws/src/drivetrain) by extension 'ignore_ament_install'
[1.378s] Level 1:colcon.colcon_core.package_identification:_identify(src/testbot_ws/src/drivetrain) by extensions ['colcon_pkg']
[1.379s] Level 1:colcon.colcon_core.package_identification:_identify(src/testbot_ws/src/drivetrain) by extension 'colcon_pkg'
[1.381s] Level 1:colcon.colcon_core.package_identification:_identify(src/testbot_ws/src/drivetrain) by extensions ['colcon_meta']
[1.381s] Level 1:colcon.colcon_core.package_identification:_identify(src/testbot_ws/src/drivetrain) by extension 'colcon_meta'
[1.382s] Level 1:colcon.colcon_core.package_identification:_identify(src/testbot_ws/src/drivetrain) by extensions ['ros']
[1.383s] Level 1:colcon.colcon_core.package_identification:_identify(src/testbot_ws/src/drivetrain) by extension 'ros'
[1.401s] DEBUG:colcon.colcon_core.package_identification:Package 'src/testbot_ws/src/drivetrain' with type 'ros.ament_cmake' and name 'drivetrain'
[1.402s] Level 1:colcon.colcon_core.package_discovery:discover_packages(recursive) using defaults
[1.402s] Level 1:colcon.colcon_core.package_discovery:discover_packages(ignore) discover
[1.403s] Level 1:colcon.colcon_core.package_discovery:discover_packages(ignore) using defaults
[1.403s] Level 1:colcon.colcon_core.package_discovery:discover_packages(path) discover
[1.404s] Level 1:colcon.colcon_core.package_discovery:discover_packages(path) using defaults
[1.537s] Level 5:colcon.colcon_core.verb:set package 'drivetrain' build argument 'cmake_args' from command line to 'None'
[1.538s] Level 5:colcon.colcon_core.verb:set package 'drivetrain' build argument 'cmake_target' from command line to 'None'
[1.538s] Level 5:colcon.colcon_core.verb:set package 'drivetrain' build argument 'cmake_target_skip_unavailable' from command line to 'False'
[1.538s] Level 5:colcon.colcon_core.verb:set package 'drivetrain' build argument 'cmake_clean_cache' from command line to 'False'
[1.539s] Level 5:colcon.colcon_core.verb:set package 'drivetrain' build argument 'cmake_clean_first' from command line to 'False'
[1.539s] Level 5:colcon.colcon_core.verb:set package 'drivetrain' build argument 'cmake_force_configure' from command line to 'False'
[1.539s] Level 5:colcon.colcon_core.verb:set package 'drivetrain' build argument 'ament_cmake_args' from command line to 'None'
[1.539s] Level 5:colcon.colcon_core.verb:set package 'drivetrain' build argument 'catkin_cmake_args' from command line to 'None'
[1.540s] Level 5:colcon.colcon_core.verb:set package 'drivetrain' build argument 'catkin_skip_building_tests' from command line to 'False'
[1.540s] DEBUG:colcon.colcon_core.verb:Building package 'drivetrain' with the following arguments: {'ament_cmake_args': None, 'build_base': '/Testbot/build/drivetrain', 'catkin_cmake_args': None, 'catkin_skip_building_tests': False, 'cmake_args': None, 'cmake_clean_cache': False, 'cmake_clean_first': False, 'cmake_force_configure': False, 'cmake_target': None, 'cmake_target_skip_unavailable': False, 'install_base': '/Testbot/install/drivetrain', 'merge_install': False, 'path': '/Testbot/src/testbot_ws/src/drivetrain', 'symlink_install': False, 'test_result_base': None}
[1.541s] INFO:colcon.colcon_core.executor:Executing jobs using 'parallel' executor
[1.547s] DEBUG:colcon.colcon_parallel_executor.executor.parallel:run_until_complete
[1.549s] INFO:colcon.colcon_ros.task.ament_cmake.build:Building ROS package in '/Testbot/src/testbot_ws/src/drivetrain' with build type 'ament_cmake'
[1.550s] INFO:colcon.colcon_cmake.task.cmake.build:Building CMake package in '/Testbot/src/testbot_ws/src/drivetrain'
[1.566s] INFO:colcon.colcon_core.plugin_system:Skipping extension 'colcon_core.shell.bat': Not used on non-Windows systems
[1.567s] INFO:colcon.colcon_core.shell:Skip shell extension 'powershell' for command environment: Not usable outside of PowerShell
[1.568s] DEBUG:colcon.colcon_core.shell:Skip shell extension 'dsv' for command environment
[1.643s] DEBUG:colcon.colcon_core.event_handler.log_command:Invoking command in '/Testbot/build/drivetrain': CMAKE_PREFIX_PATH=${CMAKE_PREFIX_PATH}:/opt/ros/humble /usr/bin/cmake --build /Testbot/build/drivetrain -- -j4 -l4
[6.762s] DEBUG:colcon.colcon_core.event_handler.log_command:Invoked command in '/Testbot/build/drivetrain' returned '2': CMAKE_PREFIX_PATH=${CMAKE_PREFIX_PATH}:/opt/ros/humble /usr/bin/cmake --build /Testbot/build/drivetrain -- -j4 -l4
[6.902s] Level 1:colcon.colcon_core.environment:create_environment_scripts_only(drivetrain)
[6.918s] Level 1:colcon.colcon_core.environment:checking '/Testbot/install/drivetrain' for CMake module files
[6.921s] Level 1:colcon.colcon_core.environment:checking '/Testbot/install/drivetrain' for CMake config files
[6.923s] Level 1:colcon.colcon_core.shell:create_environment_hook('drivetrain', 'cmake_prefix_path')
[6.925s] INFO:colcon.colcon_core.shell:Creating environment hook '/Testbot/install/drivetrain/share/drivetrain/hook/cmake_prefix_path.ps1'
[6.931s] INFO:colcon.colcon_core.shell:Creating environment descriptor '/Testbot/install/drivetrain/share/drivetrain/hook/cmake_prefix_path.dsv'
[6.934s] INFO:colcon.colcon_core.shell:Creating environment hook '/Testbot/install/drivetrain/share/drivetrain/hook/cmake_prefix_path.sh'
[6.940s] Level 1:colcon.colcon_core.environment:checking '/Testbot/install/drivetrain/bin'
[6.940s] Level 1:colcon.colcon_core.environment:checking '/Testbot/install/drivetrain/lib/pkgconfig/drivetrain.pc'
[6.949s] Level 1:colcon.colcon_core.environment:checking '/Testbot/install/drivetrain/lib/python3.10/site-packages'
[6.950s] Level 1:colcon.colcon_core.environment:checking '/Testbot/install/drivetrain/bin'
[6.951s] INFO:colcon.colcon_core.shell:Creating package script '/Testbot/install/drivetrain/share/drivetrain/package.ps1'
[6.956s] INFO:colcon.colcon_core.shell:Creating package descriptor '/Testbot/install/drivetrain/share/drivetrain/package.dsv'
[6.960s] INFO:colcon.colcon_core.shell:Creating package script '/Testbot/install/drivetrain/share/drivetrain/package.sh'
[6.964s] INFO:colcon.colcon_core.shell:Creating package script '/Testbot/install/drivetrain/share/drivetrain/package.bash'
[6.970s] INFO:colcon.colcon_core.shell:Creating package script '/Testbot/install/drivetrain/share/drivetrain/package.zsh'
[6.975s] Level 1:colcon.colcon_core.environment:create_file_with_runtime_dependencies(/Testbot/install/drivetrain/share/colcon-core/packages/drivetrain)
[6.987s] DEBUG:colcon.colcon_parallel_executor.executor.parallel:closing loop
[6.989s] DEBUG:colcon.colcon_parallel_executor.executor.parallel:loop closed
[6.989s] DEBUG:colcon.colcon_parallel_executor.executor.parallel:run_until_complete finished with '2'
[6.990s] DEBUG:colcon.colcon_core.event_reactor:joining thread
[7.022s] INFO:colcon.colcon_core.plugin_system:Skipping extension 'colcon_notification.desktop_notification.notify_send': Could not find 'notify-send'
[7.023s] INFO:colcon.colcon_core.plugin_system:Skipping extension 'colcon_notification.desktop_notification.terminal_notifier': Not used on non-Darwin systems
[7.024s] INFO:colcon.colcon_core.plugin_system:Skipping extension 'colcon_notification.desktop_notification.win32': Not used on non-Windows systems
[7.024s] INFO:colcon.colcon_notification.desktop_notification:Sending desktop notification using 'notify2'
[7.025s] DEBUG:colcon.colcon_notification.desktop_notification.notify2:Failed to initialize notify2: org.freedesktop.DBus.Error.NotSupported: Unable to autolaunch a dbus-daemon without a $DISPLAY for X11
[7.026s] DEBUG:colcon.colcon_core.event_reactor:joined thread
[7.027s] INFO:colcon.colcon_core.shell:Creating prefix script '/Testbot/install/local_setup.ps1'
[7.034s] INFO:colcon.colcon_core.shell:Creating prefix util module '/Testbot/install/_local_setup_util_ps1.py'
[7.042s] INFO:colcon.colcon_core.shell:Creating prefix chain script '/Testbot/install/setup.ps1'
[7.049s] INFO:colcon.colcon_core.shell:Creating prefix script '/Testbot/install/local_setup.sh'
[7.052s] INFO:colcon.colcon_core.shell:Creating prefix util module '/Testbot/install/_local_setup_util_sh.py'
[7.057s] INFO:colcon.colcon_core.shell:Creating prefix chain script '/Testbot/install/setup.sh'
[7.065s] INFO:colcon.colcon_core.shell:Creating prefix script '/Testbot/install/local_setup.bash'
[7.070s] INFO:colcon.colcon_core.shell:Creating prefix chain script '/Testbot/install/setup.bash'
[7.079s] INFO:colcon.colcon_core.shell:Creating prefix script '/Testbot/install/local_setup.zsh'
[7.088s] INFO:colcon.colcon_core.shell:Creating prefix chain script '/Testbot/install/setup.zsh'
