[0.172s] Invoking command in '/TestBotTeaching/build/drivetrain': CMAKE_PREFIX_PATH=${CMAKE_PREFIX_PATH}:/opt/ros/humble /usr/bin/cmake --build /TestBotTeaching/build/drivetrain -- -j4 -l4
[0.619s] [35m[1mConsolidate compiler generated dependencies of target drivetrainNode[0m
[0.898s] [ 33%] [32mBuilding CXX object CMakeFiles/drivetrainNode.dir/src/uart.cpp.o[0m
[3.501s] [01m[K/TestBotTeaching/drivetrain/src/uart.cpp:[m[K In member function ‘[01m[Kvoid Uart::readUart()[m[K’:
[3.503s] [01m[K/TestBotTeaching/drivetrain/src/uart.cpp:191:7:[m[K [01;35m[Kwarning: [m[Kunused variable ‘[01m[Kii[m[K’ [[01;35m[K-Wunused-variable[m[K]
[3.511s]   191 |   int [01;35m[Kii[m[K;
[3.513s]       |       [01;35m[K^~[m[K
[3.923s] [01m[K/TestBotTeaching/drivetrain/src/uart.cpp:[m[K In constructor ‘[01m[KUart::Uart()[m[K’:
[3.924s] [01m[K/TestBotTeaching/drivetrain/src/uart.cpp:25:12:[m[K [01;35m[Kwarning: [m[K‘[01m[K*this.Uart::fid[m[K’ is used uninitialized [[01;35m[K-Wuninitialized[m[K]
[3.925s]    25 |   [01;35m[Ktcgetattr(fid, &port_options)[m[K;        // Get the current attributes of the Serial port
[3.926s]       |   [01;35m[K~~~~~~~~~^~~~~~~~~~~~~~~~~~~~[m[K
[4.149s] [ 66%] [32m[1mLinking CXX executable drivetrainNode[0m
[8.066s] [100%] Built target drivetrainNode
[8.179s] Invoked command in '/TestBotTeaching/build/drivetrain' returned '0': CMAKE_PREFIX_PATH=${CMAKE_PREFIX_PATH}:/opt/ros/humble /usr/bin/cmake --build /TestBotTeaching/build/drivetrain -- -j4 -l4
[8.433s] Invoking command in '/TestBotTeaching/build/drivetrain': CMAKE_PREFIX_PATH=${CMAKE_PREFIX_PATH}:/opt/ros/humble /usr/bin/cmake --install /TestBotTeaching/build/drivetrain
[8.468s] -- Install configuration: ""
[8.469s] -- Installing: /TestBotTeaching/install/drivetrain/lib/drivetrain/drivetrainNode
[8.513s] -- Set runtime path of "/TestBotTeaching/install/drivetrain/lib/drivetrain/drivetrainNode" to ""
[8.514s] -- Up-to-date: /TestBotTeaching/install/drivetrain/share/ament_index/resource_index/package_run_dependencies/drivetrain
[8.520s] -- Up-to-date: /TestBotTeaching/install/drivetrain/share/ament_index/resource_index/parent_prefix_path/drivetrain
[8.522s] -- Up-to-date: /TestBotTeaching/install/drivetrain/share/drivetrain/environment/ament_prefix_path.sh
[8.523s] -- Up-to-date: /TestBotTeaching/install/drivetrain/share/drivetrain/environment/ament_prefix_path.dsv
[8.524s] -- Up-to-date: /TestBotTeaching/install/drivetrain/share/drivetrain/environment/path.sh
[8.524s] -- Up-to-date: /TestBotTeaching/install/drivetrain/share/drivetrain/environment/path.dsv
[8.525s] -- Up-to-date: /TestBotTeaching/install/drivetrain/share/drivetrain/local_setup.bash
[8.526s] -- Up-to-date: /TestBotTeaching/install/drivetrain/share/drivetrain/local_setup.sh
[8.526s] -- Up-to-date: /TestBotTeaching/install/drivetrain/share/drivetrain/local_setup.zsh
[8.536s] -- Up-to-date: /TestBotTeaching/install/drivetrain/share/drivetrain/local_setup.dsv
[8.537s] -- Installing: /TestBotTeaching/install/drivetrain/share/drivetrain/package.dsv
[8.545s] -- Up-to-date: /TestBotTeaching/install/drivetrain/share/ament_index/resource_index/packages/drivetrain
[8.547s] -- Up-to-date: /TestBotTeaching/install/drivetrain/share/drivetrain/cmake/drivetrainConfig.cmake
[8.549s] -- Up-to-date: /TestBotTeaching/install/drivetrain/share/drivetrain/cmake/drivetrainConfig-version.cmake
[8.554s] -- Up-to-date: /TestBotTeaching/install/drivetrain/share/drivetrain/package.xml
[8.559s] Invoked command in '/TestBotTeaching/build/drivetrain' returned '0': CMAKE_PREFIX_PATH=${CMAKE_PREFIX_PATH}:/opt/ros/humble /usr/bin/cmake --install /TestBotTeaching/build/drivetrain
