[0.686s] DEBUG:colcon:Command line arguments: ['/usr/bin/colcon', 'build']
[0.687s] DEBUG:colcon:Parsed command line arguments: Namespace(log_base=None, log_level=None, verb_name='build', build_base='build', install_base='install', merge_install=False, symlink_install=False, test_result_base=None, continue_on_error=False, executor='parallel', parallel_workers=4, event_handlers=None, ignore_user_meta=False, metas=['./colcon.meta'], base_paths=['.'], packages_ignore=None, packages_ignore_regex=None, paths=None, packages_up_to=None, packages_up_to_regex=None, packages_above=None, packages_above_and_dependencies=None, packages_above_depth=None, packages_select_by_dep=None, packages_skip_by_dep=None, packages_skip_up_to=None, packages_select_build_failed=False, packages_skip_build_finished=False, packages_select_test_failures=False, packages_skip_test_passed=False, packages_select=None, packages_skip=None, packages_select_regex=None, packages_skip_regex=None, packages_start=None, packages_end=None, cmake_args=None, cmake_target=None, cmake_target_skip_unavailable=False, cmake_clean_cache=False, cmake_clean_first=False, cmake_force_configure=False, ament_cmake_args=None, catkin_cmake_args=None, catkin_skip_building_tests=False, mixin_files=None, mixin=None, verb_parser=<colcon_mixin.mixin.mixin_argument.MixinArgumentDecorator object at 0xffffa138a380>, verb_extension=<colcon_core.verb.build.BuildVerb object at 0xffffa12a2aa0>, main=<bound method BuildVerb.main of <colcon_core.verb.build.BuildVerb object at 0xffffa12a2aa0>>, mixin_verb=('build',))
[1.374s] Level 1:colcon.colcon_core.package_discovery:discover_packages(colcon_meta) check parameters
[1.376s] Level 1:colcon.colcon_core.package_discovery:discover_packages(recursive) check parameters
[1.376s] Level 1:colcon.colcon_core.package_discovery:discover_packages(ignore) check parameters
[1.377s] Level 1:colcon.colcon_core.package_discovery:discover_packages(path) check parameters
[1.377s] Level 1:colcon.colcon_core.package_discovery:discover_packages(colcon_meta) discover
[1.377s] Level 1:colcon.colcon_core.package_discovery:discover_packages(recursive) discover
[1.378s] INFO:colcon.colcon_core.package_discovery:Crawling recursively for packages in '/Testbot'
[1.379s] Level 1:colcon.colcon_core.package_identification:_identify(.) by extensions ['ignore', 'ignore_ament_install']
[1.379s] Level 1:colcon.colcon_core.package_identification:_identify(.) by extension 'ignore'
[1.380s] Level 1:colcon.colcon_core.package_identification:_identify(.) by extension 'ignore_ament_install'
[1.381s] Level 1:colcon.colcon_core.package_identification:_identify(.) by extensions ['colcon_pkg']
[1.381s] Level 1:colcon.colcon_core.package_identification:_identify(.) by extension 'colcon_pkg'
[1.382s] Level 1:colcon.colcon_core.package_identification:_identify(.) by extensions ['colcon_meta']
[1.382s] Level 1:colcon.colcon_core.package_identification:_identify(.) by extension 'colcon_meta'
[1.383s] Level 1:colcon.colcon_core.package_identification:_identify(.) by extensions ['ros']
[1.383s] Level 1:colcon.colcon_core.package_identification:_identify(.) by extension 'ros'
[1.520s] Level 1:colcon.colcon_core.package_identification:_identify(.) by extensions ['cmake', 'python']
[1.520s] Level 1:colcon.colcon_core.package_identification:_identify(.) by extension 'cmake'
[1.521s] Level 1:colcon.colcon_core.package_identification:_identify(.) by extension 'python'
[1.523s] Level 1:colcon.colcon_core.package_identification:_identify(.) by extensions ['python_setup_py']
[1.524s] Level 1:colcon.colcon_core.package_identification:_identify(.) by extension 'python_setup_py'
[1.525s] Level 1:colcon.colcon_core.package_identification:_identify(build) by extensions ['ignore', 'ignore_ament_install']
[1.526s] Level 1:colcon.colcon_core.package_identification:_identify(build) by extension 'ignore'
[1.527s] Level 1:colcon.colcon_core.package_identification:_identify(build) ignored
[1.529s] Level 1:colcon.colcon_core.package_identification:_identify(install) by extensions ['ignore', 'ignore_ament_install']
[1.530s] Level 1:colcon.colcon_core.package_identification:_identify(install) by extension 'ignore'
[1.530s] Level 1:colcon.colcon_core.package_identification:_identify(install) ignored
[1.532s] Level 1:colcon.colcon_core.package_identification:_identify(log) by extensions ['ignore', 'ignore_ament_install']
[1.533s] Level 1:colcon.colcon_core.package_identification:_identify(log) by extension 'ignore'
[1.533s] Level 1:colcon.colcon_core.package_identification:_identify(log) ignored
[1.534s] Level 1:colcon.colcon_core.package_identification:_identify(src) by extensions ['ignore', 'ignore_ament_install']
[1.535s] Level 1:colcon.colcon_core.package_identification:_identify(src) by extension 'ignore'
[1.536s] Level 1:colcon.colcon_core.package_identification:_identify(src) by extension 'ignore_ament_install'
[1.536s] Level 1:colcon.colcon_core.package_identification:_identify(src) by extensions ['colcon_pkg']
[1.537s] Level 1:colcon.colcon_core.package_identification:_identify(src) by extension 'colcon_pkg'
[1.538s] Level 1:colcon.colcon_core.package_identification:_identify(src) by extensions ['colcon_meta']
[1.539s] Level 1:colcon.colcon_core.package_identification:_identify(src) by extension 'colcon_meta'
[1.540s] Level 1:colcon.colcon_core.package_identification:_identify(src) by extensions ['ros']
[1.541s] Level 1:colcon.colcon_core.package_identification:_identify(src) by extension 'ros'
[1.543s] Level 1:colcon.colcon_core.package_identification:_identify(src) by extensions ['cmake', 'python']
[1.544s] Level 1:colcon.colcon_core.package_identification:_identify(src) by extension 'cmake'
[1.545s] Level 1:colcon.colcon_core.package_identification:_identify(src) by extension 'python'
[1.547s] Level 1:colcon.colcon_core.package_identification:_identify(src) by extensions ['python_setup_py']
[1.547s] Level 1:colcon.colcon_core.package_identification:_identify(src) by extension 'python_setup_py'
[1.550s] Level 1:colcon.colcon_core.package_identification:_identify(src/testbot_ws) by extensions ['ignore', 'ignore_ament_install']
[1.551s] Level 1:colcon.colcon_core.package_identification:_identify(src/testbot_ws) by extension 'ignore'
[1.554s] Level 1:colcon.colcon_core.package_identification:_identify(src/testbot_ws) by extension 'ignore_ament_install'
[1.557s] Level 1:colcon.colcon_core.package_identification:_identify(src/testbot_ws) by extensions ['colcon_pkg']
[1.559s] Level 1:colcon.colcon_core.package_identification:_identify(src/testbot_ws) by extension 'colcon_pkg'
[1.560s] Level 1:colcon.colcon_core.package_identification:_identify(src/testbot_ws) by extensions ['colcon_meta']
[1.560s] Level 1:colcon.colcon_core.package_identification:_identify(src/testbot_ws) by extension 'colcon_meta'
[1.561s] Level 1:colcon.colcon_core.package_identification:_identify(src/testbot_ws) by extensions ['ros']
[1.562s] Level 1:colcon.colcon_core.package_identification:_identify(src/testbot_ws) by extension 'ros'
[1.563s] Level 1:colcon.colcon_core.package_identification:_identify(src/testbot_ws) by extensions ['cmake', 'python']
[1.563s] Level 1:colcon.colcon_core.package_identification:_identify(src/testbot_ws) by extension 'cmake'
[1.564s] Level 1:colcon.colcon_core.package_identification:_identify(src/testbot_ws) by extension 'python'
[1.566s] Level 1:colcon.colcon_core.package_identification:_identify(src/testbot_ws) by extensions ['python_setup_py']
[1.567s] Level 1:colcon.colcon_core.package_identification:_identify(src/testbot_ws) by extension 'python_setup_py'
[1.569s] Level 1:colcon.colcon_core.package_identification:_identify(src/testbot_ws/src) by extensions ['ignore', 'ignore_ament_install']
[1.571s] Level 1:colcon.colcon_core.package_identification:_identify(src/testbot_ws/src) by extension 'ignore'
[1.572s] Level 1:colcon.colcon_core.package_identification:_identify(src/testbot_ws/src) by extension 'ignore_ament_install'
[1.573s] Level 1:colcon.colcon_core.package_identification:_identify(src/testbot_ws/src) by extensions ['colcon_pkg']
[1.573s] Level 1:colcon.colcon_core.package_identification:_identify(src/testbot_ws/src) by extension 'colcon_pkg'
[1.574s] Level 1:colcon.colcon_core.package_identification:_identify(src/testbot_ws/src) by extensions ['colcon_meta']
[1.574s] Level 1:colcon.colcon_core.package_identification:_identify(src/testbot_ws/src) by extension 'colcon_meta'
[1.575s] Level 1:colcon.colcon_core.package_identification:_identify(src/testbot_ws/src) by extensions ['ros']
[1.576s] Level 1:colcon.colcon_core.package_identification:_identify(src/testbot_ws/src) by extension 'ros'
[1.577s] Level 1:colcon.colcon_core.package_identification:_identify(src/testbot_ws/src) by extensions ['cmake', 'python']
[1.578s] Level 1:colcon.colcon_core.package_identification:_identify(src/testbot_ws/src) by extension 'cmake'
[1.578s] Level 1:colcon.colcon_core.package_identification:_identify(src/testbot_ws/src) by extension 'python'
[1.579s] Level 1:colcon.colcon_core.package_identification:_identify(src/testbot_ws/src) by extensions ['python_setup_py']
[1.579s] Level 1:colcon.colcon_core.package_identification:_identify(src/testbot_ws/src) by extension 'python_setup_py'
[1.580s] Level 1:colcon.colcon_core.package_identification:_identify(src/testbot_ws/src/drivetrain) by extensions ['ignore', 'ignore_ament_install']
[1.582s] Level 1:colcon.colcon_core.package_identification:_identify(src/testbot_ws/src/drivetrain) by extension 'ignore'
[1.583s] Level 1:colcon.colcon_core.package_identification:_identify(src/testbot_ws/src/drivetrain) by extension 'ignore_ament_install'
[1.584s] Level 1:colcon.colcon_core.package_identification:_identify(src/testbot_ws/src/drivetrain) by extensions ['colcon_pkg']
[1.585s] Level 1:colcon.colcon_core.package_identification:_identify(src/testbot_ws/src/drivetrain) by extension 'colcon_pkg'
[1.585s] Level 1:colcon.colcon_core.package_identification:_identify(src/testbot_ws/src/drivetrain) by extensions ['colcon_meta']
[1.586s] Level 1:colcon.colcon_core.package_identification:_identify(src/testbot_ws/src/drivetrain) by extension 'colcon_meta'
[1.587s] Level 1:colcon.colcon_core.package_identification:_identify(src/testbot_ws/src/drivetrain) by extensions ['ros']
[1.587s] Level 1:colcon.colcon_core.package_identification:_identify(src/testbot_ws/src/drivetrain) by extension 'ros'
[1.603s] DEBUG:colcon.colcon_core.package_identification:Package 'src/testbot_ws/src/drivetrain' with type 'ros.ament_cmake' and name 'drivetrain'
[1.603s] Level 1:colcon.colcon_core.package_discovery:discover_packages(recursive) using defaults
[1.604s] Level 1:colcon.colcon_core.package_discovery:discover_packages(ignore) discover
[1.604s] Level 1:colcon.colcon_core.package_discovery:discover_packages(ignore) using defaults
[1.604s] Level 1:colcon.colcon_core.package_discovery:discover_packages(path) discover
[1.604s] Level 1:colcon.colcon_core.package_discovery:discover_packages(path) using defaults
[1.711s] Level 5:colcon.colcon_core.verb:set package 'drivetrain' build argument 'cmake_args' from command line to 'None'
[1.712s] Level 5:colcon.colcon_core.verb:set package 'drivetrain' build argument 'cmake_target' from command line to 'None'
[1.712s] Level 5:colcon.colcon_core.verb:set package 'drivetrain' build argument 'cmake_target_skip_unavailable' from command line to 'False'
[1.712s] Level 5:colcon.colcon_core.verb:set package 'drivetrain' build argument 'cmake_clean_cache' from command line to 'False'
[1.712s] Level 5:colcon.colcon_core.verb:set package 'drivetrain' build argument 'cmake_clean_first' from command line to 'False'
[1.713s] Level 5:colcon.colcon_core.verb:set package 'drivetrain' build argument 'cmake_force_configure' from command line to 'False'
[1.713s] Level 5:colcon.colcon_core.verb:set package 'drivetrain' build argument 'ament_cmake_args' from command line to 'None'
[1.713s] Level 5:colcon.colcon_core.verb:set package 'drivetrain' build argument 'catkin_cmake_args' from command line to 'None'
[1.713s] Level 5:colcon.colcon_core.verb:set package 'drivetrain' build argument 'catkin_skip_building_tests' from command line to 'False'
[1.714s] DEBUG:colcon.colcon_core.verb:Building package 'drivetrain' with the following arguments: {'ament_cmake_args': None, 'build_base': '/Testbot/build/drivetrain', 'catkin_cmake_args': None, 'catkin_skip_building_tests': False, 'cmake_args': None, 'cmake_clean_cache': False, 'cmake_clean_first': False, 'cmake_force_configure': False, 'cmake_target': None, 'cmake_target_skip_unavailable': False, 'install_base': '/Testbot/install/drivetrain', 'merge_install': False, 'path': '/Testbot/src/testbot_ws/src/drivetrain', 'symlink_install': False, 'test_result_base': None}
[1.714s] INFO:colcon.colcon_core.executor:Executing jobs using 'parallel' executor
[1.719s] DEBUG:colcon.colcon_parallel_executor.executor.parallel:run_until_complete
[1.720s] INFO:colcon.colcon_ros.task.ament_cmake.build:Building ROS package in '/Testbot/src/testbot_ws/src/drivetrain' with build type 'ament_cmake'
[1.721s] INFO:colcon.colcon_cmake.task.cmake.build:Building CMake package in '/Testbot/src/testbot_ws/src/drivetrain'
[1.735s] INFO:colcon.colcon_core.plugin_system:Skipping extension 'colcon_core.shell.bat': Not used on non-Windows systems
[1.736s] INFO:colcon.colcon_core.shell:Skip shell extension 'powershell' for command environment: Not usable outside of PowerShell
[1.737s] DEBUG:colcon.colcon_core.shell:Skip shell extension 'dsv' for command environment
[1.798s] DEBUG:colcon.colcon_core.event_handler.log_command:Invoking command in '/Testbot/build/drivetrain': CMAKE_PREFIX_PATH=${CMAKE_PREFIX_PATH}:/opt/ros/humble /usr/bin/cmake --build /Testbot/build/drivetrain -- -j4 -l4
[4.233s] DEBUG:colcon.colcon_core.event_handler.log_command:Invoked command in '/Testbot/build/drivetrain' returned '2': CMAKE_PREFIX_PATH=${CMAKE_PREFIX_PATH}:/opt/ros/humble /usr/bin/cmake --build /Testbot/build/drivetrain -- -j4 -l4
[4.383s] Level 1:colcon.colcon_core.environment:create_environment_scripts_only(drivetrain)
[4.397s] Level 1:colcon.colcon_core.environment:checking '/Testbot/install/drivetrain' for CMake module files
[4.401s] Level 1:colcon.colcon_core.environment:checking '/Testbot/install/drivetrain' for CMake config files
[4.402s] Level 1:colcon.colcon_core.shell:create_environment_hook('drivetrain', 'cmake_prefix_path')
[4.403s] INFO:colcon.colcon_core.shell:Creating environment hook '/Testbot/install/drivetrain/share/drivetrain/hook/cmake_prefix_path.ps1'
[4.406s] INFO:colcon.colcon_core.shell:Creating environment descriptor '/Testbot/install/drivetrain/share/drivetrain/hook/cmake_prefix_path.dsv'
[4.409s] INFO:colcon.colcon_core.shell:Creating environment hook '/Testbot/install/drivetrain/share/drivetrain/hook/cmake_prefix_path.sh'
[4.414s] Level 1:colcon.colcon_core.environment:checking '/Testbot/install/drivetrain/bin'
[4.414s] Level 1:colcon.colcon_core.environment:checking '/Testbot/install/drivetrain/lib/pkgconfig/drivetrain.pc'
[4.423s] Level 1:colcon.colcon_core.environment:checking '/Testbot/install/drivetrain/lib/python3.10/site-packages'
[4.424s] Level 1:colcon.colcon_core.environment:checking '/Testbot/install/drivetrain/bin'
[4.426s] INFO:colcon.colcon_core.shell:Creating package script '/Testbot/install/drivetrain/share/drivetrain/package.ps1'
[4.430s] INFO:colcon.colcon_core.shell:Creating package descriptor '/Testbot/install/drivetrain/share/drivetrain/package.dsv'
[4.434s] INFO:colcon.colcon_core.shell:Creating package script '/Testbot/install/drivetrain/share/drivetrain/package.sh'
[4.438s] INFO:colcon.colcon_core.shell:Creating package script '/Testbot/install/drivetrain/share/drivetrain/package.bash'
[4.443s] INFO:colcon.colcon_core.shell:Creating package script '/Testbot/install/drivetrain/share/drivetrain/package.zsh'
[4.447s] Level 1:colcon.colcon_core.environment:create_file_with_runtime_dependencies(/Testbot/install/drivetrain/share/colcon-core/packages/drivetrain)
[4.459s] DEBUG:colcon.colcon_parallel_executor.executor.parallel:closing loop
[4.459s] DEBUG:colcon.colcon_parallel_executor.executor.parallel:loop closed
[4.460s] DEBUG:colcon.colcon_parallel_executor.executor.parallel:run_until_complete finished with '2'
[4.460s] DEBUG:colcon.colcon_core.event_reactor:joining thread
[4.499s] INFO:colcon.colcon_core.plugin_system:Skipping extension 'colcon_notification.desktop_notification.notify_send': Could not find 'notify-send'
[4.500s] INFO:colcon.colcon_core.plugin_system:Skipping extension 'colcon_notification.desktop_notification.terminal_notifier': Not used on non-Darwin systems
[4.500s] INFO:colcon.colcon_core.plugin_system:Skipping extension 'colcon_notification.desktop_notification.win32': Not used on non-Windows systems
[4.501s] INFO:colcon.colcon_notification.desktop_notification:Sending desktop notification using 'notify2'
[4.501s] DEBUG:colcon.colcon_notification.desktop_notification.notify2:Failed to initialize notify2: org.freedesktop.DBus.Error.NotSupported: Unable to autolaunch a dbus-daemon without a $DISPLAY for X11
[4.501s] DEBUG:colcon.colcon_core.event_reactor:joined thread
[4.503s] INFO:colcon.colcon_core.shell:Creating prefix script '/Testbot/install/local_setup.ps1'
[4.508s] INFO:colcon.colcon_core.shell:Creating prefix util module '/Testbot/install/_local_setup_util_ps1.py'
[4.517s] INFO:colcon.colcon_core.shell:Creating prefix chain script '/Testbot/install/setup.ps1'
[4.523s] INFO:colcon.colcon_core.shell:Creating prefix script '/Testbot/install/local_setup.sh'
[4.526s] INFO:colcon.colcon_core.shell:Creating prefix util module '/Testbot/install/_local_setup_util_sh.py'
[4.529s] INFO:colcon.colcon_core.shell:Creating prefix chain script '/Testbot/install/setup.sh'
[4.535s] INFO:colcon.colcon_core.shell:Creating prefix script '/Testbot/install/local_setup.bash'
[4.538s] INFO:colcon.colcon_core.shell:Creating prefix chain script '/Testbot/install/setup.bash'
[4.543s] INFO:colcon.colcon_core.shell:Creating prefix script '/Testbot/install/local_setup.zsh'
[4.547s] INFO:colcon.colcon_core.shell:Creating prefix chain script '/Testbot/install/setup.zsh'
