[0.144s] Invoking command in '/TestBotTeaching/build/drivetrain': CMAKE_PREFIX_PATH=${CMAKE_PREFIX_PATH}:/opt/ros/humble /usr/bin/cmake --build /TestBotTeaching/build/drivetrain -- -j4 -l4
[0.516s] [35m[1mConsolidate compiler generated dependencies of target drivetrainNode[0m
[0.694s] [ 33%] [32mBuilding CXX object CMakeFiles/drivetrainNode.dir/src/uart.cpp.o[0m
[2.718s] [01m[K/TestBotTeaching/drivetrain/src/uart.cpp:[m[K In constructor ‘[01m[KUart::Uart()[m[K’:
[2.719s] [01m[K/TestBotTeaching/drivetrain/src/uart.cpp:25:12:[m[K [01;35m[Kwarning: [m[K‘[01m[K*this.Uart::fid[m[K’ is used uninitialized [[01;35m[K-Wuninitialized[m[K]
[2.721s]    25 |   [01;35m[Ktcgetattr(fid, &port_options)[m[K;        // Get the current attributes of the Serial port
[2.722s]       |   [01;35m[K~~~~~~~~~^~~~~~~~~~~~~~~~~~~~[m[K
[2.889s] [ 66%] [32m[1mLinking CXX executable drivetrainNode[0m
[6.553s] [100%] Built target drivetrainNode
[6.604s] Invoked command in '/TestBotTeaching/build/drivetrain' returned '0': CMAKE_PREFIX_PATH=${CMAKE_PREFIX_PATH}:/opt/ros/humble /usr/bin/cmake --build /TestBotTeaching/build/drivetrain -- -j4 -l4
[6.816s] Invoking command in '/TestBotTeaching/build/drivetrain': CMAKE_PREFIX_PATH=${CMAKE_PREFIX_PATH}:/opt/ros/humble /usr/bin/cmake --install /TestBotTeaching/build/drivetrain
[6.846s] -- Install configuration: ""
[6.848s] -- Installing: /TestBotTeaching/install/drivetrain/lib/drivetrain/drivetrainNode
[6.889s] -- Set runtime path of "/TestBotTeaching/install/drivetrain/lib/drivetrain/drivetrainNode" to ""
[6.890s] -- Up-to-date: /TestBotTeaching/install/drivetrain/share/ament_index/resource_index/package_run_dependencies/drivetrain
[6.890s] -- Up-to-date: /TestBotTeaching/install/drivetrain/share/ament_index/resource_index/parent_prefix_path/drivetrain
[6.894s] -- Up-to-date: /TestBotTeaching/install/drivetrain/share/drivetrain/environment/ament_prefix_path.sh
[6.895s] -- Up-to-date: /TestBotTeaching/install/drivetrain/share/drivetrain/environment/ament_prefix_path.dsv
[6.896s] -- Up-to-date: /TestBotTeaching/install/drivetrain/share/drivetrain/environment/path.sh
[6.916s] -- Up-to-date: /TestBotTeaching/install/drivetrain/share/drivetrain/environment/path.dsv
[6.917s] -- Up-to-date: /TestBotTeaching/install/drivetrain/share/drivetrain/local_setup.bash
[6.917s] -- Up-to-date: /TestBotTeaching/install/drivetrain/share/drivetrain/local_setup.sh
[6.919s] -- Up-to-date: /TestBotTeaching/install/drivetrain/share/drivetrain/local_setup.zsh
[6.928s] -- Up-to-date: /TestBotTeaching/install/drivetrain/share/drivetrain/local_setup.dsv
[6.929s] -- Installing: /TestBotTeaching/install/drivetrain/share/drivetrain/package.dsv
[6.930s] -- Up-to-date: /TestBotTeaching/install/drivetrain/share/ament_index/resource_index/packages/drivetrain
[6.932s] -- Up-to-date: /TestBotTeaching/install/drivetrain/share/drivetrain/cmake/drivetrainConfig.cmake
[6.934s] -- Up-to-date: /TestBotTeaching/install/drivetrain/share/drivetrain/cmake/drivetrainConfig-version.cmake
[6.935s] -- Up-to-date: /TestBotTeaching/install/drivetrain/share/drivetrain/package.xml
[6.936s] Invoked command in '/TestBotTeaching/build/drivetrain' returned '0': CMAKE_PREFIX_PATH=${CMAKE_PREFIX_PATH}:/opt/ros/humble /usr/bin/cmake --install /TestBotTeaching/build/drivetrain
