[0.016s] Invoking command in '/workspaces/TestBotTeaching/build/drivetrain': CMAKE_PREFIX_PATH=/opt/ros/humble /usr/bin/cmake --build /workspaces/TestBotTeaching/build/drivetrain -- -j16 -l16
[0.067s] [35m[1mConsolidate compiler generated dependencies of target drivetrainNode[0m
[0.085s] [100%] Built target drivetrainNode
[0.222s] Invoked command in '/workspaces/TestBotTeaching/build/drivetrain' returned '0': CMAKE_PREFIX_PATH=/opt/ros/humble /usr/bin/cmake --build /workspaces/TestBotTeaching/build/drivetrain -- -j16 -l16
[0.268s] Invoking command in '/workspaces/TestBotTeaching/build/drivetrain': CMAKE_PREFIX_PATH=/opt/ros/humble /usr/bin/cmake --install /workspaces/TestBotTeaching/build/drivetrain
[0.277s] -- Install configuration: ""
[0.278s] -- Up-to-date: /workspaces/TestBotTeaching/install/drivetrain/lib/drivetrain/drivetrainNode
[0.278s] -- Up-to-date: /workspaces/TestBotTeaching/install/drivetrain/share/ament_index/resource_index/package_run_dependencies/drivetrain
[0.278s] -- Up-to-date: /workspaces/TestBotTeaching/install/drivetrain/share/ament_index/resource_index/parent_prefix_path/drivetrain
[0.278s] -- Up-to-date: /workspaces/TestBotTeaching/install/drivetrain/share/drivetrain/environment/ament_prefix_path.sh
[0.278s] -- Up-to-date: /workspaces/TestBotTeaching/install/drivetrain/share/drivetrain/environment/ament_prefix_path.dsv
[0.278s] -- Up-to-date: /workspaces/TestBotTeaching/install/drivetrain/share/drivetrain/environment/path.sh
[0.279s] -- Up-to-date: /workspaces/TestBotTeaching/install/drivetrain/share/drivetrain/environment/path.dsv
[0.279s] -- Up-to-date: /workspaces/TestBotTeaching/install/drivetrain/share/drivetrain/local_setup.bash
[0.279s] -- Up-to-date: /workspaces/TestBotTeaching/install/drivetrain/share/drivetrain/local_setup.sh
[0.279s] -- Up-to-date: /workspaces/TestBotTeaching/install/drivetrain/share/drivetrain/local_setup.zsh
[0.279s] -- Up-to-date: /workspaces/TestBotTeaching/install/drivetrain/share/drivetrain/local_setup.dsv
[0.279s] -- Installing: /workspaces/TestBotTeaching/install/drivetrain/share/drivetrain/package.dsv
[0.279s] -- Up-to-date: /workspaces/TestBotTeaching/install/drivetrain/share/ament_index/resource_index/packages/drivetrain
[0.279s] -- Up-to-date: /workspaces/TestBotTeaching/install/drivetrain/share/drivetrain/cmake/drivetrainConfig.cmake
[0.279s] -- Up-to-date: /workspaces/TestBotTeaching/install/drivetrain/share/drivetrain/cmake/drivetrainConfig-version.cmake
[0.279s] -- Up-to-date: /workspaces/TestBotTeaching/install/drivetrain/share/drivetrain/package.xml
[0.282s] Invoked command in '/workspaces/TestBotTeaching/build/drivetrain' returned '0': CMAKE_PREFIX_PATH=/opt/ros/humble /usr/bin/cmake --install /workspaces/TestBotTeaching/build/drivetrain
