[0.101s] Invoking command in '/home/astrobotics/TestBotTeaching/build/drivetrain': CMAKE_PREFIX_PATH=/opt/ros/humble /usr/bin/cmake /home/astrobotics/TestBotTeaching/drivetrain -DCMAKE_INSTALL_PREFIX=/home/astrobotics/TestBotTeaching/install/drivetrain
[1.059s] -- The C compiler identification is GNU 11.4.0
[2.040s] -- The CXX compiler identification is GNU 11.4.0
[2.131s] -- Detecting C compiler ABI info
[2.731s] -- Detecting C compiler ABI info - done
[2.774s] -- Check for working C compiler: /usr/bin/cc - skipped
[2.777s] -- Detecting C compile features
[2.781s] -- Detecting C compile features - done
[2.807s] -- Detecting CXX compiler ABI info
[4.040s] -- Detecting CXX compiler ABI info - done
[4.087s] -- Check for working CXX compiler: /usr/bin/c++ - skipped
[4.105s] -- Detecting CXX compile features
[4.106s] -- Detecting CXX compile features - done
[4.214s] -- Found ament_cmake: 1.3.10 (/opt/ros/humble/share/ament_cmake/cmake)
[6.289s] -- Found Python3: /usr/bin/python3 (found version "3.10.12") found components: Interpreter 
[7.993s] -- Found rclcpp: 16.0.10 (/opt/ros/humble/share/rclcpp/cmake)
[8.987s] -- Found rosidl_generator_c: 3.1.5 (/opt/ros/humble/share/rosidl_generator_c/cmake)
[9.183s] -- Found rosidl_adapter: 3.1.5 (/opt/ros/humble/share/rosidl_adapter/cmake)
[9.434s] -- Found rosidl_generator_cpp: 3.1.5 (/opt/ros/humble/share/rosidl_generator_cpp/cmake)
[9.760s] -- Using all available rosidl_typesupport_c: rosidl_typesupport_fastrtps_c;rosidl_typesupport_introspection_c
[10.137s] -- Using all available rosidl_typesupport_cpp: rosidl_typesupport_fastrtps_cpp;rosidl_typesupport_introspection_cpp
[10.897s] -- Found rmw_implementation_cmake: 6.1.2 (/opt/ros/humble/share/rmw_implementation_cmake/cmake)
[10.936s] -- Found rmw_fastrtps_cpp: 6.2.7 (/opt/ros/humble/share/rmw_fastrtps_cpp/cmake)
[12.035s] -- Found OpenSSL: /usr/lib/aarch64-linux-gnu/libcrypto.so (found version "3.0.2")  
[12.440s] -- Found FastRTPS: /opt/ros/humble/include  
[12.996s] -- Using RMW implementation 'rmw_fastrtps_cpp' as default
[13.133s] -- Looking for pthread.h
[13.726s] -- Looking for pthread.h - found
[13.729s] -- Performing Test CMAKE_HAVE_LIBC_PTHREAD
[14.286s] -- Performing Test CMAKE_HAVE_LIBC_PTHREAD - Success
[14.292s] -- Found Threads: TRUE  
[14.930s] -- Found sensor_msgs: 4.2.4 (/opt/ros/humble/share/sensor_msgs/cmake)
[15.406s] -- Found ament_lint_auto: 0.12.11 (/opt/ros/humble/share/ament_lint_auto/cmake)
[16.748s] -- Added test 'cppcheck' to perform static code analysis on C / C++ code
[16.755s] -- Configured cppcheck include dirs: 
[16.760s] -- Configured cppcheck exclude dirs and/or files: 
[16.779s] -- Added test 'lint_cmake' to check CMake code style
[16.802s] -- Added test 'uncrustify' to check C / C++ code style
[16.806s] -- Configured uncrustify additional arguments: 
[16.814s] -- Added test 'xmllint' to check XML markup files
[16.833s] -- Configuring done
[16.883s] [31mCMake Error at CMakeLists.txt:16 (add_executable):
[16.887s]   Cannot find source file:
[16.890s] 
[16.896s]     /TestBotTeaching/drivetrain/src/drivesub.cpp
[16.900s] 
[16.902s]   Tried extensions .c .C .c++ .cc .cpp .cxx .cu .mpp .m .M .mm .ixx .cppm .h
[16.912s]   .hh .h++ .hm .hpp .hxx .in .txx .f .F .for .f77 .f90 .f95 .f03 .hip .ispc
[16.933s] 
[16.937s] [0m
[16.944s] [31mCMake Error at CMakeLists.txt:16 (add_executable):
[16.948s]   No SOURCES given to target: drivetrainNode
[16.967s] 
[16.982s] [0m
[17.001s] [0mCMake Generate step failed.  Build files cannot be regenerated correctly.[0m
