[0.144s] Invoking command in '/TestBotTeaching/build/drivetrain': CMAKE_PREFIX_PATH=${CMAKE_PREFIX_PATH}:/opt/ros/humble /usr/bin/cmake --build /TestBotTeaching/build/drivetrain -- -j4 -l4
[0.552s] [35m[1mConsolidate compiler generated dependencies of target drivetrainNode[0m
[0.748s] [ 33%] [32mBuilding CXX object CMakeFiles/drivetrainNode.dir/src/uart.cpp.o[0m
[0.756s] [ 66%] [32mBuilding CXX object CMakeFiles/drivetrainNode.dir/src/drivesub.cpp.o[0m
[3.186s] [01m[K/TestBotTeaching/drivetrain/src/uart.cpp:[m[K In constructor ‘[01m[KUart::Uart()[m[K’:
[3.189s] [01m[K/TestBotTeaching/drivetrain/src/uart.cpp:25:12:[m[K [01;35m[Kwarning: [m[K‘[01m[K*this.Uart::fid[m[K’ is used uninitialized [[01;35m[K-Wuninitialized[m[K]
[3.193s]    25 |   [01;35m[Ktcgetattr(fid, &port_options)[m[K;        // Get the current attributes of the Serial port
[3.194s]       |   [01;35m[K~~~~~~~~~^~~~~~~~~~~~~~~~~~~~[m[K
[40.884s] [100%] [32m[1mLinking CXX executable drivetrainNode[0m
[44.105s] [100%] Built target drivetrainNode
[44.155s] Invoked command in '/TestBotTeaching/build/drivetrain' returned '0': CMAKE_PREFIX_PATH=${CMAKE_PREFIX_PATH}:/opt/ros/humble /usr/bin/cmake --build /TestBotTeaching/build/drivetrain -- -j4 -l4
[44.373s] Invoking command in '/TestBotTeaching/build/drivetrain': CMAKE_PREFIX_PATH=${CMAKE_PREFIX_PATH}:/opt/ros/humble /usr/bin/cmake --install /TestBotTeaching/build/drivetrain
[44.404s] -- Install configuration: ""
[44.408s] -- Execute custom install script
[44.415s] -- Up-to-date symlink: /TestBotTeaching/install/drivetrain/lib/drivetrain/drivetrainNode
[44.416s] -- Up-to-date symlink: /TestBotTeaching/install/drivetrain/share/ament_index/resource_index/package_run_dependencies/drivetrain
[44.417s] -- Up-to-date symlink: /TestBotTeaching/install/drivetrain/share/ament_index/resource_index/parent_prefix_path/drivetrain
[44.418s] -- Up-to-date symlink: /TestBotTeaching/install/drivetrain/share/drivetrain/environment/ament_prefix_path.sh
[44.421s] -- Up-to-date symlink: /TestBotTeaching/install/drivetrain/share/drivetrain/environment/ament_prefix_path.dsv
[44.422s] -- Up-to-date symlink: /TestBotTeaching/install/drivetrain/share/drivetrain/environment/path.sh
[44.423s] -- Up-to-date symlink: /TestBotTeaching/install/drivetrain/share/drivetrain/environment/path.dsv
[44.425s] -- Up-to-date symlink: /TestBotTeaching/install/drivetrain/share/drivetrain/local_setup.bash
[44.426s] -- Up-to-date symlink: /TestBotTeaching/install/drivetrain/share/drivetrain/local_setup.sh
[44.427s] -- Up-to-date symlink: /TestBotTeaching/install/drivetrain/share/drivetrain/local_setup.zsh
[44.428s] -- Up-to-date symlink: /TestBotTeaching/install/drivetrain/share/drivetrain/local_setup.dsv
[44.428s] -- Symlinking: /TestBotTeaching/install/drivetrain/share/drivetrain/package.dsv
[44.463s] -- Up-to-date symlink: /TestBotTeaching/install/drivetrain/share/ament_index/resource_index/packages/drivetrain
[44.464s] -- Up-to-date symlink: /TestBotTeaching/install/drivetrain/share/drivetrain/cmake/drivetrainConfig.cmake
[44.464s] -- Up-to-date symlink: /TestBotTeaching/install/drivetrain/share/drivetrain/cmake/drivetrainConfig-version.cmake
[44.465s] -- Up-to-date symlink: /TestBotTeaching/install/drivetrain/share/drivetrain/package.xml
[44.472s] Invoked command in '/TestBotTeaching/build/drivetrain' returned '0': CMAKE_PREFIX_PATH=${CMAKE_PREFIX_PATH}:/opt/ros/humble /usr/bin/cmake --install /TestBotTeaching/build/drivetrain
