[1.326s] DEBUG:colcon:Command line arguments: ['/usr/bin/colcon', 'build', '--symlink-install']
[1.326s] DEBUG:colcon:Parsed command line arguments: Namespace(log_base=None, log_level=None, verb_name='build', build_base='build', install_base='install', merge_install=False, symlink_install=True, test_result_base=None, continue_on_error=False, executor='parallel', parallel_workers=4, event_handlers=None, ignore_user_meta=False, metas=['./colcon.meta'], base_paths=['.'], packages_ignore=None, packages_ignore_regex=None, paths=None, packages_up_to=None, packages_up_to_regex=None, packages_above=None, packages_above_and_dependencies=None, packages_above_depth=None, packages_select_by_dep=None, packages_skip_by_dep=None, packages_skip_up_to=None, packages_select_build_failed=False, packages_skip_build_finished=False, packages_select_test_failures=False, packages_skip_test_passed=False, packages_select=None, packages_skip=None, packages_select_regex=None, packages_skip_regex=None, packages_start=None, packages_end=None, cmake_args=None, cmake_target=None, cmake_target_skip_unavailable=False, cmake_clean_cache=False, cmake_clean_first=False, cmake_force_configure=False, ament_cmake_args=None, catkin_cmake_args=None, catkin_skip_building_tests=False, mixin_files=None, mixin=None, verb_parser=<colcon_mixin.mixin.mixin_argument.MixinArgumentDecorator object at 0xffff9338bb20>, verb_extension=<colcon_core.verb.build.BuildVerb object at 0xffff935881f0>, main=<bound method BuildVerb.main of <colcon_core.verb.build.BuildVerb object at 0xffff935881f0>>, mixin_verb=('build',))
[2.808s] Level 1:colcon.colcon_core.package_discovery:discover_packages(colcon_meta) check parameters
[2.810s] Level 1:colcon.colcon_core.package_discovery:discover_packages(recursive) check parameters
[2.811s] Level 1:colcon.colcon_core.package_discovery:discover_packages(ignore) check parameters
[2.812s] Level 1:colcon.colcon_core.package_discovery:discover_packages(path) check parameters
[2.812s] Level 1:colcon.colcon_core.package_discovery:discover_packages(colcon_meta) discover
[2.812s] Level 1:colcon.colcon_core.package_discovery:discover_packages(recursive) discover
[2.813s] INFO:colcon.colcon_core.package_discovery:Crawling recursively for packages in '/TestBotTeaching'
[2.814s] Level 1:colcon.colcon_core.package_identification:_identify(.) by extensions ['ignore', 'ignore_ament_install']
[2.815s] Level 1:colcon.colcon_core.package_identification:_identify(.) by extension 'ignore'
[2.815s] Level 1:colcon.colcon_core.package_identification:_identify(.) by extension 'ignore_ament_install'
[2.816s] Level 1:colcon.colcon_core.package_identification:_identify(.) by extensions ['colcon_pkg']
[2.816s] Level 1:colcon.colcon_core.package_identification:_identify(.) by extension 'colcon_pkg'
[2.817s] Level 1:colcon.colcon_core.package_identification:_identify(.) by extensions ['colcon_meta']
[2.817s] Level 1:colcon.colcon_core.package_identification:_identify(.) by extension 'colcon_meta'
[2.817s] Level 1:colcon.colcon_core.package_identification:_identify(.) by extensions ['ros']
[2.817s] Level 1:colcon.colcon_core.package_identification:_identify(.) by extension 'ros'
[2.902s] Level 1:colcon.colcon_core.package_identification:_identify(.) by extensions ['cmake', 'python']
[2.903s] Level 1:colcon.colcon_core.package_identification:_identify(.) by extension 'cmake'
[2.903s] Level 1:colcon.colcon_core.package_identification:_identify(.) by extension 'python'
[2.903s] Level 1:colcon.colcon_core.package_identification:_identify(.) by extensions ['python_setup_py']
[2.903s] Level 1:colcon.colcon_core.package_identification:_identify(.) by extension 'python_setup_py'
[2.904s] Level 1:colcon.colcon_core.package_identification:_identify(build) by extensions ['ignore', 'ignore_ament_install']
[2.904s] Level 1:colcon.colcon_core.package_identification:_identify(build) by extension 'ignore'
[2.905s] Level 1:colcon.colcon_core.package_identification:_identify(build) ignored
[2.905s] Level 1:colcon.colcon_core.package_identification:_identify(drivetrain) by extensions ['ignore', 'ignore_ament_install']
[2.906s] Level 1:colcon.colcon_core.package_identification:_identify(drivetrain) by extension 'ignore'
[2.906s] Level 1:colcon.colcon_core.package_identification:_identify(drivetrain) by extension 'ignore_ament_install'
[2.907s] Level 1:colcon.colcon_core.package_identification:_identify(drivetrain) by extensions ['colcon_pkg']
[2.907s] Level 1:colcon.colcon_core.package_identification:_identify(drivetrain) by extension 'colcon_pkg'
[2.907s] Level 1:colcon.colcon_core.package_identification:_identify(drivetrain) by extensions ['colcon_meta']
[2.907s] Level 1:colcon.colcon_core.package_identification:_identify(drivetrain) by extension 'colcon_meta'
[2.907s] Level 1:colcon.colcon_core.package_identification:_identify(drivetrain) by extensions ['ros']
[2.908s] Level 1:colcon.colcon_core.package_identification:_identify(drivetrain) by extension 'ros'
[2.925s] DEBUG:colcon.colcon_core.package_identification:Package 'drivetrain' with type 'ros.ament_cmake' and name 'drivetrain'
[2.926s] Level 1:colcon.colcon_core.package_identification:_identify(install) by extensions ['ignore', 'ignore_ament_install']
[2.927s] Level 1:colcon.colcon_core.package_identification:_identify(install) by extension 'ignore'
[2.928s] Level 1:colcon.colcon_core.package_identification:_identify(install) ignored
[2.931s] Level 1:colcon.colcon_core.package_identification:_identify(log) by extensions ['ignore', 'ignore_ament_install']
[2.932s] Level 1:colcon.colcon_core.package_identification:_identify(log) by extension 'ignore'
[2.932s] Level 1:colcon.colcon_core.package_identification:_identify(log) ignored
[2.933s] Level 1:colcon.colcon_core.package_identification:_identify(pythonDriving) by extensions ['ignore', 'ignore_ament_install']
[2.934s] Level 1:colcon.colcon_core.package_identification:_identify(pythonDriving) by extension 'ignore'
[2.935s] Level 1:colcon.colcon_core.package_identification:_identify(pythonDriving) by extension 'ignore_ament_install'
[2.935s] Level 1:colcon.colcon_core.package_identification:_identify(pythonDriving) by extensions ['colcon_pkg']
[2.935s] Level 1:colcon.colcon_core.package_identification:_identify(pythonDriving) by extension 'colcon_pkg'
[2.936s] Level 1:colcon.colcon_core.package_identification:_identify(pythonDriving) by extensions ['colcon_meta']
[2.936s] Level 1:colcon.colcon_core.package_identification:_identify(pythonDriving) by extension 'colcon_meta'
[2.936s] Level 1:colcon.colcon_core.package_identification:_identify(pythonDriving) by extensions ['ros']
[2.937s] Level 1:colcon.colcon_core.package_identification:_identify(pythonDriving) by extension 'ros'
[2.941s] DEBUG:colcon.colcon_core.package_identification:Package 'pythonDriving' with type 'ros.ament_python' and name 'pythonDriving'
[2.941s] Level 1:colcon.colcon_core.package_discovery:discover_packages(recursive) using defaults
[2.941s] Level 1:colcon.colcon_core.package_discovery:discover_packages(ignore) discover
[2.942s] Level 1:colcon.colcon_core.package_discovery:discover_packages(ignore) using defaults
[2.942s] Level 1:colcon.colcon_core.package_discovery:discover_packages(path) discover
[2.942s] Level 1:colcon.colcon_core.package_discovery:discover_packages(path) using defaults
[3.158s] Level 5:colcon.colcon_core.verb:set package 'drivetrain' build argument 'cmake_args' from command line to 'None'
[3.159s] Level 5:colcon.colcon_core.verb:set package 'drivetrain' build argument 'cmake_target' from command line to 'None'
[3.159s] Level 5:colcon.colcon_core.verb:set package 'drivetrain' build argument 'cmake_target_skip_unavailable' from command line to 'False'
[3.159s] Level 5:colcon.colcon_core.verb:set package 'drivetrain' build argument 'cmake_clean_cache' from command line to 'False'
[3.159s] Level 5:colcon.colcon_core.verb:set package 'drivetrain' build argument 'cmake_clean_first' from command line to 'False'
[3.159s] Level 5:colcon.colcon_core.verb:set package 'drivetrain' build argument 'cmake_force_configure' from command line to 'False'
[3.160s] Level 5:colcon.colcon_core.verb:set package 'drivetrain' build argument 'ament_cmake_args' from command line to 'None'
[3.160s] Level 5:colcon.colcon_core.verb:set package 'drivetrain' build argument 'catkin_cmake_args' from command line to 'None'
[3.160s] Level 5:colcon.colcon_core.verb:set package 'drivetrain' build argument 'catkin_skip_building_tests' from command line to 'False'
[3.160s] DEBUG:colcon.colcon_core.verb:Building package 'drivetrain' with the following arguments: {'ament_cmake_args': None, 'build_base': '/TestBotTeaching/build/drivetrain', 'catkin_cmake_args': None, 'catkin_skip_building_tests': False, 'cmake_args': None, 'cmake_clean_cache': False, 'cmake_clean_first': False, 'cmake_force_configure': False, 'cmake_target': None, 'cmake_target_skip_unavailable': False, 'install_base': '/TestBotTeaching/install/drivetrain', 'merge_install': False, 'path': '/TestBotTeaching/drivetrain', 'symlink_install': True, 'test_result_base': None}
[3.162s] Level 5:colcon.colcon_core.verb:set package 'pythonDriving' build argument 'cmake_args' from command line to 'None'
[3.163s] Level 5:colcon.colcon_core.verb:set package 'pythonDriving' build argument 'cmake_target' from command line to 'None'
[3.163s] Level 5:colcon.colcon_core.verb:set package 'pythonDriving' build argument 'cmake_target_skip_unavailable' from command line to 'False'
[3.163s] Level 5:colcon.colcon_core.verb:set package 'pythonDriving' build argument 'cmake_clean_cache' from command line to 'False'
[3.163s] Level 5:colcon.colcon_core.verb:set package 'pythonDriving' build argument 'cmake_clean_first' from command line to 'False'
[3.164s] Level 5:colcon.colcon_core.verb:set package 'pythonDriving' build argument 'cmake_force_configure' from command line to 'False'
[3.164s] Level 5:colcon.colcon_core.verb:set package 'pythonDriving' build argument 'ament_cmake_args' from command line to 'None'
[3.164s] Level 5:colcon.colcon_core.verb:set package 'pythonDriving' build argument 'catkin_cmake_args' from command line to 'None'
[3.164s] Level 5:colcon.colcon_core.verb:set package 'pythonDriving' build argument 'catkin_skip_building_tests' from command line to 'False'
[3.164s] DEBUG:colcon.colcon_core.verb:Building package 'pythonDriving' with the following arguments: {'ament_cmake_args': None, 'build_base': '/TestBotTeaching/build/pythonDriving', 'catkin_cmake_args': None, 'catkin_skip_building_tests': False, 'cmake_args': None, 'cmake_clean_cache': False, 'cmake_clean_first': False, 'cmake_force_configure': False, 'cmake_target': None, 'cmake_target_skip_unavailable': False, 'install_base': '/TestBotTeaching/install/pythonDriving', 'merge_install': False, 'path': '/TestBotTeaching/pythonDriving', 'symlink_install': True, 'test_result_base': None}
[3.165s] INFO:colcon.colcon_core.executor:Executing jobs using 'parallel' executor
[3.169s] DEBUG:colcon.colcon_parallel_executor.executor.parallel:run_until_complete
[3.170s] INFO:colcon.colcon_ros.task.ament_cmake.build:Building ROS package in '/TestBotTeaching/drivetrain' with build type 'ament_cmake'
[3.171s] INFO:colcon.colcon_cmake.task.cmake.build:Building CMake package in '/TestBotTeaching/drivetrain'
[3.218s] INFO:colcon.colcon_core.plugin_system:Skipping extension 'colcon_core.shell.bat': Not used on non-Windows systems
[3.219s] INFO:colcon.colcon_core.shell:Skip shell extension 'powershell' for command environment: Not usable outside of PowerShell
[3.219s] DEBUG:colcon.colcon_core.shell:Skip shell extension 'dsv' for command environment
[3.261s] INFO:colcon.colcon_ros.task.ament_python.build:Building ROS package in '/TestBotTeaching/pythonDriving' with build type 'ament_python'
[3.262s] Level 1:colcon.colcon_core.shell:create_environment_hook('pythonDriving', 'ament_prefix_path')
[3.264s] INFO:colcon.colcon_core.shell:Creating environment hook '/TestBotTeaching/install/pythonDriving/share/pythonDriving/hook/ament_prefix_path.ps1'
[3.270s] INFO:colcon.colcon_core.shell:Creating environment descriptor '/TestBotTeaching/install/pythonDriving/share/pythonDriving/hook/ament_prefix_path.dsv'
[3.274s] INFO:colcon.colcon_core.shell:Creating environment hook '/TestBotTeaching/install/pythonDriving/share/pythonDriving/hook/ament_prefix_path.sh'
[3.280s] INFO:colcon.colcon_core.shell:Skip shell extension 'powershell' for command environment: Not usable outside of PowerShell
[3.281s] DEBUG:colcon.colcon_core.shell:Skip shell extension 'dsv' for command environment
[3.328s] DEBUG:colcon.colcon_core.event_handler.log_command:Invoking command in '/TestBotTeaching/build/drivetrain': CMAKE_PREFIX_PATH=/opt/ros/humble /usr/bin/cmake /TestBotTeaching/drivetrain -DAMENT_CMAKE_SYMLINK_INSTALL=1 -DCMAKE_INSTALL_PREFIX=/TestBotTeaching/install/drivetrain
[5.432s] INFO:colcon.colcon_core.task.python.build:Building Python package in '/TestBotTeaching/pythonDriving'
[5.434s] INFO:colcon.colcon_core.shell:Skip shell extension 'powershell' for command environment: Not usable outside of PowerShell
[5.434s] DEBUG:colcon.colcon_core.shell:Skip shell extension 'dsv' for command environment
[7.834s] DEBUG:colcon.colcon_core.event_handler.log_command:Invoking command in '/TestBotTeaching/build/pythonDriving': PYTHONPATH=/TestBotTeaching/build/pythonDriving/prefix_override:/usr/lib/python3/dist-packages/colcon_core/task/python/colcon_distutils_commands:/TestBotTeaching/install/pythonDriving/lib/python3.10/site-packages:${PYTHONPATH} /usr/bin/python3 -W ignore:setup.py install is deprecated setup.py develop --editable --build-directory /TestBotTeaching/build/pythonDriving/build --no-deps symlink_data
[9.141s] DEBUG:colcon.colcon_core.event_handler.log_command:Invoked command in '/TestBotTeaching/build/drivetrain' returned '0': CMAKE_PREFIX_PATH=/opt/ros/humble /usr/bin/cmake /TestBotTeaching/drivetrain -DAMENT_CMAKE_SYMLINK_INSTALL=1 -DCMAKE_INSTALL_PREFIX=/TestBotTeaching/install/drivetrain
[9.143s] DEBUG:colcon.colcon_core.event_handler.log_command:Invoking command in '/TestBotTeaching/build/drivetrain': CMAKE_PREFIX_PATH=/opt/ros/humble /usr/bin/cmake --build /TestBotTeaching/build/drivetrain -- -j4 -l4
[9.665s] DEBUG:colcon.colcon_core.event_handler.log_command:Invoked command in '/TestBotTeaching/build/drivetrain' returned '0': CMAKE_PREFIX_PATH=/opt/ros/humble /usr/bin/cmake --build /TestBotTeaching/build/drivetrain -- -j4 -l4
[9.856s] DEBUG:colcon.colcon_core.event_handler.log_command:Invoking command in '/TestBotTeaching/build/drivetrain': CMAKE_PREFIX_PATH=/opt/ros/humble /usr/bin/cmake --install /TestBotTeaching/build/drivetrain
[10.091s] Level 1:colcon.colcon_core.environment:create_environment_scripts_only(drivetrain)
[10.095s] DEBUG:colcon.colcon_core.event_handler.log_command:Invoked command in '/TestBotTeaching/build/drivetrain' returned '0': CMAKE_PREFIX_PATH=/opt/ros/humble /usr/bin/cmake --install /TestBotTeaching/build/drivetrain
[10.150s] Level 1:colcon.colcon_core.environment:checking '/TestBotTeaching/install/drivetrain' for CMake module files
[10.155s] Level 1:colcon.colcon_core.environment:checking '/TestBotTeaching/install/drivetrain' for CMake config files
[10.157s] Level 1:colcon.colcon_core.shell:create_environment_hook('drivetrain', 'cmake_prefix_path')
[10.160s] INFO:colcon.colcon_core.shell:Creating environment hook '/TestBotTeaching/install/drivetrain/share/drivetrain/hook/cmake_prefix_path.ps1'
[10.164s] INFO:colcon.colcon_core.shell:Creating environment descriptor '/TestBotTeaching/install/drivetrain/share/drivetrain/hook/cmake_prefix_path.dsv'
[10.170s] INFO:colcon.colcon_core.shell:Creating environment hook '/TestBotTeaching/install/drivetrain/share/drivetrain/hook/cmake_prefix_path.sh'
[10.175s] Level 1:colcon.colcon_core.environment:checking '/TestBotTeaching/install/drivetrain/lib'
[10.177s] Level 1:colcon.colcon_core.environment:checking '/TestBotTeaching/install/drivetrain/bin'
[10.177s] Level 1:colcon.colcon_core.environment:checking '/TestBotTeaching/install/drivetrain/lib/pkgconfig/drivetrain.pc'
[10.179s] Level 1:colcon.colcon_core.environment:checking '/TestBotTeaching/install/drivetrain/lib/python3.10/site-packages'
[10.181s] Level 1:colcon.colcon_core.environment:checking '/TestBotTeaching/install/drivetrain/bin'
[10.188s] INFO:colcon.colcon_core.shell:Creating package script '/TestBotTeaching/install/drivetrain/share/drivetrain/package.ps1'
[10.198s] INFO:colcon.colcon_core.shell:Creating package descriptor '/TestBotTeaching/install/drivetrain/share/drivetrain/package.dsv'
[10.203s] INFO:colcon.colcon_core.shell:Creating package script '/TestBotTeaching/install/drivetrain/share/drivetrain/package.sh'
[10.211s] INFO:colcon.colcon_core.shell:Creating package script '/TestBotTeaching/install/drivetrain/share/drivetrain/package.bash'
[10.217s] INFO:colcon.colcon_core.shell:Creating package script '/TestBotTeaching/install/drivetrain/share/drivetrain/package.zsh'
[10.225s] Level 1:colcon.colcon_core.environment:create_file_with_runtime_dependencies(/TestBotTeaching/install/drivetrain/share/colcon-core/packages/drivetrain)
[10.472s] Level 1:colcon.colcon_core.environment:create_environment_scripts_only(drivetrain)
[10.474s] Level 1:colcon.colcon_core.environment:checking '/TestBotTeaching/install/drivetrain' for CMake module files
[10.479s] Level 1:colcon.colcon_core.environment:checking '/TestBotTeaching/install/drivetrain' for CMake config files
[10.481s] Level 1:colcon.colcon_core.shell:create_environment_hook('drivetrain', 'cmake_prefix_path')
[10.483s] INFO:colcon.colcon_core.shell:Creating environment hook '/TestBotTeaching/install/drivetrain/share/drivetrain/hook/cmake_prefix_path.ps1'
[10.489s] INFO:colcon.colcon_core.shell:Creating environment descriptor '/TestBotTeaching/install/drivetrain/share/drivetrain/hook/cmake_prefix_path.dsv'
[10.493s] INFO:colcon.colcon_core.shell:Creating environment hook '/TestBotTeaching/install/drivetrain/share/drivetrain/hook/cmake_prefix_path.sh'
[10.498s] Level 1:colcon.colcon_core.environment:checking '/TestBotTeaching/install/drivetrain/lib'
[10.499s] Level 1:colcon.colcon_core.environment:checking '/TestBotTeaching/install/drivetrain/bin'
[10.499s] Level 1:colcon.colcon_core.environment:checking '/TestBotTeaching/install/drivetrain/lib/pkgconfig/drivetrain.pc'
[10.505s] Level 1:colcon.colcon_core.environment:checking '/TestBotTeaching/install/drivetrain/lib/python3.10/site-packages'
[10.506s] Level 1:colcon.colcon_core.environment:checking '/TestBotTeaching/install/drivetrain/bin'
[10.508s] INFO:colcon.colcon_core.shell:Creating package script '/TestBotTeaching/install/drivetrain/share/drivetrain/package.ps1'
[10.512s] INFO:colcon.colcon_core.shell:Creating package descriptor '/TestBotTeaching/install/drivetrain/share/drivetrain/package.dsv'
[10.523s] INFO:colcon.colcon_core.shell:Creating package script '/TestBotTeaching/install/drivetrain/share/drivetrain/package.sh'
[10.528s] INFO:colcon.colcon_core.shell:Creating package script '/TestBotTeaching/install/drivetrain/share/drivetrain/package.bash'
[10.532s] INFO:colcon.colcon_core.shell:Creating package script '/TestBotTeaching/install/drivetrain/share/drivetrain/package.zsh'
[10.536s] Level 1:colcon.colcon_core.environment:create_file_with_runtime_dependencies(/TestBotTeaching/install/drivetrain/share/colcon-core/packages/drivetrain)
[11.238s] Level 1:colcon.colcon_core.shell:create_environment_hook('pythonDriving', 'pythonpath_develop')
[11.239s] DEBUG:colcon.colcon_core.event_handler.log_command:Invoked command in '/TestBotTeaching/build/pythonDriving' returned '0': PYTHONPATH=/TestBotTeaching/build/pythonDriving/prefix_override:/usr/lib/python3/dist-packages/colcon_core/task/python/colcon_distutils_commands:/TestBotTeaching/install/pythonDriving/lib/python3.10/site-packages:${PYTHONPATH} /usr/bin/python3 -W ignore:setup.py install is deprecated setup.py develop --editable --build-directory /TestBotTeaching/build/pythonDriving/build --no-deps symlink_data
[11.240s] INFO:colcon.colcon_core.shell:Creating environment hook '/TestBotTeaching/build/pythonDriving/share/pythonDriving/hook/pythonpath_develop.ps1'
[11.244s] INFO:colcon.colcon_core.shell:Creating environment descriptor '/TestBotTeaching/build/pythonDriving/share/pythonDriving/hook/pythonpath_develop.dsv'
[11.247s] INFO:colcon.colcon_core.shell:Creating environment hook '/TestBotTeaching/build/pythonDriving/share/pythonDriving/hook/pythonpath_develop.sh'
[11.253s] Level 1:colcon.colcon_core.environment:checking '/TestBotTeaching/install/pythonDriving' for CMake module files
[11.258s] Level 1:colcon.colcon_core.environment:checking '/TestBotTeaching/install/pythonDriving' for CMake config files
[11.263s] Level 1:colcon.colcon_core.environment:checking '/TestBotTeaching/install/pythonDriving/lib'
[11.265s] Level 1:colcon.colcon_core.environment:checking '/TestBotTeaching/install/pythonDriving/bin'
[11.265s] Level 1:colcon.colcon_core.environment:checking '/TestBotTeaching/install/pythonDriving/lib/pkgconfig/pythonDriving.pc'
[11.267s] Level 1:colcon.colcon_core.environment:checking '/TestBotTeaching/install/pythonDriving/lib/python3.10/site-packages'
[11.268s] Level 1:colcon.colcon_core.shell:create_environment_hook('pythonDriving', 'pythonpath')
[11.270s] INFO:colcon.colcon_core.shell:Creating environment hook '/TestBotTeaching/install/pythonDriving/share/pythonDriving/hook/pythonpath.ps1'
[11.276s] INFO:colcon.colcon_core.shell:Creating environment descriptor '/TestBotTeaching/install/pythonDriving/share/pythonDriving/hook/pythonpath.dsv'
[11.278s] INFO:colcon.colcon_core.shell:Creating environment hook '/TestBotTeaching/install/pythonDriving/share/pythonDriving/hook/pythonpath.sh'
[11.282s] Level 1:colcon.colcon_core.environment:checking '/TestBotTeaching/install/pythonDriving/bin'
[11.282s] Level 1:colcon.colcon_core.environment:create_environment_scripts_only(pythonDriving)
[11.284s] INFO:colcon.colcon_core.shell:Creating package script '/TestBotTeaching/install/pythonDriving/share/pythonDriving/package.ps1'
[11.288s] INFO:colcon.colcon_core.shell:Creating package descriptor '/TestBotTeaching/install/pythonDriving/share/pythonDriving/package.dsv'
[11.293s] INFO:colcon.colcon_core.shell:Creating package script '/TestBotTeaching/install/pythonDriving/share/pythonDriving/package.sh'
[11.297s] INFO:colcon.colcon_core.shell:Creating package script '/TestBotTeaching/install/pythonDriving/share/pythonDriving/package.bash'
[11.300s] INFO:colcon.colcon_core.shell:Creating package script '/TestBotTeaching/install/pythonDriving/share/pythonDriving/package.zsh'
[11.303s] Level 1:colcon.colcon_core.environment:create_file_with_runtime_dependencies(/TestBotTeaching/install/pythonDriving/share/colcon-core/packages/pythonDriving)
[11.305s] DEBUG:colcon.colcon_parallel_executor.executor.parallel:closing loop
[11.306s] DEBUG:colcon.colcon_parallel_executor.executor.parallel:loop closed
[11.307s] DEBUG:colcon.colcon_parallel_executor.executor.parallel:run_until_complete finished with '0'
[11.307s] DEBUG:colcon.colcon_core.event_reactor:joining thread
[11.409s] INFO:colcon.colcon_core.plugin_system:Skipping extension 'colcon_notification.desktop_notification.notify_send': Could not find 'notify-send'
[11.410s] INFO:colcon.colcon_core.plugin_system:Skipping extension 'colcon_notification.desktop_notification.terminal_notifier': Not used on non-Darwin systems
[11.410s] INFO:colcon.colcon_core.plugin_system:Skipping extension 'colcon_notification.desktop_notification.win32': Not used on non-Windows systems
[11.411s] INFO:colcon.colcon_notification.desktop_notification:Sending desktop notification using 'notify2'
[11.411s] DEBUG:colcon.colcon_notification.desktop_notification.notify2:Failed to initialize notify2: org.freedesktop.DBus.Error.NotSupported: Unable to autolaunch a dbus-daemon without a $DISPLAY for X11
[11.411s] DEBUG:colcon.colcon_core.event_reactor:joined thread
[11.413s] INFO:colcon.colcon_core.shell:Creating prefix script '/TestBotTeaching/install/local_setup.ps1'
[11.419s] INFO:colcon.colcon_core.shell:Creating prefix util module '/TestBotTeaching/install/_local_setup_util_ps1.py'
[11.428s] INFO:colcon.colcon_core.shell:Creating prefix chain script '/TestBotTeaching/install/setup.ps1'
[11.434s] INFO:colcon.colcon_core.shell:Creating prefix script '/TestBotTeaching/install/local_setup.sh'
[11.438s] INFO:colcon.colcon_core.shell:Creating prefix util module '/TestBotTeaching/install/_local_setup_util_sh.py'
[11.442s] INFO:colcon.colcon_core.shell:Creating prefix chain script '/TestBotTeaching/install/setup.sh'
[11.450s] INFO:colcon.colcon_core.shell:Creating prefix script '/TestBotTeaching/install/local_setup.bash'
[11.455s] INFO:colcon.colcon_core.shell:Creating prefix chain script '/TestBotTeaching/install/setup.bash'
[11.461s] INFO:colcon.colcon_core.shell:Creating prefix script '/TestBotTeaching/install/local_setup.zsh'
[11.465s] INFO:colcon.colcon_core.shell:Creating prefix chain script '/TestBotTeaching/install/setup.zsh'
