[0.163s] Invoking command in '/TestBotTeaching/build/drivetrain': CMAKE_PREFIX_PATH=/opt/ros/humble /usr/bin/cmake --build /TestBotTeaching/build/drivetrain -- -j4 -l4
[0.995s] [100%] Built target drivetrainNode
[4.251s] Invoked command in '/TestBotTeaching/build/drivetrain' returned '0': CMAKE_PREFIX_PATH=/opt/ros/humble /usr/bin/cmake --build /TestBotTeaching/build/drivetrain -- -j4 -l4
[5.354s] Invoking command in '/TestBotTeaching/build/drivetrain': CMAKE_PREFIX_PATH=/opt/ros/humble /usr/bin/cmake --install /TestBotTeaching/build/drivetrain
[5.458s] -- Install configuration: ""
[5.464s] -- Execute custom install script
[5.468s] -- Up-to-date symlink: /TestBotTeaching/install/drivetrain/lib/drivetrain/drivetrainNode
[5.472s] -- Up-to-date symlink: /TestBotTeaching/install/drivetrain/share/ament_index/resource_index/package_run_dependencies/drivetrain
[5.476s] -- Up-to-date symlink: /TestBotTeaching/install/drivetrain/share/ament_index/resource_index/parent_prefix_path/drivetrain
[5.480s] -- Up-to-date symlink: /TestBotTeaching/install/drivetrain/share/drivetrain/environment/ament_prefix_path.sh
[5.483s] -- Up-to-date symlink: /TestBotTeaching/install/drivetrain/share/drivetrain/environment/ament_prefix_path.dsv
[5.487s] -- Up-to-date symlink: /TestBotTeaching/install/drivetrain/share/drivetrain/environment/path.sh
[5.490s] -- Up-to-date symlink: /TestBotTeaching/install/drivetrain/share/drivetrain/environment/path.dsv
[5.505s] -- Up-to-date symlink: /TestBotTeaching/install/drivetrain/share/drivetrain/local_setup.bash
[5.519s] -- Up-to-date symlink: /TestBotTeaching/install/drivetrain/share/drivetrain/local_setup.sh
[5.526s] -- Up-to-date symlink: /TestBotTeaching/install/drivetrain/share/drivetrain/local_setup.zsh
[5.535s] -- Up-to-date symlink: /TestBotTeaching/install/drivetrain/share/drivetrain/local_setup.dsv
[5.550s] -- Symlinking: /TestBotTeaching/install/drivetrain/share/drivetrain/package.dsv
[5.726s] -- Up-to-date symlink: /TestBotTeaching/install/drivetrain/share/ament_index/resource_index/packages/drivetrain
[5.739s] -- Up-to-date symlink: /TestBotTeaching/install/drivetrain/share/drivetrain/cmake/drivetrainConfig.cmake
[5.756s] -- Up-to-date symlink: /TestBotTeaching/install/drivetrain/share/drivetrain/cmake/drivetrainConfig-version.cmake
[5.804s] -- Up-to-date symlink: /TestBotTeaching/install/drivetrain/share/drivetrain/package.xml
[5.864s] Invoked command in '/TestBotTeaching/build/drivetrain' returned '0': CMAKE_PREFIX_PATH=/opt/ros/humble /usr/bin/cmake --install /TestBotTeaching/build/drivetrain
