[0.559s] DEBUG:colcon:Command line arguments: ['/usr/bin/colcon', 'build']
[0.560s] DEBUG:colcon:Parsed command line arguments: Namespace(log_base=None, log_level=None, verb_name='build', build_base='build', install_base='install', merge_install=False, symlink_install=False, test_result_base=None, continue_on_error=False, executor='parallel', parallel_workers=4, event_handlers=None, ignore_user_meta=False, metas=['./colcon.meta'], base_paths=['.'], packages_ignore=None, packages_ignore_regex=None, paths=None, packages_up_to=None, packages_up_to_regex=None, packages_above=None, packages_above_and_dependencies=None, packages_above_depth=None, packages_select_by_dep=None, packages_skip_by_dep=None, packages_skip_up_to=None, packages_select_build_failed=False, packages_skip_build_finished=False, packages_select_test_failures=False, packages_skip_test_passed=False, packages_select=None, packages_skip=None, packages_select_regex=None, packages_skip_regex=None, packages_start=None, packages_end=None, cmake_args=None, cmake_target=None, cmake_target_skip_unavailable=False, cmake_clean_cache=False, cmake_clean_first=False, cmake_force_configure=False, ament_cmake_args=None, catkin_cmake_args=None, catkin_skip_building_tests=False, mixin_files=None, mixin=None, verb_parser=<colcon_mixin.mixin.mixin_argument.MixinArgumentDecorator object at 0xffff9200a380>, verb_extension=<colcon_core.verb.build.BuildVerb object at 0xffff91f22aa0>, main=<bound method BuildVerb.main of <colcon_core.verb.build.BuildVerb object at 0xffff91f22aa0>>, mixin_verb=('build',))
[1.676s] Level 1:colcon.colcon_core.package_discovery:discover_packages(colcon_meta) check parameters
[1.677s] Level 1:colcon.colcon_core.package_discovery:discover_packages(recursive) check parameters
[1.677s] Level 1:colcon.colcon_core.package_discovery:discover_packages(ignore) check parameters
[1.677s] Level 1:colcon.colcon_core.package_discovery:discover_packages(path) check parameters
[1.677s] Level 1:colcon.colcon_core.package_discovery:discover_packages(colcon_meta) discover
[1.678s] Level 1:colcon.colcon_core.package_discovery:discover_packages(recursive) discover
[1.678s] INFO:colcon.colcon_core.package_discovery:Crawling recursively for packages in '/Testbot'
[1.679s] Level 1:colcon.colcon_core.package_identification:_identify(.) by extensions ['ignore', 'ignore_ament_install']
[1.679s] Level 1:colcon.colcon_core.package_identification:_identify(.) by extension 'ignore'
[1.679s] Level 1:colcon.colcon_core.package_identification:_identify(.) by extension 'ignore_ament_install'
[1.680s] Level 1:colcon.colcon_core.package_identification:_identify(.) by extensions ['colcon_pkg']
[1.680s] Level 1:colcon.colcon_core.package_identification:_identify(.) by extension 'colcon_pkg'
[1.680s] Level 1:colcon.colcon_core.package_identification:_identify(.) by extensions ['colcon_meta']
[1.680s] Level 1:colcon.colcon_core.package_identification:_identify(.) by extension 'colcon_meta'
[1.681s] Level 1:colcon.colcon_core.package_identification:_identify(.) by extensions ['ros']
[1.681s] Level 1:colcon.colcon_core.package_identification:_identify(.) by extension 'ros'
[1.764s] Level 1:colcon.colcon_core.package_identification:_identify(.) by extensions ['cmake', 'python']
[1.765s] Level 1:colcon.colcon_core.package_identification:_identify(.) by extension 'cmake'
[1.765s] Level 1:colcon.colcon_core.package_identification:_identify(.) by extension 'python'
[1.766s] Level 1:colcon.colcon_core.package_identification:_identify(.) by extensions ['python_setup_py']
[1.766s] Level 1:colcon.colcon_core.package_identification:_identify(.) by extension 'python_setup_py'
[1.767s] Level 1:colcon.colcon_core.package_identification:_identify(build) by extensions ['ignore', 'ignore_ament_install']
[1.768s] Level 1:colcon.colcon_core.package_identification:_identify(build) by extension 'ignore'
[1.768s] Level 1:colcon.colcon_core.package_identification:_identify(build) ignored
[1.770s] Level 1:colcon.colcon_core.package_identification:_identify(install) by extensions ['ignore', 'ignore_ament_install']
[1.770s] Level 1:colcon.colcon_core.package_identification:_identify(install) by extension 'ignore'
[1.771s] Level 1:colcon.colcon_core.package_identification:_identify(install) ignored
[1.772s] Level 1:colcon.colcon_core.package_identification:_identify(log) by extensions ['ignore', 'ignore_ament_install']
[1.773s] Level 1:colcon.colcon_core.package_identification:_identify(log) by extension 'ignore'
[1.774s] Level 1:colcon.colcon_core.package_identification:_identify(log) ignored
[1.775s] Level 1:colcon.colcon_core.package_identification:_identify(src) by extensions ['ignore', 'ignore_ament_install']
[1.776s] Level 1:colcon.colcon_core.package_identification:_identify(src) by extension 'ignore'
[1.776s] Level 1:colcon.colcon_core.package_identification:_identify(src) by extension 'ignore_ament_install'
[1.777s] Level 1:colcon.colcon_core.package_identification:_identify(src) by extensions ['colcon_pkg']
[1.777s] Level 1:colcon.colcon_core.package_identification:_identify(src) by extension 'colcon_pkg'
[1.778s] Level 1:colcon.colcon_core.package_identification:_identify(src) by extensions ['colcon_meta']
[1.778s] Level 1:colcon.colcon_core.package_identification:_identify(src) by extension 'colcon_meta'
[1.779s] Level 1:colcon.colcon_core.package_identification:_identify(src) by extensions ['ros']
[1.779s] Level 1:colcon.colcon_core.package_identification:_identify(src) by extension 'ros'
[1.779s] Level 1:colcon.colcon_core.package_identification:_identify(src) by extensions ['cmake', 'python']
[1.780s] Level 1:colcon.colcon_core.package_identification:_identify(src) by extension 'cmake'
[1.780s] Level 1:colcon.colcon_core.package_identification:_identify(src) by extension 'python'
[1.780s] Level 1:colcon.colcon_core.package_identification:_identify(src) by extensions ['python_setup_py']
[1.780s] Level 1:colcon.colcon_core.package_identification:_identify(src) by extension 'python_setup_py'
[1.781s] Level 1:colcon.colcon_core.package_identification:_identify(src/testbot_ws) by extensions ['ignore', 'ignore_ament_install']
[1.782s] Level 1:colcon.colcon_core.package_identification:_identify(src/testbot_ws) by extension 'ignore'
[1.783s] Level 1:colcon.colcon_core.package_identification:_identify(src/testbot_ws) by extension 'ignore_ament_install'
[1.784s] Level 1:colcon.colcon_core.package_identification:_identify(src/testbot_ws) by extensions ['colcon_pkg']
[1.784s] Level 1:colcon.colcon_core.package_identification:_identify(src/testbot_ws) by extension 'colcon_pkg'
[1.785s] Level 1:colcon.colcon_core.package_identification:_identify(src/testbot_ws) by extensions ['colcon_meta']
[1.785s] Level 1:colcon.colcon_core.package_identification:_identify(src/testbot_ws) by extension 'colcon_meta'
[1.786s] Level 1:colcon.colcon_core.package_identification:_identify(src/testbot_ws) by extensions ['ros']
[1.786s] Level 1:colcon.colcon_core.package_identification:_identify(src/testbot_ws) by extension 'ros'
[1.787s] Level 1:colcon.colcon_core.package_identification:_identify(src/testbot_ws) by extensions ['cmake', 'python']
[1.787s] Level 1:colcon.colcon_core.package_identification:_identify(src/testbot_ws) by extension 'cmake'
[1.788s] Level 1:colcon.colcon_core.package_identification:_identify(src/testbot_ws) by extension 'python'
[1.788s] Level 1:colcon.colcon_core.package_identification:_identify(src/testbot_ws) by extensions ['python_setup_py']
[1.788s] Level 1:colcon.colcon_core.package_identification:_identify(src/testbot_ws) by extension 'python_setup_py'
[1.789s] Level 1:colcon.colcon_core.package_identification:_identify(src/testbot_ws/src) by extensions ['ignore', 'ignore_ament_install']
[1.790s] Level 1:colcon.colcon_core.package_identification:_identify(src/testbot_ws/src) by extension 'ignore'
[1.791s] Level 1:colcon.colcon_core.package_identification:_identify(src/testbot_ws/src) by extension 'ignore_ament_install'
[1.791s] Level 1:colcon.colcon_core.package_identification:_identify(src/testbot_ws/src) by extensions ['colcon_pkg']
[1.792s] Level 1:colcon.colcon_core.package_identification:_identify(src/testbot_ws/src) by extension 'colcon_pkg'
[1.792s] Level 1:colcon.colcon_core.package_identification:_identify(src/testbot_ws/src) by extensions ['colcon_meta']
[1.792s] Level 1:colcon.colcon_core.package_identification:_identify(src/testbot_ws/src) by extension 'colcon_meta'
[1.793s] Level 1:colcon.colcon_core.package_identification:_identify(src/testbot_ws/src) by extensions ['ros']
[1.793s] Level 1:colcon.colcon_core.package_identification:_identify(src/testbot_ws/src) by extension 'ros'
[1.794s] Level 1:colcon.colcon_core.package_identification:_identify(src/testbot_ws/src) by extensions ['cmake', 'python']
[1.796s] Level 1:colcon.colcon_core.package_identification:_identify(src/testbot_ws/src) by extension 'cmake'
[1.796s] Level 1:colcon.colcon_core.package_identification:_identify(src/testbot_ws/src) by extension 'python'
[1.797s] Level 1:colcon.colcon_core.package_identification:_identify(src/testbot_ws/src) by extensions ['python_setup_py']
[1.799s] Level 1:colcon.colcon_core.package_identification:_identify(src/testbot_ws/src) by extension 'python_setup_py'
[1.801s] Level 1:colcon.colcon_core.package_identification:_identify(src/testbot_ws/src/drivetrain) by extensions ['ignore', 'ignore_ament_install']
[1.803s] Level 1:colcon.colcon_core.package_identification:_identify(src/testbot_ws/src/drivetrain) by extension 'ignore'
[1.804s] Level 1:colcon.colcon_core.package_identification:_identify(src/testbot_ws/src/drivetrain) by extension 'ignore_ament_install'
[1.804s] Level 1:colcon.colcon_core.package_identification:_identify(src/testbot_ws/src/drivetrain) by extensions ['colcon_pkg']
[1.805s] Level 1:colcon.colcon_core.package_identification:_identify(src/testbot_ws/src/drivetrain) by extension 'colcon_pkg'
[1.805s] Level 1:colcon.colcon_core.package_identification:_identify(src/testbot_ws/src/drivetrain) by extensions ['colcon_meta']
[1.806s] Level 1:colcon.colcon_core.package_identification:_identify(src/testbot_ws/src/drivetrain) by extension 'colcon_meta'
[1.807s] Level 1:colcon.colcon_core.package_identification:_identify(src/testbot_ws/src/drivetrain) by extensions ['ros']
[1.808s] Level 1:colcon.colcon_core.package_identification:_identify(src/testbot_ws/src/drivetrain) by extension 'ros'
[1.834s] DEBUG:colcon.colcon_core.package_identification:Package 'src/testbot_ws/src/drivetrain' with type 'ros.ament_cmake' and name 'drivetrain'
[1.835s] Level 1:colcon.colcon_core.package_discovery:discover_packages(recursive) using defaults
[1.837s] Level 1:colcon.colcon_core.package_discovery:discover_packages(ignore) discover
[1.838s] Level 1:colcon.colcon_core.package_discovery:discover_packages(ignore) using defaults
[1.839s] Level 1:colcon.colcon_core.package_discovery:discover_packages(path) discover
[1.840s] Level 1:colcon.colcon_core.package_discovery:discover_packages(path) using defaults
[2.088s] Level 5:colcon.colcon_core.verb:set package 'drivetrain' build argument 'cmake_args' from command line to 'None'
[2.090s] Level 5:colcon.colcon_core.verb:set package 'drivetrain' build argument 'cmake_target' from command line to 'None'
[2.091s] Level 5:colcon.colcon_core.verb:set package 'drivetrain' build argument 'cmake_target_skip_unavailable' from command line to 'False'
[2.092s] Level 5:colcon.colcon_core.verb:set package 'drivetrain' build argument 'cmake_clean_cache' from command line to 'False'
[2.093s] Level 5:colcon.colcon_core.verb:set package 'drivetrain' build argument 'cmake_clean_first' from command line to 'False'
[2.094s] Level 5:colcon.colcon_core.verb:set package 'drivetrain' build argument 'cmake_force_configure' from command line to 'False'
[2.095s] Level 5:colcon.colcon_core.verb:set package 'drivetrain' build argument 'ament_cmake_args' from command line to 'None'
[2.096s] Level 5:colcon.colcon_core.verb:set package 'drivetrain' build argument 'catkin_cmake_args' from command line to 'None'
[2.096s] Level 5:colcon.colcon_core.verb:set package 'drivetrain' build argument 'catkin_skip_building_tests' from command line to 'False'
[2.097s] DEBUG:colcon.colcon_core.verb:Building package 'drivetrain' with the following arguments: {'ament_cmake_args': None, 'build_base': '/Testbot/build/drivetrain', 'catkin_cmake_args': None, 'catkin_skip_building_tests': False, 'cmake_args': None, 'cmake_clean_cache': False, 'cmake_clean_first': False, 'cmake_force_configure': False, 'cmake_target': None, 'cmake_target_skip_unavailable': False, 'install_base': '/Testbot/install/drivetrain', 'merge_install': False, 'path': '/Testbot/src/testbot_ws/src/drivetrain', 'symlink_install': False, 'test_result_base': None}
[2.099s] INFO:colcon.colcon_core.executor:Executing jobs using 'parallel' executor
[2.116s] DEBUG:colcon.colcon_parallel_executor.executor.parallel:run_until_complete
[2.121s] INFO:colcon.colcon_ros.task.ament_cmake.build:Building ROS package in '/Testbot/src/testbot_ws/src/drivetrain' with build type 'ament_cmake'
[2.125s] INFO:colcon.colcon_cmake.task.cmake.build:Building CMake package in '/Testbot/src/testbot_ws/src/drivetrain'
[2.164s] INFO:colcon.colcon_core.plugin_system:Skipping extension 'colcon_core.shell.bat': Not used on non-Windows systems
[2.167s] INFO:colcon.colcon_core.shell:Skip shell extension 'powershell' for command environment: Not usable outside of PowerShell
[2.167s] DEBUG:colcon.colcon_core.shell:Skip shell extension 'dsv' for command environment
[2.301s] DEBUG:colcon.colcon_core.event_handler.log_command:Invoking command in '/Testbot/build/drivetrain': CMAKE_PREFIX_PATH=${CMAKE_PREFIX_PATH}:/opt/ros/humble /usr/bin/cmake --build /Testbot/build/drivetrain -- -j4 -l4
[29.173s] DEBUG:colcon.colcon_core.event_handler.log_command:Invoked command in '/Testbot/build/drivetrain' returned '2': CMAKE_PREFIX_PATH=${CMAKE_PREFIX_PATH}:/opt/ros/humble /usr/bin/cmake --build /Testbot/build/drivetrain -- -j4 -l4
[29.369s] Level 1:colcon.colcon_core.environment:create_environment_scripts_only(drivetrain)
[29.390s] Level 1:colcon.colcon_core.environment:checking '/Testbot/install/drivetrain' for CMake module files
[29.393s] Level 1:colcon.colcon_core.environment:checking '/Testbot/install/drivetrain' for CMake config files
[29.396s] Level 1:colcon.colcon_core.shell:create_environment_hook('drivetrain', 'cmake_prefix_path')
[29.398s] INFO:colcon.colcon_core.shell:Creating environment hook '/Testbot/install/drivetrain/share/drivetrain/hook/cmake_prefix_path.ps1'
[29.402s] INFO:colcon.colcon_core.shell:Creating environment descriptor '/Testbot/install/drivetrain/share/drivetrain/hook/cmake_prefix_path.dsv'
[29.405s] INFO:colcon.colcon_core.shell:Creating environment hook '/Testbot/install/drivetrain/share/drivetrain/hook/cmake_prefix_path.sh'
[29.413s] Level 1:colcon.colcon_core.environment:checking '/Testbot/install/drivetrain/bin'
[29.413s] Level 1:colcon.colcon_core.environment:checking '/Testbot/install/drivetrain/lib/pkgconfig/drivetrain.pc'
[29.422s] Level 1:colcon.colcon_core.environment:checking '/Testbot/install/drivetrain/lib/python3.10/site-packages'
[29.423s] Level 1:colcon.colcon_core.environment:checking '/Testbot/install/drivetrain/bin'
[29.425s] INFO:colcon.colcon_core.shell:Creating package script '/Testbot/install/drivetrain/share/drivetrain/package.ps1'
[29.429s] INFO:colcon.colcon_core.shell:Creating package descriptor '/Testbot/install/drivetrain/share/drivetrain/package.dsv'
[29.433s] INFO:colcon.colcon_core.shell:Creating package script '/Testbot/install/drivetrain/share/drivetrain/package.sh'
[29.437s] INFO:colcon.colcon_core.shell:Creating package script '/Testbot/install/drivetrain/share/drivetrain/package.bash'
[29.441s] INFO:colcon.colcon_core.shell:Creating package script '/Testbot/install/drivetrain/share/drivetrain/package.zsh'
[29.445s] Level 1:colcon.colcon_core.environment:create_file_with_runtime_dependencies(/Testbot/install/drivetrain/share/colcon-core/packages/drivetrain)
[29.461s] DEBUG:colcon.colcon_parallel_executor.executor.parallel:closing loop
[29.465s] DEBUG:colcon.colcon_parallel_executor.executor.parallel:loop closed
[29.466s] DEBUG:colcon.colcon_parallel_executor.executor.parallel:run_until_complete finished with '2'
[29.466s] DEBUG:colcon.colcon_core.event_reactor:joining thread
[29.581s] INFO:colcon.colcon_core.plugin_system:Skipping extension 'colcon_notification.desktop_notification.notify_send': Could not find 'notify-send'
[29.582s] INFO:colcon.colcon_core.plugin_system:Skipping extension 'colcon_notification.desktop_notification.terminal_notifier': Not used on non-Darwin systems
[29.583s] INFO:colcon.colcon_core.plugin_system:Skipping extension 'colcon_notification.desktop_notification.win32': Not used on non-Windows systems
[29.584s] INFO:colcon.colcon_notification.desktop_notification:Sending desktop notification using 'notify2'
[29.585s] DEBUG:colcon.colcon_notification.desktop_notification.notify2:Failed to initialize notify2: org.freedesktop.DBus.Error.NotSupported: Unable to autolaunch a dbus-daemon without a $DISPLAY for X11
[29.586s] DEBUG:colcon.colcon_core.event_reactor:joined thread
[29.588s] INFO:colcon.colcon_core.shell:Creating prefix script '/Testbot/install/local_setup.ps1'
[29.593s] INFO:colcon.colcon_core.shell:Creating prefix util module '/Testbot/install/_local_setup_util_ps1.py'
[29.601s] INFO:colcon.colcon_core.shell:Creating prefix chain script '/Testbot/install/setup.ps1'
[29.608s] INFO:colcon.colcon_core.shell:Creating prefix script '/Testbot/install/local_setup.sh'
[29.611s] INFO:colcon.colcon_core.shell:Creating prefix util module '/Testbot/install/_local_setup_util_sh.py'
[29.615s] INFO:colcon.colcon_core.shell:Creating prefix chain script '/Testbot/install/setup.sh'
[29.621s] INFO:colcon.colcon_core.shell:Creating prefix script '/Testbot/install/local_setup.bash'
[29.624s] INFO:colcon.colcon_core.shell:Creating prefix chain script '/Testbot/install/setup.bash'
[29.630s] INFO:colcon.colcon_core.shell:Creating prefix script '/Testbot/install/local_setup.zsh'
[29.634s] INFO:colcon.colcon_core.shell:Creating prefix chain script '/Testbot/install/setup.zsh'
