running develop
/usr/lib/python3/dist-packages/setuptools/command/easy_install.py:158: EasyInstallDeprecationWarning: easy_install command is deprecated. Use build and pip and other standards-based tools.
  warnings.warn(
running egg_info
creating pythonDriving.egg-info
writing pythonDriving.egg-info/PKG-INFO
writing dependency_links to pythonDriving.egg-info/dependency_links.txt
writing entry points to pythonDriving.egg-info/entry_points.txt
writing requirements to pythonDriving.egg-info/requires.txt
writing top-level names to pythonDriving.egg-info/top_level.txt
writing manifest file 'pythonDriving.egg-info/SOURCES.txt'
reading manifest file 'pythonDriving.egg-info/SOURCES.txt'
writing manifest file 'pythonDriving.egg-info/SOURCES.txt'
running build_ext
Creating /TestBotTeaching/install/pythonDriving/lib/python3.10/site-packages/pythonDriving.egg-link (link to .)

Installed /TestBotTeaching/build/pythonDriving
running symlink_data
creating /TestBotTeaching/install/pythonDriving/share/ament_index
creating /TestBotTeaching/install/pythonDriving/share/ament_index/resource_index
creating /TestBotTeaching/install/pythonDriving/share/ament_index/resource_index/packages
symbolically linking /TestBotTeaching/build/pythonDriving/resource/pythonDriving -> /TestBotTeaching/install/pythonDriving/share/ament_index/resource_index/packages
symbolically linking /TestBotTeaching/build/pythonDriving/package.xml -> /TestBotTeaching/install/pythonDriving/share/pythonDriving
