[4.573s] Invoking command in '/TestBotTeaching/build/pythonDriving': PYTHONPATH=/TestBotTeaching/build/pythonDriving/prefix_override:/usr/lib/python3/dist-packages/colcon_core/task/python/colcon_distutils_commands:/TestBotTeaching/install/pythonDriving/lib/python3.10/site-packages:${PYTHONPATH} /usr/bin/python3 -W ignore:setup.py install is deprecated setup.py develop --editable --build-directory /TestBotTeaching/build/pythonDriving/build --no-deps symlink_data
[6.425s] running develop
[6.431s] /usr/lib/python3/dist-packages/setuptools/command/easy_install.py:158: EasyInstallDeprecationWarning: easy_install command is deprecated. Use build and pip and other standards-based tools.
[6.438s]   warnings.warn(
[7.778s] running egg_info
[7.779s] creating pythonDriving.egg-info
[7.785s] writing pythonDriving.egg-info/PKG-INFO
[7.786s] writing dependency_links to pythonDriving.egg-info/dependency_links.txt
[7.787s] writing entry points to pythonDriving.egg-info/entry_points.txt
[7.788s] writing requirements to pythonDriving.egg-info/requires.txt
[7.793s] writing top-level names to pythonDriving.egg-info/top_level.txt
[7.795s] writing manifest file 'pythonDriving.egg-info/SOURCES.txt'
[7.795s] reading manifest file 'pythonDriving.egg-info/SOURCES.txt'
[7.800s] writing manifest file 'pythonDriving.egg-info/SOURCES.txt'
[7.809s] running build_ext
[7.810s] Creating /TestBotTeaching/install/pythonDriving/lib/python3.10/site-packages/pythonDriving.egg-link (link to .)
[7.816s] 
[7.816s] Installed /TestBotTeaching/build/pythonDriving
[7.817s] running symlink_data
[7.818s] creating /TestBotTeaching/install/pythonDriving/share/ament_index
[7.819s] creating /TestBotTeaching/install/pythonDriving/share/ament_index/resource_index
[7.822s] creating /TestBotTeaching/install/pythonDriving/share/ament_index/resource_index/packages
[7.824s] symbolically linking /TestBotTeaching/build/pythonDriving/resource/pythonDriving -> /TestBotTeaching/install/pythonDriving/share/ament_index/resource_index/packages
[7.826s] symbolically linking /TestBotTeaching/build/pythonDriving/package.xml -> /TestBotTeaching/install/pythonDriving/share/pythonDriving
[7.977s] Invoked command in '/TestBotTeaching/build/pythonDriving' returned '0': PYTHONPATH=/TestBotTeaching/build/pythonDriving/prefix_override:/usr/lib/python3/dist-packages/colcon_core/task/python/colcon_distutils_commands:/TestBotTeaching/install/pythonDriving/lib/python3.10/site-packages:${PYTHONPATH} /usr/bin/python3 -W ignore:setup.py install is deprecated setup.py develop --editable --build-directory /TestBotTeaching/build/pythonDriving/build --no-deps symlink_data
