[0.820s] DEBUG:colcon:Command line arguments: ['/usr/bin/colcon', 'build']
[0.821s] DEBUG:colcon:Parsed command line arguments: Namespace(log_base=None, log_level=None, verb_name='build', build_base='build', install_base='install', merge_install=False, symlink_install=False, test_result_base=None, continue_on_error=False, executor='parallel', parallel_workers=4, event_handlers=None, ignore_user_meta=False, metas=['./colcon.meta'], base_paths=['.'], packages_ignore=None, packages_ignore_regex=None, paths=None, packages_up_to=None, packages_up_to_regex=None, packages_above=None, packages_above_and_dependencies=None, packages_above_depth=None, packages_select_by_dep=None, packages_skip_by_dep=None, packages_skip_up_to=None, packages_select_build_failed=False, packages_skip_build_finished=False, packages_select_test_failures=False, packages_skip_test_passed=False, packages_select=None, packages_skip=None, packages_select_regex=None, packages_skip_regex=None, packages_start=None, packages_end=None, allow_overriding=[], cmake_args=None, cmake_target=None, cmake_target_skip_unavailable=False, cmake_clean_cache=False, cmake_clean_first=False, cmake_force_configure=False, ament_cmake_args=None, catkin_cmake_args=None, catkin_skip_building_tests=False, mixin_files=None, mixin=None, verb_parser=<colcon_mixin.mixin.mixin_argument.MixinArgumentDecorator object at 0xffff9f941ae0>, verb_extension=<colcon_core.verb.build.BuildVerb object at 0xffff9fa5e230>, main=<bound method BuildVerb.main of <colcon_core.verb.build.BuildVerb object at 0xffff9fa5e230>>, mixin_verb=('build',))
[1.964s] Level 1:colcon.colcon_core.package_discovery:discover_packages(colcon_meta) check parameters
[1.965s] Level 1:colcon.colcon_core.package_discovery:discover_packages(recursive) check parameters
[1.965s] Level 1:colcon.colcon_core.package_discovery:discover_packages(ignore) check parameters
[1.965s] Level 1:colcon.colcon_core.package_discovery:discover_packages(path) check parameters
[1.966s] Level 1:colcon.colcon_core.package_discovery:discover_packages(colcon_meta) discover
[1.966s] Level 1:colcon.colcon_core.package_discovery:discover_packages(recursive) discover
[1.966s] INFO:colcon.colcon_core.package_discovery:Crawling recursively for packages in '/home/astrobotics/TestBotTeaching'
[1.967s] Level 1:colcon.colcon_core.package_identification:_identify(.) by extensions ['ignore', 'ignore_ament_install']
[1.968s] Level 1:colcon.colcon_core.package_identification:_identify(.) by extension 'ignore'
[1.969s] Level 1:colcon.colcon_core.package_identification:_identify(.) by extension 'ignore_ament_install'
[1.970s] Level 1:colcon.colcon_core.package_identification:_identify(.) by extensions ['colcon_pkg']
[1.971s] Level 1:colcon.colcon_core.package_identification:_identify(.) by extension 'colcon_pkg'
[1.971s] Level 1:colcon.colcon_core.package_identification:_identify(.) by extensions ['colcon_meta']
[1.972s] Level 1:colcon.colcon_core.package_identification:_identify(.) by extension 'colcon_meta'
[1.972s] Level 1:colcon.colcon_core.package_identification:_identify(.) by extensions ['ros']
[1.972s] Level 1:colcon.colcon_core.package_identification:_identify(.) by extension 'ros'
[2.039s] Level 1:colcon.colcon_core.package_identification:_identify(.) by extensions ['cmake', 'python']
[2.040s] Level 1:colcon.colcon_core.package_identification:_identify(.) by extension 'cmake'
[2.040s] Level 1:colcon.colcon_core.package_identification:_identify(.) by extension 'python'
[2.040s] Level 1:colcon.colcon_core.package_identification:_identify(.) by extensions ['python_setup_py']
[2.040s] Level 1:colcon.colcon_core.package_identification:_identify(.) by extension 'python_setup_py'
[2.041s] Level 1:colcon.colcon_core.package_identification:_identify(build) by extensions ['ignore', 'ignore_ament_install']
[2.041s] Level 1:colcon.colcon_core.package_identification:_identify(build) by extension 'ignore'
[2.042s] Level 1:colcon.colcon_core.package_identification:_identify(build) ignored
[2.042s] Level 1:colcon.colcon_core.package_identification:_identify(drivetrain) by extensions ['ignore', 'ignore_ament_install']
[2.043s] Level 1:colcon.colcon_core.package_identification:_identify(drivetrain) by extension 'ignore'
[2.043s] Level 1:colcon.colcon_core.package_identification:_identify(drivetrain) by extension 'ignore_ament_install'
[2.043s] Level 1:colcon.colcon_core.package_identification:_identify(drivetrain) by extensions ['colcon_pkg']
[2.043s] Level 1:colcon.colcon_core.package_identification:_identify(drivetrain) by extension 'colcon_pkg'
[2.044s] Level 1:colcon.colcon_core.package_identification:_identify(drivetrain) by extensions ['colcon_meta']
[2.044s] Level 1:colcon.colcon_core.package_identification:_identify(drivetrain) by extension 'colcon_meta'
[2.044s] Level 1:colcon.colcon_core.package_identification:_identify(drivetrain) by extensions ['ros']
[2.044s] Level 1:colcon.colcon_core.package_identification:_identify(drivetrain) by extension 'ros'
[2.056s] DEBUG:colcon.colcon_core.package_identification:Package 'drivetrain' with type 'ros.ament_cmake' and name 'drivetrain'
[2.057s] Level 1:colcon.colcon_core.package_identification:_identify(install) by extensions ['ignore', 'ignore_ament_install']
[2.057s] Level 1:colcon.colcon_core.package_identification:_identify(install) by extension 'ignore'
[2.057s] Level 1:colcon.colcon_core.package_identification:_identify(install) ignored
[2.060s] Level 1:colcon.colcon_core.package_identification:_identify(log) by extensions ['ignore', 'ignore_ament_install']
[2.060s] Level 1:colcon.colcon_core.package_identification:_identify(log) by extension 'ignore'
[2.061s] Level 1:colcon.colcon_core.package_identification:_identify(log) ignored
[2.061s] Level 1:colcon.colcon_core.package_identification:_identify(pythonDriving) by extensions ['ignore', 'ignore_ament_install']
[2.062s] Level 1:colcon.colcon_core.package_identification:_identify(pythonDriving) by extension 'ignore'
[2.062s] Level 1:colcon.colcon_core.package_identification:_identify(pythonDriving) by extension 'ignore_ament_install'
[2.062s] Level 1:colcon.colcon_core.package_identification:_identify(pythonDriving) by extensions ['colcon_pkg']
[2.062s] Level 1:colcon.colcon_core.package_identification:_identify(pythonDriving) by extension 'colcon_pkg'
[2.063s] Level 1:colcon.colcon_core.package_identification:_identify(pythonDriving) by extensions ['colcon_meta']
[2.063s] Level 1:colcon.colcon_core.package_identification:_identify(pythonDriving) by extension 'colcon_meta'
[2.063s] Level 1:colcon.colcon_core.package_identification:_identify(pythonDriving) by extensions ['ros']
[2.063s] Level 1:colcon.colcon_core.package_identification:_identify(pythonDriving) by extension 'ros'
[2.066s] DEBUG:colcon.colcon_core.package_identification:Package 'pythonDriving' with type 'ros.ament_python' and name 'pythonDriving'
[2.067s] Level 1:colcon.colcon_core.package_discovery:discover_packages(recursive) using defaults
[2.067s] Level 1:colcon.colcon_core.package_discovery:discover_packages(ignore) discover
[2.067s] Level 1:colcon.colcon_core.package_discovery:discover_packages(ignore) using defaults
[2.068s] Level 1:colcon.colcon_core.package_discovery:discover_packages(path) discover
[2.068s] Level 1:colcon.colcon_core.package_discovery:discover_packages(path) using defaults
[2.187s] Level 1:colcon.colcon_core.package_discovery:discover_packages(prefix_path) check parameters
[2.188s] Level 1:colcon.colcon_core.package_discovery:discover_packages(prefix_path) discover
[2.251s] DEBUG:colcon.colcon_installed_package_information.package_discovery:Found 270 installed packages in /opt/ros/humble
[2.258s] Level 1:colcon.colcon_core.package_discovery:discover_packages(prefix_path) using defaults
[2.488s] Level 5:colcon.colcon_core.verb:set package 'drivetrain' build argument 'cmake_args' from command line to 'None'
[2.489s] Level 5:colcon.colcon_core.verb:set package 'drivetrain' build argument 'cmake_target' from command line to 'None'
[2.489s] Level 5:colcon.colcon_core.verb:set package 'drivetrain' build argument 'cmake_target_skip_unavailable' from command line to 'False'
[2.489s] Level 5:colcon.colcon_core.verb:set package 'drivetrain' build argument 'cmake_clean_cache' from command line to 'False'
[2.489s] Level 5:colcon.colcon_core.verb:set package 'drivetrain' build argument 'cmake_clean_first' from command line to 'False'
[2.489s] Level 5:colcon.colcon_core.verb:set package 'drivetrain' build argument 'cmake_force_configure' from command line to 'False'
[2.489s] Level 5:colcon.colcon_core.verb:set package 'drivetrain' build argument 'ament_cmake_args' from command line to 'None'
[2.490s] Level 5:colcon.colcon_core.verb:set package 'drivetrain' build argument 'catkin_cmake_args' from command line to 'None'
[2.490s] Level 5:colcon.colcon_core.verb:set package 'drivetrain' build argument 'catkin_skip_building_tests' from command line to 'False'
[2.490s] DEBUG:colcon.colcon_core.verb:Building package 'drivetrain' with the following arguments: {'ament_cmake_args': None, 'build_base': '/home/astrobotics/TestBotTeaching/build/drivetrain', 'catkin_cmake_args': None, 'catkin_skip_building_tests': False, 'cmake_args': None, 'cmake_clean_cache': False, 'cmake_clean_first': False, 'cmake_force_configure': False, 'cmake_target': None, 'cmake_target_skip_unavailable': False, 'install_base': '/home/astrobotics/TestBotTeaching/install/drivetrain', 'merge_install': False, 'path': '/home/astrobotics/TestBotTeaching/drivetrain', 'symlink_install': False, 'test_result_base': None}
[2.492s] Level 5:colcon.colcon_core.verb:set package 'pythonDriving' build argument 'cmake_args' from command line to 'None'
[2.492s] Level 5:colcon.colcon_core.verb:set package 'pythonDriving' build argument 'cmake_target' from command line to 'None'
[2.492s] Level 5:colcon.colcon_core.verb:set package 'pythonDriving' build argument 'cmake_target_skip_unavailable' from command line to 'False'
[2.492s] Level 5:colcon.colcon_core.verb:set package 'pythonDriving' build argument 'cmake_clean_cache' from command line to 'False'
[2.492s] Level 5:colcon.colcon_core.verb:set package 'pythonDriving' build argument 'cmake_clean_first' from command line to 'False'
[2.492s] Level 5:colcon.colcon_core.verb:set package 'pythonDriving' build argument 'cmake_force_configure' from command line to 'False'
[2.493s] Level 5:colcon.colcon_core.verb:set package 'pythonDriving' build argument 'ament_cmake_args' from command line to 'None'
[2.493s] Level 5:colcon.colcon_core.verb:set package 'pythonDriving' build argument 'catkin_cmake_args' from command line to 'None'
[2.493s] Level 5:colcon.colcon_core.verb:set package 'pythonDriving' build argument 'catkin_skip_building_tests' from command line to 'False'
[2.493s] DEBUG:colcon.colcon_core.verb:Building package 'pythonDriving' with the following arguments: {'ament_cmake_args': None, 'build_base': '/home/astrobotics/TestBotTeaching/build/pythonDriving', 'catkin_cmake_args': None, 'catkin_skip_building_tests': False, 'cmake_args': None, 'cmake_clean_cache': False, 'cmake_clean_first': False, 'cmake_force_configure': False, 'cmake_target': None, 'cmake_target_skip_unavailable': False, 'install_base': '/home/astrobotics/TestBotTeaching/install/pythonDriving', 'merge_install': False, 'path': '/home/astrobotics/TestBotTeaching/pythonDriving', 'symlink_install': False, 'test_result_base': None}
[2.494s] INFO:colcon.colcon_core.executor:Executing jobs using 'parallel' executor
[2.498s] DEBUG:colcon.colcon_parallel_executor.executor.parallel:run_until_complete
[2.499s] INFO:colcon.colcon_ros.task.ament_cmake.build:Building ROS package in '/home/astrobotics/TestBotTeaching/drivetrain' with build type 'ament_cmake'
[2.500s] INFO:colcon.colcon_cmake.task.cmake.build:Building CMake package in '/home/astrobotics/TestBotTeaching/drivetrain'
[2.511s] INFO:colcon.colcon_core.plugin_system:Skipping extension 'colcon_core.shell.bat': Not used on non-Windows systems
[2.513s] INFO:colcon.colcon_core.shell:Skip shell extension 'powershell' for command environment: Not usable outside of PowerShell
[2.513s] DEBUG:colcon.colcon_core.shell:Skip shell extension 'dsv' for command environment
[2.533s] INFO:colcon.colcon_ros.task.ament_python.build:Building ROS package in '/home/astrobotics/TestBotTeaching/pythonDriving' with build type 'ament_python'
[2.534s] Level 1:colcon.colcon_core.shell:create_environment_hook('pythonDriving', 'ament_prefix_path')
[2.536s] INFO:colcon.colcon_core.shell:Creating environment hook '/home/astrobotics/TestBotTeaching/install/pythonDriving/share/pythonDriving/hook/ament_prefix_path.ps1'
[2.543s] INFO:colcon.colcon_core.shell:Creating environment descriptor '/home/astrobotics/TestBotTeaching/install/pythonDriving/share/pythonDriving/hook/ament_prefix_path.dsv'
[2.546s] INFO:colcon.colcon_core.shell:Creating environment hook '/home/astrobotics/TestBotTeaching/install/pythonDriving/share/pythonDriving/hook/ament_prefix_path.sh'
[2.552s] INFO:colcon.colcon_core.shell:Skip shell extension 'powershell' for command environment: Not usable outside of PowerShell
[2.553s] DEBUG:colcon.colcon_core.shell:Skip shell extension 'dsv' for command environment
[2.590s] DEBUG:colcon.colcon_core.event_handler.log_command:Invoking command in '/home/astrobotics/TestBotTeaching/build/drivetrain': CMAKE_PREFIX_PATH=/opt/ros/humble /usr/bin/cmake /home/astrobotics/TestBotTeaching/drivetrain -DCMAKE_INSTALL_PREFIX=/home/astrobotics/TestBotTeaching/install/drivetrain
[4.695s] INFO:colcon.colcon_core.task.python.build:Building Python package in '/home/astrobotics/TestBotTeaching/pythonDriving'
[4.696s] INFO:colcon.colcon_core.shell:Skip shell extension 'powershell' for command environment: Not usable outside of PowerShell
[4.696s] DEBUG:colcon.colcon_core.shell:Skip shell extension 'dsv' for command environment
[7.425s] DEBUG:colcon.colcon_core.event_handler.log_command:Invoking command in '/home/astrobotics/TestBotTeaching/pythonDriving': PYTHONPATH=/home/astrobotics/TestBotTeaching/build/pythonDriving/prefix_override:/usr/lib/python3/dist-packages/colcon_core/task/python/colcon_distutils_commands:/home/astrobotics/TestBotTeaching/install/pythonDriving/lib/python3.10/site-packages:${PYTHONPATH} /usr/bin/python3 -W ignore:setup.py install is deprecated setup.py egg_info --egg-base ../build/pythonDriving build --build-base /home/astrobotics/TestBotTeaching/build/pythonDriving/build install --record /home/astrobotics/TestBotTeaching/build/pythonDriving/install.log --single-version-externally-managed install_data
[9.511s] DEBUG:colcon.colcon_core.event_handler.log_command:Invoked command in '/home/astrobotics/TestBotTeaching/pythonDriving' returned '1': PYTHONPATH=/home/astrobotics/TestBotTeaching/build/pythonDriving/prefix_override:/usr/lib/python3/dist-packages/colcon_core/task/python/colcon_distutils_commands:/home/astrobotics/TestBotTeaching/install/pythonDriving/lib/python3.10/site-packages:${PYTHONPATH} /usr/bin/python3 -W ignore:setup.py install is deprecated setup.py egg_info --egg-base ../build/pythonDriving build --build-base /home/astrobotics/TestBotTeaching/build/pythonDriving/build install --record /home/astrobotics/TestBotTeaching/build/pythonDriving/install.log --single-version-externally-managed install_data
[13.837s] DEBUG:colcon.colcon_parallel_executor.executor.parallel:closing loop
[13.839s] DEBUG:colcon.colcon_parallel_executor.executor.parallel:loop closed
[13.840s] DEBUG:colcon.colcon_parallel_executor.executor.parallel:run_until_complete finished with '1'
[13.841s] DEBUG:colcon.colcon_core.event_reactor:joining thread
[13.875s] INFO:colcon.colcon_core.plugin_system:Skipping extension 'colcon_notification.desktop_notification.terminal_notifier': Not used on non-Darwin systems
[13.875s] INFO:colcon.colcon_core.plugin_system:Skipping extension 'colcon_notification.desktop_notification.win32': Not used on non-Windows systems
[13.876s] INFO:colcon.colcon_notification.desktop_notification:Sending desktop notification using 'notify2'
[13.939s] DEBUG:colcon.colcon_core.event_reactor:joined thread
[13.941s] INFO:colcon.colcon_core.shell:Creating prefix script '/home/astrobotics/TestBotTeaching/install/local_setup.ps1'
[13.946s] INFO:colcon.colcon_core.shell:Creating prefix util module '/home/astrobotics/TestBotTeaching/install/_local_setup_util_ps1.py'
[13.955s] INFO:colcon.colcon_core.shell:Creating prefix chain script '/home/astrobotics/TestBotTeaching/install/setup.ps1'
[13.962s] INFO:colcon.colcon_core.shell:Creating prefix script '/home/astrobotics/TestBotTeaching/install/local_setup.sh'
[13.967s] INFO:colcon.colcon_core.shell:Creating prefix util module '/home/astrobotics/TestBotTeaching/install/_local_setup_util_sh.py'
[13.972s] INFO:colcon.colcon_core.shell:Creating prefix chain script '/home/astrobotics/TestBotTeaching/install/setup.sh'
[13.979s] INFO:colcon.colcon_core.shell:Creating prefix script '/home/astrobotics/TestBotTeaching/install/local_setup.bash'
[13.983s] INFO:colcon.colcon_core.shell:Creating prefix chain script '/home/astrobotics/TestBotTeaching/install/setup.bash'
[13.989s] INFO:colcon.colcon_core.shell:Creating prefix script '/home/astrobotics/TestBotTeaching/install/local_setup.zsh'
[13.993s] INFO:colcon.colcon_core.shell:Creating prefix chain script '/home/astrobotics/TestBotTeaching/install/setup.zsh'
