[0.106s] Invoking command in '/Testbot_ws/build/drivetrain': CMAKE_PREFIX_PATH=/opt/ros/humble /usr/bin/cmake /Testbot_ws/drivetrain -DCMAKE_INSTALL_PREFIX=/Testbot_ws/install/drivetrain
[1.670s] -- The C compiler identification is GNU 11.4.0
[2.450s] -- The CXX compiler identification is GNU 11.4.0
[2.507s] -- Detecting C compiler ABI info
[2.946s] -- Detecting C compiler ABI info - done
[2.977s] -- Check for working C compiler: /usr/bin/cc - skipped
[2.981s] -- Detecting C compile features
[2.985s] -- Detecting C compile features - done
[3.003s] -- Detecting CXX compiler ABI info
[3.423s] -- Detecting CXX compiler ABI info - done
[3.455s] -- Check for working CXX compiler: /usr/bin/c++ - skipped
[3.456s] -- Detecting CXX compile features
[3.458s] -- Detecting CXX compile features - done
[3.496s] -- Found ament_cmake: 1.3.10 (/opt/ros/humble/share/ament_cmake/cmake)
[4.231s] -- Found Python3: /usr/bin/python3 (found version "3.10.12") found components: Interpreter 
[5.506s] -- Found rclcpp: 16.0.10 (/opt/ros/humble/share/rclcpp/cmake)
[5.910s] -- Found rosidl_generator_c: 3.1.5 (/opt/ros/humble/share/rosidl_generator_c/cmake)
[5.962s] -- Found rosidl_adapter: 3.1.5 (/opt/ros/humble/share/rosidl_adapter/cmake)
[6.043s] -- Found rosidl_generator_cpp: 3.1.5 (/opt/ros/humble/share/rosidl_generator_cpp/cmake)
[6.156s] -- Using all available rosidl_typesupport_c: rosidl_typesupport_fastrtps_c;rosidl_typesupport_introspection_c
[6.295s] -- Using all available rosidl_typesupport_cpp: rosidl_typesupport_fastrtps_cpp;rosidl_typesupport_introspection_cpp
[6.718s] -- Found rmw_implementation_cmake: 6.1.2 (/opt/ros/humble/share/rmw_implementation_cmake/cmake)
[6.750s] -- Found rmw_fastrtps_cpp: 6.2.7 (/opt/ros/humble/share/rmw_fastrtps_cpp/cmake)
[7.371s] -- Found OpenSSL: /usr/lib/aarch64-linux-gnu/libcrypto.so (found version "3.0.2")  
[7.496s] -- Found FastRTPS: /opt/ros/humble/include  
[7.707s] -- Using RMW implementation 'rmw_fastrtps_cpp' as default
[7.795s] -- Looking for pthread.h
[8.231s] -- Looking for pthread.h - found
[8.234s] -- Performing Test CMAKE_HAVE_LIBC_PTHREAD
[8.638s] -- Performing Test CMAKE_HAVE_LIBC_PTHREAD - Success
[8.645s] -- Found Threads: TRUE  
[9.072s] -- Found sensor_msgs: 4.2.4 (/opt/ros/humble/share/sensor_msgs/cmake)
[9.304s] -- Found ament_lint_auto: 0.12.11 (/opt/ros/humble/share/ament_lint_auto/cmake)
[9.818s] -- Added test 'cppcheck' to perform static code analysis on C / C++ code
[9.818s] -- Configured cppcheck include dirs: 
[9.819s] -- Configured cppcheck exclude dirs and/or files: 
[9.824s] -- Added test 'lint_cmake' to check CMake code style
[9.833s] -- Added test 'uncrustify' to check C / C++ code style
[9.834s] -- Configured uncrustify additional arguments: 
[9.837s] -- Added test 'xmllint' to check XML markup files
[9.850s] -- Configuring done
[9.888s] [31mCMake Error at CMakeLists.txt:16 (add_executable):
[9.888s]   Cannot find source file:
[9.889s] 
[9.889s]     /TestBotTeaching/drivetrain/src/drivesub.cpp
[9.889s] 
[9.890s]   Tried extensions .c .C .c++ .cc .cpp .cxx .cu .mpp .m .M .mm .ixx .cppm .h
[9.890s]   .hh .h++ .hm .hpp .hxx .in .txx .f .F .for .f77 .f90 .f95 .f03 .hip .ispc
[9.890s] 
[9.891s] [0m
[9.892s] [31mCMake Error at CMakeLists.txt:16 (add_executable):
[9.893s]   No SOURCES given to target: drivetrainNode
[9.893s] 
[9.894s] [0m
[9.895s] [0mCMake Generate step failed.  Build files cannot be regenerated correctly.[0m
[9.929s] Invoked command in '/Testbot_ws/build/drivetrain' returned '1': CMAKE_PREFIX_PATH=/opt/ros/humble /usr/bin/cmake /Testbot_ws/drivetrain -DCMAKE_INSTALL_PREFIX=/Testbot_ws/install/drivetrain
