[3.779s] Invoking command in '/TestBotTeaching/build/pythonDriving': PYTHONPATH=/TestBotTeaching/build/pythonDriving/prefix_override:/usr/lib/python3/dist-packages/colcon_core/task/python/colcon_distutils_commands:/TestBotTeaching/install/pythonDriving/lib/python3.10/site-packages:${PYTHONPATH} /usr/bin/python3 -W ignore:setup.py install is deprecated setup.py develop --uninstall --editable --build-directory /TestBotTeaching/build/pythonDriving/build
[5.469s] running develop
[5.471s] /usr/lib/python3/dist-packages/setuptools/command/easy_install.py:158: EasyInstallDeprecationWarning: easy_install command is deprecated. Use build and pip and other standards-based tools.
[5.471s]   warnings.warn(
[6.311s] Removing /TestBotTeaching/install/pythonDriving/lib/python3.10/site-packages/pythonDriving.egg-link (link to .)
[6.445s] Invoked command in '/TestBotTeaching/build/pythonDriving' returned '0': PYTHONPATH=/TestBotTeaching/build/pythonDriving/prefix_override:/usr/lib/python3/dist-packages/colcon_core/task/python/colcon_distutils_commands:/TestBotTeaching/install/pythonDriving/lib/python3.10/site-packages:${PYTHONPATH} /usr/bin/python3 -W ignore:setup.py install is deprecated setup.py develop --uninstall --editable --build-directory /TestBotTeaching/build/pythonDriving/build
[6.455s] Invoking command in '/TestBotTeaching/pythonDriving': PYTHONPATH=/TestBotTeaching/build/pythonDriving/prefix_override:/usr/lib/python3/dist-packages/colcon_core/task/python/colcon_distutils_commands:/TestBotTeaching/install/pythonDriving/lib/python3.10/site-packages:${PYTHONPATH} /usr/bin/python3 -W ignore:setup.py install is deprecated setup.py egg_info --egg-base ../build/pythonDriving build --build-base /TestBotTeaching/build/pythonDriving/build install --record /TestBotTeaching/build/pythonDriving/install.log --single-version-externally-managed install_data --force
[7.776s] running egg_info
[7.781s] writing ../build/pythonDriving/pythonDriving.egg-info/PKG-INFO
[7.782s] writing dependency_links to ../build/pythonDriving/pythonDriving.egg-info/dependency_links.txt
[7.784s] writing entry points to ../build/pythonDriving/pythonDriving.egg-info/entry_points.txt
[7.786s] writing requirements to ../build/pythonDriving/pythonDriving.egg-info/requires.txt
[7.787s] writing top-level names to ../build/pythonDriving/pythonDriving.egg-info/top_level.txt
[7.796s] reading manifest file '../build/pythonDriving/pythonDriving.egg-info/SOURCES.txt'
[7.800s] writing manifest file '../build/pythonDriving/pythonDriving.egg-info/SOURCES.txt'
[7.801s] running build
[7.802s] running build_py
[7.803s] creating /TestBotTeaching/build/pythonDriving/build
[7.804s] creating /TestBotTeaching/build/pythonDriving/build/lib
[7.804s] creating /TestBotTeaching/build/pythonDriving/build/lib/pythonDriving
[7.805s] copying pythonDriving/__init__.py -> /TestBotTeaching/build/pythonDriving/build/lib/pythonDriving
[7.805s] running install
[7.806s] running install_lib
[7.811s] creating /TestBotTeaching/install/pythonDriving/lib/python3.10/site-packages/pythonDriving
[7.811s] copying /TestBotTeaching/build/pythonDriving/build/lib/pythonDriving/__init__.py -> /TestBotTeaching/install/pythonDriving/lib/python3.10/site-packages/pythonDriving
[7.815s] byte-compiling /TestBotTeaching/install/pythonDriving/lib/python3.10/site-packages/pythonDriving/__init__.py to __init__.cpython-310.pyc
[7.818s] running install_data
[7.818s] copying resource/pythonDriving -> /TestBotTeaching/install/pythonDriving/share/ament_index/resource_index/packages
[7.819s] copying package.xml -> /TestBotTeaching/install/pythonDriving/share/pythonDriving
[7.820s] running install_egg_info
[7.828s] Copying ../build/pythonDriving/pythonDriving.egg-info to /TestBotTeaching/install/pythonDriving/lib/python3.10/site-packages/pythonDriving-0.0.0-py3.10.egg-info
[7.835s] running install_scripts
[7.931s] Installing name script to /TestBotTeaching/install/pythonDriving/lib/pythonDriving
[7.933s] writing list of installed files to '/TestBotTeaching/build/pythonDriving/install.log'
[8.061s] Invoked command in '/TestBotTeaching/pythonDriving' returned '0': PYTHONPATH=/TestBotTeaching/build/pythonDriving/prefix_override:/usr/lib/python3/dist-packages/colcon_core/task/python/colcon_distutils_commands:/TestBotTeaching/install/pythonDriving/lib/python3.10/site-packages:${PYTHONPATH} /usr/bin/python3 -W ignore:setup.py install is deprecated setup.py egg_info --egg-base ../build/pythonDriving build --build-base /TestBotTeaching/build/pythonDriving/build install --record /TestBotTeaching/build/pythonDriving/install.log --single-version-externally-managed install_data --force
