[0.068s] Invoking command in '/home/astrobotics/TestBotTeaching/build/drivetrain': CMAKE_PREFIX_PATH=/opt/ros/humble /usr/bin/cmake /home/astrobotics/TestBotTeaching/drivetrain -DCMAKE_INSTALL_PREFIX=/home/astrobotics/TestBotTeaching/install/drivetrain
[0.396s] -- The C compiler identification is GNU 11.4.0
[0.695s] -- The CXX compiler identification is GNU 11.4.0
[0.734s] -- Detecting C compiler ABI info
[1.245s] -- Detecting C compiler ABI info - done
[1.282s] -- Check for working C compiler: /usr/bin/cc - skipped
[1.284s] -- Detecting C compile features
[1.286s] -- Detecting C compile features - done
[1.303s] -- Detecting CXX compiler ABI info
[1.725s] -- Detecting CXX compiler ABI info - done
[1.758s] -- Check for working CXX compiler: /usr/bin/c++ - skipped
[1.759s] -- Detecting CXX compile features
[1.761s] -- Detecting CXX compile features - done
[1.787s] -- Found ament_cmake: 1.3.10 (/opt/ros/humble/share/ament_cmake/cmake)
[2.502s] -- Found Python3: /usr/bin/python3 (found version "3.10.12") found components: Interpreter 
[3.104s] -- Found rclcpp: 16.0.10 (/opt/ros/humble/share/rclcpp/cmake)
[3.527s] -- Found rosidl_generator_c: 3.1.5 (/opt/ros/humble/share/rosidl_generator_c/cmake)
[3.580s] -- Found rosidl_adapter: 3.1.5 (/opt/ros/humble/share/rosidl_adapter/cmake)
[3.664s] -- Found rosidl_generator_cpp: 3.1.5 (/opt/ros/humble/share/rosidl_generator_cpp/cmake)
[3.789s] -- Using all available rosidl_typesupport_c: rosidl_typesupport_fastrtps_c;rosidl_typesupport_introspection_c
[3.950s] -- Using all available rosidl_typesupport_cpp: rosidl_typesupport_fastrtps_cpp;rosidl_typesupport_introspection_cpp
[4.270s] -- Found rmw_implementation_cmake: 6.1.2 (/opt/ros/humble/share/rmw_implementation_cmake/cmake)
[4.293s] -- Found rmw_fastrtps_cpp: 6.2.7 (/opt/ros/humble/share/rmw_fastrtps_cpp/cmake)
[4.789s] -- Found OpenSSL: /usr/lib/aarch64-linux-gnu/libcrypto.so (found version "3.0.2")  
[4.913s] -- Found FastRTPS: /opt/ros/humble/include  
[5.123s] -- Using RMW implementation 'rmw_fastrtps_cpp' as default
[5.196s] -- Looking for pthread.h
[5.594s] -- Looking for pthread.h - found
[5.596s] -- Performing Test CMAKE_HAVE_LIBC_PTHREAD
[6.003s] -- Performing Test CMAKE_HAVE_LIBC_PTHREAD - Success
[6.009s] -- Found Threads: TRUE  
[6.320s] -- Found sensor_msgs: 4.2.4 (/opt/ros/humble/share/sensor_msgs/cmake)
[6.513s] -- Found ament_lint_auto: 0.12.11 (/opt/ros/humble/share/ament_lint_auto/cmake)
[6.998s] -- Added test 'cppcheck' to perform static code analysis on C / C++ code
[6.999s] -- Configured cppcheck include dirs: 
[6.999s] -- Configured cppcheck exclude dirs and/or files: 
[7.004s] -- Added test 'lint_cmake' to check CMake code style
[7.012s] -- Added test 'uncrustify' to check C / C++ code style
[7.012s] -- Configured uncrustify additional arguments: 
[7.015s] -- Added test 'xmllint' to check XML markup files
[7.024s] -- Configuring done
[7.058s] [31mCMake Error at CMakeLists.txt:16 (add_executable):
[7.058s]   Cannot find source file:
[7.059s] 
[7.059s]     /TestBotTeaching/drivetrain/src/drivesub.cpp
[7.060s] 
[7.060s]   Tried extensions .c .C .c++ .cc .cpp .cxx .cu .mpp .m .M .mm .ixx .cppm .h
[7.061s]   .hh .h++ .hm .hpp .hxx .in .txx .f .F .for .f77 .f90 .f95 .f03 .hip .ispc
[7.061s] 
[7.061s] [0m
[7.063s] [31mCMake Error at CMakeLists.txt:16 (add_executable):
[7.063s]   No SOURCES given to target: drivetrainNode
[7.064s] 
[7.065s] [0m
[7.065s] [0mCMake Generate step failed.  Build files cannot be regenerated correctly.[0m
[7.095s] Invoked command in '/home/astrobotics/TestBotTeaching/build/drivetrain' returned '1': CMAKE_PREFIX_PATH=/opt/ros/humble /usr/bin/cmake /home/astrobotics/TestBotTeaching/drivetrain -DCMAKE_INSTALL_PREFIX=/home/astrobotics/TestBotTeaching/install/drivetrain
