running egg_info
creating ../build/pythonDriving/pythonDriving.egg-info
writing ../build/pythonDriving/pythonDriving.egg-info/PKG-INFO
writing dependency_links to ../build/pythonDriving/pythonDriving.egg-info/dependency_links.txt
writing entry points to ../build/pythonDriving/pythonDriving.egg-info/entry_points.txt
writing requirements to ../build/pythonDriving/pythonDriving.egg-info/requires.txt
writing top-level names to ../build/pythonDriving/pythonDriving.egg-info/top_level.txt
writing manifest file '../build/pythonDriving/pythonDriving.egg-info/SOURCES.txt'
reading manifest file '../build/pythonDriving/pythonDriving.egg-info/SOURCES.txt'
writing manifest file '../build/pythonDriving/pythonDriving.egg-info/SOURCES.txt'
running build
running build_py
creating /home/astrobotics/TestBotTeaching/build/pythonDriving/build
creating /home/astrobotics/TestBotTeaching/build/pythonDriving/build/lib
creating /home/astrobotics/TestBotTeaching/build/pythonDriving/build/lib/pythonDriving
copying pythonDriving/pythonDriving.py -> /home/astrobotics/TestBotTeaching/build/pythonDriving/build/lib/pythonDriving
copying pythonDriving/__init__.py -> /home/astrobotics/TestBotTeaching/build/pythonDriving/build/lib/pythonDriving
running install
running install_lib
creating /home/astrobotics/TestBotTeaching/install/pythonDriving/lib/python3.10/site-packages/pythonDriving
copying /home/astrobotics/TestBotTeaching/build/pythonDriving/build/lib/pythonDriving/pythonDriving.py -> /home/astrobotics/TestBotTeaching/install/pythonDriving/lib/python3.10/site-packages/pythonDriving
copying /home/astrobotics/TestBotTeaching/build/pythonDriving/build/lib/pythonDriving/__init__.py -> /home/astrobotics/TestBotTeaching/install/pythonDriving/lib/python3.10/site-packages/pythonDriving
byte-compiling /home/astrobotics/TestBotTeaching/install/pythonDriving/lib/python3.10/site-packages/pythonDriving/pythonDriving.py to pythonDriving.cpython-310.pyc
byte-compiling /home/astrobotics/TestBotTeaching/install/pythonDriving/lib/python3.10/site-packages/pythonDriving/__init__.py to __init__.cpython-310.pyc
running install_data
copying resource/pythonDriving -> /home/astrobotics/TestBotTeaching/install/pythonDriving/share/ament_index/resource_index/packages
error: could not create '/home/astrobotics/TestBotTeaching/install/pythonDriving/share/ament_index/resource_index/packages/pythonDriving': No such file or directory
