[0.515s] Invoking command in '/TestBotTeaching/build/micro_ros_raspberrypicosdk': /usr/bin/cmake /TestBotTeaching/micro_ros_working -DCATKIN_INSTALL_INTO_PREFIX_ROOT=0 -DCMAKE_INSTALL_PREFIX=/TestBotTeaching/install/micro_ros_raspberrypicosdk
[0.941s] [0mUsing master as default value for PICO_SDK_FETCH_FROM_GIT_TAG[0m
[1.039s] [0mDownloading Raspberry Pi Pico SDK[0m
[387.039s] [0mPICO_SDK_PATH is /TestBotTeaching/build/micro_ros_raspberrypicosdk/_deps/pico_sdk-src[0m
[387.060s] [0mDefaulting platform (PICO_PLATFORM) to 'rp2040' since not specified.[0m
[387.072s] [0mDefaulting target board (PICO_BOARD) to 'pico' since not specified.[0m
[387.091s] [0mUsing board configuration from /TestBotTeaching/build/micro_ros_raspberrypicosdk/_deps/pico_sdk-src/src/boards/include/boards/pico.h[0m
[387.092s] [0mPico Platform (PICO_PLATFORM) is 'rp2040'.[0m
[387.094s] -- Defaulting build type to 'Release' since not specified.
[387.100s] [0mDefaulting compiler (PICO_COMPILER) to 'pico_arm_cortex_m0plus_gcc' since not specified.[0m
[387.101s] [0mConfiguring toolchain based on PICO_COMPILER 'pico_arm_cortex_m0plus_gcc'[0m
[387.103s] [0mDefaulting PICO_GCC_TRIPLE to 'arm-none-eabi'[0m
[387.104s] [31mCMake Error at /TestBotTeaching/build/micro_ros_raspberrypicosdk/_deps/pico_sdk-src/cmake/preload/toolchains/util/find_compiler.cmake:29 (message):
[387.105s]   Compiler 'arm-none-eabi-gcc' not found, you can specify search path with
[387.107s]   "PICO_TOOLCHAIN_PATH".
[387.108s] Call Stack (most recent call first):
[387.110s]   /TestBotTeaching/build/micro_ros_raspberrypicosdk/_deps/pico_sdk-src/cmake/preload/toolchains/util/find_compiler.cmake:39 (pico_find_compiler)
[387.111s]   /TestBotTeaching/build/micro_ros_raspberrypicosdk/_deps/pico_sdk-src/cmake/preload/toolchains/util/pico_arm_gcc_common.cmake:25 (pico_find_compiler_with_triples)
[387.112s]   /TestBotTeaching/build/micro_ros_raspberrypicosdk/_deps/pico_sdk-src/cmake/preload/toolchains/pico_arm_cortex_m0plus_gcc.cmake:7 (include)
[387.113s]   /usr/share/cmake-3.22/Modules/CMakeDetermineSystem.cmake:124 (include)
[387.118s]   CMakeLists.txt:11 (project)
[387.119s] 
[387.120s] [0m
[387.121s] [0mCMake Error: CMake was unable to find a build program corresponding to "Unix Makefiles".  CMAKE_MAKE_PROGRAM is not set.  You probably need to select a different build tool.[0m
[387.123s] [0mCMake Error: CMAKE_C_COMPILER not set, after EnableLanguage[0m
[387.124s] [0mCMake Error: CMAKE_CXX_COMPILER not set, after EnableLanguage[0m
[387.125s] [0mCMake Error: CMAKE_ASM_COMPILER not set, after EnableLanguage[0m
[387.128s] -- Configuring incomplete, errors occurred!
