[0.000000] (-) TimerEvent: {}
[0.007293] (drivetrain) JobQueued: {'identifier': 'drivetrain', 'dependencies': OrderedDict()}
[0.010684] (drivetrain) JobStarted: {'identifier': 'drivetrain'}
[0.083925] (-) TimerEvent: {}
[0.188976] (-) TimerEvent: {}
[0.196312] (drivetrain) JobProgress: {'identifier': 'drivetrain', 'progress': 'cmake'}
[0.207809] (drivetrain) Command: {'cmd': ['/usr/bin/cmake', '/TestBotTeaching/drivetrain', '-DAMENT_CMAKE_SYMLINK_INSTALL=1', '-DCMAKE_INSTALL_PREFIX=/TestBotTeaching/install/drivetrain'], 'cwd': '/TestBotTeaching/build/drivetrain', 'env': OrderedDict([('HOSTNAME', 'b36e5bd24e32'), ('SHLVL', '1'), ('LD_LIBRARY_PATH', '/opt/ros/humble/opt/rviz_ogre_vendor/lib:/opt/ros/humble/lib/aarch64-linux-gnu:/opt/ros/humble/lib'), ('HOME', '/home/astro-dev'), ('ROS_PYTHON_VERSION', '3'), ('ROS_DISTRO', 'humble'), ('_', '/usr/bin/colcon'), ('ROS_VERSION', '2'), ('TERM', 'xterm'), ('ROS_LOCALHOST_ONLY', '0'), ('PATH', '/opt/ros/humble/bin:/usr/local/sbin:/usr/local/bin:/usr/sbin:/usr/bin:/sbin:/bin'), ('LANG', 'C.UTF-8'), ('AMENT_PREFIX_PATH', '/opt/ros/humble'), ('PWD', '/TestBotTeaching/build/drivetrain'), ('LC_ALL', 'C.UTF-8'), ('PYTHONPATH', '/opt/ros/humble/lib/python3.10/site-packages:/opt/ros/humble/local/lib/python3.10/dist-packages'), ('COLCON', '1'), ('CMAKE_PREFIX_PATH', '/opt/ros/humble')]), 'shell': False}
[0.291929] (-) TimerEvent: {}
[0.401409] (-) TimerEvent: {}
[0.502435] (-) TimerEvent: {}
[0.603500] (-) TimerEvent: {}
[0.704801] (-) TimerEvent: {}
[0.807416] (-) TimerEvent: {}
[0.909385] (-) TimerEvent: {}
[1.011440] (-) TimerEvent: {}
[1.112883] (-) TimerEvent: {}
[1.188480] (drivetrain) StdoutLine: {'line': b'-- Found ament_cmake: 1.3.10 (/opt/ros/humble/share/ament_cmake/cmake)\n'}
[1.213254] (-) TimerEvent: {}
[1.316267] (-) TimerEvent: {}
[1.418208] (-) TimerEvent: {}
[1.520176] (-) TimerEvent: {}
[1.622365] (-) TimerEvent: {}
[1.728183] (-) TimerEvent: {}
[1.830555] (-) TimerEvent: {}
[1.933768] (-) TimerEvent: {}
[2.036605] (-) TimerEvent: {}
[2.163953] (-) TimerEvent: {}
[2.265169] (-) TimerEvent: {}
[2.374061] (-) TimerEvent: {}
[2.481054] (-) TimerEvent: {}
[2.583885] (-) TimerEvent: {}
[2.698606] (-) TimerEvent: {}
[2.804617] (-) TimerEvent: {}
[2.921059] (-) TimerEvent: {}
[3.030826] (-) TimerEvent: {}
[3.037644] (drivetrain) StdoutLine: {'line': b'-- Override CMake install command with custom implementation using symlinks instead of copying resources\n'}
[3.132760] (-) TimerEvent: {}
[3.235409] (-) TimerEvent: {}
[3.289890] (drivetrain) StdoutLine: {'line': b'-- Found rclcpp: 16.0.10 (/opt/ros/humble/share/rclcpp/cmake)\n'}
[3.337802] (-) TimerEvent: {}
[3.440050] (-) TimerEvent: {}
[3.545686] (-) TimerEvent: {}
[3.648533] (-) TimerEvent: {}
[3.771893] (-) TimerEvent: {}
[3.886690] (-) TimerEvent: {}
[3.911482] (drivetrain) StdoutLine: {'line': b'-- Found rosidl_generator_c: 3.1.5 (/opt/ros/humble/share/rosidl_generator_c/cmake)\n'}
[3.975678] (drivetrain) StdoutLine: {'line': b'-- Found rosidl_adapter: 3.1.5 (/opt/ros/humble/share/rosidl_adapter/cmake)\n'}
[3.986930] (-) TimerEvent: {}
[4.073055] (drivetrain) StdoutLine: {'line': b'-- Found rosidl_generator_cpp: 3.1.5 (/opt/ros/humble/share/rosidl_generator_cpp/cmake)\n'}
[4.087145] (-) TimerEvent: {}
[4.193349] (-) TimerEvent: {}
[4.258895] (drivetrain) StdoutLine: {'line': b'-- Using all available rosidl_typesupport_c: rosidl_typesupport_fastrtps_c;rosidl_typesupport_introspection_c\n'}
[4.296582] (-) TimerEvent: {}
[4.398546] (-) TimerEvent: {}
[4.492992] (drivetrain) StdoutLine: {'line': b'-- Using all available rosidl_typesupport_cpp: rosidl_typesupport_fastrtps_cpp;rosidl_typesupport_introspection_cpp\n'}
[4.498731] (-) TimerEvent: {}
[4.599914] (-) TimerEvent: {}
[4.701669] (-) TimerEvent: {}
[4.804358] (-) TimerEvent: {}
[4.908377] (-) TimerEvent: {}
[4.992758] (drivetrain) StdoutLine: {'line': b'-- Found rmw_implementation_cmake: 6.1.2 (/opt/ros/humble/share/rmw_implementation_cmake/cmake)\n'}
[5.012453] (-) TimerEvent: {}
[5.026085] (drivetrain) StdoutLine: {'line': b'-- Found rmw_fastrtps_cpp: 6.2.7 (/opt/ros/humble/share/rmw_fastrtps_cpp/cmake)\n'}
[5.114735] (-) TimerEvent: {}
[5.216357] (-) TimerEvent: {}
[5.318076] (-) TimerEvent: {}
[5.420689] (-) TimerEvent: {}
[5.522028] (-) TimerEvent: {}
[5.627818] (-) TimerEvent: {}
[5.729901] (-) TimerEvent: {}
[5.907017] (-) TimerEvent: {}
[6.018998] (-) TimerEvent: {}
[6.132021] (-) TimerEvent: {}
[6.233164] (-) TimerEvent: {}
[6.335147] (-) TimerEvent: {}
[6.437302] (-) TimerEvent: {}
[6.539563] (-) TimerEvent: {}
[6.641818] (-) TimerEvent: {}
[6.746720] (-) TimerEvent: {}
[6.851313] (-) TimerEvent: {}
[6.956734] (-) TimerEvent: {}
[7.025818] (drivetrain) StdoutLine: {'line': b"-- Using RMW implementation 'rmw_fastrtps_cpp' as default\n"}
[7.056943] (-) TimerEvent: {}
[7.160311] (-) TimerEvent: {}
[7.263814] (-) TimerEvent: {}
[7.365755] (-) TimerEvent: {}
[7.466753] (-) TimerEvent: {}
[7.570531] (-) TimerEvent: {}
[7.672741] (-) TimerEvent: {}
[7.774572] (-) TimerEvent: {}
[7.804816] (drivetrain) StdoutLine: {'line': b'-- Found sensor_msgs: 4.2.4 (/opt/ros/humble/share/sensor_msgs/cmake)\n'}
[7.874819] (-) TimerEvent: {}
[7.979878] (-) TimerEvent: {}
[8.093086] (-) TimerEvent: {}
[8.200290] (-) TimerEvent: {}
[8.256035] (drivetrain) StdoutLine: {'line': b'-- Found ament_lint_auto: 0.12.11 (/opt/ros/humble/share/ament_lint_auto/cmake)\n'}
[8.302564] (-) TimerEvent: {}
[8.414401] (-) TimerEvent: {}
[8.520790] (-) TimerEvent: {}
[8.622803] (-) TimerEvent: {}
[8.724597] (-) TimerEvent: {}
[8.825693] (-) TimerEvent: {}
[8.926781] (-) TimerEvent: {}
[9.027929] (-) TimerEvent: {}
[9.068512] (drivetrain) StdoutLine: {'line': b"-- Added test 'cppcheck' to perform static code analysis on C / C++ code\n"}
[9.071789] (drivetrain) StdoutLine: {'line': b'-- Configured cppcheck include dirs: \n'}
[9.078957] (drivetrain) StdoutLine: {'line': b'-- Configured cppcheck exclude dirs and/or files: \n'}
[9.094776] (drivetrain) StdoutLine: {'line': b"-- Added test 'lint_cmake' to check CMake code style\n"}
[9.109477] (drivetrain) StdoutLine: {'line': b"-- Added test 'uncrustify' to check C / C++ code style\n"}
[9.110555] (drivetrain) StdoutLine: {'line': b'-- Configured uncrustify additional arguments: \n'}
[9.115781] (drivetrain) StdoutLine: {'line': b"-- Added test 'xmllint' to check XML markup files\n"}
[9.128245] (-) TimerEvent: {}
[9.136685] (drivetrain) StdoutLine: {'line': b'-- Configuring done\n'}
[9.228640] (-) TimerEvent: {}
[9.326913] (drivetrain) StdoutLine: {'line': b'-- Generating done\n'}
[9.330492] (-) TimerEvent: {}
[9.345922] (drivetrain) StdoutLine: {'line': b'-- Build files have been written to: /TestBotTeaching/build/drivetrain\n'}
[9.449736] (drivetrain) CommandEnded: {'returncode': 0}
[9.453316] (-) TimerEvent: {}
[9.460933] (drivetrain) JobProgress: {'identifier': 'drivetrain', 'progress': 'build'}
[9.461412] (drivetrain) Command: {'cmd': ['/usr/bin/cmake', '--build', '/TestBotTeaching/build/drivetrain', '--', '-j4', '-l4'], 'cwd': '/TestBotTeaching/build/drivetrain', 'env': OrderedDict([('HOSTNAME', 'b36e5bd24e32'), ('SHLVL', '1'), ('LD_LIBRARY_PATH', '/opt/ros/humble/opt/rviz_ogre_vendor/lib:/opt/ros/humble/lib/aarch64-linux-gnu:/opt/ros/humble/lib'), ('HOME', '/home/astro-dev'), ('ROS_PYTHON_VERSION', '3'), ('ROS_DISTRO', 'humble'), ('_', '/usr/bin/colcon'), ('ROS_VERSION', '2'), ('TERM', 'xterm'), ('ROS_LOCALHOST_ONLY', '0'), ('PATH', '/opt/ros/humble/bin:/usr/local/sbin:/usr/local/bin:/usr/sbin:/usr/bin:/sbin:/bin'), ('LANG', 'C.UTF-8'), ('AMENT_PREFIX_PATH', '/opt/ros/humble'), ('PWD', '/TestBotTeaching/build/drivetrain'), ('LC_ALL', 'C.UTF-8'), ('PYTHONPATH', '/opt/ros/humble/lib/python3.10/site-packages:/opt/ros/humble/local/lib/python3.10/dist-packages'), ('COLCON', '1'), ('CMAKE_PREFIX_PATH', '/opt/ros/humble')]), 'shell': False}
[9.554225] (-) TimerEvent: {}
[9.667646] (-) TimerEvent: {}
[9.770334] (-) TimerEvent: {}
[9.841107] (drivetrain) StdoutLine: {'line': b'\x1b[35m\x1b[1mConsolidate compiler generated dependencies of target drivetrainNode\x1b[0m\n'}
[9.870488] (-) TimerEvent: {}
[9.971724] (-) TimerEvent: {}
[10.073608] (-) TimerEvent: {}
[10.174926] (-) TimerEvent: {}
[10.184431] (drivetrain) StdoutLine: {'line': b'[100%] Built target drivetrainNode\n'}
[10.267784] (drivetrain) CommandEnded: {'returncode': 0}
[10.277312] (-) TimerEvent: {}
[10.386198] (-) TimerEvent: {}
[10.497191] (-) TimerEvent: {}
[10.554429] (drivetrain) JobProgress: {'identifier': 'drivetrain', 'progress': 'install'}
[10.597514] (-) TimerEvent: {}
[10.623142] (drivetrain) Command: {'cmd': ['/usr/bin/cmake', '--install', '/TestBotTeaching/build/drivetrain'], 'cwd': '/TestBotTeaching/build/drivetrain', 'env': OrderedDict([('HOSTNAME', 'b36e5bd24e32'), ('SHLVL', '1'), ('LD_LIBRARY_PATH', '/opt/ros/humble/opt/rviz_ogre_vendor/lib:/opt/ros/humble/lib/aarch64-linux-gnu:/opt/ros/humble/lib'), ('HOME', '/home/astro-dev'), ('ROS_PYTHON_VERSION', '3'), ('ROS_DISTRO', 'humble'), ('_', '/usr/bin/colcon'), ('ROS_VERSION', '2'), ('TERM', 'xterm'), ('ROS_LOCALHOST_ONLY', '0'), ('PATH', '/opt/ros/humble/bin:/usr/local/sbin:/usr/local/bin:/usr/sbin:/usr/bin:/sbin:/bin'), ('LANG', 'C.UTF-8'), ('AMENT_PREFIX_PATH', '/opt/ros/humble'), ('PWD', '/TestBotTeaching/build/drivetrain'), ('LC_ALL', 'C.UTF-8'), ('PYTHONPATH', '/opt/ros/humble/lib/python3.10/site-packages:/opt/ros/humble/local/lib/python3.10/dist-packages'), ('COLCON', '1'), ('CMAKE_PREFIX_PATH', '/opt/ros/humble')]), 'shell': False}
[10.700371] (drivetrain) StdoutLine: {'line': b'-- Install configuration: ""\n'}
[10.701542] (-) TimerEvent: {}
[10.704676] (drivetrain) StdoutLine: {'line': b'-- Execute custom install script\n'}
[10.709529] (drivetrain) StdoutLine: {'line': b'-- Up-to-date symlink: /TestBotTeaching/install/drivetrain/lib/drivetrain/drivetrainNode\n'}
[10.712330] (drivetrain) StdoutLine: {'line': b'-- Up-to-date symlink: /TestBotTeaching/install/drivetrain/share/ament_index/resource_index/package_run_dependencies/drivetrain\n'}
[10.717244] (drivetrain) StdoutLine: {'line': b'-- Up-to-date symlink: /TestBotTeaching/install/drivetrain/share/ament_index/resource_index/parent_prefix_path/drivetrain\n'}
[10.726951] (drivetrain) StdoutLine: {'line': b'-- Up-to-date symlink: /TestBotTeaching/install/drivetrain/share/drivetrain/environment/ament_prefix_path.sh\n'}
[10.732826] (drivetrain) StdoutLine: {'line': b'-- Up-to-date symlink: /TestBotTeaching/install/drivetrain/share/drivetrain/environment/ament_prefix_path.dsv\n'}
[10.734006] (drivetrain) StdoutLine: {'line': b'-- Up-to-date symlink: /TestBotTeaching/install/drivetrain/share/drivetrain/environment/path.sh\n'}
[10.734680] (drivetrain) StdoutLine: {'line': b'-- Up-to-date symlink: /TestBotTeaching/install/drivetrain/share/drivetrain/environment/path.dsv\n'}
[10.735425] (drivetrain) StdoutLine: {'line': b'-- Up-to-date symlink: /TestBotTeaching/install/drivetrain/share/drivetrain/local_setup.bash\n'}
[10.736591] (drivetrain) StdoutLine: {'line': b'-- Up-to-date symlink: /TestBotTeaching/install/drivetrain/share/drivetrain/local_setup.sh\n'}
[10.739742] (drivetrain) StdoutLine: {'line': b'-- Up-to-date symlink: /TestBotTeaching/install/drivetrain/share/drivetrain/local_setup.zsh\n'}
[10.743553] (drivetrain) StdoutLine: {'line': b'-- Up-to-date symlink: /TestBotTeaching/install/drivetrain/share/drivetrain/local_setup.dsv\n'}
[10.744387] (drivetrain) StdoutLine: {'line': b'-- Symlinking: /TestBotTeaching/install/drivetrain/share/drivetrain/package.dsv\n'}
[10.801843] (-) TimerEvent: {}
[10.808032] (drivetrain) StdoutLine: {'line': b'-- Up-to-date symlink: /TestBotTeaching/install/drivetrain/share/ament_index/resource_index/packages/drivetrain\n'}
[10.809424] (drivetrain) StdoutLine: {'line': b'-- Up-to-date symlink: /TestBotTeaching/install/drivetrain/share/drivetrain/cmake/drivetrainConfig.cmake\n'}
[10.810647] (drivetrain) StdoutLine: {'line': b'-- Up-to-date symlink: /TestBotTeaching/install/drivetrain/share/drivetrain/cmake/drivetrainConfig-version.cmake\n'}
[10.811741] (drivetrain) StdoutLine: {'line': b'-- Up-to-date symlink: /TestBotTeaching/install/drivetrain/share/drivetrain/package.xml\n'}
[10.828519] (drivetrain) CommandEnded: {'returncode': 0}
[10.902261] (-) TimerEvent: {}
[11.003530] (-) TimerEvent: {}
[11.105366] (-) TimerEvent: {}
[11.206573] (-) TimerEvent: {}
[11.308268] (-) TimerEvent: {}
[11.410067] (-) TimerEvent: {}
[11.412783] (drivetrain) JobEnded: {'identifier': 'drivetrain', 'rc': 0}
[11.420403] (-) EventReactorShutdown: {}
