[4.699s] Invoking command in '/TestBotTeaching/build/pythonDriving': PYTHONPATH=/TestBotTeaching/build/pythonDriving/prefix_override:/usr/lib/python3/dist-packages/colcon_core/task/python/colcon_distutils_commands:/TestBotTeaching/install/pythonDriving/lib/python3.10/site-packages:${PYTHONPATH} /usr/bin/python3 -W ignore:setup.py install is deprecated setup.py develop --editable --build-directory /TestBotTeaching/build/pythonDriving/build --no-deps symlink_data --force
[6.456s] running develop
[6.463s] /usr/lib/python3/dist-packages/setuptools/command/easy_install.py:158: EasyInstallDeprecationWarning: easy_install command is deprecated. Use build and pip and other standards-based tools.
[6.463s]   warnings.warn(
[7.413s] running egg_info
[7.414s] writing pythonDriving.egg-info/PKG-INFO
[7.415s] writing dependency_links to pythonDriving.egg-info/dependency_links.txt
[7.417s] writing entry points to pythonDriving.egg-info/entry_points.txt
[7.418s] writing requirements to pythonDriving.egg-info/requires.txt
[7.419s] writing top-level names to pythonDriving.egg-info/top_level.txt
[7.427s] reading manifest file 'pythonDriving.egg-info/SOURCES.txt'
[7.432s] writing manifest file 'pythonDriving.egg-info/SOURCES.txt'
[7.440s] running build_ext
[7.441s] Creating /TestBotTeaching/install/pythonDriving/lib/python3.10/site-packages/pythonDriving.egg-link (link to .)
[7.445s] Installing pythonDriving script to /TestBotTeaching/install/pythonDriving/lib/pythonDriving
[7.447s] 
[7.448s] Installed /TestBotTeaching/build/pythonDriving
[7.451s] running symlink_data
[7.454s] symbolically linking /TestBotTeaching/build/pythonDriving/resource/pythonDriving -> /TestBotTeaching/install/pythonDriving/share/ament_index/resource_index/packages
[7.456s] symbolically linking /TestBotTeaching/build/pythonDriving/package.xml -> /TestBotTeaching/install/pythonDriving/share/pythonDriving
[7.599s] Invoked command in '/TestBotTeaching/build/pythonDriving' returned '0': PYTHONPATH=/TestBotTeaching/build/pythonDriving/prefix_override:/usr/lib/python3/dist-packages/colcon_core/task/python/colcon_distutils_commands:/TestBotTeaching/install/pythonDriving/lib/python3.10/site-packages:${PYTHONPATH} /usr/bin/python3 -W ignore:setup.py install is deprecated setup.py develop --editable --build-directory /TestBotTeaching/build/pythonDriving/build --no-deps symlink_data --force
