[0.584s] Invoking command in '/workspaces/TestBotTeaching/pythonDriving': PYTHONPATH=/workspaces/TestBotTeaching/build/pythonDriving/prefix_override:/usr/lib/python3/dist-packages/colcon_core/task/python/colcon_distutils_commands:/workspaces/TestBotTeaching/install/pythonDriving/lib/python3.10/site-packages:${PYTHONPATH} /usr/bin/python3 -W ignore:setup.py install is deprecated setup.py egg_info --egg-base ../build/pythonDriving build --build-base /workspaces/TestBotTeaching/build/pythonDriving/build install --record /workspaces/TestBotTeaching/build/pythonDriving/install.log --single-version-externally-managed install_data
[0.779s] running egg_info
[0.780s] creating ../build/pythonDriving/pythonDriving.egg-info
[0.780s] writing ../build/pythonDriving/pythonDriving.egg-info/PKG-INFO
[0.780s] writing dependency_links to ../build/pythonDriving/pythonDriving.egg-info/dependency_links.txt
[0.780s] writing entry points to ../build/pythonDriving/pythonDriving.egg-info/entry_points.txt
[0.780s] writing requirements to ../build/pythonDriving/pythonDriving.egg-info/requires.txt
[0.780s] writing top-level names to ../build/pythonDriving/pythonDriving.egg-info/top_level.txt
[0.780s] writing manifest file '../build/pythonDriving/pythonDriving.egg-info/SOURCES.txt'
[0.782s] reading manifest file '../build/pythonDriving/pythonDriving.egg-info/SOURCES.txt'
[0.782s] writing manifest file '../build/pythonDriving/pythonDriving.egg-info/SOURCES.txt'
[0.782s] running build
[0.782s] running build_py
[0.782s] creating /workspaces/TestBotTeaching/build/pythonDriving/build
[0.782s] creating /workspaces/TestBotTeaching/build/pythonDriving/build/lib
[0.783s] creating /workspaces/TestBotTeaching/build/pythonDriving/build/lib/pythonDriving
[0.783s] copying pythonDriving/pythonDriving.py -> /workspaces/TestBotTeaching/build/pythonDriving/build/lib/pythonDriving
[0.819s] copying pythonDriving/__init__.py -> /workspaces/TestBotTeaching/build/pythonDriving/build/lib/pythonDriving
[0.819s] running install
[0.819s] running install_lib
[0.821s] running install_data
[0.821s] running install_egg_info
[0.822s] removing '/workspaces/TestBotTeaching/install/pythonDriving/lib/python3.10/site-packages/pythonDriving-0.0.0-py3.10.egg-info' (and everything under it)
[0.823s] Copying ../build/pythonDriving/pythonDriving.egg-info to /workspaces/TestBotTeaching/install/pythonDriving/lib/python3.10/site-packages/pythonDriving-0.0.0-py3.10.egg-info
[0.823s] running install_scripts
[0.842s] Installing pythonDriving script to /workspaces/TestBotTeaching/install/pythonDriving/lib/pythonDriving
[0.842s] writing list of installed files to '/workspaces/TestBotTeaching/build/pythonDriving/install.log'
[0.873s] Invoked command in '/workspaces/TestBotTeaching/pythonDriving' returned '0': PYTHONPATH=/workspaces/TestBotTeaching/build/pythonDriving/prefix_override:/usr/lib/python3/dist-packages/colcon_core/task/python/colcon_distutils_commands:/workspaces/TestBotTeaching/install/pythonDriving/lib/python3.10/site-packages:${PYTHONPATH} /usr/bin/python3 -W ignore:setup.py install is deprecated setup.py egg_info --egg-base ../build/pythonDriving build --build-base /workspaces/TestBotTeaching/build/pythonDriving/build install --record /workspaces/TestBotTeaching/build/pythonDriving/install.log --single-version-externally-managed install_data
