[3.529s] DEBUG:colcon:Command line arguments: ['/usr/bin/colcon', 'build', '--symlink-install']
[3.530s] DEBUG:colcon:Parsed command line arguments: Namespace(log_base=None, log_level=None, verb_name='build', build_base='build', install_base='install', merge_install=False, symlink_install=True, test_result_base=None, continue_on_error=False, executor='parallel', parallel_workers=4, event_handlers=None, ignore_user_meta=False, metas=['./colcon.meta'], base_paths=['.'], packages_ignore=None, packages_ignore_regex=None, paths=None, packages_up_to=None, packages_up_to_regex=None, packages_above=None, packages_above_and_dependencies=None, packages_above_depth=None, packages_select_by_dep=None, packages_skip_by_dep=None, packages_skip_up_to=None, packages_select_build_failed=False, packages_skip_build_finished=False, packages_select_test_failures=False, packages_skip_test_passed=False, packages_select=None, packages_skip=None, packages_select_regex=None, packages_skip_regex=None, packages_start=None, packages_end=None, cmake_args=None, cmake_target=None, cmake_target_skip_unavailable=False, cmake_clean_cache=False, cmake_clean_first=False, cmake_force_configure=False, ament_cmake_args=None, catkin_cmake_args=None, catkin_skip_building_tests=False, mixin_files=None, mixin=None, verb_parser=<colcon_mixin.mixin.mixin_argument.MixinArgumentDecorator object at 0xffffb5d686a0>, verb_extension=<colcon_core.verb.build.BuildVerb object at 0xffffb5eb4cd0>, main=<bound method BuildVerb.main of <colcon_core.verb.build.BuildVerb object at 0xffffb5eb4cd0>>, mixin_verb=('build',))
[12.676s] Level 1:colcon.colcon_core.package_discovery:discover_packages(colcon_meta) check parameters
[12.689s] Level 1:colcon.colcon_core.package_discovery:discover_packages(recursive) check parameters
[12.707s] Level 1:colcon.colcon_core.package_discovery:discover_packages(ignore) check parameters
[12.708s] Level 1:colcon.colcon_core.package_discovery:discover_packages(path) check parameters
[12.717s] Level 1:colcon.colcon_core.package_discovery:discover_packages(colcon_meta) discover
[12.723s] Level 1:colcon.colcon_core.package_discovery:discover_packages(recursive) discover
[12.739s] INFO:colcon.colcon_core.package_discovery:Crawling recursively for packages in '/TestBotTeaching'
[12.740s] Level 1:colcon.colcon_core.package_identification:_identify(.) by extensions ['ignore', 'ignore_ament_install']
[12.760s] Level 1:colcon.colcon_core.package_identification:_identify(.) by extension 'ignore'
[12.764s] Level 1:colcon.colcon_core.package_identification:_identify(.) by extension 'ignore_ament_install'
[12.793s] Level 1:colcon.colcon_core.package_identification:_identify(.) by extensions ['colcon_pkg']
[12.815s] Level 1:colcon.colcon_core.package_identification:_identify(.) by extension 'colcon_pkg'
[12.829s] Level 1:colcon.colcon_core.package_identification:_identify(.) by extensions ['colcon_meta']
[12.837s] Level 1:colcon.colcon_core.package_identification:_identify(.) by extension 'colcon_meta'
[12.843s] Level 1:colcon.colcon_core.package_identification:_identify(.) by extensions ['ros']
[12.845s] Level 1:colcon.colcon_core.package_identification:_identify(.) by extension 'ros'
[13.090s] Level 1:colcon.colcon_core.package_identification:_identify(.) by extensions ['cmake', 'python']
[13.090s] Level 1:colcon.colcon_core.package_identification:_identify(.) by extension 'cmake'
[13.091s] Level 1:colcon.colcon_core.package_identification:_identify(.) by extension 'python'
[13.092s] Level 1:colcon.colcon_core.package_identification:_identify(.) by extensions ['python_setup_py']
[13.092s] Level 1:colcon.colcon_core.package_identification:_identify(.) by extension 'python_setup_py'
[13.093s] Level 1:colcon.colcon_core.package_identification:_identify(build) by extensions ['ignore', 'ignore_ament_install']
[13.094s] Level 1:colcon.colcon_core.package_identification:_identify(build) by extension 'ignore'
[13.095s] Level 1:colcon.colcon_core.package_identification:_identify(build) ignored
[13.096s] Level 1:colcon.colcon_core.package_identification:_identify(drivetrain) by extensions ['ignore', 'ignore_ament_install']
[13.097s] Level 1:colcon.colcon_core.package_identification:_identify(drivetrain) by extension 'ignore'
[13.098s] Level 1:colcon.colcon_core.package_identification:_identify(drivetrain) by extension 'ignore_ament_install'
[13.099s] Level 1:colcon.colcon_core.package_identification:_identify(drivetrain) by extensions ['colcon_pkg']
[13.099s] Level 1:colcon.colcon_core.package_identification:_identify(drivetrain) by extension 'colcon_pkg'
[13.100s] Level 1:colcon.colcon_core.package_identification:_identify(drivetrain) by extensions ['colcon_meta']
[13.101s] Level 1:colcon.colcon_core.package_identification:_identify(drivetrain) by extension 'colcon_meta'
[13.110s] Level 1:colcon.colcon_core.package_identification:_identify(drivetrain) by extensions ['ros']
[13.126s] Level 1:colcon.colcon_core.package_identification:_identify(drivetrain) by extension 'ros'
[13.219s] DEBUG:colcon.colcon_core.package_identification:Package 'drivetrain' with type 'ros.ament_cmake' and name 'drivetrain'
[13.221s] Level 1:colcon.colcon_core.package_identification:_identify(install) by extensions ['ignore', 'ignore_ament_install']
[13.226s] Level 1:colcon.colcon_core.package_identification:_identify(install) by extension 'ignore'
[13.227s] Level 1:colcon.colcon_core.package_identification:_identify(install) ignored
[13.241s] Level 1:colcon.colcon_core.package_identification:_identify(log) by extensions ['ignore', 'ignore_ament_install']
[13.242s] Level 1:colcon.colcon_core.package_identification:_identify(log) by extension 'ignore'
[13.244s] Level 1:colcon.colcon_core.package_identification:_identify(log) ignored
[13.263s] Level 1:colcon.colcon_core.package_identification:_identify(pythonDriving) by extensions ['ignore', 'ignore_ament_install']
[13.265s] Level 1:colcon.colcon_core.package_identification:_identify(pythonDriving) by extension 'ignore'
[13.265s] Level 1:colcon.colcon_core.package_identification:_identify(pythonDriving) by extension 'ignore_ament_install'
[13.267s] Level 1:colcon.colcon_core.package_identification:_identify(pythonDriving) by extensions ['colcon_pkg']
[13.268s] Level 1:colcon.colcon_core.package_identification:_identify(pythonDriving) by extension 'colcon_pkg'
[13.278s] Level 1:colcon.colcon_core.package_identification:_identify(pythonDriving) by extensions ['colcon_meta']
[13.279s] Level 1:colcon.colcon_core.package_identification:_identify(pythonDriving) by extension 'colcon_meta'
[13.288s] Level 1:colcon.colcon_core.package_identification:_identify(pythonDriving) by extensions ['ros']
[13.290s] Level 1:colcon.colcon_core.package_identification:_identify(pythonDriving) by extension 'ros'
[13.309s] DEBUG:colcon.colcon_core.package_identification:Package 'pythonDriving' with type 'ros.ament_python' and name 'pythonDriving'
[13.310s] Level 1:colcon.colcon_core.package_discovery:discover_packages(recursive) using defaults
[13.317s] Level 1:colcon.colcon_core.package_discovery:discover_packages(ignore) discover
[13.318s] Level 1:colcon.colcon_core.package_discovery:discover_packages(ignore) using defaults
[13.319s] Level 1:colcon.colcon_core.package_discovery:discover_packages(path) discover
[13.320s] Level 1:colcon.colcon_core.package_discovery:discover_packages(path) using defaults
[14.655s] Level 5:colcon.colcon_core.verb:set package 'drivetrain' build argument 'cmake_args' from command line to 'None'
[14.693s] Level 5:colcon.colcon_core.verb:set package 'drivetrain' build argument 'cmake_target' from command line to 'None'
[14.693s] Level 5:colcon.colcon_core.verb:set package 'drivetrain' build argument 'cmake_target_skip_unavailable' from command line to 'False'
[14.693s] Level 5:colcon.colcon_core.verb:set package 'drivetrain' build argument 'cmake_clean_cache' from command line to 'False'
[14.694s] Level 5:colcon.colcon_core.verb:set package 'drivetrain' build argument 'cmake_clean_first' from command line to 'False'
[14.694s] Level 5:colcon.colcon_core.verb:set package 'drivetrain' build argument 'cmake_force_configure' from command line to 'False'
[14.695s] Level 5:colcon.colcon_core.verb:set package 'drivetrain' build argument 'ament_cmake_args' from command line to 'None'
[14.695s] Level 5:colcon.colcon_core.verb:set package 'drivetrain' build argument 'catkin_cmake_args' from command line to 'None'
[14.696s] Level 5:colcon.colcon_core.verb:set package 'drivetrain' build argument 'catkin_skip_building_tests' from command line to 'False'
[14.696s] DEBUG:colcon.colcon_core.verb:Building package 'drivetrain' with the following arguments: {'ament_cmake_args': None, 'build_base': '/TestBotTeaching/build/drivetrain', 'catkin_cmake_args': None, 'catkin_skip_building_tests': False, 'cmake_args': None, 'cmake_clean_cache': False, 'cmake_clean_first': False, 'cmake_force_configure': False, 'cmake_target': None, 'cmake_target_skip_unavailable': False, 'install_base': '/TestBotTeaching/install/drivetrain', 'merge_install': False, 'path': '/TestBotTeaching/drivetrain', 'symlink_install': True, 'test_result_base': None}
[14.703s] Level 5:colcon.colcon_core.verb:set package 'pythonDriving' build argument 'cmake_args' from command line to 'None'
[14.704s] Level 5:colcon.colcon_core.verb:set package 'pythonDriving' build argument 'cmake_target' from command line to 'None'
[14.705s] Level 5:colcon.colcon_core.verb:set package 'pythonDriving' build argument 'cmake_target_skip_unavailable' from command line to 'False'
[14.706s] Level 5:colcon.colcon_core.verb:set package 'pythonDriving' build argument 'cmake_clean_cache' from command line to 'False'
[14.707s] Level 5:colcon.colcon_core.verb:set package 'pythonDriving' build argument 'cmake_clean_first' from command line to 'False'
[14.711s] Level 5:colcon.colcon_core.verb:set package 'pythonDriving' build argument 'cmake_force_configure' from command line to 'False'
[14.713s] Level 5:colcon.colcon_core.verb:set package 'pythonDriving' build argument 'ament_cmake_args' from command line to 'None'
[14.714s] Level 5:colcon.colcon_core.verb:set package 'pythonDriving' build argument 'catkin_cmake_args' from command line to 'None'
[14.717s] Level 5:colcon.colcon_core.verb:set package 'pythonDriving' build argument 'catkin_skip_building_tests' from command line to 'False'
[14.722s] DEBUG:colcon.colcon_core.verb:Building package 'pythonDriving' with the following arguments: {'ament_cmake_args': None, 'build_base': '/TestBotTeaching/build/pythonDriving', 'catkin_cmake_args': None, 'catkin_skip_building_tests': False, 'cmake_args': None, 'cmake_clean_cache': False, 'cmake_clean_first': False, 'cmake_force_configure': False, 'cmake_target': None, 'cmake_target_skip_unavailable': False, 'install_base': '/TestBotTeaching/install/pythonDriving', 'merge_install': False, 'path': '/TestBotTeaching/pythonDriving', 'symlink_install': True, 'test_result_base': None}
[14.725s] INFO:colcon.colcon_core.executor:Executing jobs using 'parallel' executor
[14.773s] DEBUG:colcon.colcon_parallel_executor.executor.parallel:run_until_complete
[14.783s] INFO:colcon.colcon_ros.task.ament_cmake.build:Building ROS package in '/TestBotTeaching/drivetrain' with build type 'ament_cmake'
[14.788s] INFO:colcon.colcon_cmake.task.cmake.build:Building CMake package in '/TestBotTeaching/drivetrain'
[16.069s] INFO:colcon.colcon_core.plugin_system:Skipping extension 'colcon_core.shell.bat': Not used on non-Windows systems
[16.071s] INFO:colcon.colcon_core.shell:Skip shell extension 'powershell' for command environment: Not usable outside of PowerShell
[16.072s] DEBUG:colcon.colcon_core.shell:Skip shell extension 'dsv' for command environment
[16.250s] INFO:colcon.colcon_ros.task.ament_python.build:Building ROS package in '/TestBotTeaching/pythonDriving' with build type 'ament_python'
[16.251s] Level 1:colcon.colcon_core.shell:create_environment_hook('pythonDriving', 'ament_prefix_path')
[16.253s] INFO:colcon.colcon_core.shell:Creating environment hook '/TestBotTeaching/install/pythonDriving/share/pythonDriving/hook/ament_prefix_path.ps1'
[16.289s] INFO:colcon.colcon_core.shell:Creating environment descriptor '/TestBotTeaching/install/pythonDriving/share/pythonDriving/hook/ament_prefix_path.dsv'
[16.317s] INFO:colcon.colcon_core.shell:Creating environment hook '/TestBotTeaching/install/pythonDriving/share/pythonDriving/hook/ament_prefix_path.sh'
[16.353s] INFO:colcon.colcon_core.shell:Skip shell extension 'powershell' for command environment: Not usable outside of PowerShell
[16.354s] DEBUG:colcon.colcon_core.shell:Skip shell extension 'dsv' for command environment
[16.916s] DEBUG:colcon.colcon_core.event_handler.log_command:Invoking command in '/TestBotTeaching/build/drivetrain': CMAKE_PREFIX_PATH=/TestBotTeaching/install/pythonDriving:/opt/ros/humble /usr/bin/cmake /TestBotTeaching/drivetrain -DAMENT_CMAKE_SYMLINK_INSTALL=1 -DCMAKE_INSTALL_PREFIX=/TestBotTeaching/install/drivetrain
[26.345s] INFO:colcon.colcon_core.task.python.build:Building Python package in '/TestBotTeaching/pythonDriving'
[26.348s] INFO:colcon.colcon_core.shell:Skip shell extension 'powershell' for command environment: Not usable outside of PowerShell
[26.348s] DEBUG:colcon.colcon_core.shell:Skip shell extension 'dsv' for command environment
[26.415s] DEBUG:colcon.colcon_core.event_handler.log_command:Invoked command in '/TestBotTeaching/build/drivetrain' returned '1': CMAKE_PREFIX_PATH=/TestBotTeaching/install/pythonDriving:/opt/ros/humble /usr/bin/cmake /TestBotTeaching/drivetrain -DAMENT_CMAKE_SYMLINK_INSTALL=1 -DCMAKE_INSTALL_PREFIX=/TestBotTeaching/install/drivetrain
[26.804s] Level 1:colcon.colcon_core.environment:create_environment_scripts_only(drivetrain)
[27.045s] Level 1:colcon.colcon_core.environment:checking '/TestBotTeaching/install/drivetrain' for CMake module files
[27.056s] Level 1:colcon.colcon_core.environment:checking '/TestBotTeaching/install/drivetrain' for CMake config files
[27.083s] Level 1:colcon.colcon_core.environment:checking '/TestBotTeaching/install/drivetrain/bin'
[27.085s] Level 1:colcon.colcon_core.environment:checking '/TestBotTeaching/install/drivetrain/lib/pkgconfig/drivetrain.pc'
[27.088s] Level 1:colcon.colcon_core.environment:checking '/TestBotTeaching/install/drivetrain/lib/python3.10/site-packages'
[27.095s] Level 1:colcon.colcon_core.environment:checking '/TestBotTeaching/install/drivetrain/bin'
[27.104s] INFO:colcon.colcon_core.shell:Creating package script '/TestBotTeaching/install/drivetrain/share/drivetrain/package.ps1'
[27.135s] INFO:colcon.colcon_core.shell:Creating package descriptor '/TestBotTeaching/install/drivetrain/share/drivetrain/package.dsv'
[27.152s] INFO:colcon.colcon_core.shell:Creating package script '/TestBotTeaching/install/drivetrain/share/drivetrain/package.sh'
[27.172s] INFO:colcon.colcon_core.shell:Creating package script '/TestBotTeaching/install/drivetrain/share/drivetrain/package.bash'
[27.197s] INFO:colcon.colcon_core.shell:Creating package script '/TestBotTeaching/install/drivetrain/share/drivetrain/package.zsh'
[27.380s] Level 1:colcon.colcon_core.environment:create_file_with_runtime_dependencies(/TestBotTeaching/install/drivetrain/share/colcon-core/packages/drivetrain)
[36.160s] DEBUG:colcon.colcon_parallel_executor.executor.parallel:closing loop
[36.172s] DEBUG:colcon.colcon_parallel_executor.executor.parallel:loop closed
[36.173s] DEBUG:colcon.colcon_parallel_executor.executor.parallel:run_until_complete finished with '1'
[36.175s] DEBUG:colcon.colcon_core.event_reactor:joining thread
[36.429s] INFO:colcon.colcon_core.plugin_system:Skipping extension 'colcon_notification.desktop_notification.notify_send': Could not find 'notify-send'
[36.430s] INFO:colcon.colcon_core.plugin_system:Skipping extension 'colcon_notification.desktop_notification.terminal_notifier': Not used on non-Darwin systems
[36.431s] INFO:colcon.colcon_core.plugin_system:Skipping extension 'colcon_notification.desktop_notification.win32': Not used on non-Windows systems
[36.438s] INFO:colcon.colcon_notification.desktop_notification:Sending desktop notification using 'notify2'
[36.499s] DEBUG:colcon.colcon_notification.desktop_notification.notify2:Failed to initialize notify2: org.freedesktop.DBus.Error.Spawn.ExecFailed: /usr/bin/dbus-launch terminated abnormally without any error message
[36.506s] DEBUG:colcon.colcon_core.event_reactor:joined thread
[36.518s] INFO:colcon.colcon_core.shell:Creating prefix script '/TestBotTeaching/install/local_setup.ps1'
[36.566s] INFO:colcon.colcon_core.shell:Creating prefix util module '/TestBotTeaching/install/_local_setup_util_ps1.py'
[36.633s] INFO:colcon.colcon_core.shell:Creating prefix chain script '/TestBotTeaching/install/setup.ps1'
[36.665s] INFO:colcon.colcon_core.shell:Creating prefix script '/TestBotTeaching/install/local_setup.sh'
[36.681s] INFO:colcon.colcon_core.shell:Creating prefix util module '/TestBotTeaching/install/_local_setup_util_sh.py'
[36.708s] INFO:colcon.colcon_core.shell:Creating prefix chain script '/TestBotTeaching/install/setup.sh'
[36.776s] INFO:colcon.colcon_core.shell:Creating prefix script '/TestBotTeaching/install/local_setup.bash'
[36.789s] INFO:colcon.colcon_core.shell:Creating prefix chain script '/TestBotTeaching/install/setup.bash'
[36.839s] INFO:colcon.colcon_core.shell:Creating prefix script '/TestBotTeaching/install/local_setup.zsh'
[36.866s] INFO:colcon.colcon_core.shell:Creating prefix chain script '/TestBotTeaching/install/setup.zsh'
