[1.312s] DEBUG:colcon:Command line arguments: ['/usr/bin/colcon', 'build']
[1.313s] DEBUG:colcon:Parsed command line arguments: Namespace(log_base=None, log_level=None, verb_name='build', build_base='build', install_base='install', merge_install=False, symlink_install=False, test_result_base=None, continue_on_error=False, executor='parallel', parallel_workers=4, event_handlers=None, ignore_user_meta=False, metas=['./colcon.meta'], base_paths=['.'], packages_ignore=None, packages_ignore_regex=None, paths=None, packages_up_to=None, packages_up_to_regex=None, packages_above=None, packages_above_and_dependencies=None, packages_above_depth=None, packages_select_by_dep=None, packages_skip_by_dep=None, packages_skip_up_to=None, packages_select_build_failed=False, packages_skip_build_finished=False, packages_select_test_failures=False, packages_skip_test_passed=False, packages_select=None, packages_skip=None, packages_select_regex=None, packages_skip_regex=None, packages_start=None, packages_end=None, cmake_args=None, cmake_target=None, cmake_target_skip_unavailable=False, cmake_clean_cache=False, cmake_clean_first=False, cmake_force_configure=False, ament_cmake_args=None, catkin_cmake_args=None, catkin_skip_building_tests=False, mixin_files=None, mixin=None, verb_parser=<colcon_mixin.mixin.mixin_argument.MixinArgumentDecorator object at 0xffffab46a3b0>, verb_extension=<colcon_core.verb.build.BuildVerb object at 0xffffab382ad0>, main=<bound method BuildVerb.main of <colcon_core.verb.build.BuildVerb object at 0xffffab382ad0>>, mixin_verb=('build',))
[2.852s] Level 1:colcon.colcon_core.package_discovery:discover_packages(colcon_meta) check parameters
[2.854s] Level 1:colcon.colcon_core.package_discovery:discover_packages(recursive) check parameters
[2.854s] Level 1:colcon.colcon_core.package_discovery:discover_packages(ignore) check parameters
[2.855s] Level 1:colcon.colcon_core.package_discovery:discover_packages(path) check parameters
[2.855s] Level 1:colcon.colcon_core.package_discovery:discover_packages(colcon_meta) discover
[2.856s] Level 1:colcon.colcon_core.package_discovery:discover_packages(recursive) discover
[2.856s] INFO:colcon.colcon_core.package_discovery:Crawling recursively for packages in '/Testbot_ws'
[2.858s] Level 1:colcon.colcon_core.package_identification:_identify(.) by extensions ['ignore', 'ignore_ament_install']
[2.860s] Level 1:colcon.colcon_core.package_identification:_identify(.) by extension 'ignore'
[2.861s] Level 1:colcon.colcon_core.package_identification:_identify(.) by extension 'ignore_ament_install'
[2.863s] Level 1:colcon.colcon_core.package_identification:_identify(.) by extensions ['colcon_pkg']
[2.863s] Level 1:colcon.colcon_core.package_identification:_identify(.) by extension 'colcon_pkg'
[2.864s] Level 1:colcon.colcon_core.package_identification:_identify(.) by extensions ['colcon_meta']
[2.864s] Level 1:colcon.colcon_core.package_identification:_identify(.) by extension 'colcon_meta'
[2.865s] Level 1:colcon.colcon_core.package_identification:_identify(.) by extensions ['ros']
[2.865s] Level 1:colcon.colcon_core.package_identification:_identify(.) by extension 'ros'
[3.039s] Level 1:colcon.colcon_core.package_identification:_identify(.) by extensions ['cmake', 'python']
[3.040s] Level 1:colcon.colcon_core.package_identification:_identify(.) by extension 'cmake'
[3.041s] Level 1:colcon.colcon_core.package_identification:_identify(.) by extension 'python'
[3.042s] Level 1:colcon.colcon_core.package_identification:_identify(.) by extensions ['python_setup_py']
[3.043s] Level 1:colcon.colcon_core.package_identification:_identify(.) by extension 'python_setup_py'
[3.047s] Level 1:colcon.colcon_core.package_identification:_identify(build) by extensions ['ignore', 'ignore_ament_install']
[3.048s] Level 1:colcon.colcon_core.package_identification:_identify(build) by extension 'ignore'
[3.049s] Level 1:colcon.colcon_core.package_identification:_identify(build) ignored
[3.051s] Level 1:colcon.colcon_core.package_identification:_identify(drivetrain) by extensions ['ignore', 'ignore_ament_install']
[3.053s] Level 1:colcon.colcon_core.package_identification:_identify(drivetrain) by extension 'ignore'
[3.054s] Level 1:colcon.colcon_core.package_identification:_identify(drivetrain) by extension 'ignore_ament_install'
[3.055s] Level 1:colcon.colcon_core.package_identification:_identify(drivetrain) by extensions ['colcon_pkg']
[3.056s] Level 1:colcon.colcon_core.package_identification:_identify(drivetrain) by extension 'colcon_pkg'
[3.057s] Level 1:colcon.colcon_core.package_identification:_identify(drivetrain) by extensions ['colcon_meta']
[3.057s] Level 1:colcon.colcon_core.package_identification:_identify(drivetrain) by extension 'colcon_meta'
[3.058s] Level 1:colcon.colcon_core.package_identification:_identify(drivetrain) by extensions ['ros']
[3.058s] Level 1:colcon.colcon_core.package_identification:_identify(drivetrain) by extension 'ros'
[3.095s] DEBUG:colcon.colcon_core.package_identification:Package 'drivetrain' with type 'ros.ament_cmake' and name 'drivetrain'
[3.097s] Level 1:colcon.colcon_core.package_identification:_identify(install) by extensions ['ignore', 'ignore_ament_install']
[3.099s] Level 1:colcon.colcon_core.package_identification:_identify(install) by extension 'ignore'
[3.101s] Level 1:colcon.colcon_core.package_identification:_identify(install) ignored
[3.103s] Level 1:colcon.colcon_core.package_identification:_identify(log) by extensions ['ignore', 'ignore_ament_install']
[3.104s] Level 1:colcon.colcon_core.package_identification:_identify(log) by extension 'ignore'
[3.105s] Level 1:colcon.colcon_core.package_identification:_identify(log) ignored
[3.105s] Level 1:colcon.colcon_core.package_discovery:discover_packages(recursive) using defaults
[3.106s] Level 1:colcon.colcon_core.package_discovery:discover_packages(ignore) discover
[3.107s] Level 1:colcon.colcon_core.package_discovery:discover_packages(ignore) using defaults
[3.107s] Level 1:colcon.colcon_core.package_discovery:discover_packages(path) discover
[3.108s] Level 1:colcon.colcon_core.package_discovery:discover_packages(path) using defaults
[3.396s] Level 5:colcon.colcon_core.verb:set package 'drivetrain' build argument 'cmake_args' from command line to 'None'
[3.397s] Level 5:colcon.colcon_core.verb:set package 'drivetrain' build argument 'cmake_target' from command line to 'None'
[3.397s] Level 5:colcon.colcon_core.verb:set package 'drivetrain' build argument 'cmake_target_skip_unavailable' from command line to 'False'
[3.397s] Level 5:colcon.colcon_core.verb:set package 'drivetrain' build argument 'cmake_clean_cache' from command line to 'False'
[3.397s] Level 5:colcon.colcon_core.verb:set package 'drivetrain' build argument 'cmake_clean_first' from command line to 'False'
[3.397s] Level 5:colcon.colcon_core.verb:set package 'drivetrain' build argument 'cmake_force_configure' from command line to 'False'
[3.397s] Level 5:colcon.colcon_core.verb:set package 'drivetrain' build argument 'ament_cmake_args' from command line to 'None'
[3.398s] Level 5:colcon.colcon_core.verb:set package 'drivetrain' build argument 'catkin_cmake_args' from command line to 'None'
[3.398s] Level 5:colcon.colcon_core.verb:set package 'drivetrain' build argument 'catkin_skip_building_tests' from command line to 'False'
[3.398s] DEBUG:colcon.colcon_core.verb:Building package 'drivetrain' with the following arguments: {'ament_cmake_args': None, 'build_base': '/Testbot_ws/build/drivetrain', 'catkin_cmake_args': None, 'catkin_skip_building_tests': False, 'cmake_args': None, 'cmake_clean_cache': False, 'cmake_clean_first': False, 'cmake_force_configure': False, 'cmake_target': None, 'cmake_target_skip_unavailable': False, 'install_base': '/Testbot_ws/install/drivetrain', 'merge_install': False, 'path': '/Testbot_ws/drivetrain', 'symlink_install': False, 'test_result_base': None}
[3.399s] INFO:colcon.colcon_core.executor:Executing jobs using 'parallel' executor
[3.403s] DEBUG:colcon.colcon_parallel_executor.executor.parallel:run_until_complete
[3.404s] INFO:colcon.colcon_ros.task.ament_cmake.build:Building ROS package in '/Testbot_ws/drivetrain' with build type 'ament_cmake'
[3.405s] INFO:colcon.colcon_cmake.task.cmake.build:Building CMake package in '/Testbot_ws/drivetrain'
[3.433s] INFO:colcon.colcon_core.plugin_system:Skipping extension 'colcon_core.shell.bat': Not used on non-Windows systems
[3.435s] INFO:colcon.colcon_core.shell:Skip shell extension 'powershell' for command environment: Not usable outside of PowerShell
[3.441s] DEBUG:colcon.colcon_core.shell:Skip shell extension 'dsv' for command environment
[3.512s] DEBUG:colcon.colcon_core.event_handler.log_command:Invoking command in '/Testbot_ws/build/drivetrain': CMAKE_PREFIX_PATH=/opt/ros/humble /usr/bin/cmake /Testbot_ws/drivetrain -DCMAKE_INSTALL_PREFIX=/Testbot_ws/install/drivetrain
[13.334s] DEBUG:colcon.colcon_core.event_handler.log_command:Invoked command in '/Testbot_ws/build/drivetrain' returned '1': CMAKE_PREFIX_PATH=/opt/ros/humble /usr/bin/cmake /Testbot_ws/drivetrain -DCMAKE_INSTALL_PREFIX=/Testbot_ws/install/drivetrain
[13.393s] Level 1:colcon.colcon_core.environment:create_environment_scripts_only(drivetrain)
[13.430s] Level 1:colcon.colcon_core.environment:checking '/Testbot_ws/install/drivetrain' for CMake module files
[13.432s] Level 1:colcon.colcon_core.environment:checking '/Testbot_ws/install/drivetrain' for CMake config files
[13.434s] Level 1:colcon.colcon_core.environment:checking '/Testbot_ws/install/drivetrain/bin'
[13.435s] Level 1:colcon.colcon_core.environment:checking '/Testbot_ws/install/drivetrain/lib/pkgconfig/drivetrain.pc'
[13.444s] Level 1:colcon.colcon_core.environment:checking '/Testbot_ws/install/drivetrain/lib/python3.10/site-packages'
[13.445s] Level 1:colcon.colcon_core.environment:checking '/Testbot_ws/install/drivetrain/bin'
[13.446s] INFO:colcon.colcon_core.shell:Creating package script '/Testbot_ws/install/drivetrain/share/drivetrain/package.ps1'
[13.455s] INFO:colcon.colcon_core.shell:Creating package descriptor '/Testbot_ws/install/drivetrain/share/drivetrain/package.dsv'
[13.459s] INFO:colcon.colcon_core.shell:Creating package script '/Testbot_ws/install/drivetrain/share/drivetrain/package.sh'
[13.466s] INFO:colcon.colcon_core.shell:Creating package script '/Testbot_ws/install/drivetrain/share/drivetrain/package.bash'
[13.472s] INFO:colcon.colcon_core.shell:Creating package script '/Testbot_ws/install/drivetrain/share/drivetrain/package.zsh'
[13.477s] Level 1:colcon.colcon_core.environment:create_file_with_runtime_dependencies(/Testbot_ws/install/drivetrain/share/colcon-core/packages/drivetrain)
[13.489s] DEBUG:colcon.colcon_parallel_executor.executor.parallel:closing loop
[13.490s] DEBUG:colcon.colcon_parallel_executor.executor.parallel:loop closed
[13.490s] DEBUG:colcon.colcon_parallel_executor.executor.parallel:run_until_complete finished with '1'
[13.490s] DEBUG:colcon.colcon_core.event_reactor:joining thread
[13.584s] INFO:colcon.colcon_core.plugin_system:Skipping extension 'colcon_notification.desktop_notification.notify_send': Could not find 'notify-send'
[13.584s] INFO:colcon.colcon_core.plugin_system:Skipping extension 'colcon_notification.desktop_notification.terminal_notifier': Not used on non-Darwin systems
[13.585s] INFO:colcon.colcon_core.plugin_system:Skipping extension 'colcon_notification.desktop_notification.win32': Not used on non-Windows systems
[13.585s] INFO:colcon.colcon_notification.desktop_notification:Sending desktop notification using 'notify2'
[13.585s] DEBUG:colcon.colcon_notification.desktop_notification.notify2:Failed to initialize notify2: org.freedesktop.DBus.Error.NotSupported: Unable to autolaunch a dbus-daemon without a $DISPLAY for X11
[13.586s] DEBUG:colcon.colcon_core.event_reactor:joined thread
[13.587s] INFO:colcon.colcon_core.shell:Creating prefix script '/Testbot_ws/install/local_setup.ps1'
[13.593s] INFO:colcon.colcon_core.shell:Creating prefix util module '/Testbot_ws/install/_local_setup_util_ps1.py'
[13.602s] INFO:colcon.colcon_core.shell:Creating prefix chain script '/Testbot_ws/install/setup.ps1'
[13.608s] INFO:colcon.colcon_core.shell:Creating prefix script '/Testbot_ws/install/local_setup.sh'
[13.612s] INFO:colcon.colcon_core.shell:Creating prefix util module '/Testbot_ws/install/_local_setup_util_sh.py'
[13.616s] INFO:colcon.colcon_core.shell:Creating prefix chain script '/Testbot_ws/install/setup.sh'
[13.622s] INFO:colcon.colcon_core.shell:Creating prefix script '/Testbot_ws/install/local_setup.bash'
[13.626s] INFO:colcon.colcon_core.shell:Creating prefix chain script '/Testbot_ws/install/setup.bash'
[13.631s] INFO:colcon.colcon_core.shell:Creating prefix script '/Testbot_ws/install/local_setup.zsh'
[13.634s] INFO:colcon.colcon_core.shell:Creating prefix chain script '/Testbot_ws/install/setup.zsh'
