[0.000000] (-) TimerEvent: {}
[0.016461] (drivetrain) JobQueued: {'identifier': 'drivetrain', 'dependencies': OrderedDict()}
[0.025220] (pythonDriving) JobQueued: {'identifier': 'pythonDriving', 'dependencies': OrderedDict()}
[0.025464] (drivetrain) JobStarted: {'identifier': 'drivetrain'}
[0.099574] (-) TimerEvent: {}
[0.162811] (pythonDriving) JobStarted: {'identifier': 'pythonDriving'}
[0.202024] (-) TimerEvent: {}
[0.252776] (drivetrain) JobProgress: {'identifier': 'drivetrain', 'progress': 'cmake'}
[0.267375] (drivetrain) Command: {'cmd': ['/usr/bin/cmake', '/TestBotTeaching/drivetrain', '-DAMENT_CMAKE_SYMLINK_INSTALL=1', '-DCMAKE_INSTALL_PREFIX=/TestBotTeaching/install/drivetrain'], 'cwd': '/TestBotTeaching/build/drivetrain', 'env': OrderedDict([('HOSTNAME', '86bc8fbdb98c'), ('SHLVL', '1'), ('LD_LIBRARY_PATH', '/opt/ros/humble/opt/rviz_ogre_vendor/lib:/opt/ros/humble/lib/aarch64-linux-gnu:/opt/ros/humble/lib'), ('HOME', '/home/astro-dev'), ('ROS_PYTHON_VERSION', '3'), ('ROS_DISTRO', 'humble'), ('_', '/usr/bin/colcon'), ('ROS_VERSION', '2'), ('TERM', 'xterm'), ('ROS_LOCALHOST_ONLY', '0'), ('PATH', '/opt/ros/humble/bin:/usr/local/sbin:/usr/local/bin:/usr/sbin:/usr/bin:/sbin:/bin'), ('LANG', 'C.UTF-8'), ('AMENT_PREFIX_PATH', '/opt/ros/humble'), ('PWD', '/TestBotTeaching/build/drivetrain'), ('LC_ALL', 'C.UTF-8'), ('PYTHONPATH', '/opt/ros/humble/lib/python3.10/site-packages:/opt/ros/humble/local/lib/python3.10/dist-packages'), ('COLCON', '1'), ('CMAKE_PREFIX_PATH', '/opt/ros/humble')]), 'shell': False}
[0.304735] (-) TimerEvent: {}
[0.410754] (-) TimerEvent: {}
[0.511776] (-) TimerEvent: {}
[0.615159] (-) TimerEvent: {}
[0.716452] (-) TimerEvent: {}
[0.781473] (drivetrain) StdoutLine: {'line': b'-- Found ament_cmake: 1.3.10 (/opt/ros/humble/share/ament_cmake/cmake)\n'}
[0.816843] (-) TimerEvent: {}
[0.920701] (-) TimerEvent: {}
[1.031157] (-) TimerEvent: {}
[1.134343] (-) TimerEvent: {}
[1.236366] (-) TimerEvent: {}
[1.339991] (-) TimerEvent: {}
[1.444358] (-) TimerEvent: {}
[1.545690] (-) TimerEvent: {}
[1.647986] (-) TimerEvent: {}
[1.749059] (-) TimerEvent: {}
[1.850108] (-) TimerEvent: {}
[1.951209] (-) TimerEvent: {}
[2.053099] (-) TimerEvent: {}
[2.146987] (drivetrain) StdoutLine: {'line': b'-- Override CMake install command with custom implementation using symlinks instead of copying resources\n'}
[2.153388] (-) TimerEvent: {}
[2.219547] (drivetrain) StdoutLine: {'line': b'-- Found rclcpp: 16.0.10 (/opt/ros/humble/share/rclcpp/cmake)\n'}
[2.253496] (-) TimerEvent: {}
[2.354807] (-) TimerEvent: {}
[2.455948] (-) TimerEvent: {}
[2.458865] (drivetrain) StdoutLine: {'line': b'-- Found rosidl_generator_c: 3.1.5 (/opt/ros/humble/share/rosidl_generator_c/cmake)\n'}
[2.475037] (drivetrain) StdoutLine: {'line': b'-- Found rosidl_adapter: 3.1.5 (/opt/ros/humble/share/rosidl_adapter/cmake)\n'}
[2.523187] (drivetrain) StdoutLine: {'line': b'-- Found rosidl_generator_cpp: 3.1.5 (/opt/ros/humble/share/rosidl_generator_cpp/cmake)\n'}
[2.556120] (-) TimerEvent: {}
[2.588014] (drivetrain) StdoutLine: {'line': b'-- Using all available rosidl_typesupport_c: rosidl_typesupport_fastrtps_c;rosidl_typesupport_introspection_c\n'}
[2.656795] (-) TimerEvent: {}
[2.692040] (drivetrain) StdoutLine: {'line': b'-- Using all available rosidl_typesupport_cpp: rosidl_typesupport_fastrtps_cpp;rosidl_typesupport_introspection_cpp\n'}
[2.757082] (-) TimerEvent: {}
[2.859018] (-) TimerEvent: {}
[2.946429] (drivetrain) StdoutLine: {'line': b'-- Found rmw_implementation_cmake: 6.1.2 (/opt/ros/humble/share/rmw_implementation_cmake/cmake)\n'}
[2.957047] (drivetrain) StdoutLine: {'line': b'-- Found rmw_fastrtps_cpp: 6.2.7 (/opt/ros/humble/share/rmw_fastrtps_cpp/cmake)\n'}
[2.959194] (-) TimerEvent: {}
[3.060742] (-) TimerEvent: {}
[3.161719] (-) TimerEvent: {}
[3.264427] (-) TimerEvent: {}
[3.367011] (-) TimerEvent: {}
[3.469744] (-) TimerEvent: {}
[3.570585] (-) TimerEvent: {}
[3.671624] (-) TimerEvent: {}
[3.773858] (-) TimerEvent: {}
[3.874643] (-) TimerEvent: {}
[3.975694] (-) TimerEvent: {}
[4.077374] (-) TimerEvent: {}
[4.178648] (-) TimerEvent: {}
[4.198942] (drivetrain) StdoutLine: {'line': b"-- Using RMW implementation 'rmw_fastrtps_cpp' as default\n"}
[4.278916] (-) TimerEvent: {}
[4.380833] (-) TimerEvent: {}
[4.483322] (-) TimerEvent: {}
[4.551551] (drivetrain) StdoutLine: {'line': b'-- Found sensor_msgs: 4.2.4 (/opt/ros/humble/share/sensor_msgs/cmake)\n'}
[4.583529] (-) TimerEvent: {}
[4.684533] (-) TimerEvent: {}
[4.779339] (drivetrain) StdoutLine: {'line': b'-- Found ament_lint_auto: 0.12.11 (/opt/ros/humble/share/ament_lint_auto/cmake)\n'}
[4.784817] (-) TimerEvent: {}
[4.855101] (pythonDriving) Command: {'cmd': ['/usr/bin/python3', '-W', 'ignore:setup.py install is deprecated', 'setup.py', 'develop', '--editable', '--build-directory', '/TestBotTeaching/build/pythonDriving/build', '--no-deps', 'symlink_data', '--force'], 'cwd': '/TestBotTeaching/build/pythonDriving', 'env': {'HOSTNAME': '86bc8fbdb98c', 'SHLVL': '1', 'LD_LIBRARY_PATH': '/opt/ros/humble/opt/rviz_ogre_vendor/lib:/opt/ros/humble/lib/aarch64-linux-gnu:/opt/ros/humble/lib', 'HOME': '/home/astro-dev', 'ROS_PYTHON_VERSION': '3', 'ROS_DISTRO': 'humble', '_': '/usr/bin/colcon', 'ROS_VERSION': '2', 'TERM': 'xterm', 'ROS_LOCALHOST_ONLY': '0', 'PATH': '/opt/ros/humble/bin:/usr/local/sbin:/usr/local/bin:/usr/sbin:/usr/bin:/sbin:/bin', 'LANG': 'C.UTF-8', 'AMENT_PREFIX_PATH': '/opt/ros/humble', 'PWD': '/TestBotTeaching/build/pythonDriving', 'LC_ALL': 'C.UTF-8', 'PYTHONPATH': '/TestBotTeaching/build/pythonDriving/prefix_override:/usr/lib/python3/dist-packages/colcon_core/task/python/colcon_distutils_commands:/TestBotTeaching/install/pythonDriving/lib/python3.10/site-packages:/opt/ros/humble/lib/python3.10/site-packages:/opt/ros/humble/local/lib/python3.10/dist-packages', 'COLCON': '1'}, 'shell': False}
[4.884988] (-) TimerEvent: {}
[4.985921] (-) TimerEvent: {}
[5.090836] (-) TimerEvent: {}
[5.193401] (-) TimerEvent: {}
[5.275779] (drivetrain) StdoutLine: {'line': b"-- Added test 'cppcheck' to perform static code analysis on C / C++ code\n"}
[5.277472] (drivetrain) StdoutLine: {'line': b'-- Configured cppcheck include dirs: \n'}
[5.278125] (drivetrain) StdoutLine: {'line': b'-- Configured cppcheck exclude dirs and/or files: \n'}
[5.280771] (drivetrain) StdoutLine: {'line': b"-- Added test 'lint_cmake' to check CMake code style\n"}
[5.287304] (drivetrain) StdoutLine: {'line': b"-- Added test 'uncrustify' to check C / C++ code style\n"}
[5.288081] (drivetrain) StdoutLine: {'line': b'-- Configured uncrustify additional arguments: \n'}
[5.290879] (drivetrain) StdoutLine: {'line': b"-- Added test 'xmllint' to check XML markup files\n"}
[5.293549] (-) TimerEvent: {}
[5.299504] (drivetrain) StdoutLine: {'line': b'-- Configuring done\n'}
[5.394313] (-) TimerEvent: {}
[5.404298] (drivetrain) StdoutLine: {'line': b'-- Generating done\n'}
[5.423235] (drivetrain) StdoutLine: {'line': b'-- Build files have been written to: /TestBotTeaching/build/drivetrain\n'}
[5.478809] (drivetrain) CommandEnded: {'returncode': 0}
[5.481637] (drivetrain) JobProgress: {'identifier': 'drivetrain', 'progress': 'build'}
[5.489539] (drivetrain) Command: {'cmd': ['/usr/bin/cmake', '--build', '/TestBotTeaching/build/drivetrain', '--', '-j4', '-l4'], 'cwd': '/TestBotTeaching/build/drivetrain', 'env': OrderedDict([('HOSTNAME', '86bc8fbdb98c'), ('SHLVL', '1'), ('LD_LIBRARY_PATH', '/opt/ros/humble/opt/rviz_ogre_vendor/lib:/opt/ros/humble/lib/aarch64-linux-gnu:/opt/ros/humble/lib'), ('HOME', '/home/astro-dev'), ('ROS_PYTHON_VERSION', '3'), ('ROS_DISTRO', 'humble'), ('_', '/usr/bin/colcon'), ('ROS_VERSION', '2'), ('TERM', 'xterm'), ('ROS_LOCALHOST_ONLY', '0'), ('PATH', '/opt/ros/humble/bin:/usr/local/sbin:/usr/local/bin:/usr/sbin:/usr/bin:/sbin:/bin'), ('LANG', 'C.UTF-8'), ('AMENT_PREFIX_PATH', '/opt/ros/humble'), ('PWD', '/TestBotTeaching/build/drivetrain'), ('LC_ALL', 'C.UTF-8'), ('PYTHONPATH', '/opt/ros/humble/lib/python3.10/site-packages:/opt/ros/humble/local/lib/python3.10/dist-packages'), ('COLCON', '1'), ('CMAKE_PREFIX_PATH', '/opt/ros/humble')]), 'shell': False}
[5.497387] (-) TimerEvent: {}
[5.599048] (-) TimerEvent: {}
[5.700047] (-) TimerEvent: {}
[5.773815] (drivetrain) StdoutLine: {'line': b'\x1b[35m\x1b[1mConsolidate compiler generated dependencies of target drivetrainNode\x1b[0m\n'}
[5.800331] (-) TimerEvent: {}
[5.901080] (-) TimerEvent: {}
[5.911198] (drivetrain) StdoutLine: {'line': b'[100%] Built target drivetrainNode\n'}
[5.970716] (drivetrain) CommandEnded: {'returncode': 0}
[6.001291] (-) TimerEvent: {}
[6.103518] (-) TimerEvent: {}
[6.110173] (drivetrain) JobProgress: {'identifier': 'drivetrain', 'progress': 'install'}
[6.154694] (drivetrain) Command: {'cmd': ['/usr/bin/cmake', '--install', '/TestBotTeaching/build/drivetrain'], 'cwd': '/TestBotTeaching/build/drivetrain', 'env': OrderedDict([('HOSTNAME', '86bc8fbdb98c'), ('SHLVL', '1'), ('LD_LIBRARY_PATH', '/opt/ros/humble/opt/rviz_ogre_vendor/lib:/opt/ros/humble/lib/aarch64-linux-gnu:/opt/ros/humble/lib'), ('HOME', '/home/astro-dev'), ('ROS_PYTHON_VERSION', '3'), ('ROS_DISTRO', 'humble'), ('_', '/usr/bin/colcon'), ('ROS_VERSION', '2'), ('TERM', 'xterm'), ('ROS_LOCALHOST_ONLY', '0'), ('PATH', '/opt/ros/humble/bin:/usr/local/sbin:/usr/local/bin:/usr/sbin:/usr/bin:/sbin:/bin'), ('LANG', 'C.UTF-8'), ('AMENT_PREFIX_PATH', '/opt/ros/humble'), ('PWD', '/TestBotTeaching/build/drivetrain'), ('LC_ALL', 'C.UTF-8'), ('PYTHONPATH', '/opt/ros/humble/lib/python3.10/site-packages:/opt/ros/humble/local/lib/python3.10/dist-packages'), ('COLCON', '1'), ('CMAKE_PREFIX_PATH', '/opt/ros/humble')]), 'shell': False}
[6.187301] (drivetrain) StdoutLine: {'line': b'-- Install configuration: ""\n'}
[6.189414] (drivetrain) StdoutLine: {'line': b'-- Execute custom install script\n'}
[6.191476] (drivetrain) StdoutLine: {'line': b'-- Up-to-date symlink: /TestBotTeaching/install/drivetrain/lib/drivetrain/drivetrainNode\n'}
[6.193082] (drivetrain) StdoutLine: {'line': b'-- Up-to-date symlink: /TestBotTeaching/install/drivetrain/share/ament_index/resource_index/package_run_dependencies/drivetrain\n'}
[6.194529] (drivetrain) StdoutLine: {'line': b'-- Up-to-date symlink: /TestBotTeaching/install/drivetrain/share/ament_index/resource_index/parent_prefix_path/drivetrain\n'}
[6.195873] (drivetrain) StdoutLine: {'line': b'-- Up-to-date symlink: /TestBotTeaching/install/drivetrain/share/drivetrain/environment/ament_prefix_path.sh\n'}
[6.197156] (drivetrain) StdoutLine: {'line': b'-- Up-to-date symlink: /TestBotTeaching/install/drivetrain/share/drivetrain/environment/ament_prefix_path.dsv\n'}
[6.198501] (drivetrain) StdoutLine: {'line': b'-- Up-to-date symlink: /TestBotTeaching/install/drivetrain/share/drivetrain/environment/path.sh\n'}
[6.199674] (drivetrain) StdoutLine: {'line': b'-- Up-to-date symlink: /TestBotTeaching/install/drivetrain/share/drivetrain/environment/path.dsv\n'}
[6.201728] (drivetrain) StdoutLine: {'line': b'-- Up-to-date symlink: /TestBotTeaching/install/drivetrain/share/drivetrain/local_setup.bash\n'}
[6.202813] (drivetrain) StdoutLine: {'line': b'-- Up-to-date symlink: /TestBotTeaching/install/drivetrain/share/drivetrain/local_setup.sh\n'}
[6.203735] (-) TimerEvent: {}
[6.207201] (drivetrain) StdoutLine: {'line': b'-- Up-to-date symlink: /TestBotTeaching/install/drivetrain/share/drivetrain/local_setup.zsh\n'}
[6.208028] (drivetrain) StdoutLine: {'line': b'-- Up-to-date symlink: /TestBotTeaching/install/drivetrain/share/drivetrain/local_setup.dsv\n'}
[6.208841] (drivetrain) StdoutLine: {'line': b'-- Symlinking: /TestBotTeaching/install/drivetrain/share/drivetrain/package.dsv\n'}
[6.246261] (drivetrain) StdoutLine: {'line': b'-- Up-to-date symlink: /TestBotTeaching/install/drivetrain/share/ament_index/resource_index/packages/drivetrain\n'}
[6.248431] (drivetrain) StdoutLine: {'line': b'-- Up-to-date symlink: /TestBotTeaching/install/drivetrain/share/drivetrain/cmake/drivetrainConfig.cmake\n'}
[6.249363] (drivetrain) StdoutLine: {'line': b'-- Up-to-date symlink: /TestBotTeaching/install/drivetrain/share/drivetrain/cmake/drivetrainConfig-version.cmake\n'}
[6.250223] (drivetrain) StdoutLine: {'line': b'-- Up-to-date symlink: /TestBotTeaching/install/drivetrain/share/drivetrain/package.xml\n'}
[6.258487] (drivetrain) CommandEnded: {'returncode': 0}
[6.304967] (-) TimerEvent: {}
[6.416323] (-) TimerEvent: {}
[6.518865] (-) TimerEvent: {}
[6.524598] (drivetrain) JobEnded: {'identifier': 'drivetrain', 'rc': 0}
[6.618314] (pythonDriving) StdoutLine: {'line': b'running develop\n'}
[6.619184] (-) TimerEvent: {}
[6.624542] (pythonDriving) StderrLine: {'line': b'/usr/lib/python3/dist-packages/setuptools/command/easy_install.py:158: EasyInstallDeprecationWarning: easy_install command is deprecated. Use build and pip and other standards-based tools.\n'}
[6.625967] (pythonDriving) StderrLine: {'line': b'  warnings.warn(\n'}
[6.720524] (-) TimerEvent: {}
[6.821641] (-) TimerEvent: {}
[6.923110] (-) TimerEvent: {}
[7.023876] (-) TimerEvent: {}
[7.124677] (-) TimerEvent: {}
[7.225467] (-) TimerEvent: {}
[7.326204] (-) TimerEvent: {}
[7.426943] (-) TimerEvent: {}
[7.527701] (-) TimerEvent: {}
[7.575574] (pythonDriving) StdoutLine: {'line': b'running egg_info\n'}
[7.576426] (pythonDriving) StdoutLine: {'line': b'writing pythonDriving.egg-info/PKG-INFO\n'}
[7.577773] (pythonDriving) StdoutLine: {'line': b'writing dependency_links to pythonDriving.egg-info/dependency_links.txt\n'}
[7.579233] (pythonDriving) StdoutLine: {'line': b'writing entry points to pythonDriving.egg-info/entry_points.txt\n'}
[7.580384] (pythonDriving) StdoutLine: {'line': b'writing requirements to pythonDriving.egg-info/requires.txt\n'}
[7.581608] (pythonDriving) StdoutLine: {'line': b'writing top-level names to pythonDriving.egg-info/top_level.txt\n'}
[7.590049] (pythonDriving) StdoutLine: {'line': b"reading manifest file 'pythonDriving.egg-info/SOURCES.txt'\n"}
[7.594746] (pythonDriving) StdoutLine: {'line': b"writing manifest file 'pythonDriving.egg-info/SOURCES.txt'\n"}
[7.602234] (pythonDriving) StdoutLine: {'line': b'running build_ext\n'}
[7.603455] (pythonDriving) StdoutLine: {'line': b'Creating /TestBotTeaching/install/pythonDriving/lib/python3.10/site-packages/pythonDriving.egg-link (link to .)\n'}
[7.607786] (pythonDriving) StdoutLine: {'line': b'Installing pythonDriving script to /TestBotTeaching/install/pythonDriving/lib/pythonDriving\n'}
[7.609578] (pythonDriving) StdoutLine: {'line': b'\n'}
[7.610442] (pythonDriving) StdoutLine: {'line': b'Installed /TestBotTeaching/build/pythonDriving\n'}
[7.612631] (pythonDriving) StdoutLine: {'line': b'running symlink_data\n'}
[7.615139] (pythonDriving) StdoutLine: {'line': b'symbolically linking /TestBotTeaching/build/pythonDriving/resource/pythonDriving -> /TestBotTeaching/install/pythonDriving/share/ament_index/resource_index/packages\n'}
[7.617797] (pythonDriving) StdoutLine: {'line': b'symbolically linking /TestBotTeaching/build/pythonDriving/package.xml -> /TestBotTeaching/install/pythonDriving/share/pythonDriving\n'}
[7.628000] (-) TimerEvent: {}
[7.729645] (-) TimerEvent: {}
[7.760303] (pythonDriving) CommandEnded: {'returncode': 0}
[7.814499] (pythonDriving) JobEnded: {'identifier': 'pythonDriving', 'rc': 0}
[7.820834] (-) EventReactorShutdown: {}
