[1.190s] DEBUG:colcon:Command line arguments: ['/usr/bin/colcon', 'build']
[1.190s] DEBUG:colcon:Parsed command line arguments: Namespace(log_base=None, log_level=None, verb_name='build', build_base='build', install_base='install', merge_install=False, symlink_install=False, test_result_base=None, continue_on_error=False, executor='parallel', parallel_workers=4, event_handlers=None, ignore_user_meta=False, metas=['./colcon.meta'], base_paths=['.'], packages_ignore=None, packages_ignore_regex=None, paths=None, packages_up_to=None, packages_up_to_regex=None, packages_above=None, packages_above_and_dependencies=None, packages_above_depth=None, packages_select_by_dep=None, packages_skip_by_dep=None, packages_skip_up_to=None, packages_select_build_failed=False, packages_skip_build_finished=False, packages_select_test_failures=False, packages_skip_test_passed=False, packages_select=None, packages_skip=None, packages_select_regex=None, packages_skip_regex=None, packages_start=None, packages_end=None, cmake_args=None, cmake_target=None, cmake_target_skip_unavailable=False, cmake_clean_cache=False, cmake_clean_first=False, cmake_force_configure=False, ament_cmake_args=None, catkin_cmake_args=None, catkin_skip_building_tests=False, mixin_files=None, mixin=None, verb_parser=<colcon_mixin.mixin.mixin_argument.MixinArgumentDecorator object at 0xffffa654a380>, verb_extension=<colcon_core.verb.build.BuildVerb object at 0xffffa6462aa0>, main=<bound method BuildVerb.main of <colcon_core.verb.build.BuildVerb object at 0xffffa6462aa0>>, mixin_verb=('build',))
[2.471s] Level 1:colcon.colcon_core.package_discovery:discover_packages(colcon_meta) check parameters
[2.472s] Level 1:colcon.colcon_core.package_discovery:discover_packages(recursive) check parameters
[2.472s] Level 1:colcon.colcon_core.package_discovery:discover_packages(ignore) check parameters
[2.473s] Level 1:colcon.colcon_core.package_discovery:discover_packages(path) check parameters
[2.473s] Level 1:colcon.colcon_core.package_discovery:discover_packages(colcon_meta) discover
[2.474s] Level 1:colcon.colcon_core.package_discovery:discover_packages(recursive) discover
[2.474s] INFO:colcon.colcon_core.package_discovery:Crawling recursively for packages in '/Testbot'
[2.475s] Level 1:colcon.colcon_core.package_identification:_identify(.) by extensions ['ignore', 'ignore_ament_install']
[2.476s] Level 1:colcon.colcon_core.package_identification:_identify(.) by extension 'ignore'
[2.477s] Level 1:colcon.colcon_core.package_identification:_identify(.) by extension 'ignore_ament_install'
[2.477s] Level 1:colcon.colcon_core.package_identification:_identify(.) by extensions ['colcon_pkg']
[2.477s] Level 1:colcon.colcon_core.package_identification:_identify(.) by extension 'colcon_pkg'
[2.477s] Level 1:colcon.colcon_core.package_identification:_identify(.) by extensions ['colcon_meta']
[2.478s] Level 1:colcon.colcon_core.package_identification:_identify(.) by extension 'colcon_meta'
[2.478s] Level 1:colcon.colcon_core.package_identification:_identify(.) by extensions ['ros']
[2.478s] Level 1:colcon.colcon_core.package_identification:_identify(.) by extension 'ros'
[2.607s] Level 1:colcon.colcon_core.package_identification:_identify(.) by extensions ['cmake', 'python']
[2.607s] Level 1:colcon.colcon_core.package_identification:_identify(.) by extension 'cmake'
[2.608s] Level 1:colcon.colcon_core.package_identification:_identify(.) by extension 'python'
[2.609s] Level 1:colcon.colcon_core.package_identification:_identify(.) by extensions ['python_setup_py']
[2.610s] Level 1:colcon.colcon_core.package_identification:_identify(.) by extension 'python_setup_py'
[2.612s] Level 1:colcon.colcon_core.package_identification:_identify(build) by extensions ['ignore', 'ignore_ament_install']
[2.614s] Level 1:colcon.colcon_core.package_identification:_identify(build) by extension 'ignore'
[2.615s] Level 1:colcon.colcon_core.package_identification:_identify(build) ignored
[2.618s] Level 1:colcon.colcon_core.package_identification:_identify(install) by extensions ['ignore', 'ignore_ament_install']
[2.619s] Level 1:colcon.colcon_core.package_identification:_identify(install) by extension 'ignore'
[2.620s] Level 1:colcon.colcon_core.package_identification:_identify(install) ignored
[2.622s] Level 1:colcon.colcon_core.package_identification:_identify(log) by extensions ['ignore', 'ignore_ament_install']
[2.623s] Level 1:colcon.colcon_core.package_identification:_identify(log) by extension 'ignore'
[2.624s] Level 1:colcon.colcon_core.package_identification:_identify(log) ignored
[2.626s] Level 1:colcon.colcon_core.package_identification:_identify(src) by extensions ['ignore', 'ignore_ament_install']
[2.628s] Level 1:colcon.colcon_core.package_identification:_identify(src) by extension 'ignore'
[2.629s] Level 1:colcon.colcon_core.package_identification:_identify(src) by extension 'ignore_ament_install'
[2.629s] Level 1:colcon.colcon_core.package_identification:_identify(src) by extensions ['colcon_pkg']
[2.630s] Level 1:colcon.colcon_core.package_identification:_identify(src) by extension 'colcon_pkg'
[2.630s] Level 1:colcon.colcon_core.package_identification:_identify(src) by extensions ['colcon_meta']
[2.630s] Level 1:colcon.colcon_core.package_identification:_identify(src) by extension 'colcon_meta'
[2.631s] Level 1:colcon.colcon_core.package_identification:_identify(src) by extensions ['ros']
[2.631s] Level 1:colcon.colcon_core.package_identification:_identify(src) by extension 'ros'
[2.632s] Level 1:colcon.colcon_core.package_identification:_identify(src) by extensions ['cmake', 'python']
[2.632s] Level 1:colcon.colcon_core.package_identification:_identify(src) by extension 'cmake'
[2.633s] Level 1:colcon.colcon_core.package_identification:_identify(src) by extension 'python'
[2.634s] Level 1:colcon.colcon_core.package_identification:_identify(src) by extensions ['python_setup_py']
[2.635s] Level 1:colcon.colcon_core.package_identification:_identify(src) by extension 'python_setup_py'
[2.637s] Level 1:colcon.colcon_core.package_identification:_identify(src/testbot_ws) by extensions ['ignore', 'ignore_ament_install']
[2.639s] Level 1:colcon.colcon_core.package_identification:_identify(src/testbot_ws) by extension 'ignore'
[2.640s] Level 1:colcon.colcon_core.package_identification:_identify(src/testbot_ws) by extension 'ignore_ament_install'
[2.642s] Level 1:colcon.colcon_core.package_identification:_identify(src/testbot_ws) by extensions ['colcon_pkg']
[2.643s] Level 1:colcon.colcon_core.package_identification:_identify(src/testbot_ws) by extension 'colcon_pkg'
[2.644s] Level 1:colcon.colcon_core.package_identification:_identify(src/testbot_ws) by extensions ['colcon_meta']
[2.645s] Level 1:colcon.colcon_core.package_identification:_identify(src/testbot_ws) by extension 'colcon_meta'
[2.646s] Level 1:colcon.colcon_core.package_identification:_identify(src/testbot_ws) by extensions ['ros']
[2.647s] Level 1:colcon.colcon_core.package_identification:_identify(src/testbot_ws) by extension 'ros'
[2.648s] Level 1:colcon.colcon_core.package_identification:_identify(src/testbot_ws) by extensions ['cmake', 'python']
[2.648s] Level 1:colcon.colcon_core.package_identification:_identify(src/testbot_ws) by extension 'cmake'
[2.649s] Level 1:colcon.colcon_core.package_identification:_identify(src/testbot_ws) by extension 'python'
[2.649s] Level 1:colcon.colcon_core.package_identification:_identify(src/testbot_ws) by extensions ['python_setup_py']
[2.649s] Level 1:colcon.colcon_core.package_identification:_identify(src/testbot_ws) by extension 'python_setup_py'
[2.651s] Level 1:colcon.colcon_core.package_identification:_identify(src/testbot_ws/src) by extensions ['ignore', 'ignore_ament_install']
[2.652s] Level 1:colcon.colcon_core.package_identification:_identify(src/testbot_ws/src) by extension 'ignore'
[2.653s] Level 1:colcon.colcon_core.package_identification:_identify(src/testbot_ws/src) by extension 'ignore_ament_install'
[2.654s] Level 1:colcon.colcon_core.package_identification:_identify(src/testbot_ws/src) by extensions ['colcon_pkg']
[2.655s] Level 1:colcon.colcon_core.package_identification:_identify(src/testbot_ws/src) by extension 'colcon_pkg'
[2.656s] Level 1:colcon.colcon_core.package_identification:_identify(src/testbot_ws/src) by extensions ['colcon_meta']
[2.657s] Level 1:colcon.colcon_core.package_identification:_identify(src/testbot_ws/src) by extension 'colcon_meta'
[2.658s] Level 1:colcon.colcon_core.package_identification:_identify(src/testbot_ws/src) by extensions ['ros']
[2.659s] Level 1:colcon.colcon_core.package_identification:_identify(src/testbot_ws/src) by extension 'ros'
[2.660s] Level 1:colcon.colcon_core.package_identification:_identify(src/testbot_ws/src) by extensions ['cmake', 'python']
[2.661s] Level 1:colcon.colcon_core.package_identification:_identify(src/testbot_ws/src) by extension 'cmake'
[2.662s] Level 1:colcon.colcon_core.package_identification:_identify(src/testbot_ws/src) by extension 'python'
[2.663s] Level 1:colcon.colcon_core.package_identification:_identify(src/testbot_ws/src) by extensions ['python_setup_py']
[2.664s] Level 1:colcon.colcon_core.package_identification:_identify(src/testbot_ws/src) by extension 'python_setup_py'
[2.666s] Level 1:colcon.colcon_core.package_identification:_identify(src/testbot_ws/src/drivetrain) by extensions ['ignore', 'ignore_ament_install']
[2.668s] Level 1:colcon.colcon_core.package_identification:_identify(src/testbot_ws/src/drivetrain) by extension 'ignore'
[2.669s] Level 1:colcon.colcon_core.package_identification:_identify(src/testbot_ws/src/drivetrain) by extension 'ignore_ament_install'
[2.669s] Level 1:colcon.colcon_core.package_identification:_identify(src/testbot_ws/src/drivetrain) by extensions ['colcon_pkg']
[2.669s] Level 1:colcon.colcon_core.package_identification:_identify(src/testbot_ws/src/drivetrain) by extension 'colcon_pkg'
[2.670s] Level 1:colcon.colcon_core.package_identification:_identify(src/testbot_ws/src/drivetrain) by extensions ['colcon_meta']
[2.670s] Level 1:colcon.colcon_core.package_identification:_identify(src/testbot_ws/src/drivetrain) by extension 'colcon_meta'
[2.671s] Level 1:colcon.colcon_core.package_identification:_identify(src/testbot_ws/src/drivetrain) by extensions ['ros']
[2.671s] Level 1:colcon.colcon_core.package_identification:_identify(src/testbot_ws/src/drivetrain) by extension 'ros'
[2.700s] DEBUG:colcon.colcon_core.package_identification:Package 'src/testbot_ws/src/drivetrain' with type 'ros.ament_cmake' and name 'drivetrain'
[2.701s] Level 1:colcon.colcon_core.package_discovery:discover_packages(recursive) using defaults
[2.702s] Level 1:colcon.colcon_core.package_discovery:discover_packages(ignore) discover
[2.702s] Level 1:colcon.colcon_core.package_discovery:discover_packages(ignore) using defaults
[2.703s] Level 1:colcon.colcon_core.package_discovery:discover_packages(path) discover
[2.703s] Level 1:colcon.colcon_core.package_discovery:discover_packages(path) using defaults
[2.938s] Level 5:colcon.colcon_core.verb:set package 'drivetrain' build argument 'cmake_args' from command line to 'None'
[2.939s] Level 5:colcon.colcon_core.verb:set package 'drivetrain' build argument 'cmake_target' from command line to 'None'
[2.940s] Level 5:colcon.colcon_core.verb:set package 'drivetrain' build argument 'cmake_target_skip_unavailable' from command line to 'False'
[2.941s] Level 5:colcon.colcon_core.verb:set package 'drivetrain' build argument 'cmake_clean_cache' from command line to 'False'
[2.941s] Level 5:colcon.colcon_core.verb:set package 'drivetrain' build argument 'cmake_clean_first' from command line to 'False'
[2.941s] Level 5:colcon.colcon_core.verb:set package 'drivetrain' build argument 'cmake_force_configure' from command line to 'False'
[2.942s] Level 5:colcon.colcon_core.verb:set package 'drivetrain' build argument 'ament_cmake_args' from command line to 'None'
[2.943s] Level 5:colcon.colcon_core.verb:set package 'drivetrain' build argument 'catkin_cmake_args' from command line to 'None'
[2.943s] Level 5:colcon.colcon_core.verb:set package 'drivetrain' build argument 'catkin_skip_building_tests' from command line to 'False'
[2.944s] DEBUG:colcon.colcon_core.verb:Building package 'drivetrain' with the following arguments: {'ament_cmake_args': None, 'build_base': '/Testbot/build/drivetrain', 'catkin_cmake_args': None, 'catkin_skip_building_tests': False, 'cmake_args': None, 'cmake_clean_cache': False, 'cmake_clean_first': False, 'cmake_force_configure': False, 'cmake_target': None, 'cmake_target_skip_unavailable': False, 'install_base': '/Testbot/install/drivetrain', 'merge_install': False, 'path': '/Testbot/src/testbot_ws/src/drivetrain', 'symlink_install': False, 'test_result_base': None}
[2.947s] INFO:colcon.colcon_core.executor:Executing jobs using 'parallel' executor
[2.956s] DEBUG:colcon.colcon_parallel_executor.executor.parallel:run_until_complete
[2.959s] INFO:colcon.colcon_ros.task.ament_cmake.build:Building ROS package in '/Testbot/src/testbot_ws/src/drivetrain' with build type 'ament_cmake'
[2.961s] INFO:colcon.colcon_cmake.task.cmake.build:Building CMake package in '/Testbot/src/testbot_ws/src/drivetrain'
[2.994s] INFO:colcon.colcon_core.plugin_system:Skipping extension 'colcon_core.shell.bat': Not used on non-Windows systems
[2.996s] INFO:colcon.colcon_core.shell:Skip shell extension 'powershell' for command environment: Not usable outside of PowerShell
[2.996s] DEBUG:colcon.colcon_core.shell:Skip shell extension 'dsv' for command environment
[3.129s] DEBUG:colcon.colcon_core.event_handler.log_command:Invoking command in '/Testbot/build/drivetrain': CMAKE_PREFIX_PATH=${CMAKE_PREFIX_PATH}:/opt/ros/humble /usr/bin/cmake --build /Testbot/build/drivetrain -- -j4 -l4
[28.004s] DEBUG:colcon.colcon_core.event_handler.log_command:Invoked command in '/Testbot/build/drivetrain' returned '2': CMAKE_PREFIX_PATH=${CMAKE_PREFIX_PATH}:/opt/ros/humble /usr/bin/cmake --build /Testbot/build/drivetrain -- -j4 -l4
[28.154s] Level 1:colcon.colcon_core.environment:create_environment_scripts_only(drivetrain)
[28.169s] Level 1:colcon.colcon_core.environment:checking '/Testbot/install/drivetrain' for CMake module files
[28.172s] Level 1:colcon.colcon_core.environment:checking '/Testbot/install/drivetrain' for CMake config files
[28.173s] Level 1:colcon.colcon_core.shell:create_environment_hook('drivetrain', 'cmake_prefix_path')
[28.175s] INFO:colcon.colcon_core.shell:Creating environment hook '/Testbot/install/drivetrain/share/drivetrain/hook/cmake_prefix_path.ps1'
[28.178s] INFO:colcon.colcon_core.shell:Creating environment descriptor '/Testbot/install/drivetrain/share/drivetrain/hook/cmake_prefix_path.dsv'
[28.182s] INFO:colcon.colcon_core.shell:Creating environment hook '/Testbot/install/drivetrain/share/drivetrain/hook/cmake_prefix_path.sh'
[28.188s] Level 1:colcon.colcon_core.environment:checking '/Testbot/install/drivetrain/bin'
[28.189s] Level 1:colcon.colcon_core.environment:checking '/Testbot/install/drivetrain/lib/pkgconfig/drivetrain.pc'
[28.198s] Level 1:colcon.colcon_core.environment:checking '/Testbot/install/drivetrain/lib/python3.10/site-packages'
[28.199s] Level 1:colcon.colcon_core.environment:checking '/Testbot/install/drivetrain/bin'
[28.200s] INFO:colcon.colcon_core.shell:Creating package script '/Testbot/install/drivetrain/share/drivetrain/package.ps1'
[28.205s] INFO:colcon.colcon_core.shell:Creating package descriptor '/Testbot/install/drivetrain/share/drivetrain/package.dsv'
[28.208s] INFO:colcon.colcon_core.shell:Creating package script '/Testbot/install/drivetrain/share/drivetrain/package.sh'
[28.212s] INFO:colcon.colcon_core.shell:Creating package script '/Testbot/install/drivetrain/share/drivetrain/package.bash'
[28.216s] INFO:colcon.colcon_core.shell:Creating package script '/Testbot/install/drivetrain/share/drivetrain/package.zsh'
[28.220s] Level 1:colcon.colcon_core.environment:create_file_with_runtime_dependencies(/Testbot/install/drivetrain/share/colcon-core/packages/drivetrain)
[28.232s] DEBUG:colcon.colcon_parallel_executor.executor.parallel:closing loop
[28.233s] DEBUG:colcon.colcon_parallel_executor.executor.parallel:loop closed
[28.233s] DEBUG:colcon.colcon_parallel_executor.executor.parallel:run_until_complete finished with '2'
[28.234s] DEBUG:colcon.colcon_core.event_reactor:joining thread
[28.268s] INFO:colcon.colcon_core.plugin_system:Skipping extension 'colcon_notification.desktop_notification.notify_send': Could not find 'notify-send'
[28.268s] INFO:colcon.colcon_core.plugin_system:Skipping extension 'colcon_notification.desktop_notification.terminal_notifier': Not used on non-Darwin systems
[28.269s] INFO:colcon.colcon_core.plugin_system:Skipping extension 'colcon_notification.desktop_notification.win32': Not used on non-Windows systems
[28.269s] INFO:colcon.colcon_notification.desktop_notification:Sending desktop notification using 'notify2'
[28.269s] DEBUG:colcon.colcon_notification.desktop_notification.notify2:Failed to initialize notify2: org.freedesktop.DBus.Error.NotSupported: Unable to autolaunch a dbus-daemon without a $DISPLAY for X11
[28.269s] DEBUG:colcon.colcon_core.event_reactor:joined thread
[28.271s] INFO:colcon.colcon_core.shell:Creating prefix script '/Testbot/install/local_setup.ps1'
[28.275s] INFO:colcon.colcon_core.shell:Creating prefix util module '/Testbot/install/_local_setup_util_ps1.py'
[28.283s] INFO:colcon.colcon_core.shell:Creating prefix chain script '/Testbot/install/setup.ps1'
[28.288s] INFO:colcon.colcon_core.shell:Creating prefix script '/Testbot/install/local_setup.sh'
[28.292s] INFO:colcon.colcon_core.shell:Creating prefix util module '/Testbot/install/_local_setup_util_sh.py'
[28.295s] INFO:colcon.colcon_core.shell:Creating prefix chain script '/Testbot/install/setup.sh'
[28.300s] INFO:colcon.colcon_core.shell:Creating prefix script '/Testbot/install/local_setup.bash'
[28.303s] INFO:colcon.colcon_core.shell:Creating prefix chain script '/Testbot/install/setup.bash'
[28.308s] INFO:colcon.colcon_core.shell:Creating prefix script '/Testbot/install/local_setup.zsh'
[28.312s] INFO:colcon.colcon_core.shell:Creating prefix chain script '/Testbot/install/setup.zsh'
