[0.000000] (-) TimerEvent: {}
[0.008007] (drivetrain) JobQueued: {'identifier': 'drivetrain', 'dependencies': OrderedDict()}
[0.008351] (pythonDriving) JobQueued: {'identifier': 'pythonDriving', 'dependencies': OrderedDict()}
[0.061278] (drivetrain) JobStarted: {'identifier': 'drivetrain'}
[0.093051] (-) TimerEvent: {}
[0.195522] (-) TimerEvent: {}
[0.300087] (-) TimerEvent: {}
[0.411696] (-) TimerEvent: {}
[0.518274] (-) TimerEvent: {}
[0.620614] (-) TimerEvent: {}
[0.724031] (-) TimerEvent: {}
[0.831094] (-) TimerEvent: {}
[0.940969] (-) TimerEvent: {}
[0.968783] (pythonDriving) JobStarted: {'identifier': 'pythonDriving'}
[1.043770] (-) TimerEvent: {}
[1.160849] (-) TimerEvent: {}
[1.264721] (-) TimerEvent: {}
[1.399363] (-) TimerEvent: {}
[1.487365] (drivetrain) JobProgress: {'identifier': 'drivetrain', 'progress': 'cmake'}
[1.499631] (-) TimerEvent: {}
[1.537707] (drivetrain) Command: {'cmd': ['/usr/bin/cmake', '/TestBotTeaching/drivetrain', '-DAMENT_CMAKE_SYMLINK_INSTALL=1', '-DCMAKE_INSTALL_PREFIX=/TestBotTeaching/install/drivetrain'], 'cwd': '/TestBotTeaching/build/drivetrain', 'env': OrderedDict([('HOSTNAME', 'astrobotics-desktop'), ('SHLVL', '2'), ('LD_LIBRARY_PATH', '/opt/ros/humble/opt/rviz_ogre_vendor/lib:/opt/ros/humble/lib/aarch64-linux-gnu:/opt/ros/humble/lib'), ('HOME', '/home/astro-dev'), ('ROS_PYTHON_VERSION', '3'), ('REMOTE_CONTAINERS', 'true'), ('ROS_DISTRO', 'humble'), ('REMOTE_CONTAINERS_IPC', '/tmp/vscode-remote-containers-ipc-51b7e478-1a16-4a43-9e2e-253bdea70baf.sock'), ('_', '/usr/bin/colcon'), ('ROS_VERSION', '2'), ('TERM', 'xterm'), ('ROS_LOCALHOST_ONLY', '0'), ('PATH', '/home/astro-dev/.local/bin:/opt/ros/humble/bin:/usr/local/sbin:/usr/local/bin:/usr/sbin:/usr/bin:/sbin:/bin'), ('REMOTE_CONTAINERS_SOCKETS', '["/tmp/vscode-ssh-auth-51b7e478-1a16-4a43-9e2e-253bdea70baf.sock","/tmp/.X11-unix/X0","/home/astro-dev/.gnupg/S.gpg-agent"]'), ('DISPLAY', ':0'), ('LANG', 'C.UTF-8'), ('LS_COLORS', ''), ('SSH_AUTH_SOCK', '/tmp/vscode-ssh-auth-51b7e478-1a16-4a43-9e2e-253bdea70baf.sock'), ('AMENT_PREFIX_PATH', '/opt/ros/humble'), ('REMOTE_CONTAINERS_DISPLAY_SOCK', '/tmp/.X11-unix/X0'), ('PWD', '/TestBotTeaching/build/drivetrain'), ('LC_ALL', 'C.UTF-8'), ('PYTHONPATH', '/opt/ros/humble/lib/python3.10/site-packages:/opt/ros/humble/local/lib/python3.10/dist-packages'), ('COLCON', '1'), ('CMAKE_PREFIX_PATH', '/opt/ros/humble')]), 'shell': False}
[1.600096] (-) TimerEvent: {}
[1.707610] (-) TimerEvent: {}
[1.814694] (-) TimerEvent: {}
[1.923392] (-) TimerEvent: {}
[2.040072] (-) TimerEvent: {}
[2.147782] (-) TimerEvent: {}
[2.268919] (-) TimerEvent: {}
[2.282681] (drivetrain) StderrLine: {'line': b'\x1b[0mCMake Error: The current CMakeCache.txt directory /TestBotTeaching/build/drivetrain/CMakeCache.txt is different than the directory /home/astrobotics/TestBotTeaching/build/drivetrain where CMakeCache.txt was created. This may result in binaries being created in the wrong place. If you are not sure, reedit the CMakeCache.txt\x1b[0m\n'}
[2.287397] (drivetrain) StderrLine: {'line': b'\x1b[0mCMake Error: The source "/TestBotTeaching/drivetrain/CMakeLists.txt" does not match the source "/home/astrobotics/TestBotTeaching/drivetrain/CMakeLists.txt" used to generate cache.  Re-run cmake with a different source directory.\x1b[0m\n'}
[2.369135] (-) TimerEvent: {}
[2.477447] (-) TimerEvent: {}
[2.587942] (-) TimerEvent: {}
[2.696925] (-) TimerEvent: {}
[2.801706] (-) TimerEvent: {}
[2.907845] (-) TimerEvent: {}
[3.019567] (-) TimerEvent: {}
[3.143398] (-) TimerEvent: {}
[3.254805] (-) TimerEvent: {}
[3.364083] (-) TimerEvent: {}
[3.475855] (-) TimerEvent: {}
[3.583573] (-) TimerEvent: {}
[3.686390] (-) TimerEvent: {}
[3.792305] (-) TimerEvent: {}
[3.894533] (-) TimerEvent: {}
[4.010687] (-) TimerEvent: {}
[4.124305] (-) TimerEvent: {}
[4.233390] (-) TimerEvent: {}
[4.343786] (-) TimerEvent: {}
[4.453959] (-) TimerEvent: {}
[4.560023] (-) TimerEvent: {}
[4.668973] (-) TimerEvent: {}
[4.770383] (-) TimerEvent: {}
[4.889462] (-) TimerEvent: {}
[5.007835] (-) TimerEvent: {}
[5.118058] (-) TimerEvent: {}
[5.250817] (-) TimerEvent: {}
[5.352479] (-) TimerEvent: {}
[5.455937] (-) TimerEvent: {}
[5.564038] (-) TimerEvent: {}
[5.669483] (-) TimerEvent: {}
[5.771546] (-) TimerEvent: {}
[5.873514] (-) TimerEvent: {}
[5.979810] (-) TimerEvent: {}
[6.083555] (-) TimerEvent: {}
[6.195709] (-) TimerEvent: {}
[6.308267] (-) TimerEvent: {}
[6.416127] (-) TimerEvent: {}
[6.523053] (-) TimerEvent: {}
[6.630051] (-) TimerEvent: {}
[6.738375] (-) TimerEvent: {}
[6.842959] (-) TimerEvent: {}
[6.948149] (-) TimerEvent: {}
[7.056645] (-) TimerEvent: {}
[7.163401] (-) TimerEvent: {}
[7.267383] (-) TimerEvent: {}
[7.369435] (-) TimerEvent: {}
[7.472755] (-) TimerEvent: {}
[7.578831] (-) TimerEvent: {}
[7.681643] (-) TimerEvent: {}
[7.789481] (-) TimerEvent: {}
[7.894841] (-) TimerEvent: {}
[8.003104] (-) TimerEvent: {}
[8.112669] (-) TimerEvent: {}
[8.220792] (-) TimerEvent: {}
[8.337635] (-) TimerEvent: {}
[8.439452] (-) TimerEvent: {}
[8.548711] (-) TimerEvent: {}
[8.652510] (-) TimerEvent: {}
[8.766775] (-) TimerEvent: {}
[8.878483] (-) TimerEvent: {}
[8.983595] (-) TimerEvent: {}
[9.090898] (-) TimerEvent: {}
[9.210997] (-) TimerEvent: {}
[9.317252] (-) TimerEvent: {}
[9.423860] (-) TimerEvent: {}
[9.531834] (-) TimerEvent: {}
[9.639767] (-) TimerEvent: {}
[9.750073] (-) TimerEvent: {}
[9.861241] (-) TimerEvent: {}
[9.971852] (-) TimerEvent: {}
[10.084141] (-) TimerEvent: {}
[10.189750] (-) TimerEvent: {}
[10.293953] (-) TimerEvent: {}
[10.396439] (-) TimerEvent: {}
[10.499959] (-) TimerEvent: {}
[10.603643] (-) TimerEvent: {}
[10.708454] (-) TimerEvent: {}
[10.814578] (-) TimerEvent: {}
[10.921281] (-) TimerEvent: {}
[11.026551] (-) TimerEvent: {}
[11.138390] (-) TimerEvent: {}
[11.250839] (-) TimerEvent: {}
[11.377166] (-) TimerEvent: {}
[11.481773] (-) TimerEvent: {}
[11.585837] (-) TimerEvent: {}
[11.688036] (-) TimerEvent: {}
[11.790368] (-) TimerEvent: {}
[11.898783] (-) TimerEvent: {}
[12.010300] (-) TimerEvent: {}
[12.121364] (-) TimerEvent: {}
[12.227391] (-) TimerEvent: {}
[12.333409] (-) TimerEvent: {}
[12.441004] (-) TimerEvent: {}
[12.546653] (-) TimerEvent: {}
[12.650549] (-) TimerEvent: {}
[12.760081] (-) TimerEvent: {}
[12.868498] (-) TimerEvent: {}
[12.979652] (-) TimerEvent: {}
[13.088950] (-) TimerEvent: {}
[13.197700] (-) TimerEvent: {}
[13.311148] (-) TimerEvent: {}
[13.423804] (-) TimerEvent: {}
[13.598172] (-) TimerEvent: {}
[13.646326] (drivetrain) CommandEnded: {'returncode': 1}
[13.750884] (-) TimerEvent: {}
[13.855410] (-) TimerEvent: {}
[13.991738] (-) TimerEvent: {}
[14.142868] (-) TimerEvent: {}
[14.252866] (-) TimerEvent: {}
[14.367360] (-) TimerEvent: {}
[14.472929] (-) TimerEvent: {}
[14.582666] (-) TimerEvent: {}
[14.643557] (drivetrain) JobEnded: {'identifier': 'drivetrain', 'rc': 1}
[14.682961] (-) TimerEvent: {}
[14.784486] (-) TimerEvent: {}
[14.886283] (-) TimerEvent: {}
[14.987545] (-) TimerEvent: {}
[15.090936] (-) TimerEvent: {}
[15.194173] (-) TimerEvent: {}
[15.297585] (-) TimerEvent: {}
[15.403508] (-) TimerEvent: {}
[15.506244] (-) TimerEvent: {}
[15.610534] (-) TimerEvent: {}
[15.713365] (-) TimerEvent: {}
[15.815312] (-) TimerEvent: {}
[15.917141] (-) TimerEvent: {}
[16.022768] (-) TimerEvent: {}
[16.142595] (-) TimerEvent: {}
[16.244406] (-) TimerEvent: {}
[16.348595] (-) TimerEvent: {}
[16.452131] (-) TimerEvent: {}
[16.554803] (-) TimerEvent: {}
[16.659310] (-) TimerEvent: {}
[16.767925] (-) TimerEvent: {}
[16.872669] (-) TimerEvent: {}
[16.991873] (-) TimerEvent: {}
[17.093749] (-) TimerEvent: {}
[17.198475] (-) TimerEvent: {}
[17.301338] (-) TimerEvent: {}
[17.408967] (-) TimerEvent: {}
[17.512576] (-) TimerEvent: {}
[17.616322] (-) TimerEvent: {}
[17.725131] (-) TimerEvent: {}
[17.832398] (-) TimerEvent: {}
[17.941718] (-) TimerEvent: {}
[18.047979] (-) TimerEvent: {}
[18.152678] (-) TimerEvent: {}
[18.257102] (-) TimerEvent: {}
[18.368686] (-) TimerEvent: {}
[18.474559] (-) TimerEvent: {}
[18.580058] (-) TimerEvent: {}
[18.684449] (-) TimerEvent: {}
[18.787582] (-) TimerEvent: {}
[18.888591] (-) TimerEvent: {}
[18.993996] (-) TimerEvent: {}
[19.102874] (-) TimerEvent: {}
[19.217010] (-) TimerEvent: {}
[19.321576] (-) TimerEvent: {}
[19.425680] (-) TimerEvent: {}
[19.530049] (-) TimerEvent: {}
[19.633055] (-) TimerEvent: {}
[19.737205] (-) TimerEvent: {}
[19.841472] (-) TimerEvent: {}
[19.953374] (-) TimerEvent: {}
[20.063423] (-) TimerEvent: {}
[20.166499] (-) TimerEvent: {}
[20.272304] (-) TimerEvent: {}
[20.373422] (-) TimerEvent: {}
[20.479602] (-) TimerEvent: {}
[20.588336] (-) TimerEvent: {}
[20.695670] (-) TimerEvent: {}
[20.798463] (-) TimerEvent: {}
[20.907844] (-) TimerEvent: {}
[21.019863] (-) TimerEvent: {}
[21.128796] (-) TimerEvent: {}
[21.256108] (-) TimerEvent: {}
[21.378606] (-) TimerEvent: {}
[21.503548] (-) TimerEvent: {}
[21.628795] (-) TimerEvent: {}
[21.734745] (-) TimerEvent: {}
[21.839392] (-) TimerEvent: {}
[21.942552] (-) TimerEvent: {}
[22.046391] (-) TimerEvent: {}
[22.149456] (-) TimerEvent: {}
[22.253044] (-) TimerEvent: {}
[22.356559] (-) TimerEvent: {}
[22.475426] (-) TimerEvent: {}
[22.583648] (-) TimerEvent: {}
[22.703729] (-) TimerEvent: {}
[22.817185] (-) TimerEvent: {}
[22.918729] (-) TimerEvent: {}
[23.025483] (-) TimerEvent: {}
[23.126664] (-) TimerEvent: {}
[23.228105] (-) TimerEvent: {}
[23.330549] (-) TimerEvent: {}
[23.448016] (-) TimerEvent: {}
[23.556702] (-) TimerEvent: {}
[23.683417] (-) TimerEvent: {}
[23.788399] (-) TimerEvent: {}
[23.911671] (-) TimerEvent: {}
[24.018381] (-) TimerEvent: {}
[24.123458] (-) TimerEvent: {}
[24.228277] (-) TimerEvent: {}
[24.335564] (-) TimerEvent: {}
[24.441130] (-) TimerEvent: {}
[24.545379] (-) TimerEvent: {}
[24.659399] (-) TimerEvent: {}
[24.762742] (-) TimerEvent: {}
[24.871855] (-) TimerEvent: {}
[24.980430] (-) TimerEvent: {}
[25.083371] (-) TimerEvent: {}
[25.186008] (-) TimerEvent: {}
[25.291329] (-) TimerEvent: {}
[25.398375] (-) TimerEvent: {}
[25.503068] (-) TimerEvent: {}
[25.616175] (-) TimerEvent: {}
[25.725944] (-) TimerEvent: {}
[25.855900] (-) TimerEvent: {}
[25.986711] (-) TimerEvent: {}
[26.095970] (-) TimerEvent: {}
[26.204008] (-) TimerEvent: {}
[26.309947] (-) TimerEvent: {}
[26.427635] (-) TimerEvent: {}
[26.531771] (-) TimerEvent: {}
[26.639466] (-) TimerEvent: {}
[26.775574] (-) TimerEvent: {}
[26.880296] (-) TimerEvent: {}
[27.002154] (-) TimerEvent: {}
[27.114368] (-) TimerEvent: {}
[27.225522] (-) TimerEvent: {}
[27.342669] (-) TimerEvent: {}
[27.461933] (-) TimerEvent: {}
[27.572436] (-) TimerEvent: {}
[27.737223] (-) TimerEvent: {}
[27.855564] (-) TimerEvent: {}
[27.971820] (-) TimerEvent: {}
[28.103116] (-) TimerEvent: {}
[28.204734] (-) TimerEvent: {}
[28.306740] (-) TimerEvent: {}
[28.419960] (-) TimerEvent: {}
[28.535752] (-) TimerEvent: {}
[28.654449] (-) TimerEvent: {}
[28.763469] (-) TimerEvent: {}
[28.871913] (-) TimerEvent: {}
[28.983487] (-) TimerEvent: {}
[29.092735] (-) TimerEvent: {}
[29.200543] (-) TimerEvent: {}
[29.315442] (-) TimerEvent: {}
[29.421825] (-) TimerEvent: {}
[29.534515] (-) TimerEvent: {}
[29.659360] (-) TimerEvent: {}
[29.763752] (-) TimerEvent: {}
[29.872611] (-) TimerEvent: {}
[29.975836] (-) TimerEvent: {}
[30.078253] (-) TimerEvent: {}
[30.179920] (-) TimerEvent: {}
[30.290520] (-) TimerEvent: {}
[30.403409] (-) TimerEvent: {}
[30.507454] (-) TimerEvent: {}
[30.616776] (-) TimerEvent: {}
[30.728157] (-) TimerEvent: {}
[30.844411] (-) TimerEvent: {}
[30.960337] (-) TimerEvent: {}
[31.074037] (-) TimerEvent: {}
[31.186429] (-) TimerEvent: {}
[31.288188] (-) TimerEvent: {}
[31.406456] (-) TimerEvent: {}
[31.510755] (-) TimerEvent: {}
[31.619422] (-) TimerEvent: {}
[31.724904] (-) TimerEvent: {}
[31.825837] (-) TimerEvent: {}
[31.927131] (-) TimerEvent: {}
[32.028957] (-) TimerEvent: {}
[32.130032] (-) TimerEvent: {}
[32.231292] (-) TimerEvent: {}
[32.333079] (-) TimerEvent: {}
[32.439073] (-) TimerEvent: {}
[32.542313] (-) TimerEvent: {}
[32.647476] (-) TimerEvent: {}
[32.750071] (-) TimerEvent: {}
[32.859236] (-) TimerEvent: {}
[32.961544] (-) TimerEvent: {}
[33.071252] (-) TimerEvent: {}
[33.181336] (-) TimerEvent: {}
[33.293211] (-) TimerEvent: {}
[33.400086] (-) TimerEvent: {}
[33.513867] (-) TimerEvent: {}
[33.622156] (-) TimerEvent: {}
[33.727269] (-) TimerEvent: {}
[33.836977] (-) TimerEvent: {}
[33.938482] (-) TimerEvent: {}
[34.045418] (-) TimerEvent: {}
[34.152472] (-) TimerEvent: {}
[34.255757] (-) TimerEvent: {}
[34.359769] (-) TimerEvent: {}
[34.462666] (-) TimerEvent: {}
[34.566332] (-) TimerEvent: {}
[34.704065] (-) TimerEvent: {}
[34.806063] (-) TimerEvent: {}
[34.907981] (-) TimerEvent: {}
[35.011302] (-) TimerEvent: {}
[35.124515] (-) TimerEvent: {}
[35.244501] (-) TimerEvent: {}
[35.353357] (-) TimerEvent: {}
[35.455899] (-) TimerEvent: {}
[35.558755] (-) TimerEvent: {}
[35.669933] (-) TimerEvent: {}
[35.790333] (-) TimerEvent: {}
[35.921858] (-) TimerEvent: {}
[36.040116] (-) TimerEvent: {}
[36.153029] (-) TimerEvent: {}
[36.255422] (-) TimerEvent: {}
[36.369983] (-) TimerEvent: {}
[36.479557] (-) TimerEvent: {}
[36.589544] (-) TimerEvent: {}
[36.701336] (-) TimerEvent: {}
[36.816970] (-) TimerEvent: {}
[36.918580] (-) TimerEvent: {}
[37.020531] (-) TimerEvent: {}
[37.124909] (-) TimerEvent: {}
[37.231659] (-) TimerEvent: {}
[37.340165] (-) TimerEvent: {}
[37.442644] (-) TimerEvent: {}
[37.548494] (-) TimerEvent: {}
[37.658957] (-) TimerEvent: {}
[37.774436] (-) TimerEvent: {}
[37.879571] (-) TimerEvent: {}
[37.992358] (-) TimerEvent: {}
[38.105929] (-) TimerEvent: {}
[38.219905] (-) TimerEvent: {}
[38.324902] (-) TimerEvent: {}
[38.436766] (-) TimerEvent: {}
[38.545055] (-) TimerEvent: {}
[38.658315] (-) TimerEvent: {}
[38.764396] (-) TimerEvent: {}
[38.876596] (-) TimerEvent: {}
[38.995409] (-) TimerEvent: {}
[39.110389] (-) TimerEvent: {}
[39.215406] (-) TimerEvent: {}
[39.324674] (-) TimerEvent: {}
[39.437415] (-) TimerEvent: {}
[39.541109] (-) TimerEvent: {}
[39.667668] (-) TimerEvent: {}
[39.801592] (-) TimerEvent: {}
[39.904151] (-) TimerEvent: {}
[40.006260] (-) TimerEvent: {}
[40.108589] (-) TimerEvent: {}
[40.210976] (-) TimerEvent: {}
[40.314978] (-) TimerEvent: {}
[40.416909] (-) TimerEvent: {}
[40.520489] (-) TimerEvent: {}
[40.623644] (-) TimerEvent: {}
[40.725209] (-) TimerEvent: {}
[40.826687] (-) TimerEvent: {}
[40.929446] (-) TimerEvent: {}
[41.032915] (-) TimerEvent: {}
[41.134854] (-) TimerEvent: {}
[41.237760] (-) TimerEvent: {}
[41.341956] (-) TimerEvent: {}
[41.445399] (-) TimerEvent: {}
[41.548778] (-) TimerEvent: {}
[41.652258] (-) TimerEvent: {}
[41.754775] (-) TimerEvent: {}
[41.858805] (-) TimerEvent: {}
[41.964041] (-) TimerEvent: {}
[42.067645] (-) TimerEvent: {}
[42.169862] (-) TimerEvent: {}
[42.270914] (-) TimerEvent: {}
[42.372140] (-) TimerEvent: {}
[42.473998] (-) TimerEvent: {}
[42.577457] (-) TimerEvent: {}
[42.679502] (-) TimerEvent: {}
[42.782108] (-) TimerEvent: {}
[42.887311] (-) TimerEvent: {}
[42.989235] (-) TimerEvent: {}
[43.094842] (-) TimerEvent: {}
[43.199311] (-) TimerEvent: {}
[43.302710] (-) TimerEvent: {}
[43.405830] (-) TimerEvent: {}
[43.507536] (-) TimerEvent: {}
[43.608967] (-) TimerEvent: {}
[43.710499] (-) TimerEvent: {}
[43.814274] (-) TimerEvent: {}
[43.916627] (-) TimerEvent: {}
[44.018457] (-) TimerEvent: {}
[44.121952] (-) TimerEvent: {}
[44.223461] (-) TimerEvent: {}
[44.325740] (-) TimerEvent: {}
[44.428014] (-) TimerEvent: {}
[44.531203] (-) TimerEvent: {}
[44.634290] (-) TimerEvent: {}
[44.737323] (-) TimerEvent: {}
[44.852021] (-) TimerEvent: {}
[44.963944] (-) TimerEvent: {}
[45.066871] (-) TimerEvent: {}
[45.174933] (-) TimerEvent: {}
[45.284045] (-) TimerEvent: {}
[45.390581] (-) TimerEvent: {}
[45.504752] (-) TimerEvent: {}
[45.611557] (-) TimerEvent: {}
[45.719837] (-) TimerEvent: {}
[45.835359] (-) TimerEvent: {}
[45.940130] (-) TimerEvent: {}
[46.041764] (-) TimerEvent: {}
[46.144631] (-) TimerEvent: {}
[46.259633] (-) TimerEvent: {}
[46.363136] (-) TimerEvent: {}
[46.479111] (-) TimerEvent: {}
[46.594208] (-) TimerEvent: {}
[46.695710] (-) TimerEvent: {}
[46.797111] (-) TimerEvent: {}
[46.898969] (-) TimerEvent: {}
[47.000291] (-) TimerEvent: {}
[47.102035] (-) TimerEvent: {}
[47.203221] (-) TimerEvent: {}
[47.304424] (-) TimerEvent: {}
[47.406308] (-) TimerEvent: {}
[47.508393] (-) TimerEvent: {}
[47.610812] (-) TimerEvent: {}
[47.713459] (-) TimerEvent: {}
[47.815334] (-) TimerEvent: {}
[47.918124] (-) TimerEvent: {}
[48.021134] (-) TimerEvent: {}
[48.124679] (-) TimerEvent: {}
[48.226834] (-) TimerEvent: {}
[48.329252] (-) TimerEvent: {}
[48.432116] (-) TimerEvent: {}
[48.536543] (-) TimerEvent: {}
[48.637681] (-) TimerEvent: {}
[48.739801] (-) TimerEvent: {}
[48.845368] (-) TimerEvent: {}
[48.947328] (-) TimerEvent: {}
[49.049342] (-) TimerEvent: {}
[49.153761] (-) TimerEvent: {}
[49.256298] (-) TimerEvent: {}
[49.360421] (-) TimerEvent: {}
[49.463785] (-) TimerEvent: {}
[49.565332] (-) TimerEvent: {}
[49.667656] (-) TimerEvent: {}
[49.769119] (-) TimerEvent: {}
[49.875982] (-) TimerEvent: {}
[49.979078] (-) TimerEvent: {}
[50.082002] (-) TimerEvent: {}
[50.185893] (-) TimerEvent: {}
[50.287786] (-) TimerEvent: {}
[50.391006] (-) TimerEvent: {}
[50.493457] (-) TimerEvent: {}
[50.595061] (-) TimerEvent: {}
[50.700888] (-) TimerEvent: {}
[50.816092] (-) TimerEvent: {}
[50.935488] (-) TimerEvent: {}
[51.048081] (-) TimerEvent: {}
[51.191481] (-) TimerEvent: {}
[51.296399] (-) TimerEvent: {}
[51.399348] (-) TimerEvent: {}
[51.503544] (-) TimerEvent: {}
[51.611350] (-) TimerEvent: {}
[51.714677] (-) TimerEvent: {}
[51.823340] (-) TimerEvent: {}
[51.926212] (-) TimerEvent: {}
[52.033208] (-) TimerEvent: {}
[52.142378] (-) TimerEvent: {}
[52.248844] (-) TimerEvent: {}
[52.256994] (pythonDriving) JobEnded: {'identifier': 'pythonDriving', 'rc': 'SIGINT'}
[52.270778] (-) EventReactorShutdown: {}
