running egg_info
writing ../build/pythonDriving/pythonDriving.egg-info/PKG-INFO
writing dependency_links to ../build/pythonDriving/pythonDriving.egg-info/dependency_links.txt
writing entry points to ../build/pythonDriving/pythonDriving.egg-info/entry_points.txt
writing requirements to ../build/pythonDriving/pythonDriving.egg-info/requires.txt
writing top-level names to ../build/pythonDriving/pythonDriving.egg-info/top_level.txt
reading manifest file '../build/pythonDriving/pythonDriving.egg-info/SOURCES.txt'
writing manifest file '../build/pythonDriving/pythonDriving.egg-info/SOURCES.txt'
running build
running build_py
copying pythonDriving/pythonDriving.py -> /TestBotTeaching/build/pythonDriving/build/lib/pythonDriving
copying pythonDriving/__init__.py -> /TestBotTeaching/build/pythonDriving/build/lib/pythonDriving
running install
running install_lib
copying /TestBotTeaching/build/pythonDriving/build/lib/pythonDriving/pythonDriving.py -> /TestBotTeaching/install/pythonDriving/lib/python3.10/site-packages/pythonDriving
copying /TestBotTeaching/build/pythonDriving/build/lib/pythonDriving/__init__.py -> /TestBotTeaching/install/pythonDriving/lib/python3.10/site-packages/pythonDriving
byte-compiling /TestBotTeaching/install/pythonDriving/lib/python3.10/site-packages/pythonDriving/pythonDriving.py to pythonDriving.cpython-310.pyc
byte-compiling /TestBotTeaching/install/pythonDriving/lib/python3.10/site-packages/pythonDriving/__init__.py to __init__.cpython-310.pyc
running install_data
running install_egg_info
removing '/TestBotTeaching/install/pythonDriving/lib/python3.10/site-packages/pythonDriving-0.0.0-py3.10.egg-info' (and everything under it)
Copying ../build/pythonDriving/pythonDriving.egg-info to /TestBotTeaching/install/pythonDriving/lib/python3.10/site-packages/pythonDriving-0.0.0-py3.10.egg-info
running install_scripts
Installing pythonDriving script to /TestBotTeaching/install/pythonDriving/lib/pythonDriving
writing list of installed files to '/TestBotTeaching/build/pythonDriving/install.log'
