[3.633s] Invoking command in '/TestBotTeaching/pythonDriving': PYTHONPATH=/TestBotTeaching/build/pythonDriving/prefix_override:/usr/lib/python3/dist-packages/colcon_core/task/python/colcon_distutils_commands:/TestBotTeaching/install/pythonDriving/lib/python3.10/site-packages:${PYTHONPATH} /usr/bin/python3 -W ignore:setup.py install is deprecated setup.py egg_info --egg-base ../build/pythonDriving build --build-base /TestBotTeaching/build/pythonDriving/build install --record /TestBotTeaching/build/pythonDriving/install.log --single-version-externally-managed install_data
[4.996s] running egg_info
[4.999s] writing ../build/pythonDriving/pythonDriving.egg-info/PKG-INFO
[5.000s] writing dependency_links to ../build/pythonDriving/pythonDriving.egg-info/dependency_links.txt
[5.001s] writing entry points to ../build/pythonDriving/pythonDriving.egg-info/entry_points.txt
[5.002s] writing requirements to ../build/pythonDriving/pythonDriving.egg-info/requires.txt
[5.003s] writing top-level names to ../build/pythonDriving/pythonDriving.egg-info/top_level.txt
[5.012s] reading manifest file '../build/pythonDriving/pythonDriving.egg-info/SOURCES.txt'
[5.017s] writing manifest file '../build/pythonDriving/pythonDriving.egg-info/SOURCES.txt'
[5.018s] running build
[5.019s] running build_py
[5.019s] copying pythonDriving/pythonDriving.py -> /TestBotTeaching/build/pythonDriving/build/lib/pythonDriving
[5.020s] copying pythonDriving/__init__.py -> /TestBotTeaching/build/pythonDriving/build/lib/pythonDriving
[5.021s] running install
[5.023s] running install_lib
[5.026s] copying /TestBotTeaching/build/pythonDriving/build/lib/pythonDriving/pythonDriving.py -> /TestBotTeaching/install/pythonDriving/lib/python3.10/site-packages/pythonDriving
[5.027s] copying /TestBotTeaching/build/pythonDriving/build/lib/pythonDriving/__init__.py -> /TestBotTeaching/install/pythonDriving/lib/python3.10/site-packages/pythonDriving
[5.030s] byte-compiling /TestBotTeaching/install/pythonDriving/lib/python3.10/site-packages/pythonDriving/pythonDriving.py to pythonDriving.cpython-310.pyc
[5.039s] byte-compiling /TestBotTeaching/install/pythonDriving/lib/python3.10/site-packages/pythonDriving/__init__.py to __init__.cpython-310.pyc
[5.040s] running install_data
[5.041s] running install_egg_info
[5.048s] removing '/TestBotTeaching/install/pythonDriving/lib/python3.10/site-packages/pythonDriving-0.0.0-py3.10.egg-info' (and everything under it)
[5.050s] Copying ../build/pythonDriving/pythonDriving.egg-info to /TestBotTeaching/install/pythonDriving/lib/python3.10/site-packages/pythonDriving-0.0.0-py3.10.egg-info
[5.056s] running install_scripts
[5.151s] Installing pythonDriving script to /TestBotTeaching/install/pythonDriving/lib/pythonDriving
[5.153s] writing list of installed files to '/TestBotTeaching/build/pythonDriving/install.log'
[5.291s] Invoked command in '/TestBotTeaching/pythonDriving' returned '0': PYTHONPATH=/TestBotTeaching/build/pythonDriving/prefix_override:/usr/lib/python3/dist-packages/colcon_core/task/python/colcon_distutils_commands:/TestBotTeaching/install/pythonDriving/lib/python3.10/site-packages:${PYTHONPATH} /usr/bin/python3 -W ignore:setup.py install is deprecated setup.py egg_info --egg-base ../build/pythonDriving build --build-base /TestBotTeaching/build/pythonDriving/build install --record /TestBotTeaching/build/pythonDriving/install.log --single-version-externally-managed install_data
