[0.190s] Invoking command in '/TestBotTeaching/build/drivetrain': CMAKE_PREFIX_PATH=/opt/ros/humble /usr/bin/cmake --build /TestBotTeaching/build/drivetrain -- -j4 -l4
[1.284s] [100%] Built target drivetrainNode
[4.902s] Invoked command in '/TestBotTeaching/build/drivetrain' returned '0': CMAKE_PREFIX_PATH=/opt/ros/humble /usr/bin/cmake --build /TestBotTeaching/build/drivetrain -- -j4 -l4
[5.351s] Invoking command in '/TestBotTeaching/build/drivetrain': CMAKE_PREFIX_PATH=/opt/ros/humble /usr/bin/cmake --install /TestBotTeaching/build/drivetrain
[5.430s] -- Install configuration: ""
[5.431s] -- Execute custom install script
[5.432s] -- Up-to-date symlink: /TestBotTeaching/install/drivetrain/lib/drivetrain/drivetrainNode
[5.435s] -- Up-to-date symlink: /TestBotTeaching/install/drivetrain/share/ament_index/resource_index/package_run_dependencies/drivetrain
[5.438s] -- Up-to-date symlink: /TestBotTeaching/install/drivetrain/share/ament_index/resource_index/parent_prefix_path/drivetrain
[5.442s] -- Up-to-date symlink: /TestBotTeaching/install/drivetrain/share/drivetrain/environment/ament_prefix_path.sh
[5.445s] -- Up-to-date symlink: /TestBotTeaching/install/drivetrain/share/drivetrain/environment/ament_prefix_path.dsv
[5.450s] -- Up-to-date symlink: /TestBotTeaching/install/drivetrain/share/drivetrain/environment/path.sh
[5.455s] -- Up-to-date symlink: /TestBotTeaching/install/drivetrain/share/drivetrain/environment/path.dsv
[5.459s] -- Up-to-date symlink: /TestBotTeaching/install/drivetrain/share/drivetrain/local_setup.bash
[5.462s] -- Up-to-date symlink: /TestBotTeaching/install/drivetrain/share/drivetrain/local_setup.sh
[5.465s] -- Up-to-date symlink: /TestBotTeaching/install/drivetrain/share/drivetrain/local_setup.zsh
[5.468s] -- Up-to-date symlink: /TestBotTeaching/install/drivetrain/share/drivetrain/local_setup.dsv
[5.470s] -- Symlinking: /TestBotTeaching/install/drivetrain/share/drivetrain/package.dsv
[5.537s] -- Up-to-date symlink: /TestBotTeaching/install/drivetrain/share/ament_index/resource_index/packages/drivetrain
[5.540s] -- Up-to-date symlink: /TestBotTeaching/install/drivetrain/share/drivetrain/cmake/drivetrainConfig.cmake
[5.543s] -- Up-to-date symlink: /TestBotTeaching/install/drivetrain/share/drivetrain/cmake/drivetrainConfig-version.cmake
[5.546s] -- Up-to-date symlink: /TestBotTeaching/install/drivetrain/share/drivetrain/package.xml
[5.567s] Invoked command in '/TestBotTeaching/build/drivetrain' returned '0': CMAKE_PREFIX_PATH=/opt/ros/humble /usr/bin/cmake --install /TestBotTeaching/build/drivetrain
