[0.072s] Invoking command in '/Testbot/build/drivetrain': CMAKE_PREFIX_PATH=/opt/ros/humble /usr/bin/cmake /Testbot/src/testbot_ws/src/drivetrain -DCMAKE_INSTALL_PREFIX=/Testbot/install/drivetrain
[0.857s] -- The C compiler identification is GNU 11.4.0
[1.269s] -- The CXX compiler identification is GNU 11.4.0
[1.320s] -- Detecting C compiler ABI info
[1.753s] -- Detecting C compiler ABI info - done
[1.785s] -- Check for working C compiler: /usr/bin/cc - skipped
[1.787s] -- Detecting C compile features
[1.791s] -- Detecting C compile features - done
[1.808s] -- Detecting CXX compiler ABI info
[2.215s] -- Detecting CXX compiler ABI info - done
[2.248s] -- Check for working CXX compiler: /usr/bin/c++ - skipped
[2.250s] -- Detecting CXX compile features
[2.253s] -- Detecting CXX compile features - done
[2.301s] -- Found ament_cmake: 1.3.10 (/opt/ros/humble/share/ament_cmake/cmake)
[3.087s] -- Found Python3: /usr/bin/python3 (found version "3.10.12") found components: Interpreter 
[3.787s] -- Found ament_lint_auto: 0.12.11 (/opt/ros/humble/share/ament_lint_auto/cmake)
[4.305s] -- Added test 'cppcheck' to perform static code analysis on C / C++ code
[4.305s] -- Configured cppcheck include dirs: 
[4.306s] -- Configured cppcheck exclude dirs and/or files: 
[4.311s] -- Added test 'lint_cmake' to check CMake code style
[4.321s] -- Added test 'uncrustify' to check C / C++ code style
[4.321s] -- Configured uncrustify additional arguments: 
[4.325s] -- Added test 'xmllint' to check XML markup files
[4.336s] -- Configuring done
[4.360s] -- Generating done
[4.370s] -- Build files have been written to: /Testbot/build/drivetrain
[4.385s] Invoked command in '/Testbot/build/drivetrain' returned '0': CMAKE_PREFIX_PATH=/opt/ros/humble /usr/bin/cmake /Testbot/src/testbot_ws/src/drivetrain -DCMAKE_INSTALL_PREFIX=/Testbot/install/drivetrain
[4.395s] Invoking command in '/Testbot/build/drivetrain': CMAKE_PREFIX_PATH=/opt/ros/humble /usr/bin/cmake --build /Testbot/build/drivetrain -- -j4 -l4
[4.565s] Invoked command in '/Testbot/build/drivetrain' returned '0': CMAKE_PREFIX_PATH=/opt/ros/humble /usr/bin/cmake --build /Testbot/build/drivetrain -- -j4 -l4
[4.741s] Invoking command in '/Testbot/build/drivetrain': CMAKE_PREFIX_PATH=/opt/ros/humble /usr/bin/cmake --install /Testbot/build/drivetrain
[4.776s] -- Install configuration: ""
[4.778s] -- Installing: /Testbot/install/drivetrain/share/ament_index/resource_index/package_run_dependencies/drivetrain
[4.779s] -- Installing: /Testbot/install/drivetrain/share/ament_index/resource_index/parent_prefix_path/drivetrain
[4.781s] -- Installing: /Testbot/install/drivetrain/share/drivetrain/environment/ament_prefix_path.sh
[4.782s] -- Installing: /Testbot/install/drivetrain/share/drivetrain/environment/ament_prefix_path.dsv
[4.784s] -- Installing: /Testbot/install/drivetrain/share/drivetrain/environment/path.sh
[4.786s] -- Installing: /Testbot/install/drivetrain/share/drivetrain/environment/path.dsv
[4.787s] -- Installing: /Testbot/install/drivetrain/share/drivetrain/local_setup.bash
[4.789s] -- Installing: /Testbot/install/drivetrain/share/drivetrain/local_setup.sh
[4.790s] -- Installing: /Testbot/install/drivetrain/share/drivetrain/local_setup.zsh
[4.792s] -- Installing: /Testbot/install/drivetrain/share/drivetrain/local_setup.dsv
[4.793s] -- Installing: /Testbot/install/drivetrain/share/drivetrain/package.dsv
[4.795s] -- Installing: /Testbot/install/drivetrain/share/ament_index/resource_index/packages/drivetrain
[4.796s] -- Installing: /Testbot/install/drivetrain/share/drivetrain/cmake/drivetrainConfig.cmake
[4.797s] -- Installing: /Testbot/install/drivetrain/share/drivetrain/cmake/drivetrainConfig-version.cmake
[4.799s] -- Installing: /Testbot/install/drivetrain/share/drivetrain/package.xml
[4.806s] Invoked command in '/Testbot/build/drivetrain' returned '0': CMAKE_PREFIX_PATH=/opt/ros/humble /usr/bin/cmake --install /Testbot/build/drivetrain
