[0.082s] DEBUG:colcon:Command line arguments: ['/usr/bin/colcon', 'build']
[0.082s] DEBUG:colcon:Parsed command line arguments: Namespace(log_base=None, log_level=None, verb_name='build', build_base='build', install_base='install', merge_install=False, symlink_install=False, test_result_base=None, continue_on_error=False, executor='parallel', parallel_workers=16, event_handlers=None, ignore_user_meta=False, metas=['./colcon.meta'], base_paths=['.'], packages_ignore=None, packages_ignore_regex=None, paths=None, packages_up_to=None, packages_up_to_regex=None, packages_above=None, packages_above_and_dependencies=None, packages_above_depth=None, packages_select_by_dep=None, packages_skip_by_dep=None, packages_skip_up_to=None, packages_select_build_failed=False, packages_skip_build_finished=False, packages_select_test_failures=False, packages_skip_test_passed=False, packages_select=None, packages_skip=None, packages_select_regex=None, packages_skip_regex=None, packages_start=None, packages_end=None, cmake_args=None, cmake_target=None, cmake_target_skip_unavailable=False, cmake_clean_cache=False, cmake_clean_first=False, cmake_force_configure=False, ament_cmake_args=None, catkin_cmake_args=None, catkin_skip_building_tests=False, mixin_files=None, mixin=None, verb_parser=<colcon_mixin.mixin.mixin_argument.MixinArgumentDecorator object at 0x7fbbec5286d0>, verb_extension=<colcon_core.verb.build.BuildVerb object at 0x7fbbec5280d0>, main=<bound method BuildVerb.main of <colcon_core.verb.build.BuildVerb object at 0x7fbbec5280d0>>, mixin_verb=('build',))
[0.182s] Level 1:colcon.colcon_core.package_discovery:discover_packages(colcon_meta) check parameters
[0.182s] Level 1:colcon.colcon_core.package_discovery:discover_packages(recursive) check parameters
[0.182s] Level 1:colcon.colcon_core.package_discovery:discover_packages(ignore) check parameters
[0.182s] Level 1:colcon.colcon_core.package_discovery:discover_packages(path) check parameters
[0.182s] Level 1:colcon.colcon_core.package_discovery:discover_packages(colcon_meta) discover
[0.182s] Level 1:colcon.colcon_core.package_discovery:discover_packages(recursive) discover
[0.182s] INFO:colcon.colcon_core.package_discovery:Crawling recursively for packages in '/workspaces/TestBotTeaching'
[0.182s] Level 1:colcon.colcon_core.package_identification:_identify(.) by extensions ['ignore', 'ignore_ament_install']
[0.182s] Level 1:colcon.colcon_core.package_identification:_identify(.) by extension 'ignore'
[0.182s] Level 1:colcon.colcon_core.package_identification:_identify(.) by extension 'ignore_ament_install'
[0.182s] Level 1:colcon.colcon_core.package_identification:_identify(.) by extensions ['colcon_pkg']
[0.182s] Level 1:colcon.colcon_core.package_identification:_identify(.) by extension 'colcon_pkg'
[0.182s] Level 1:colcon.colcon_core.package_identification:_identify(.) by extensions ['colcon_meta']
[0.183s] Level 1:colcon.colcon_core.package_identification:_identify(.) by extension 'colcon_meta'
[0.183s] Level 1:colcon.colcon_core.package_identification:_identify(.) by extensions ['ros']
[0.183s] Level 1:colcon.colcon_core.package_identification:_identify(.) by extension 'ros'
[0.191s] Level 1:colcon.colcon_core.package_identification:_identify(.) by extensions ['cmake', 'python']
[0.191s] Level 1:colcon.colcon_core.package_identification:_identify(.) by extension 'cmake'
[0.191s] Level 1:colcon.colcon_core.package_identification:_identify(.) by extension 'python'
[0.191s] Level 1:colcon.colcon_core.package_identification:_identify(.) by extensions ['python_setup_py']
[0.191s] Level 1:colcon.colcon_core.package_identification:_identify(.) by extension 'python_setup_py'
[0.191s] Level 1:colcon.colcon_core.package_identification:_identify(build) by extensions ['ignore', 'ignore_ament_install']
[0.191s] Level 1:colcon.colcon_core.package_identification:_identify(build) by extension 'ignore'
[0.191s] Level 1:colcon.colcon_core.package_identification:_identify(build) ignored
[0.191s] Level 1:colcon.colcon_core.package_identification:_identify(cpp_pubsub) by extensions ['ignore', 'ignore_ament_install']
[0.191s] Level 1:colcon.colcon_core.package_identification:_identify(cpp_pubsub) by extension 'ignore'
[0.191s] Level 1:colcon.colcon_core.package_identification:_identify(cpp_pubsub) by extension 'ignore_ament_install'
[0.191s] Level 1:colcon.colcon_core.package_identification:_identify(cpp_pubsub) by extensions ['colcon_pkg']
[0.191s] Level 1:colcon.colcon_core.package_identification:_identify(cpp_pubsub) by extension 'colcon_pkg'
[0.191s] Level 1:colcon.colcon_core.package_identification:_identify(cpp_pubsub) by extensions ['colcon_meta']
[0.191s] Level 1:colcon.colcon_core.package_identification:_identify(cpp_pubsub) by extension 'colcon_meta'
[0.192s] Level 1:colcon.colcon_core.package_identification:_identify(cpp_pubsub) by extensions ['ros']
[0.192s] Level 1:colcon.colcon_core.package_identification:_identify(cpp_pubsub) by extension 'ros'
[0.192s] Level 1:colcon.colcon_core.package_identification:_identify(cpp_pubsub) by extensions ['cmake', 'python']
[0.192s] Level 1:colcon.colcon_core.package_identification:_identify(cpp_pubsub) by extension 'cmake'
[0.192s] Level 1:colcon.colcon_core.package_identification:_identify(cpp_pubsub) by extension 'python'
[0.192s] Level 1:colcon.colcon_core.package_identification:_identify(cpp_pubsub) by extensions ['python_setup_py']
[0.192s] Level 1:colcon.colcon_core.package_identification:_identify(cpp_pubsub) by extension 'python_setup_py'
[0.192s] Level 1:colcon.colcon_core.package_identification:_identify(cpp_pubsub/include) by extensions ['ignore', 'ignore_ament_install']
[0.192s] Level 1:colcon.colcon_core.package_identification:_identify(cpp_pubsub/include) by extension 'ignore'
[0.192s] Level 1:colcon.colcon_core.package_identification:_identify(cpp_pubsub/include) by extension 'ignore_ament_install'
[0.192s] Level 1:colcon.colcon_core.package_identification:_identify(cpp_pubsub/include) by extensions ['colcon_pkg']
[0.192s] Level 1:colcon.colcon_core.package_identification:_identify(cpp_pubsub/include) by extension 'colcon_pkg'
[0.192s] Level 1:colcon.colcon_core.package_identification:_identify(cpp_pubsub/include) by extensions ['colcon_meta']
[0.192s] Level 1:colcon.colcon_core.package_identification:_identify(cpp_pubsub/include) by extension 'colcon_meta'
[0.192s] Level 1:colcon.colcon_core.package_identification:_identify(cpp_pubsub/include) by extensions ['ros']
[0.192s] Level 1:colcon.colcon_core.package_identification:_identify(cpp_pubsub/include) by extension 'ros'
[0.192s] Level 1:colcon.colcon_core.package_identification:_identify(cpp_pubsub/include) by extensions ['cmake', 'python']
[0.192s] Level 1:colcon.colcon_core.package_identification:_identify(cpp_pubsub/include) by extension 'cmake'
[0.192s] Level 1:colcon.colcon_core.package_identification:_identify(cpp_pubsub/include) by extension 'python'
[0.192s] Level 1:colcon.colcon_core.package_identification:_identify(cpp_pubsub/include) by extensions ['python_setup_py']
[0.192s] Level 1:colcon.colcon_core.package_identification:_identify(cpp_pubsub/include) by extension 'python_setup_py'
[0.192s] Level 1:colcon.colcon_core.package_identification:_identify(cpp_pubsub/include/cpp_pubsub) by extensions ['ignore', 'ignore_ament_install']
[0.192s] Level 1:colcon.colcon_core.package_identification:_identify(cpp_pubsub/include/cpp_pubsub) by extension 'ignore'
[0.192s] Level 1:colcon.colcon_core.package_identification:_identify(cpp_pubsub/include/cpp_pubsub) by extension 'ignore_ament_install'
[0.192s] Level 1:colcon.colcon_core.package_identification:_identify(cpp_pubsub/include/cpp_pubsub) by extensions ['colcon_pkg']
[0.192s] Level 1:colcon.colcon_core.package_identification:_identify(cpp_pubsub/include/cpp_pubsub) by extension 'colcon_pkg'
[0.192s] Level 1:colcon.colcon_core.package_identification:_identify(cpp_pubsub/include/cpp_pubsub) by extensions ['colcon_meta']
[0.192s] Level 1:colcon.colcon_core.package_identification:_identify(cpp_pubsub/include/cpp_pubsub) by extension 'colcon_meta'
[0.193s] Level 1:colcon.colcon_core.package_identification:_identify(cpp_pubsub/include/cpp_pubsub) by extensions ['ros']
[0.193s] Level 1:colcon.colcon_core.package_identification:_identify(cpp_pubsub/include/cpp_pubsub) by extension 'ros'
[0.193s] Level 1:colcon.colcon_core.package_identification:_identify(cpp_pubsub/include/cpp_pubsub) by extensions ['cmake', 'python']
[0.193s] Level 1:colcon.colcon_core.package_identification:_identify(cpp_pubsub/include/cpp_pubsub) by extension 'cmake'
[0.193s] Level 1:colcon.colcon_core.package_identification:_identify(cpp_pubsub/include/cpp_pubsub) by extension 'python'
[0.193s] Level 1:colcon.colcon_core.package_identification:_identify(cpp_pubsub/include/cpp_pubsub) by extensions ['python_setup_py']
[0.193s] Level 1:colcon.colcon_core.package_identification:_identify(cpp_pubsub/include/cpp_pubsub) by extension 'python_setup_py'
[0.193s] Level 1:colcon.colcon_core.package_identification:_identify(cpp_pubsub/src) by extensions ['ignore', 'ignore_ament_install']
[0.193s] Level 1:colcon.colcon_core.package_identification:_identify(cpp_pubsub/src) by extension 'ignore'
[0.193s] Level 1:colcon.colcon_core.package_identification:_identify(cpp_pubsub/src) by extension 'ignore_ament_install'
[0.193s] Level 1:colcon.colcon_core.package_identification:_identify(cpp_pubsub/src) by extensions ['colcon_pkg']
[0.193s] Level 1:colcon.colcon_core.package_identification:_identify(cpp_pubsub/src) by extension 'colcon_pkg'
[0.193s] Level 1:colcon.colcon_core.package_identification:_identify(cpp_pubsub/src) by extensions ['colcon_meta']
[0.193s] Level 1:colcon.colcon_core.package_identification:_identify(cpp_pubsub/src) by extension 'colcon_meta'
[0.193s] Level 1:colcon.colcon_core.package_identification:_identify(cpp_pubsub/src) by extensions ['ros']
[0.193s] Level 1:colcon.colcon_core.package_identification:_identify(cpp_pubsub/src) by extension 'ros'
[0.193s] Level 1:colcon.colcon_core.package_identification:_identify(cpp_pubsub/src) by extensions ['cmake', 'python']
[0.193s] Level 1:colcon.colcon_core.package_identification:_identify(cpp_pubsub/src) by extension 'cmake'
[0.193s] Level 1:colcon.colcon_core.package_identification:_identify(cpp_pubsub/src) by extension 'python'
[0.193s] Level 1:colcon.colcon_core.package_identification:_identify(cpp_pubsub/src) by extensions ['python_setup_py']
[0.193s] Level 1:colcon.colcon_core.package_identification:_identify(cpp_pubsub/src) by extension 'python_setup_py'
[0.193s] Level 1:colcon.colcon_core.package_identification:_identify(cpp_pubsub/src/build) by extensions ['ignore', 'ignore_ament_install']
[0.193s] Level 1:colcon.colcon_core.package_identification:_identify(cpp_pubsub/src/build) by extension 'ignore'
[0.193s] Level 1:colcon.colcon_core.package_identification:_identify(cpp_pubsub/src/build) by extension 'ignore_ament_install'
[0.193s] Level 1:colcon.colcon_core.package_identification:_identify(cpp_pubsub/src/build) by extensions ['colcon_pkg']
[0.193s] Level 1:colcon.colcon_core.package_identification:_identify(cpp_pubsub/src/build) by extension 'colcon_pkg'
[0.193s] Level 1:colcon.colcon_core.package_identification:_identify(cpp_pubsub/src/build) by extensions ['colcon_meta']
[0.193s] Level 1:colcon.colcon_core.package_identification:_identify(cpp_pubsub/src/build) by extension 'colcon_meta'
[0.194s] Level 1:colcon.colcon_core.package_identification:_identify(cpp_pubsub/src/build) by extensions ['ros']
[0.194s] Level 1:colcon.colcon_core.package_identification:_identify(cpp_pubsub/src/build) by extension 'ros'
[0.194s] Level 1:colcon.colcon_core.package_identification:_identify(cpp_pubsub/src/build) by extensions ['cmake', 'python']
[0.194s] Level 1:colcon.colcon_core.package_identification:_identify(cpp_pubsub/src/build) by extension 'cmake'
[0.194s] Level 1:colcon.colcon_core.package_identification:_identify(cpp_pubsub/src/build) by extension 'python'
[0.194s] Level 1:colcon.colcon_core.package_identification:_identify(cpp_pubsub/src/build) by extensions ['python_setup_py']
[0.194s] Level 1:colcon.colcon_core.package_identification:_identify(cpp_pubsub/src/build) by extension 'python_setup_py'
[0.194s] Level 1:colcon.colcon_core.package_identification:_identify(cpp_pubsub/src/install) by extensions ['ignore', 'ignore_ament_install']
[0.194s] Level 1:colcon.colcon_core.package_identification:_identify(cpp_pubsub/src/install) by extension 'ignore'
[0.194s] Level 1:colcon.colcon_core.package_identification:_identify(cpp_pubsub/src/install) by extension 'ignore_ament_install'
[0.194s] Level 1:colcon.colcon_core.package_identification:_identify(cpp_pubsub/src/install) by extensions ['colcon_pkg']
[0.194s] Level 1:colcon.colcon_core.package_identification:_identify(cpp_pubsub/src/install) by extension 'colcon_pkg'
[0.194s] Level 1:colcon.colcon_core.package_identification:_identify(cpp_pubsub/src/install) by extensions ['colcon_meta']
[0.194s] Level 1:colcon.colcon_core.package_identification:_identify(cpp_pubsub/src/install) by extension 'colcon_meta'
[0.194s] Level 1:colcon.colcon_core.package_identification:_identify(cpp_pubsub/src/install) by extensions ['ros']
[0.194s] Level 1:colcon.colcon_core.package_identification:_identify(cpp_pubsub/src/install) by extension 'ros'
[0.194s] Level 1:colcon.colcon_core.package_identification:_identify(cpp_pubsub/src/install) by extensions ['cmake', 'python']
[0.194s] Level 1:colcon.colcon_core.package_identification:_identify(cpp_pubsub/src/install) by extension 'cmake'
[0.194s] Level 1:colcon.colcon_core.package_identification:_identify(cpp_pubsub/src/install) by extension 'python'
[0.194s] Level 1:colcon.colcon_core.package_identification:_identify(cpp_pubsub/src/install) by extensions ['python_setup_py']
[0.194s] Level 1:colcon.colcon_core.package_identification:_identify(cpp_pubsub/src/install) by extension 'python_setup_py'
[0.194s] Level 1:colcon.colcon_core.package_identification:_identify(cpp_pubsub/src/log) by extensions ['ignore', 'ignore_ament_install']
[0.194s] Level 1:colcon.colcon_core.package_identification:_identify(cpp_pubsub/src/log) by extension 'ignore'
[0.194s] Level 1:colcon.colcon_core.package_identification:_identify(cpp_pubsub/src/log) by extension 'ignore_ament_install'
[0.194s] Level 1:colcon.colcon_core.package_identification:_identify(cpp_pubsub/src/log) by extensions ['colcon_pkg']
[0.194s] Level 1:colcon.colcon_core.package_identification:_identify(cpp_pubsub/src/log) by extension 'colcon_pkg'
[0.194s] Level 1:colcon.colcon_core.package_identification:_identify(cpp_pubsub/src/log) by extensions ['colcon_meta']
[0.194s] Level 1:colcon.colcon_core.package_identification:_identify(cpp_pubsub/src/log) by extension 'colcon_meta'
[0.194s] Level 1:colcon.colcon_core.package_identification:_identify(cpp_pubsub/src/log) by extensions ['ros']
[0.194s] Level 1:colcon.colcon_core.package_identification:_identify(cpp_pubsub/src/log) by extension 'ros'
[0.195s] Level 1:colcon.colcon_core.package_identification:_identify(cpp_pubsub/src/log) by extensions ['cmake', 'python']
[0.195s] Level 1:colcon.colcon_core.package_identification:_identify(cpp_pubsub/src/log) by extension 'cmake'
[0.195s] Level 1:colcon.colcon_core.package_identification:_identify(cpp_pubsub/src/log) by extension 'python'
[0.195s] Level 1:colcon.colcon_core.package_identification:_identify(cpp_pubsub/src/log) by extensions ['python_setup_py']
[0.195s] Level 1:colcon.colcon_core.package_identification:_identify(cpp_pubsub/src/log) by extension 'python_setup_py'
[0.195s] Level 1:colcon.colcon_core.package_identification:_identify(cpp_pubsub/src/log/build_2024-09-28_19-42-27) by extensions ['ignore', 'ignore_ament_install']
[0.195s] Level 1:colcon.colcon_core.package_identification:_identify(cpp_pubsub/src/log/build_2024-09-28_19-42-27) by extension 'ignore'
[0.195s] Level 1:colcon.colcon_core.package_identification:_identify(cpp_pubsub/src/log/build_2024-09-28_19-42-27) by extension 'ignore_ament_install'
[0.195s] Level 1:colcon.colcon_core.package_identification:_identify(cpp_pubsub/src/log/build_2024-09-28_19-42-27) by extensions ['colcon_pkg']
[0.195s] Level 1:colcon.colcon_core.package_identification:_identify(cpp_pubsub/src/log/build_2024-09-28_19-42-27) by extension 'colcon_pkg'
[0.195s] Level 1:colcon.colcon_core.package_identification:_identify(cpp_pubsub/src/log/build_2024-09-28_19-42-27) by extensions ['colcon_meta']
[0.195s] Level 1:colcon.colcon_core.package_identification:_identify(cpp_pubsub/src/log/build_2024-09-28_19-42-27) by extension 'colcon_meta'
[0.195s] Level 1:colcon.colcon_core.package_identification:_identify(cpp_pubsub/src/log/build_2024-09-28_19-42-27) by extensions ['ros']
[0.195s] Level 1:colcon.colcon_core.package_identification:_identify(cpp_pubsub/src/log/build_2024-09-28_19-42-27) by extension 'ros'
[0.195s] Level 1:colcon.colcon_core.package_identification:_identify(cpp_pubsub/src/log/build_2024-09-28_19-42-27) by extensions ['cmake', 'python']
[0.195s] Level 1:colcon.colcon_core.package_identification:_identify(cpp_pubsub/src/log/build_2024-09-28_19-42-27) by extension 'cmake'
[0.195s] Level 1:colcon.colcon_core.package_identification:_identify(cpp_pubsub/src/log/build_2024-09-28_19-42-27) by extension 'python'
[0.195s] Level 1:colcon.colcon_core.package_identification:_identify(cpp_pubsub/src/log/build_2024-09-28_19-42-27) by extensions ['python_setup_py']
[0.195s] Level 1:colcon.colcon_core.package_identification:_identify(cpp_pubsub/src/log/build_2024-09-28_19-42-27) by extension 'python_setup_py'
[0.195s] Level 1:colcon.colcon_core.package_identification:_identify(cpp_pubsub/src/log/build_2024-09-28_19-42-41) by extensions ['ignore', 'ignore_ament_install']
[0.195s] Level 1:colcon.colcon_core.package_identification:_identify(cpp_pubsub/src/log/build_2024-09-28_19-42-41) by extension 'ignore'
[0.195s] Level 1:colcon.colcon_core.package_identification:_identify(cpp_pubsub/src/log/build_2024-09-28_19-42-41) by extension 'ignore_ament_install'
[0.195s] Level 1:colcon.colcon_core.package_identification:_identify(cpp_pubsub/src/log/build_2024-09-28_19-42-41) by extensions ['colcon_pkg']
[0.195s] Level 1:colcon.colcon_core.package_identification:_identify(cpp_pubsub/src/log/build_2024-09-28_19-42-41) by extension 'colcon_pkg'
[0.195s] Level 1:colcon.colcon_core.package_identification:_identify(cpp_pubsub/src/log/build_2024-09-28_19-42-41) by extensions ['colcon_meta']
[0.195s] Level 1:colcon.colcon_core.package_identification:_identify(cpp_pubsub/src/log/build_2024-09-28_19-42-41) by extension 'colcon_meta'
[0.195s] Level 1:colcon.colcon_core.package_identification:_identify(cpp_pubsub/src/log/build_2024-09-28_19-42-41) by extensions ['ros']
[0.195s] Level 1:colcon.colcon_core.package_identification:_identify(cpp_pubsub/src/log/build_2024-09-28_19-42-41) by extension 'ros'
[0.196s] Level 1:colcon.colcon_core.package_identification:_identify(cpp_pubsub/src/log/build_2024-09-28_19-42-41) by extensions ['cmake', 'python']
[0.196s] Level 1:colcon.colcon_core.package_identification:_identify(cpp_pubsub/src/log/build_2024-09-28_19-42-41) by extension 'cmake'
[0.196s] Level 1:colcon.colcon_core.package_identification:_identify(cpp_pubsub/src/log/build_2024-09-28_19-42-41) by extension 'python'
[0.196s] Level 1:colcon.colcon_core.package_identification:_identify(cpp_pubsub/src/log/build_2024-09-28_19-42-41) by extensions ['python_setup_py']
[0.196s] Level 1:colcon.colcon_core.package_identification:_identify(cpp_pubsub/src/log/build_2024-09-28_19-42-41) by extension 'python_setup_py'
[0.196s] Level 1:colcon.colcon_core.package_identification:_identify(drivetrain) by extensions ['ignore', 'ignore_ament_install']
[0.196s] Level 1:colcon.colcon_core.package_identification:_identify(drivetrain) by extension 'ignore'
[0.196s] Level 1:colcon.colcon_core.package_identification:_identify(drivetrain) by extension 'ignore_ament_install'
[0.196s] Level 1:colcon.colcon_core.package_identification:_identify(drivetrain) by extensions ['colcon_pkg']
[0.196s] Level 1:colcon.colcon_core.package_identification:_identify(drivetrain) by extension 'colcon_pkg'
[0.196s] Level 1:colcon.colcon_core.package_identification:_identify(drivetrain) by extensions ['colcon_meta']
[0.196s] Level 1:colcon.colcon_core.package_identification:_identify(drivetrain) by extension 'colcon_meta'
[0.196s] Level 1:colcon.colcon_core.package_identification:_identify(drivetrain) by extensions ['ros']
[0.196s] Level 1:colcon.colcon_core.package_identification:_identify(drivetrain) by extension 'ros'
[0.198s] DEBUG:colcon.colcon_core.package_identification:Package 'drivetrain' with type 'ros.ament_cmake' and name 'drivetrain'
[0.198s] Level 1:colcon.colcon_core.package_identification:_identify(install) by extensions ['ignore', 'ignore_ament_install']
[0.198s] Level 1:colcon.colcon_core.package_identification:_identify(install) by extension 'ignore'
[0.198s] Level 1:colcon.colcon_core.package_identification:_identify(install) ignored
[0.198s] Level 1:colcon.colcon_core.package_identification:_identify(log) by extensions ['ignore', 'ignore_ament_install']
[0.198s] Level 1:colcon.colcon_core.package_identification:_identify(log) by extension 'ignore'
[0.198s] Level 1:colcon.colcon_core.package_identification:_identify(log) ignored
[0.198s] Level 1:colcon.colcon_core.package_identification:_identify(pythonDriving) by extensions ['ignore', 'ignore_ament_install']
[0.198s] Level 1:colcon.colcon_core.package_identification:_identify(pythonDriving) by extension 'ignore'
[0.198s] Level 1:colcon.colcon_core.package_identification:_identify(pythonDriving) by extension 'ignore_ament_install'
[0.198s] Level 1:colcon.colcon_core.package_identification:_identify(pythonDriving) by extensions ['colcon_pkg']
[0.198s] Level 1:colcon.colcon_core.package_identification:_identify(pythonDriving) by extension 'colcon_pkg'
[0.198s] Level 1:colcon.colcon_core.package_identification:_identify(pythonDriving) by extensions ['colcon_meta']
[0.198s] Level 1:colcon.colcon_core.package_identification:_identify(pythonDriving) by extension 'colcon_meta'
[0.198s] Level 1:colcon.colcon_core.package_identification:_identify(pythonDriving) by extensions ['ros']
[0.198s] Level 1:colcon.colcon_core.package_identification:_identify(pythonDriving) by extension 'ros'
[0.199s] DEBUG:colcon.colcon_core.package_identification:Package 'pythonDriving' with type 'ros.ament_python' and name 'pythonDriving'
[0.199s] Level 1:colcon.colcon_core.package_discovery:discover_packages(recursive) using defaults
[0.199s] Level 1:colcon.colcon_core.package_discovery:discover_packages(ignore) discover
[0.199s] Level 1:colcon.colcon_core.package_discovery:discover_packages(ignore) using defaults
[0.199s] Level 1:colcon.colcon_core.package_discovery:discover_packages(path) discover
[0.199s] Level 1:colcon.colcon_core.package_discovery:discover_packages(path) using defaults
[0.214s] Level 5:colcon.colcon_core.verb:set package 'drivetrain' build argument 'cmake_args' from command line to 'None'
[0.214s] Level 5:colcon.colcon_core.verb:set package 'drivetrain' build argument 'cmake_target' from command line to 'None'
[0.214s] Level 5:colcon.colcon_core.verb:set package 'drivetrain' build argument 'cmake_target_skip_unavailable' from command line to 'False'
[0.214s] Level 5:colcon.colcon_core.verb:set package 'drivetrain' build argument 'cmake_clean_cache' from command line to 'False'
[0.214s] Level 5:colcon.colcon_core.verb:set package 'drivetrain' build argument 'cmake_clean_first' from command line to 'False'
[0.214s] Level 5:colcon.colcon_core.verb:set package 'drivetrain' build argument 'cmake_force_configure' from command line to 'False'
[0.214s] Level 5:colcon.colcon_core.verb:set package 'drivetrain' build argument 'ament_cmake_args' from command line to 'None'
[0.214s] Level 5:colcon.colcon_core.verb:set package 'drivetrain' build argument 'catkin_cmake_args' from command line to 'None'
[0.214s] Level 5:colcon.colcon_core.verb:set package 'drivetrain' build argument 'catkin_skip_building_tests' from command line to 'False'
[0.214s] DEBUG:colcon.colcon_core.verb:Building package 'drivetrain' with the following arguments: {'ament_cmake_args': None, 'build_base': '/workspaces/TestBotTeaching/build/drivetrain', 'catkin_cmake_args': None, 'catkin_skip_building_tests': False, 'cmake_args': None, 'cmake_clean_cache': False, 'cmake_clean_first': False, 'cmake_force_configure': False, 'cmake_target': None, 'cmake_target_skip_unavailable': False, 'install_base': '/workspaces/TestBotTeaching/install/drivetrain', 'merge_install': False, 'path': '/workspaces/TestBotTeaching/drivetrain', 'symlink_install': False, 'test_result_base': None}
[0.214s] Level 5:colcon.colcon_core.verb:set package 'pythonDriving' build argument 'cmake_args' from command line to 'None'
[0.214s] Level 5:colcon.colcon_core.verb:set package 'pythonDriving' build argument 'cmake_target' from command line to 'None'
[0.214s] Level 5:colcon.colcon_core.verb:set package 'pythonDriving' build argument 'cmake_target_skip_unavailable' from command line to 'False'
[0.214s] Level 5:colcon.colcon_core.verb:set package 'pythonDriving' build argument 'cmake_clean_cache' from command line to 'False'
[0.214s] Level 5:colcon.colcon_core.verb:set package 'pythonDriving' build argument 'cmake_clean_first' from command line to 'False'
[0.214s] Level 5:colcon.colcon_core.verb:set package 'pythonDriving' build argument 'cmake_force_configure' from command line to 'False'
[0.214s] Level 5:colcon.colcon_core.verb:set package 'pythonDriving' build argument 'ament_cmake_args' from command line to 'None'
[0.214s] Level 5:colcon.colcon_core.verb:set package 'pythonDriving' build argument 'catkin_cmake_args' from command line to 'None'
[0.214s] Level 5:colcon.colcon_core.verb:set package 'pythonDriving' build argument 'catkin_skip_building_tests' from command line to 'False'
[0.214s] DEBUG:colcon.colcon_core.verb:Building package 'pythonDriving' with the following arguments: {'ament_cmake_args': None, 'build_base': '/workspaces/TestBotTeaching/build/pythonDriving', 'catkin_cmake_args': None, 'catkin_skip_building_tests': False, 'cmake_args': None, 'cmake_clean_cache': False, 'cmake_clean_first': False, 'cmake_force_configure': False, 'cmake_target': None, 'cmake_target_skip_unavailable': False, 'install_base': '/workspaces/TestBotTeaching/install/pythonDriving', 'merge_install': False, 'path': '/workspaces/TestBotTeaching/pythonDriving', 'symlink_install': False, 'test_result_base': None}
[0.214s] INFO:colcon.colcon_core.executor:Executing jobs using 'parallel' executor
[0.216s] DEBUG:colcon.colcon_parallel_executor.executor.parallel:run_until_complete
[0.216s] INFO:colcon.colcon_ros.task.ament_cmake.build:Building ROS package in '/workspaces/TestBotTeaching/drivetrain' with build type 'ament_cmake'
[0.217s] INFO:colcon.colcon_cmake.task.cmake.build:Building CMake package in '/workspaces/TestBotTeaching/drivetrain'
[0.218s] INFO:colcon.colcon_core.plugin_system:Skipping extension 'colcon_core.shell.bat': Not used on non-Windows systems
[0.218s] INFO:colcon.colcon_core.shell:Skip shell extension 'powershell' for command environment: Not usable outside of PowerShell
[0.218s] DEBUG:colcon.colcon_core.shell:Skip shell extension 'dsv' for command environment
[0.222s] INFO:colcon.colcon_ros.task.ament_python.build:Building ROS package in '/workspaces/TestBotTeaching/pythonDriving' with build type 'ament_python'
[0.222s] Level 1:colcon.colcon_core.shell:create_environment_hook('pythonDriving', 'ament_prefix_path')
[0.223s] INFO:colcon.colcon_core.shell:Creating environment hook '/workspaces/TestBotTeaching/install/pythonDriving/share/pythonDriving/hook/ament_prefix_path.ps1'
[0.223s] INFO:colcon.colcon_core.shell:Creating environment descriptor '/workspaces/TestBotTeaching/install/pythonDriving/share/pythonDriving/hook/ament_prefix_path.dsv'
[0.224s] INFO:colcon.colcon_core.shell:Creating environment hook '/workspaces/TestBotTeaching/install/pythonDriving/share/pythonDriving/hook/ament_prefix_path.sh'
[0.225s] INFO:colcon.colcon_core.shell:Skip shell extension 'powershell' for command environment: Not usable outside of PowerShell
[0.225s] DEBUG:colcon.colcon_core.shell:Skip shell extension 'dsv' for command environment
[0.233s] DEBUG:colcon.colcon_core.event_handler.log_command:Invoking command in '/workspaces/TestBotTeaching/build/drivetrain': CMAKE_PREFIX_PATH=${CMAKE_PREFIX_PATH}:/workspaces/TestBotTeaching/install/pythonDriving:/opt/ros/humble /usr/bin/cmake --build /workspaces/TestBotTeaching/build/drivetrain -- -j16 -l16
[0.419s] INFO:colcon.colcon_core.task.python.build:Building Python package in '/workspaces/TestBotTeaching/pythonDriving'
[0.419s] INFO:colcon.colcon_core.shell:Skip shell extension 'powershell' for command environment: Not usable outside of PowerShell
[0.419s] DEBUG:colcon.colcon_core.shell:Skip shell extension 'dsv' for command environment
[0.689s] DEBUG:colcon.colcon_core.event_handler.log_command:Invoking command in '/workspaces/TestBotTeaching/pythonDriving': PYTHONPATH=/workspaces/TestBotTeaching/build/pythonDriving/prefix_override:/usr/lib/python3/dist-packages/colcon_core/task/python/colcon_distutils_commands:/workspaces/TestBotTeaching/install/pythonDriving/lib/python3.10/site-packages:${PYTHONPATH} /usr/bin/python3 -W ignore:setup.py install is deprecated setup.py egg_info --egg-base ../build/pythonDriving build --build-base /workspaces/TestBotTeaching/build/pythonDriving/build install --record /workspaces/TestBotTeaching/build/pythonDriving/install.log --single-version-externally-managed install_data
[0.917s] DEBUG:colcon.colcon_core.event_handler.log_command:Invoked command in '/workspaces/TestBotTeaching/pythonDriving' returned '0': PYTHONPATH=/workspaces/TestBotTeaching/build/pythonDriving/prefix_override:/usr/lib/python3/dist-packages/colcon_core/task/python/colcon_distutils_commands:/workspaces/TestBotTeaching/install/pythonDriving/lib/python3.10/site-packages:${PYTHONPATH} /usr/bin/python3 -W ignore:setup.py install is deprecated setup.py egg_info --egg-base ../build/pythonDriving build --build-base /workspaces/TestBotTeaching/build/pythonDriving/build install --record /workspaces/TestBotTeaching/build/pythonDriving/install.log --single-version-externally-managed install_data
[0.919s] Level 1:colcon.colcon_core.environment:checking '/workspaces/TestBotTeaching/install/pythonDriving' for CMake module files
[0.919s] Level 1:colcon.colcon_core.environment:checking '/workspaces/TestBotTeaching/install/pythonDriving' for CMake config files
[0.920s] Level 1:colcon.colcon_core.environment:checking '/workspaces/TestBotTeaching/install/pythonDriving/lib'
[0.920s] Level 1:colcon.colcon_core.environment:checking '/workspaces/TestBotTeaching/install/pythonDriving/bin'
[0.920s] Level 1:colcon.colcon_core.environment:checking '/workspaces/TestBotTeaching/install/pythonDriving/lib/pkgconfig/pythonDriving.pc'
[0.920s] Level 1:colcon.colcon_core.environment:checking '/workspaces/TestBotTeaching/install/pythonDriving/lib/python3.10/site-packages'
[0.920s] Level 1:colcon.colcon_core.shell:create_environment_hook('pythonDriving', 'pythonpath')
[0.921s] INFO:colcon.colcon_core.shell:Creating environment hook '/workspaces/TestBotTeaching/install/pythonDriving/share/pythonDriving/hook/pythonpath.ps1'
[0.921s] INFO:colcon.colcon_core.shell:Creating environment descriptor '/workspaces/TestBotTeaching/install/pythonDriving/share/pythonDriving/hook/pythonpath.dsv'
[0.921s] INFO:colcon.colcon_core.shell:Creating environment hook '/workspaces/TestBotTeaching/install/pythonDriving/share/pythonDriving/hook/pythonpath.sh'
[0.922s] Level 1:colcon.colcon_core.environment:checking '/workspaces/TestBotTeaching/install/pythonDriving/bin'
[0.922s] Level 1:colcon.colcon_core.environment:create_environment_scripts_only(pythonDriving)
[0.922s] INFO:colcon.colcon_core.shell:Creating package script '/workspaces/TestBotTeaching/install/pythonDriving/share/pythonDriving/package.ps1'
[0.923s] INFO:colcon.colcon_core.shell:Creating package descriptor '/workspaces/TestBotTeaching/install/pythonDriving/share/pythonDriving/package.dsv'
[0.923s] INFO:colcon.colcon_core.shell:Creating package script '/workspaces/TestBotTeaching/install/pythonDriving/share/pythonDriving/package.sh'
[0.923s] INFO:colcon.colcon_core.shell:Creating package script '/workspaces/TestBotTeaching/install/pythonDriving/share/pythonDriving/package.bash'
[0.924s] INFO:colcon.colcon_core.shell:Creating package script '/workspaces/TestBotTeaching/install/pythonDriving/share/pythonDriving/package.zsh'
[0.924s] Level 1:colcon.colcon_core.environment:create_file_with_runtime_dependencies(/workspaces/TestBotTeaching/install/pythonDriving/share/colcon-core/packages/pythonDriving)
[7.375s] DEBUG:colcon.colcon_core.event_handler.log_command:Invoked command in '/workspaces/TestBotTeaching/build/drivetrain' returned '0': CMAKE_PREFIX_PATH=${CMAKE_PREFIX_PATH}:/workspaces/TestBotTeaching/install/pythonDriving:/opt/ros/humble /usr/bin/cmake --build /workspaces/TestBotTeaching/build/drivetrain -- -j16 -l16
[7.415s] DEBUG:colcon.colcon_core.event_handler.log_command:Invoking command in '/workspaces/TestBotTeaching/build/drivetrain': CMAKE_PREFIX_PATH=${CMAKE_PREFIX_PATH}:/workspaces/TestBotTeaching/install/pythonDriving:/opt/ros/humble /usr/bin/cmake --install /workspaces/TestBotTeaching/build/drivetrain
[7.431s] Level 1:colcon.colcon_core.environment:create_environment_scripts_only(drivetrain)
[7.431s] DEBUG:colcon.colcon_core.event_handler.log_command:Invoked command in '/workspaces/TestBotTeaching/build/drivetrain' returned '0': CMAKE_PREFIX_PATH=${CMAKE_PREFIX_PATH}:/workspaces/TestBotTeaching/install/pythonDriving:/opt/ros/humble /usr/bin/cmake --install /workspaces/TestBotTeaching/build/drivetrain
[7.431s] Level 1:colcon.colcon_core.environment:checking '/workspaces/TestBotTeaching/install/drivetrain' for CMake module files
[7.432s] Level 1:colcon.colcon_core.environment:checking '/workspaces/TestBotTeaching/install/drivetrain' for CMake config files
[7.432s] Level 1:colcon.colcon_core.shell:create_environment_hook('drivetrain', 'cmake_prefix_path')
[7.432s] INFO:colcon.colcon_core.shell:Creating environment hook '/workspaces/TestBotTeaching/install/drivetrain/share/drivetrain/hook/cmake_prefix_path.ps1'
[7.433s] INFO:colcon.colcon_core.shell:Creating environment descriptor '/workspaces/TestBotTeaching/install/drivetrain/share/drivetrain/hook/cmake_prefix_path.dsv'
[7.433s] INFO:colcon.colcon_core.shell:Creating environment hook '/workspaces/TestBotTeaching/install/drivetrain/share/drivetrain/hook/cmake_prefix_path.sh'
[7.433s] Level 1:colcon.colcon_core.environment:checking '/workspaces/TestBotTeaching/install/drivetrain/lib'
[7.433s] Level 1:colcon.colcon_core.environment:checking '/workspaces/TestBotTeaching/install/drivetrain/bin'
[7.433s] Level 1:colcon.colcon_core.environment:checking '/workspaces/TestBotTeaching/install/drivetrain/lib/pkgconfig/drivetrain.pc'
[7.433s] Level 1:colcon.colcon_core.environment:checking '/workspaces/TestBotTeaching/install/drivetrain/lib/python3.10/site-packages'
[7.434s] Level 1:colcon.colcon_core.environment:checking '/workspaces/TestBotTeaching/install/drivetrain/bin'
[7.434s] INFO:colcon.colcon_core.shell:Creating package script '/workspaces/TestBotTeaching/install/drivetrain/share/drivetrain/package.ps1'
[7.434s] INFO:colcon.colcon_core.shell:Creating package descriptor '/workspaces/TestBotTeaching/install/drivetrain/share/drivetrain/package.dsv'
[7.434s] INFO:colcon.colcon_core.shell:Creating package script '/workspaces/TestBotTeaching/install/drivetrain/share/drivetrain/package.sh'
[7.435s] INFO:colcon.colcon_core.shell:Creating package script '/workspaces/TestBotTeaching/install/drivetrain/share/drivetrain/package.bash'
[7.435s] INFO:colcon.colcon_core.shell:Creating package script '/workspaces/TestBotTeaching/install/drivetrain/share/drivetrain/package.zsh'
[7.435s] Level 1:colcon.colcon_core.environment:create_file_with_runtime_dependencies(/workspaces/TestBotTeaching/install/drivetrain/share/colcon-core/packages/drivetrain)
[7.461s] Level 1:colcon.colcon_core.environment:create_environment_scripts_only(drivetrain)
[7.461s] Level 1:colcon.colcon_core.environment:checking '/workspaces/TestBotTeaching/install/drivetrain' for CMake module files
[7.462s] Level 1:colcon.colcon_core.environment:checking '/workspaces/TestBotTeaching/install/drivetrain' for CMake config files
[7.462s] Level 1:colcon.colcon_core.shell:create_environment_hook('drivetrain', 'cmake_prefix_path')
[7.462s] INFO:colcon.colcon_core.shell:Creating environment hook '/workspaces/TestBotTeaching/install/drivetrain/share/drivetrain/hook/cmake_prefix_path.ps1'
[7.463s] INFO:colcon.colcon_core.shell:Creating environment descriptor '/workspaces/TestBotTeaching/install/drivetrain/share/drivetrain/hook/cmake_prefix_path.dsv'
[7.463s] INFO:colcon.colcon_core.shell:Creating environment hook '/workspaces/TestBotTeaching/install/drivetrain/share/drivetrain/hook/cmake_prefix_path.sh'
[7.463s] Level 1:colcon.colcon_core.environment:checking '/workspaces/TestBotTeaching/install/drivetrain/lib'
[7.464s] Level 1:colcon.colcon_core.environment:checking '/workspaces/TestBotTeaching/install/drivetrain/bin'
[7.464s] Level 1:colcon.colcon_core.environment:checking '/workspaces/TestBotTeaching/install/drivetrain/lib/pkgconfig/drivetrain.pc'
[7.464s] Level 1:colcon.colcon_core.environment:checking '/workspaces/TestBotTeaching/install/drivetrain/lib/python3.10/site-packages'
[7.464s] Level 1:colcon.colcon_core.environment:checking '/workspaces/TestBotTeaching/install/drivetrain/bin'
[7.464s] INFO:colcon.colcon_core.shell:Creating package script '/workspaces/TestBotTeaching/install/drivetrain/share/drivetrain/package.ps1'
[7.464s] INFO:colcon.colcon_core.shell:Creating package descriptor '/workspaces/TestBotTeaching/install/drivetrain/share/drivetrain/package.dsv'
[7.465s] INFO:colcon.colcon_core.shell:Creating package script '/workspaces/TestBotTeaching/install/drivetrain/share/drivetrain/package.sh'
[7.465s] INFO:colcon.colcon_core.shell:Creating package script '/workspaces/TestBotTeaching/install/drivetrain/share/drivetrain/package.bash'
[7.465s] INFO:colcon.colcon_core.shell:Creating package script '/workspaces/TestBotTeaching/install/drivetrain/share/drivetrain/package.zsh'
[7.466s] Level 1:colcon.colcon_core.environment:create_file_with_runtime_dependencies(/workspaces/TestBotTeaching/install/drivetrain/share/colcon-core/packages/drivetrain)
[7.466s] DEBUG:colcon.colcon_parallel_executor.executor.parallel:closing loop
[7.466s] DEBUG:colcon.colcon_parallel_executor.executor.parallel:loop closed
[7.466s] DEBUG:colcon.colcon_parallel_executor.executor.parallel:run_until_complete finished with '0'
[7.466s] DEBUG:colcon.colcon_core.event_reactor:joining thread
[7.471s] INFO:colcon.colcon_core.plugin_system:Skipping extension 'colcon_notification.desktop_notification.notify_send': Could not find 'notify-send'
[7.471s] INFO:colcon.colcon_core.plugin_system:Skipping extension 'colcon_notification.desktop_notification.terminal_notifier': Not used on non-Darwin systems
[7.471s] INFO:colcon.colcon_core.plugin_system:Skipping extension 'colcon_notification.desktop_notification.win32': Not used on non-Windows systems
[7.471s] INFO:colcon.colcon_notification.desktop_notification:Sending desktop notification using 'notify2'
[7.474s] DEBUG:colcon.colcon_notification.desktop_notification.notify2:Failed to initialize notify2: org.freedesktop.DBus.Error.Spawn.ExecFailed: /usr/bin/dbus-launch terminated abnormally without any error message
[7.474s] DEBUG:colcon.colcon_core.event_reactor:joined thread
[7.475s] INFO:colcon.colcon_core.shell:Creating prefix script '/workspaces/TestBotTeaching/install/local_setup.ps1'
[7.476s] INFO:colcon.colcon_core.shell:Creating prefix util module '/workspaces/TestBotTeaching/install/_local_setup_util_ps1.py'
[7.477s] INFO:colcon.colcon_core.shell:Creating prefix chain script '/workspaces/TestBotTeaching/install/setup.ps1'
[7.478s] INFO:colcon.colcon_core.shell:Creating prefix script '/workspaces/TestBotTeaching/install/local_setup.sh'
[7.479s] INFO:colcon.colcon_core.shell:Creating prefix util module '/workspaces/TestBotTeaching/install/_local_setup_util_sh.py'
[7.479s] INFO:colcon.colcon_core.shell:Creating prefix chain script '/workspaces/TestBotTeaching/install/setup.sh'
[7.480s] INFO:colcon.colcon_core.shell:Creating prefix script '/workspaces/TestBotTeaching/install/local_setup.bash'
[7.481s] INFO:colcon.colcon_core.shell:Creating prefix chain script '/workspaces/TestBotTeaching/install/setup.bash'
[7.482s] INFO:colcon.colcon_core.shell:Creating prefix script '/workspaces/TestBotTeaching/install/local_setup.zsh'
[7.482s] INFO:colcon.colcon_core.shell:Creating prefix chain script '/workspaces/TestBotTeaching/install/setup.zsh'
