-- Found ament_cmake: 1.3.10 (/opt/ros/humble/share/ament_cmake/cmake)
-- Override CMake install command with custom implementation using symlinks instead of copying resources
-- Found ament_lint_auto: 0.12.11 (/opt/ros/humble/share/ament_lint_auto/cmake)
-- Added test 'cppcheck' to perform static code analysis on C / C++ code
-- Configured cppcheck include dirs: 
-- Configured cppcheck exclude dirs and/or files: 
-- Added test 'lint_cmake' to check CMake code style
-- Added test 'uncrustify' to check C / C++ code style
-- Configured uncrustify additional arguments: 
-- Added test 'xmllint' to check XML markup files
-- Configuring done
-- Generating done
-- Build files have been written to: /Testbot/build/drivetrain
-- Install configuration: ""
-- Execute custom install script
-- Symlinking: /Testbot/install/drivetrain/share/ament_index/resource_index/package_run_dependencies/drivetrain
-- Symlinking: /Testbot/install/drivetrain/share/ament_index/resource_index/parent_prefix_path/drivetrain
-- Symlinking: /Testbot/install/drivetrain/share/drivetrain/environment/ament_prefix_path.sh
-- Symlinking: /Testbot/install/drivetrain/share/drivetrain/environment/ament_prefix_path.dsv
-- Symlinking: /Testbot/install/drivetrain/share/drivetrain/environment/path.sh
-- Symlinking: /Testbot/install/drivetrain/share/drivetrain/environment/path.dsv
-- Symlinking: /Testbot/install/drivetrain/share/drivetrain/local_setup.bash
-- Symlinking: /Testbot/install/drivetrain/share/drivetrain/local_setup.sh
-- Symlinking: /Testbot/install/drivetrain/share/drivetrain/local_setup.zsh
-- Symlinking: /Testbot/install/drivetrain/share/drivetrain/local_setup.dsv
-- Symlinking: /Testbot/install/drivetrain/share/drivetrain/package.dsv
-- Symlinking: /Testbot/install/drivetrain/share/ament_index/resource_index/packages/drivetrain
-- Symlinking: /Testbot/install/drivetrain/share/drivetrain/cmake/drivetrainConfig.cmake
-- Symlinking: /Testbot/install/drivetrain/share/drivetrain/cmake/drivetrainConfig-version.cmake
-- Symlinking: /Testbot/install/drivetrain/share/drivetrain/package.xml
