[0.068s] Invoking command in '/TestBotTeaching/build/drivetrain': CMAKE_PREFIX_PATH=/opt/ros/humble /usr/bin/cmake /TestBotTeaching/drivetrain -DCMAKE_INSTALL_PREFIX=/TestBotTeaching/install/drivetrain
[0.468s] -- The C compiler identification is GNU 11.4.0
[0.768s] -- The CXX compiler identification is GNU 11.4.0
[0.814s] -- Detecting C compiler ABI info
[1.283s] -- Detecting C compiler ABI info - done
[1.313s] -- Check for working C compiler: /usr/bin/cc - skipped
[1.314s] -- Detecting C compile features
[1.316s] -- Detecting C compile features - done
[1.331s] -- Detecting CXX compiler ABI info
[1.733s] -- Detecting CXX compiler ABI info - done
[1.765s] -- Check for working CXX compiler: /usr/bin/c++ - skipped
[1.766s] -- Detecting CXX compile features
[1.768s] -- Detecting CXX compile features - done
[1.793s] -- Found ament_cmake: 1.3.10 (/opt/ros/humble/share/ament_cmake/cmake)
[2.528s] -- Found Python3: /usr/bin/python3 (found version "3.10.12") found components: Interpreter 
[3.129s] -- Found rclcpp: 16.0.10 (/opt/ros/humble/share/rclcpp/cmake)
[3.518s] -- Found rosidl_generator_c: 3.1.5 (/opt/ros/humble/share/rosidl_generator_c/cmake)
[3.560s] -- Found rosidl_adapter: 3.1.5 (/opt/ros/humble/share/rosidl_adapter/cmake)
[3.624s] -- Found rosidl_generator_cpp: 3.1.5 (/opt/ros/humble/share/rosidl_generator_cpp/cmake)
[3.709s] -- Using all available rosidl_typesupport_c: rosidl_typesupport_fastrtps_c;rosidl_typesupport_introspection_c
[3.833s] -- Using all available rosidl_typesupport_cpp: rosidl_typesupport_fastrtps_cpp;rosidl_typesupport_introspection_cpp
[4.224s] -- Found rmw_implementation_cmake: 6.1.2 (/opt/ros/humble/share/rmw_implementation_cmake/cmake)
[4.245s] -- Found rmw_fastrtps_cpp: 6.2.7 (/opt/ros/humble/share/rmw_fastrtps_cpp/cmake)
[4.754s] -- Found OpenSSL: /usr/lib/aarch64-linux-gnu/libcrypto.so (found version "3.0.2")  
[4.875s] -- Found FastRTPS: /opt/ros/humble/include  
[5.088s] -- Using RMW implementation 'rmw_fastrtps_cpp' as default
[5.158s] -- Looking for pthread.h
[5.542s] -- Looking for pthread.h - found
[5.545s] -- Performing Test CMAKE_HAVE_LIBC_PTHREAD
[5.924s] -- Performing Test CMAKE_HAVE_LIBC_PTHREAD - Success
[5.930s] -- Found Threads: TRUE  
[6.238s] -- Found sensor_msgs: 4.2.4 (/opt/ros/humble/share/sensor_msgs/cmake)
[6.420s] -- Found ament_lint_auto: 0.12.11 (/opt/ros/humble/share/ament_lint_auto/cmake)
[6.918s] -- Added test 'cppcheck' to perform static code analysis on C / C++ code
[6.919s] -- Configured cppcheck include dirs: 
[6.919s] -- Configured cppcheck exclude dirs and/or files: 
[6.924s] -- Added test 'lint_cmake' to check CMake code style
[6.932s] -- Added test 'uncrustify' to check C / C++ code style
[6.933s] -- Configured uncrustify additional arguments: 
[6.936s] -- Added test 'xmllint' to check XML markup files
[6.945s] -- Configuring done
[7.019s] -- Generating done
[7.028s] -- Build files have been written to: /TestBotTeaching/build/drivetrain
[7.060s] Invoked command in '/TestBotTeaching/build/drivetrain' returned '0': CMAKE_PREFIX_PATH=/opt/ros/humble /usr/bin/cmake /TestBotTeaching/drivetrain -DCMAKE_INSTALL_PREFIX=/TestBotTeaching/install/drivetrain
[7.071s] Invoking command in '/TestBotTeaching/build/drivetrain': CMAKE_PREFIX_PATH=/opt/ros/humble /usr/bin/cmake --build /TestBotTeaching/build/drivetrain -- -j4 -l4
[7.323s] [ 66%] [32mBuilding CXX object CMakeFiles/drivetrainNode.dir/src/drivesub.cpp.o[0m
[7.324s] [ 66%] [32mBuilding CXX object CMakeFiles/drivetrainNode.dir/src/uart.cpp.o[0m
[8.596s] [01m[K/TestBotTeaching/drivetrain/src/uart.cpp:[m[K In constructor ‘[01m[KUart::Uart()[m[K’:
[8.596s] [01m[K/TestBotTeaching/drivetrain/src/uart.cpp:19:7:[m[K [01;35m[Kwarning: [m[Kunused variable ‘[01m[Kii[m[K’ [[01;35m[K-Wunused-variable[m[K]
[8.597s]    19 |   int [01;35m[Kii[m[K, jj, kk;
[8.597s]       |       [01;35m[K^~[m[K
[8.598s] [01m[K/TestBotTeaching/drivetrain/src/uart.cpp:19:11:[m[K [01;35m[Kwarning: [m[Kunused variable ‘[01m[Kjj[m[K’ [[01;35m[K-Wunused-variable[m[K]
[8.598s]    19 |   int ii, [01;35m[Kjj[m[K, kk;
[8.599s]       |           [01;35m[K^~[m[K
[8.601s] [01m[K/TestBotTeaching/drivetrain/src/uart.cpp:19:15:[m[K [01;35m[Kwarning: [m[Kunused variable ‘[01m[Kkk[m[K’ [[01;35m[K-Wunused-variable[m[K]
[8.602s]    19 |   int ii, jj, [01;35m[Kkk[m[K;
[8.602s]       |               [01;35m[K^~[m[K
[8.720s] [01m[K/TestBotTeaching/drivetrain/src/uart.cpp:[m[K In constructor ‘[01m[KUart::Uart()[m[K’:
[8.721s] [01m[K/TestBotTeaching/drivetrain/src/uart.cpp:25:12:[m[K [01;35m[Kwarning: [m[K‘[01m[K*this.Uart::fid[m[K’ is used uninitialized [[01;35m[K-Wuninitialized[m[K]
[8.721s]    25 |   [01;35m[Ktcgetattr(fid, &port_options)[m[K;        // Get the current attributes of the Serial port
[8.721s]       |   [01;35m[K~~~~~~~~~^~~~~~~~~~~~~~~~~~~~[m[K
[47.258s] [100%] [32m[1mLinking CXX executable drivetrainNode[0m
[49.619s] [100%] Built target drivetrainNode
[49.668s] Invoked command in '/TestBotTeaching/build/drivetrain' returned '0': CMAKE_PREFIX_PATH=/opt/ros/humble /usr/bin/cmake --build /TestBotTeaching/build/drivetrain -- -j4 -l4
[49.898s] Invoking command in '/TestBotTeaching/build/drivetrain': CMAKE_PREFIX_PATH=/opt/ros/humble /usr/bin/cmake --install /TestBotTeaching/build/drivetrain
[49.906s] -- Install configuration: ""
[49.908s] -- Installing: /TestBotTeaching/install/drivetrain/lib/drivetrain/drivetrainNode
[49.941s] -- Set runtime path of "/TestBotTeaching/install/drivetrain/lib/drivetrain/drivetrainNode" to ""
[49.943s] -- Installing: /TestBotTeaching/install/drivetrain/share/ament_index/resource_index/package_run_dependencies/drivetrain
[49.943s] -- Installing: /TestBotTeaching/install/drivetrain/share/ament_index/resource_index/parent_prefix_path/drivetrain
[49.945s] -- Up-to-date: /TestBotTeaching/install/drivetrain/share/drivetrain/environment/ament_prefix_path.sh
[49.945s] -- Installing: /TestBotTeaching/install/drivetrain/share/drivetrain/environment/ament_prefix_path.dsv
[49.947s] -- Up-to-date: /TestBotTeaching/install/drivetrain/share/drivetrain/environment/path.sh
[49.948s] -- Installing: /TestBotTeaching/install/drivetrain/share/drivetrain/environment/path.dsv
[49.949s] -- Installing: /TestBotTeaching/install/drivetrain/share/drivetrain/local_setup.bash
[49.950s] -- Installing: /TestBotTeaching/install/drivetrain/share/drivetrain/local_setup.sh
[49.952s] -- Installing: /TestBotTeaching/install/drivetrain/share/drivetrain/local_setup.zsh
[49.953s] -- Installing: /TestBotTeaching/install/drivetrain/share/drivetrain/local_setup.dsv
[49.954s] -- Installing: /TestBotTeaching/install/drivetrain/share/drivetrain/package.dsv
[49.956s] -- Installing: /TestBotTeaching/install/drivetrain/share/ament_index/resource_index/packages/drivetrain
[49.957s] -- Installing: /TestBotTeaching/install/drivetrain/share/drivetrain/cmake/drivetrainConfig.cmake
[49.962s] -- Installing: /TestBotTeaching/install/drivetrain/share/drivetrain/cmake/drivetrainConfig-version.cmake
[49.963s] -- Up-to-date: /TestBotTeaching/install/drivetrain/share/drivetrain/package.xml
[49.970s] Invoked command in '/TestBotTeaching/build/drivetrain' returned '0': CMAKE_PREFIX_PATH=/opt/ros/humble /usr/bin/cmake --install /TestBotTeaching/build/drivetrain
