[0.202s] Invoking command in '/TestBotTeaching/build/drivetrain': CMAKE_PREFIX_PATH=${CMAKE_PREFIX_PATH}:/opt/ros/humble /usr/bin/cmake --build /TestBotTeaching/build/drivetrain -- -j4 -l4
[0.604s] [35m[1mConsolidate compiler generated dependencies of target drivetrainNode[0m
[0.774s] [ 33%] [32mBuilding CXX object CMakeFiles/drivetrainNode.dir/src/uart.cpp.o[0m
[2.921s] [01m[K/TestBotTeaching/drivetrain/src/uart.cpp:[m[K In constructor ‘[01m[KUart::Uart()[m[K’:
[2.922s] [01m[K/TestBotTeaching/drivetrain/src/uart.cpp:25:12:[m[K [01;35m[Kwarning: [m[K‘[01m[K*this.Uart::fid[m[K’ is used uninitialized [[01;35m[K-Wuninitialized[m[K]
[2.930s]    25 |   [01;35m[Ktcgetattr(fid, &port_options)[m[K;        // Get the current attributes of the Serial port
[2.937s]       |   [01;35m[K~~~~~~~~~^~~~~~~~~~~~~~~~~~~~[m[K
[3.105s] [ 66%] [32m[1mLinking CXX executable drivetrainNode[0m
[6.416s] [100%] Built target drivetrainNode
[6.466s] Invoked command in '/TestBotTeaching/build/drivetrain' returned '0': CMAKE_PREFIX_PATH=${CMAKE_PREFIX_PATH}:/opt/ros/humble /usr/bin/cmake --build /TestBotTeaching/build/drivetrain -- -j4 -l4
[6.675s] Invoking command in '/TestBotTeaching/build/drivetrain': CMAKE_PREFIX_PATH=${CMAKE_PREFIX_PATH}:/opt/ros/humble /usr/bin/cmake --install /TestBotTeaching/build/drivetrain
[6.707s] -- Install configuration: ""
[6.708s] -- Installing: /TestBotTeaching/install/drivetrain/lib/drivetrain/drivetrainNode
[6.750s] -- Set runtime path of "/TestBotTeaching/install/drivetrain/lib/drivetrain/drivetrainNode" to ""
[6.751s] -- Up-to-date: /TestBotTeaching/install/drivetrain/share/ament_index/resource_index/package_run_dependencies/drivetrain
[6.751s] -- Up-to-date: /TestBotTeaching/install/drivetrain/share/ament_index/resource_index/parent_prefix_path/drivetrain
[6.752s] -- Up-to-date: /TestBotTeaching/install/drivetrain/share/drivetrain/environment/ament_prefix_path.sh
[6.753s] -- Up-to-date: /TestBotTeaching/install/drivetrain/share/drivetrain/environment/ament_prefix_path.dsv
[6.753s] -- Up-to-date: /TestBotTeaching/install/drivetrain/share/drivetrain/environment/path.sh
[6.754s] -- Up-to-date: /TestBotTeaching/install/drivetrain/share/drivetrain/environment/path.dsv
[6.755s] -- Up-to-date: /TestBotTeaching/install/drivetrain/share/drivetrain/local_setup.bash
[6.755s] -- Up-to-date: /TestBotTeaching/install/drivetrain/share/drivetrain/local_setup.sh
[6.756s] -- Up-to-date: /TestBotTeaching/install/drivetrain/share/drivetrain/local_setup.zsh
[6.756s] -- Up-to-date: /TestBotTeaching/install/drivetrain/share/drivetrain/local_setup.dsv
[6.757s] -- Installing: /TestBotTeaching/install/drivetrain/share/drivetrain/package.dsv
[6.758s] -- Up-to-date: /TestBotTeaching/install/drivetrain/share/ament_index/resource_index/packages/drivetrain
[6.759s] -- Up-to-date: /TestBotTeaching/install/drivetrain/share/drivetrain/cmake/drivetrainConfig.cmake
[6.760s] -- Up-to-date: /TestBotTeaching/install/drivetrain/share/drivetrain/cmake/drivetrainConfig-version.cmake
[6.760s] -- Up-to-date: /TestBotTeaching/install/drivetrain/share/drivetrain/package.xml
[6.765s] Invoked command in '/TestBotTeaching/build/drivetrain' returned '0': CMAKE_PREFIX_PATH=${CMAKE_PREFIX_PATH}:/opt/ros/humble /usr/bin/cmake --install /TestBotTeaching/build/drivetrain
