[0.143s] Invoking command in '/home/astrobotics/TestBotTeaching/build/drivetrain': CMAKE_PREFIX_PATH=/home/astrobotics/TestBotTeaching/install/pythonDriving:/opt/ros/humble /usr/bin/cmake /home/astrobotics/TestBotTeaching/drivetrain -DAMENT_CMAKE_SYMLINK_INSTALL=1 -DCMAKE_INSTALL_PREFIX=/home/astrobotics/TestBotTeaching/install/drivetrain
[0.212s] -- Found ament_cmake: 1.3.10 (/opt/ros/humble/share/ament_cmake/cmake)
[1.203s] -- Override CMake install command with custom implementation using symlinks instead of copying resources
[1.276s] -- Found rclcpp: 16.0.10 (/opt/ros/humble/share/rclcpp/cmake)
[1.525s] -- Found rosidl_generator_c: 3.1.5 (/opt/ros/humble/share/rosidl_generator_c/cmake)
[1.542s] -- Found rosidl_adapter: 3.1.5 (/opt/ros/humble/share/rosidl_adapter/cmake)
[1.580s] -- Found rosidl_generator_cpp: 3.1.5 (/opt/ros/humble/share/rosidl_generator_cpp/cmake)
[1.640s] -- Using all available rosidl_typesupport_c: rosidl_typesupport_fastrtps_c;rosidl_typesupport_introspection_c
[1.718s] -- Using all available rosidl_typesupport_cpp: rosidl_typesupport_fastrtps_cpp;rosidl_typesupport_introspection_cpp
[1.932s] -- Found rmw_implementation_cmake: 6.1.2 (/opt/ros/humble/share/rmw_implementation_cmake/cmake)
[1.942s] -- Found rmw_fastrtps_cpp: 6.2.7 (/opt/ros/humble/share/rmw_fastrtps_cpp/cmake)
[3.178s] -- Using RMW implementation 'rmw_fastrtps_cpp' as default
[3.493s] -- Found sensor_msgs: 4.2.4 (/opt/ros/humble/share/sensor_msgs/cmake)
[3.697s] -- Found ament_lint_auto: 0.12.11 (/opt/ros/humble/share/ament_lint_auto/cmake)
[4.222s] -- Added test 'cppcheck' to perform static code analysis on C / C++ code
[4.223s] -- Configured cppcheck include dirs: 
[4.224s] -- Configured cppcheck exclude dirs and/or files: 
[4.227s] -- Added test 'lint_cmake' to check CMake code style
[4.236s] -- Added test 'uncrustify' to check C / C++ code style
[4.237s] -- Configured uncrustify additional arguments: 
[4.239s] -- Added test 'xmllint' to check XML markup files
[4.253s] -- Configuring done
[4.284s] [31mCMake Error at CMakeLists.txt:16 (add_executable):
[4.286s]   Cannot find source file:
[4.286s] 
[4.287s]     /TestBotTeaching/drivetrain/src/drivesub.cpp
[4.288s] 
[4.289s]   Tried extensions .c .C .c++ .cc .cpp .cxx .cu .mpp .m .M .mm .ixx .cppm .h
[4.289s]   .hh .h++ .hm .hpp .hxx .in .txx .f .F .for .f77 .f90 .f95 .f03 .hip .ispc
[4.290s] 
[4.290s] [0m
[4.291s] [31mCMake Error at CMakeLists.txt:16 (add_executable):
[4.292s]   No SOURCES given to target: drivetrainNode
[4.293s] 
[4.294s] [0m
[4.295s] [0mCMake Generate step failed.  Build files cannot be regenerated correctly.[0m
[4.340s] Invoked command in '/home/astrobotics/TestBotTeaching/build/drivetrain' returned '1': CMAKE_PREFIX_PATH=/home/astrobotics/TestBotTeaching/install/pythonDriving:/opt/ros/humble /usr/bin/cmake /home/astrobotics/TestBotTeaching/drivetrain -DAMENT_CMAKE_SYMLINK_INSTALL=1 -DCMAKE_INSTALL_PREFIX=/home/astrobotics/TestBotTeaching/install/drivetrain
