[0.139s] Invoking command in '/TestBotTeaching/build/drivetrain': CMAKE_PREFIX_PATH=${CMAKE_PREFIX_PATH}:/opt/ros/humble /usr/bin/cmake --build /TestBotTeaching/build/drivetrain -- -j4 -l4
[0.511s] [35m[1mConsolidate compiler generated dependencies of target drivetrainNode[0m
[0.701s] [ 33%] [32mBuilding CXX object CMakeFiles/drivetrainNode.dir/src/drivesub.cpp.o[0m
[41.238s] [ 66%] [32m[1mLinking CXX executable drivetrainNode[0m
[44.376s] [100%] Built target drivetrainNode
[44.425s] Invoked command in '/TestBotTeaching/build/drivetrain' returned '0': CMAKE_PREFIX_PATH=${CMAKE_PREFIX_PATH}:/opt/ros/humble /usr/bin/cmake --build /TestBotTeaching/build/drivetrain -- -j4 -l4
[44.642s] Invoking command in '/TestBotTeaching/build/drivetrain': CMAKE_PREFIX_PATH=${CMAKE_PREFIX_PATH}:/opt/ros/humble /usr/bin/cmake --install /TestBotTeaching/build/drivetrain
[44.673s] -- Install configuration: ""
[44.674s] -- Installing: /TestBotTeaching/install/drivetrain/lib/drivetrain/drivetrainNode
[44.721s] -- Set runtime path of "/TestBotTeaching/install/drivetrain/lib/drivetrain/drivetrainNode" to ""
[44.722s] -- Up-to-date: /TestBotTeaching/install/drivetrain/share/ament_index/resource_index/package_run_dependencies/drivetrain
[44.722s] -- Up-to-date: /TestBotTeaching/install/drivetrain/share/ament_index/resource_index/parent_prefix_path/drivetrain
[44.723s] -- Up-to-date: /TestBotTeaching/install/drivetrain/share/drivetrain/environment/ament_prefix_path.sh
[44.723s] -- Up-to-date: /TestBotTeaching/install/drivetrain/share/drivetrain/environment/ament_prefix_path.dsv
[44.724s] -- Up-to-date: /TestBotTeaching/install/drivetrain/share/drivetrain/environment/path.sh
[44.725s] -- Up-to-date: /TestBotTeaching/install/drivetrain/share/drivetrain/environment/path.dsv
[44.725s] -- Up-to-date: /TestBotTeaching/install/drivetrain/share/drivetrain/local_setup.bash
[44.726s] -- Up-to-date: /TestBotTeaching/install/drivetrain/share/drivetrain/local_setup.sh
[44.726s] -- Up-to-date: /TestBotTeaching/install/drivetrain/share/drivetrain/local_setup.zsh
[44.727s] -- Up-to-date: /TestBotTeaching/install/drivetrain/share/drivetrain/local_setup.dsv
[44.728s] -- Installing: /TestBotTeaching/install/drivetrain/share/drivetrain/package.dsv
[44.729s] -- Up-to-date: /TestBotTeaching/install/drivetrain/share/ament_index/resource_index/packages/drivetrain
[44.729s] -- Up-to-date: /TestBotTeaching/install/drivetrain/share/drivetrain/cmake/drivetrainConfig.cmake
[44.730s] -- Up-to-date: /TestBotTeaching/install/drivetrain/share/drivetrain/cmake/drivetrainConfig-version.cmake
[44.730s] -- Up-to-date: /TestBotTeaching/install/drivetrain/share/drivetrain/package.xml
[44.736s] Invoked command in '/TestBotTeaching/build/drivetrain' returned '0': CMAKE_PREFIX_PATH=${CMAKE_PREFIX_PATH}:/opt/ros/humble /usr/bin/cmake --install /TestBotTeaching/build/drivetrain
