[0.076s] Invoking command in '/Testbot/build/drivetrain': CMAKE_PREFIX_PATH=${CMAKE_PREFIX_PATH}:/opt/ros/humble /usr/bin/cmake --build /Testbot/build/drivetrain -- -j4 -l4
[0.221s] -- Found ament_cmake: 1.3.10 (/opt/ros/humble/share/ament_cmake/cmake)
[0.833s] -- Override CMake install command with custom implementation using symlinks instead of copying resources
[0.880s] -- Found rclcpp: 16.0.10 (/opt/ros/humble/share/rclcpp/cmake)
[1.049s] -- Found rosidl_generator_c: 3.1.5 (/opt/ros/humble/share/rosidl_generator_c/cmake)
[1.064s] -- Found rosidl_adapter: 3.1.5 (/opt/ros/humble/share/rosidl_adapter/cmake)
[1.101s] -- Found rosidl_generator_cpp: 3.1.5 (/opt/ros/humble/share/rosidl_generator_cpp/cmake)
[1.162s] -- Using all available rosidl_typesupport_c: rosidl_typesupport_fastrtps_c;rosidl_typesupport_introspection_c
[1.239s] -- Using all available rosidl_typesupport_cpp: rosidl_typesupport_fastrtps_cpp;rosidl_typesupport_introspection_cpp
[1.430s] -- Found rmw_implementation_cmake: 6.1.2 (/opt/ros/humble/share/rmw_implementation_cmake/cmake)
[1.440s] -- Found rmw_fastrtps_cpp: 6.2.7 (/opt/ros/humble/share/rmw_fastrtps_cpp/cmake)
[1.994s] -- Using RMW implementation 'rmw_fastrtps_cpp' as default
[2.251s] -- Found sensor_msgs: 4.2.4 (/opt/ros/humble/share/sensor_msgs/cmake)
[2.470s] [33mCMake Warning at CMakeLists.txt:12 (find_package):
[2.470s]   By not providing "Findstring__struct.cmake" in CMAKE_MODULE_PATH this
[2.471s]   project has asked CMake to find a package configuration file provided by
[2.472s]   "string__struct", but CMake did not find one.
[2.473s] 
[2.473s]   Could not find a package configuration file provided by "string__struct"
[2.474s]   with any of the following names:
[2.474s] 
[2.475s]     string__structConfig.cmake
[2.475s]     string__struct-config.cmake
[2.476s] 
[2.476s]   Add the installation prefix of "string__struct" to CMAKE_PREFIX_PATH or set
[2.477s]   "string__struct_DIR" to a directory containing one of the above files.  If
[2.478s]   "string__struct" provides a separate development package or SDK, be sure it
[2.479s]   has been installed.
[2.479s] 
[2.480s] [0m
[2.481s] [31mCMake Error at /opt/ros/humble/share/ament_cmake_target_dependencies/cmake/ament_target_dependencies.cmake:77 (message):
[2.482s]   ament_target_dependencies() the passed package name 'string__struct' was
[2.483s]   not found before
[2.484s] Call Stack (most recent call first):
[2.485s]   CMakeLists.txt:17 (ament_target_dependencies)
[2.486s] 
[2.488s] [0m
[2.489s] -- Configuring incomplete, errors occurred!
[2.490s] See also "/Testbot/build/drivetrain/CMakeFiles/CMakeOutput.log".
[2.503s] gmake: *** [Makefile:267: cmake_check_build_system] Error 1
[2.510s] Invoked command in '/Testbot/build/drivetrain' returned '2': CMAKE_PREFIX_PATH=${CMAKE_PREFIX_PATH}:/opt/ros/humble /usr/bin/cmake --build /Testbot/build/drivetrain -- -j4 -l4
