[30.132s] Invoking command in '/TestBotTeaching/pythonDriving': PYTHONPATH=/TestBotTeaching/build/pythonDriving/prefix_override:/usr/lib/python3/dist-packages/colcon_core/task/python/colcon_distutils_commands:/TestBotTeaching/install/pythonDriving/lib/python3.10/site-packages:${PYTHONPATH} /usr/bin/python3 -W ignore:setup.py install is deprecated setup.py egg_info --egg-base ../build/pythonDriving build --build-base /TestBotTeaching/build/pythonDriving/build install --record /TestBotTeaching/build/pythonDriving/install.log --single-version-externally-managed install_data
[38.349s] running egg_info
[38.359s] creating ../build/pythonDriving/pythonDriving.egg-info
[38.389s] writing ../build/pythonDriving/pythonDriving.egg-info/PKG-INFO
[38.458s] writing dependency_links to ../build/pythonDriving/pythonDriving.egg-info/dependency_links.txt
[38.502s] writing entry points to ../build/pythonDriving/pythonDriving.egg-info/entry_points.txt
[38.514s] writing requirements to ../build/pythonDriving/pythonDriving.egg-info/requires.txt
[38.525s] writing top-level names to ../build/pythonDriving/pythonDriving.egg-info/top_level.txt
[38.526s] writing manifest file '../build/pythonDriving/pythonDriving.egg-info/SOURCES.txt'
[38.596s] reading manifest file '../build/pythonDriving/pythonDriving.egg-info/SOURCES.txt'
[38.713s] writing manifest file '../build/pythonDriving/pythonDriving.egg-info/SOURCES.txt'
[38.796s] running build
[38.799s] running build_py
[38.916s] creating /TestBotTeaching/build/pythonDriving/build
[38.917s] creating /TestBotTeaching/build/pythonDriving/build/lib
[38.919s] creating /TestBotTeaching/build/pythonDriving/build/lib/pythonDriving
[38.940s] copying pythonDriving/pythonDriving.py -> /TestBotTeaching/build/pythonDriving/build/lib/pythonDriving
[38.944s] copying pythonDriving/__init__.py -> /TestBotTeaching/build/pythonDriving/build/lib/pythonDriving
[38.947s] running install
[38.970s] running install_lib
[38.999s] running install_data
[39.001s] copying resource/pythonDriving -> /TestBotTeaching/install/pythonDriving/share/ament_index/resource_index/packages
[39.002s] error: could not create '/TestBotTeaching/install/pythonDriving/share/ament_index/resource_index/packages/pythonDriving': No such file or directory
[39.339s] Invoked command in '/TestBotTeaching/pythonDriving' returned '1': PYTHONPATH=/TestBotTeaching/build/pythonDriving/prefix_override:/usr/lib/python3/dist-packages/colcon_core/task/python/colcon_distutils_commands:/TestBotTeaching/install/pythonDriving/lib/python3.10/site-packages:${PYTHONPATH} /usr/bin/python3 -W ignore:setup.py install is deprecated setup.py egg_info --egg-base ../build/pythonDriving build --build-base /TestBotTeaching/build/pythonDriving/build install --record /TestBotTeaching/build/pythonDriving/install.log --single-version-externally-managed install_data
