running egg_info
creating build/pythonDriving/pythonDriving.egg-info
writing build/pythonDriving/pythonDriving.egg-info/PKG-INFO
writing dependency_links to build/pythonDriving/pythonDriving.egg-info/dependency_links.txt
writing entry points to build/pythonDriving/pythonDriving.egg-info/entry_points.txt
writing requirements to build/pythonDriving/pythonDriving.egg-info/requires.txt
writing top-level names to build/pythonDriving/pythonDriving.egg-info/top_level.txt
writing manifest file 'build/pythonDriving/pythonDriving.egg-info/SOURCES.txt'
reading manifest file 'build/pythonDriving/pythonDriving.egg-info/SOURCES.txt'
writing manifest file 'build/pythonDriving/pythonDriving.egg-info/SOURCES.txt'
running build
running build_py
creating /home/cameron/Astrobotics/wtfisgoingon/micro_ros_raspberrypi_pico_sdk/pythonDriving/build/pythonDriving/build
creating /home/cameron/Astrobotics/wtfisgoingon/micro_ros_raspberrypi_pico_sdk/pythonDriving/build/pythonDriving/build/lib
creating /home/cameron/Astrobotics/wtfisgoingon/micro_ros_raspberrypi_pico_sdk/pythonDriving/build/pythonDriving/build/lib/pythonDriving
copying pythonDriving/pythonDriving.py -> /home/cameron/Astrobotics/wtfisgoingon/micro_ros_raspberrypi_pico_sdk/pythonDriving/build/pythonDriving/build/lib/pythonDriving
copying pythonDriving/__init__.py -> /home/cameron/Astrobotics/wtfisgoingon/micro_ros_raspberrypi_pico_sdk/pythonDriving/build/pythonDriving/build/lib/pythonDriving
running install
running install_lib
creating /home/cameron/Astrobotics/wtfisgoingon/micro_ros_raspberrypi_pico_sdk/pythonDriving/install/pythonDriving/lib/python3.10/site-packages/pythonDriving
copying /home/cameron/Astrobotics/wtfisgoingon/micro_ros_raspberrypi_pico_sdk/pythonDriving/build/pythonDriving/build/lib/pythonDriving/pythonDriving.py -> /home/cameron/Astrobotics/wtfisgoingon/micro_ros_raspberrypi_pico_sdk/pythonDriving/install/pythonDriving/lib/python3.10/site-packages/pythonDriving
copying /home/cameron/Astrobotics/wtfisgoingon/micro_ros_raspberrypi_pico_sdk/pythonDriving/build/pythonDriving/build/lib/pythonDriving/__init__.py -> /home/cameron/Astrobotics/wtfisgoingon/micro_ros_raspberrypi_pico_sdk/pythonDriving/install/pythonDriving/lib/python3.10/site-packages/pythonDriving
byte-compiling /home/cameron/Astrobotics/wtfisgoingon/micro_ros_raspberrypi_pico_sdk/pythonDriving/install/pythonDriving/lib/python3.10/site-packages/pythonDriving/pythonDriving.py to pythonDriving.cpython-310.pyc
byte-compiling /home/cameron/Astrobotics/wtfisgoingon/micro_ros_raspberrypi_pico_sdk/pythonDriving/install/pythonDriving/lib/python3.10/site-packages/pythonDriving/__init__.py to __init__.cpython-310.pyc
running install_data
creating /home/cameron/Astrobotics/wtfisgoingon/micro_ros_raspberrypi_pico_sdk/pythonDriving/install/pythonDriving/share/ament_index
creating /home/cameron/Astrobotics/wtfisgoingon/micro_ros_raspberrypi_pico_sdk/pythonDriving/install/pythonDriving/share/ament_index/resource_index
creating /home/cameron/Astrobotics/wtfisgoingon/micro_ros_raspberrypi_pico_sdk/pythonDriving/install/pythonDriving/share/ament_index/resource_index/packages
copying resource/pythonDriving -> /home/cameron/Astrobotics/wtfisgoingon/micro_ros_raspberrypi_pico_sdk/pythonDriving/install/pythonDriving/share/ament_index/resource_index/packages
copying package.xml -> /home/cameron/Astrobotics/wtfisgoingon/micro_ros_raspberrypi_pico_sdk/pythonDriving/install/pythonDriving/share/pythonDriving
running install_egg_info
Copying build/pythonDriving/pythonDriving.egg-info to /home/cameron/Astrobotics/wtfisgoingon/micro_ros_raspberrypi_pico_sdk/pythonDriving/install/pythonDriving/lib/python3.10/site-packages/pythonDriving-0.0.0-py3.10.egg-info
running install_scripts
Installing pythonDriving script to /home/cameron/Astrobotics/wtfisgoingon/micro_ros_raspberrypi_pico_sdk/pythonDriving/install/pythonDriving/lib/pythonDriving
writing list of installed files to '/home/cameron/Astrobotics/wtfisgoingon/micro_ros_raspberrypi_pico_sdk/pythonDriving/build/pythonDriving/install.log'
