[0.021s] Invoking command in '/workspaces/TestBotTeaching/build/drivetrain': CMAKE_PREFIX_PATH=${CMAKE_PREFIX_PATH}:/workspaces/TestBotTeaching/install/pythonDriving:/opt/ros/humble /usr/bin/cmake --build /workspaces/TestBotTeaching/build/drivetrain -- -j16 -l16
[0.068s] [35m[1mConsolidate compiler generated dependencies of target drivetrainNode[0m
[0.086s] [ 50%] [32mBuilding CXX object CMakeFiles/drivetrainNode.dir/src/drivesub.cpp.o[0m
[6.831s] [100%] [32m[1mLinking CXX executable drivetrainNode[0m
[7.131s] [100%] Built target drivetrainNode
[7.141s] Invoked command in '/workspaces/TestBotTeaching/build/drivetrain' returned '0': CMAKE_PREFIX_PATH=${CMAKE_PREFIX_PATH}:/workspaces/TestBotTeaching/install/pythonDriving:/opt/ros/humble /usr/bin/cmake --build /workspaces/TestBotTeaching/build/drivetrain -- -j16 -l16
[7.176s] Invoking command in '/workspaces/TestBotTeaching/build/drivetrain': CMAKE_PREFIX_PATH=${CMAKE_PREFIX_PATH}:/workspaces/TestBotTeaching/install/pythonDriving:/opt/ros/humble /usr/bin/cmake --install /workspaces/TestBotTeaching/build/drivetrain
[7.185s] -- Install configuration: ""
[7.185s] -- Installing: /workspaces/TestBotTeaching/install/drivetrain/lib/drivetrain/drivetrainNode
[7.189s] -- Set runtime path of "/workspaces/TestBotTeaching/install/drivetrain/lib/drivetrain/drivetrainNode" to ""
[7.189s] -- Up-to-date: /workspaces/TestBotTeaching/install/drivetrain/share/ament_index/resource_index/package_run_dependencies/drivetrain
[7.189s] -- Up-to-date: /workspaces/TestBotTeaching/install/drivetrain/share/ament_index/resource_index/parent_prefix_path/drivetrain
[7.189s] -- Up-to-date: /workspaces/TestBotTeaching/install/drivetrain/share/drivetrain/environment/ament_prefix_path.sh
[7.189s] -- Up-to-date: /workspaces/TestBotTeaching/install/drivetrain/share/drivetrain/environment/ament_prefix_path.dsv
[7.190s] -- Up-to-date: /workspaces/TestBotTeaching/install/drivetrain/share/drivetrain/environment/path.sh
[7.190s] -- Up-to-date: /workspaces/TestBotTeaching/install/drivetrain/share/drivetrain/environment/path.dsv
[7.190s] -- Up-to-date: /workspaces/TestBotTeaching/install/drivetrain/share/drivetrain/local_setup.bash
[7.190s] -- Up-to-date: /workspaces/TestBotTeaching/install/drivetrain/share/drivetrain/local_setup.sh
[7.190s] -- Up-to-date: /workspaces/TestBotTeaching/install/drivetrain/share/drivetrain/local_setup.zsh
[7.190s] -- Up-to-date: /workspaces/TestBotTeaching/install/drivetrain/share/drivetrain/local_setup.dsv
[7.190s] -- Installing: /workspaces/TestBotTeaching/install/drivetrain/share/drivetrain/package.dsv
[7.190s] -- Up-to-date: /workspaces/TestBotTeaching/install/drivetrain/share/ament_index/resource_index/packages/drivetrain
[7.190s] -- Up-to-date: /workspaces/TestBotTeaching/install/drivetrain/share/drivetrain/cmake/drivetrainConfig.cmake
[7.190s] -- Up-to-date: /workspaces/TestBotTeaching/install/drivetrain/share/drivetrain/cmake/drivetrainConfig-version.cmake
[7.190s] -- Up-to-date: /workspaces/TestBotTeaching/install/drivetrain/share/drivetrain/package.xml
[7.192s] Invoked command in '/workspaces/TestBotTeaching/build/drivetrain' returned '0': CMAKE_PREFIX_PATH=${CMAKE_PREFIX_PATH}:/workspaces/TestBotTeaching/install/pythonDriving:/opt/ros/humble /usr/bin/cmake --install /workspaces/TestBotTeaching/build/drivetrain
