#0 building with "default" instance using docker driver

#1 [internal] load .dockerignore
#1 transferring context: 2B 0.0s done
#1 DONE 0.0s

#2 [internal] load build definition from Dockerfile
#2 transferring dockerfile: 1.06kB done
#2 DONE 0.0s

#3 [internal] load metadata for docker.io/osrf/ros:humble-desktop
#3 DONE 0.4s

#4 [1/8] FROM docker.io/osrf/ros:humble-desktop@sha256:43b24c3e69ece4fdc45f8c8bb9141ed79992bd2e175fb06057acd61bbbca4ff9
#4 CACHED

#5 [2/8] RUN groupadd --gid 1000 astro-dev     && useradd -s /bin/bash --uid 1000 --gid 1000 -m astro-dev     && apt-get update     && apt-get install -y sudo     && echo astro-dev ALL=(root) NOPASSWD:ALL > /etc/sudoers.d/astro-dev     && chmod 0440 /etc/sudoers.d/astro-dev
#5 0.744 exec /bin/sh: exec format error
#5 ERROR: process "/bin/sh -c groupadd --gid $USER_GID $USERNAME     && useradd -s /bin/bash --uid $USER_UID --gid $USER_GID -m $USERNAME     && apt-get update     && apt-get install -y sudo     && echo $USERNAME ALL=\\(root\\) NOPASSWD:ALL > /etc/sudoers.d/$USERNAME     && chmod 0440 /etc/sudoers.d/$USERNAME" did not complete successfully: exit code: 1
------
 > [2/8] RUN groupadd --gid 1000 astro-dev     && useradd -s /bin/bash --uid 1000 --gid 1000 -m astro-dev     && apt-get update     && apt-get install -y sudo     && echo astro-dev ALL=(root) NOPASSWD:ALL > /etc/sudoers.d/astro-dev     && chmod 0440 /etc/sudoers.d/astro-dev:
0.744 exec /bin/sh: exec format error
------
Dockerfile:8
--------------------
   7 |     ARG USER_GID=$USER_UID
   8 | >>> RUN groupadd --gid $USER_GID $USERNAME \
   9 | >>>     && useradd -s /bin/bash --uid $USER_UID --gid $USER_GID -m $USERNAME \
  10 | >>>     && apt-get update \
  11 | >>>     && apt-get install -y sudo \
  12 | >>>     && echo $USERNAME ALL=\(root\) NOPASSWD:ALL > /etc/sudoers.d/$USERNAME \
  13 | >>>     && chmod 0440 /etc/sudoers.d/$USERNAME
  14 |     
--------------------
ERROR: failed to solve: process "/bin/sh -c groupadd --gid $USER_GID $USERNAME     && useradd -s /bin/bash --uid $USER_UID --gid $USER_GID -m $USERNAME     && apt-get update     && apt-get install -y sudo     && echo $USERNAME ALL=\\(root\\) NOPASSWD:ALL > /etc/sudoers.d/$USERNAME     && chmod 0440 /etc/sudoers.d/$USERNAME" did not complete successfully: exit code: 1
