[0.687s] DEBUG:colcon:Command line arguments: ['/usr/bin/colcon', 'build']
[0.687s] DEBUG:colcon:Parsed command line arguments: Namespace(log_base=None, log_level=None, verb_name='build', build_base='build', install_base='install', merge_install=False, symlink_install=False, test_result_base=None, continue_on_error=False, executor='parallel', parallel_workers=4, event_handlers=None, ignore_user_meta=False, metas=['./colcon.meta'], base_paths=['.'], packages_ignore=None, packages_ignore_regex=None, paths=None, packages_up_to=None, packages_up_to_regex=None, packages_above=None, packages_above_and_dependencies=None, packages_above_depth=None, packages_select_by_dep=None, packages_skip_by_dep=None, packages_skip_up_to=None, packages_select_build_failed=False, packages_skip_build_finished=False, packages_select_test_failures=False, packages_skip_test_passed=False, packages_select=None, packages_skip=None, packages_select_regex=None, packages_skip_regex=None, packages_start=None, packages_end=None, cmake_args=None, cmake_target=None, cmake_target_skip_unavailable=False, cmake_clean_cache=False, cmake_clean_first=False, cmake_force_configure=False, ament_cmake_args=None, catkin_cmake_args=None, catkin_skip_building_tests=False, mixin_files=None, mixin=None, verb_parser=<colcon_mixin.mixin.mixin_argument.MixinArgumentDecorator object at 0xffff8117a380>, verb_extension=<colcon_core.verb.build.BuildVerb object at 0xffff81092aa0>, main=<bound method BuildVerb.main of <colcon_core.verb.build.BuildVerb object at 0xffff81092aa0>>, mixin_verb=('build',))
[1.899s] Level 1:colcon.colcon_core.package_discovery:discover_packages(colcon_meta) check parameters
[1.899s] Level 1:colcon.colcon_core.package_discovery:discover_packages(recursive) check parameters
[1.900s] Level 1:colcon.colcon_core.package_discovery:discover_packages(ignore) check parameters
[1.900s] Level 1:colcon.colcon_core.package_discovery:discover_packages(path) check parameters
[1.900s] Level 1:colcon.colcon_core.package_discovery:discover_packages(colcon_meta) discover
[1.900s] Level 1:colcon.colcon_core.package_discovery:discover_packages(recursive) discover
[1.901s] INFO:colcon.colcon_core.package_discovery:Crawling recursively for packages in '/Testbot'
[1.901s] Level 1:colcon.colcon_core.package_identification:_identify(.) by extensions ['ignore', 'ignore_ament_install']
[1.902s] Level 1:colcon.colcon_core.package_identification:_identify(.) by extension 'ignore'
[1.902s] Level 1:colcon.colcon_core.package_identification:_identify(.) by extension 'ignore_ament_install'
[1.902s] Level 1:colcon.colcon_core.package_identification:_identify(.) by extensions ['colcon_pkg']
[1.903s] Level 1:colcon.colcon_core.package_identification:_identify(.) by extension 'colcon_pkg'
[1.903s] Level 1:colcon.colcon_core.package_identification:_identify(.) by extensions ['colcon_meta']
[1.903s] Level 1:colcon.colcon_core.package_identification:_identify(.) by extension 'colcon_meta'
[1.903s] Level 1:colcon.colcon_core.package_identification:_identify(.) by extensions ['ros']
[1.903s] Level 1:colcon.colcon_core.package_identification:_identify(.) by extension 'ros'
[1.971s] Level 1:colcon.colcon_core.package_identification:_identify(.) by extensions ['cmake', 'python']
[1.972s] Level 1:colcon.colcon_core.package_identification:_identify(.) by extension 'cmake'
[1.972s] Level 1:colcon.colcon_core.package_identification:_identify(.) by extension 'python'
[1.973s] Level 1:colcon.colcon_core.package_identification:_identify(.) by extensions ['python_setup_py']
[1.973s] Level 1:colcon.colcon_core.package_identification:_identify(.) by extension 'python_setup_py'
[1.974s] Level 1:colcon.colcon_core.package_identification:_identify(build) by extensions ['ignore', 'ignore_ament_install']
[1.975s] Level 1:colcon.colcon_core.package_identification:_identify(build) by extension 'ignore'
[1.976s] Level 1:colcon.colcon_core.package_identification:_identify(build) ignored
[1.979s] Level 1:colcon.colcon_core.package_identification:_identify(install) by extensions ['ignore', 'ignore_ament_install']
[1.981s] Level 1:colcon.colcon_core.package_identification:_identify(install) by extension 'ignore'
[1.983s] Level 1:colcon.colcon_core.package_identification:_identify(install) ignored
[1.985s] Level 1:colcon.colcon_core.package_identification:_identify(log) by extensions ['ignore', 'ignore_ament_install']
[1.986s] Level 1:colcon.colcon_core.package_identification:_identify(log) by extension 'ignore'
[1.988s] Level 1:colcon.colcon_core.package_identification:_identify(log) ignored
[1.990s] Level 1:colcon.colcon_core.package_identification:_identify(src) by extensions ['ignore', 'ignore_ament_install']
[1.991s] Level 1:colcon.colcon_core.package_identification:_identify(src) by extension 'ignore'
[1.993s] Level 1:colcon.colcon_core.package_identification:_identify(src) by extension 'ignore_ament_install'
[1.994s] Level 1:colcon.colcon_core.package_identification:_identify(src) by extensions ['colcon_pkg']
[1.995s] Level 1:colcon.colcon_core.package_identification:_identify(src) by extension 'colcon_pkg'
[1.996s] Level 1:colcon.colcon_core.package_identification:_identify(src) by extensions ['colcon_meta']
[1.996s] Level 1:colcon.colcon_core.package_identification:_identify(src) by extension 'colcon_meta'
[1.997s] Level 1:colcon.colcon_core.package_identification:_identify(src) by extensions ['ros']
[1.997s] Level 1:colcon.colcon_core.package_identification:_identify(src) by extension 'ros'
[1.998s] Level 1:colcon.colcon_core.package_identification:_identify(src) by extensions ['cmake', 'python']
[1.999s] Level 1:colcon.colcon_core.package_identification:_identify(src) by extension 'cmake'
[1.999s] Level 1:colcon.colcon_core.package_identification:_identify(src) by extension 'python'
[1.999s] Level 1:colcon.colcon_core.package_identification:_identify(src) by extensions ['python_setup_py']
[2.000s] Level 1:colcon.colcon_core.package_identification:_identify(src) by extension 'python_setup_py'
[2.001s] Level 1:colcon.colcon_core.package_identification:_identify(src/testbot_ws) by extensions ['ignore', 'ignore_ament_install']
[2.001s] Level 1:colcon.colcon_core.package_identification:_identify(src/testbot_ws) by extension 'ignore'
[2.002s] Level 1:colcon.colcon_core.package_identification:_identify(src/testbot_ws) by extension 'ignore_ament_install'
[2.003s] Level 1:colcon.colcon_core.package_identification:_identify(src/testbot_ws) by extensions ['colcon_pkg']
[2.003s] Level 1:colcon.colcon_core.package_identification:_identify(src/testbot_ws) by extension 'colcon_pkg'
[2.004s] Level 1:colcon.colcon_core.package_identification:_identify(src/testbot_ws) by extensions ['colcon_meta']
[2.004s] Level 1:colcon.colcon_core.package_identification:_identify(src/testbot_ws) by extension 'colcon_meta'
[2.004s] Level 1:colcon.colcon_core.package_identification:_identify(src/testbot_ws) by extensions ['ros']
[2.005s] Level 1:colcon.colcon_core.package_identification:_identify(src/testbot_ws) by extension 'ros'
[2.005s] Level 1:colcon.colcon_core.package_identification:_identify(src/testbot_ws) by extensions ['cmake', 'python']
[2.006s] Level 1:colcon.colcon_core.package_identification:_identify(src/testbot_ws) by extension 'cmake'
[2.006s] Level 1:colcon.colcon_core.package_identification:_identify(src/testbot_ws) by extension 'python'
[2.007s] Level 1:colcon.colcon_core.package_identification:_identify(src/testbot_ws) by extensions ['python_setup_py']
[2.007s] Level 1:colcon.colcon_core.package_identification:_identify(src/testbot_ws) by extension 'python_setup_py'
[2.008s] Level 1:colcon.colcon_core.package_identification:_identify(src/testbot_ws/src) by extensions ['ignore', 'ignore_ament_install']
[2.009s] Level 1:colcon.colcon_core.package_identification:_identify(src/testbot_ws/src) by extension 'ignore'
[2.009s] Level 1:colcon.colcon_core.package_identification:_identify(src/testbot_ws/src) by extension 'ignore_ament_install'
[2.010s] Level 1:colcon.colcon_core.package_identification:_identify(src/testbot_ws/src) by extensions ['colcon_pkg']
[2.010s] Level 1:colcon.colcon_core.package_identification:_identify(src/testbot_ws/src) by extension 'colcon_pkg'
[2.011s] Level 1:colcon.colcon_core.package_identification:_identify(src/testbot_ws/src) by extensions ['colcon_meta']
[2.011s] Level 1:colcon.colcon_core.package_identification:_identify(src/testbot_ws/src) by extension 'colcon_meta'
[2.012s] Level 1:colcon.colcon_core.package_identification:_identify(src/testbot_ws/src) by extensions ['ros']
[2.013s] Level 1:colcon.colcon_core.package_identification:_identify(src/testbot_ws/src) by extension 'ros'
[2.013s] Level 1:colcon.colcon_core.package_identification:_identify(src/testbot_ws/src) by extensions ['cmake', 'python']
[2.013s] Level 1:colcon.colcon_core.package_identification:_identify(src/testbot_ws/src) by extension 'cmake'
[2.014s] Level 1:colcon.colcon_core.package_identification:_identify(src/testbot_ws/src) by extension 'python'
[2.015s] Level 1:colcon.colcon_core.package_identification:_identify(src/testbot_ws/src) by extensions ['python_setup_py']
[2.015s] Level 1:colcon.colcon_core.package_identification:_identify(src/testbot_ws/src) by extension 'python_setup_py'
[2.016s] Level 1:colcon.colcon_core.package_identification:_identify(src/testbot_ws/src/drivetrain) by extensions ['ignore', 'ignore_ament_install']
[2.016s] Level 1:colcon.colcon_core.package_identification:_identify(src/testbot_ws/src/drivetrain) by extension 'ignore'
[2.017s] Level 1:colcon.colcon_core.package_identification:_identify(src/testbot_ws/src/drivetrain) by extension 'ignore_ament_install'
[2.018s] Level 1:colcon.colcon_core.package_identification:_identify(src/testbot_ws/src/drivetrain) by extensions ['colcon_pkg']
[2.018s] Level 1:colcon.colcon_core.package_identification:_identify(src/testbot_ws/src/drivetrain) by extension 'colcon_pkg'
[2.019s] Level 1:colcon.colcon_core.package_identification:_identify(src/testbot_ws/src/drivetrain) by extensions ['colcon_meta']
[2.019s] Level 1:colcon.colcon_core.package_identification:_identify(src/testbot_ws/src/drivetrain) by extension 'colcon_meta'
[2.019s] Level 1:colcon.colcon_core.package_identification:_identify(src/testbot_ws/src/drivetrain) by extensions ['ros']
[2.020s] Level 1:colcon.colcon_core.package_identification:_identify(src/testbot_ws/src/drivetrain) by extension 'ros'
[2.035s] DEBUG:colcon.colcon_core.package_identification:Package 'src/testbot_ws/src/drivetrain' with type 'ros.ament_cmake' and name 'drivetrain'
[2.035s] Level 1:colcon.colcon_core.package_discovery:discover_packages(recursive) using defaults
[2.036s] Level 1:colcon.colcon_core.package_discovery:discover_packages(ignore) discover
[2.037s] Level 1:colcon.colcon_core.package_discovery:discover_packages(ignore) using defaults
[2.037s] Level 1:colcon.colcon_core.package_discovery:discover_packages(path) discover
[2.038s] Level 1:colcon.colcon_core.package_discovery:discover_packages(path) using defaults
[2.279s] Level 5:colcon.colcon_core.verb:set package 'drivetrain' build argument 'cmake_args' from command line to 'None'
[2.281s] Level 5:colcon.colcon_core.verb:set package 'drivetrain' build argument 'cmake_target' from command line to 'None'
[2.283s] Level 5:colcon.colcon_core.verb:set package 'drivetrain' build argument 'cmake_target_skip_unavailable' from command line to 'False'
[2.283s] Level 5:colcon.colcon_core.verb:set package 'drivetrain' build argument 'cmake_clean_cache' from command line to 'False'
[2.284s] Level 5:colcon.colcon_core.verb:set package 'drivetrain' build argument 'cmake_clean_first' from command line to 'False'
[2.284s] Level 5:colcon.colcon_core.verb:set package 'drivetrain' build argument 'cmake_force_configure' from command line to 'False'
[2.284s] Level 5:colcon.colcon_core.verb:set package 'drivetrain' build argument 'ament_cmake_args' from command line to 'None'
[2.285s] Level 5:colcon.colcon_core.verb:set package 'drivetrain' build argument 'catkin_cmake_args' from command line to 'None'
[2.285s] Level 5:colcon.colcon_core.verb:set package 'drivetrain' build argument 'catkin_skip_building_tests' from command line to 'False'
[2.285s] DEBUG:colcon.colcon_core.verb:Building package 'drivetrain' with the following arguments: {'ament_cmake_args': None, 'build_base': '/Testbot/build/drivetrain', 'catkin_cmake_args': None, 'catkin_skip_building_tests': False, 'cmake_args': None, 'cmake_clean_cache': False, 'cmake_clean_first': False, 'cmake_force_configure': False, 'cmake_target': None, 'cmake_target_skip_unavailable': False, 'install_base': '/Testbot/install/drivetrain', 'merge_install': False, 'path': '/Testbot/src/testbot_ws/src/drivetrain', 'symlink_install': False, 'test_result_base': None}
[2.288s] INFO:colcon.colcon_core.executor:Executing jobs using 'parallel' executor
[2.296s] DEBUG:colcon.colcon_parallel_executor.executor.parallel:run_until_complete
[2.300s] INFO:colcon.colcon_ros.task.ament_cmake.build:Building ROS package in '/Testbot/src/testbot_ws/src/drivetrain' with build type 'ament_cmake'
[2.305s] INFO:colcon.colcon_cmake.task.cmake.build:Building CMake package in '/Testbot/src/testbot_ws/src/drivetrain'
[2.337s] INFO:colcon.colcon_core.plugin_system:Skipping extension 'colcon_core.shell.bat': Not used on non-Windows systems
[2.340s] INFO:colcon.colcon_core.shell:Skip shell extension 'powershell' for command environment: Not usable outside of PowerShell
[2.342s] DEBUG:colcon.colcon_core.shell:Skip shell extension 'dsv' for command environment
[2.495s] DEBUG:colcon.colcon_core.event_handler.log_command:Invoking command in '/Testbot/build/drivetrain': CMAKE_PREFIX_PATH=${CMAKE_PREFIX_PATH}:/opt/ros/humble /usr/bin/cmake /Testbot/src/testbot_ws/src/drivetrain -DCMAKE_INSTALL_PREFIX=/Testbot/install/drivetrain
[5.007s] DEBUG:colcon.colcon_core.event_handler.log_command:Invoked command in '/Testbot/build/drivetrain' returned '0': CMAKE_PREFIX_PATH=${CMAKE_PREFIX_PATH}:/opt/ros/humble /usr/bin/cmake /Testbot/src/testbot_ws/src/drivetrain -DCMAKE_INSTALL_PREFIX=/Testbot/install/drivetrain
[5.023s] DEBUG:colcon.colcon_core.event_handler.log_command:Invoking command in '/Testbot/build/drivetrain': CMAKE_PREFIX_PATH=${CMAKE_PREFIX_PATH}:/opt/ros/humble /usr/bin/cmake --build /Testbot/build/drivetrain -- -j4 -l4
[5.369s] DEBUG:colcon.colcon_core.event_handler.log_command:Invoked command in '/Testbot/build/drivetrain' returned '0': CMAKE_PREFIX_PATH=${CMAKE_PREFIX_PATH}:/opt/ros/humble /usr/bin/cmake --build /Testbot/build/drivetrain -- -j4 -l4
[5.666s] DEBUG:colcon.colcon_core.event_handler.log_command:Invoking command in '/Testbot/build/drivetrain': CMAKE_PREFIX_PATH=${CMAKE_PREFIX_PATH}:/opt/ros/humble /usr/bin/cmake --install /Testbot/build/drivetrain
[5.830s] Level 1:colcon.colcon_core.environment:create_environment_scripts_only(drivetrain)
[5.839s] DEBUG:colcon.colcon_core.event_handler.log_command:Invoked command in '/Testbot/build/drivetrain' returned '0': CMAKE_PREFIX_PATH=${CMAKE_PREFIX_PATH}:/opt/ros/humble /usr/bin/cmake --install /Testbot/build/drivetrain
[5.877s] Level 1:colcon.colcon_core.environment:checking '/Testbot/install/drivetrain' for CMake module files
[5.882s] Level 1:colcon.colcon_core.environment:checking '/Testbot/install/drivetrain' for CMake config files
[5.885s] Level 1:colcon.colcon_core.shell:create_environment_hook('drivetrain', 'cmake_prefix_path')
[5.887s] INFO:colcon.colcon_core.shell:Creating environment hook '/Testbot/install/drivetrain/share/drivetrain/hook/cmake_prefix_path.ps1'
[5.893s] INFO:colcon.colcon_core.shell:Creating environment descriptor '/Testbot/install/drivetrain/share/drivetrain/hook/cmake_prefix_path.dsv'
[5.898s] INFO:colcon.colcon_core.shell:Creating environment hook '/Testbot/install/drivetrain/share/drivetrain/hook/cmake_prefix_path.sh'
[5.906s] Level 1:colcon.colcon_core.environment:checking '/Testbot/install/drivetrain/bin'
[5.907s] Level 1:colcon.colcon_core.environment:checking '/Testbot/install/drivetrain/lib/pkgconfig/drivetrain.pc'
[5.922s] Level 1:colcon.colcon_core.environment:checking '/Testbot/install/drivetrain/lib/python3.10/site-packages'
[5.924s] Level 1:colcon.colcon_core.environment:checking '/Testbot/install/drivetrain/bin'
[5.926s] INFO:colcon.colcon_core.shell:Creating package script '/Testbot/install/drivetrain/share/drivetrain/package.ps1'
[5.933s] INFO:colcon.colcon_core.shell:Creating package descriptor '/Testbot/install/drivetrain/share/drivetrain/package.dsv'
[5.940s] INFO:colcon.colcon_core.shell:Creating package script '/Testbot/install/drivetrain/share/drivetrain/package.sh'
[5.948s] INFO:colcon.colcon_core.shell:Creating package script '/Testbot/install/drivetrain/share/drivetrain/package.bash'
[5.954s] INFO:colcon.colcon_core.shell:Creating package script '/Testbot/install/drivetrain/share/drivetrain/package.zsh'
[5.961s] Level 1:colcon.colcon_core.environment:create_file_with_runtime_dependencies(/Testbot/install/drivetrain/share/colcon-core/packages/drivetrain)
[6.164s] Level 1:colcon.colcon_core.environment:create_environment_scripts_only(drivetrain)
[6.166s] Level 1:colcon.colcon_core.environment:checking '/Testbot/install/drivetrain' for CMake module files
[6.175s] Level 1:colcon.colcon_core.environment:checking '/Testbot/install/drivetrain' for CMake config files
[6.177s] Level 1:colcon.colcon_core.shell:create_environment_hook('drivetrain', 'cmake_prefix_path')
[6.179s] INFO:colcon.colcon_core.shell:Creating environment hook '/Testbot/install/drivetrain/share/drivetrain/hook/cmake_prefix_path.ps1'
[6.187s] INFO:colcon.colcon_core.shell:Creating environment descriptor '/Testbot/install/drivetrain/share/drivetrain/hook/cmake_prefix_path.dsv'
[6.193s] INFO:colcon.colcon_core.shell:Creating environment hook '/Testbot/install/drivetrain/share/drivetrain/hook/cmake_prefix_path.sh'
[6.200s] Level 1:colcon.colcon_core.environment:checking '/Testbot/install/drivetrain/bin'
[6.201s] Level 1:colcon.colcon_core.environment:checking '/Testbot/install/drivetrain/lib/pkgconfig/drivetrain.pc'
[6.203s] Level 1:colcon.colcon_core.environment:checking '/Testbot/install/drivetrain/lib/python3.10/site-packages'
[6.204s] Level 1:colcon.colcon_core.environment:checking '/Testbot/install/drivetrain/bin'
[6.209s] INFO:colcon.colcon_core.shell:Creating package script '/Testbot/install/drivetrain/share/drivetrain/package.ps1'
[6.214s] INFO:colcon.colcon_core.shell:Creating package descriptor '/Testbot/install/drivetrain/share/drivetrain/package.dsv'
[6.220s] INFO:colcon.colcon_core.shell:Creating package script '/Testbot/install/drivetrain/share/drivetrain/package.sh'
[6.224s] INFO:colcon.colcon_core.shell:Creating package script '/Testbot/install/drivetrain/share/drivetrain/package.bash'
[6.229s] INFO:colcon.colcon_core.shell:Creating package script '/Testbot/install/drivetrain/share/drivetrain/package.zsh'
[6.233s] Level 1:colcon.colcon_core.environment:create_file_with_runtime_dependencies(/Testbot/install/drivetrain/share/colcon-core/packages/drivetrain)
[6.241s] DEBUG:colcon.colcon_parallel_executor.executor.parallel:closing loop
[6.243s] DEBUG:colcon.colcon_parallel_executor.executor.parallel:loop closed
[6.244s] DEBUG:colcon.colcon_parallel_executor.executor.parallel:run_until_complete finished with '0'
[6.244s] DEBUG:colcon.colcon_core.event_reactor:joining thread
[6.320s] INFO:colcon.colcon_core.plugin_system:Skipping extension 'colcon_notification.desktop_notification.notify_send': Could not find 'notify-send'
[6.326s] INFO:colcon.colcon_core.plugin_system:Skipping extension 'colcon_notification.desktop_notification.terminal_notifier': Not used on non-Darwin systems
[6.327s] INFO:colcon.colcon_core.plugin_system:Skipping extension 'colcon_notification.desktop_notification.win32': Not used on non-Windows systems
[6.328s] INFO:colcon.colcon_notification.desktop_notification:Sending desktop notification using 'notify2'
[6.328s] DEBUG:colcon.colcon_notification.desktop_notification.notify2:Failed to initialize notify2: org.freedesktop.DBus.Error.NotSupported: Unable to autolaunch a dbus-daemon without a $DISPLAY for X11
[6.329s] DEBUG:colcon.colcon_core.event_reactor:joined thread
[6.331s] INFO:colcon.colcon_core.shell:Creating prefix script '/Testbot/install/local_setup.ps1'
[6.344s] INFO:colcon.colcon_core.shell:Creating prefix util module '/Testbot/install/_local_setup_util_ps1.py'
[6.358s] INFO:colcon.colcon_core.shell:Creating prefix chain script '/Testbot/install/setup.ps1'
[6.368s] INFO:colcon.colcon_core.shell:Creating prefix script '/Testbot/install/local_setup.sh'
[6.373s] INFO:colcon.colcon_core.shell:Creating prefix util module '/Testbot/install/_local_setup_util_sh.py'
[6.378s] INFO:colcon.colcon_core.shell:Creating prefix chain script '/Testbot/install/setup.sh'
[6.388s] INFO:colcon.colcon_core.shell:Creating prefix script '/Testbot/install/local_setup.bash'
[6.392s] INFO:colcon.colcon_core.shell:Creating prefix chain script '/Testbot/install/setup.bash'
[6.400s] INFO:colcon.colcon_core.shell:Creating prefix script '/Testbot/install/local_setup.zsh'
[6.404s] INFO:colcon.colcon_core.shell:Creating prefix chain script '/Testbot/install/setup.zsh'
