[0.087s] Invoking command in '/TestBotTeaching/build/drivetrain': CMAKE_PREFIX_PATH=/opt/ros/humble /usr/bin/cmake /TestBotTeaching/drivetrain -DCMAKE_INSTALL_PREFIX=/TestBotTeaching/install/drivetrain
[1.386s] -- The C compiler identification is GNU 11.4.0
[2.129s] -- The CXX compiler identification is GNU 11.4.0
[2.190s] -- Detecting C compiler ABI info
[2.649s] -- Detecting C compiler ABI info - done
[2.682s] -- Check for working C compiler: /usr/bin/cc - skipped
[2.685s] -- Detecting C compile features
[2.688s] -- Detecting C compile features - done
[2.706s] -- Detecting CXX compiler ABI info
[3.131s] -- Detecting CXX compiler ABI info - done
[3.163s] -- Check for working CXX compiler: /usr/bin/c++ - skipped
[3.165s] -- Detecting CXX compile features
[3.167s] -- Detecting CXX compile features - done
[3.211s] -- Found ament_cmake: 1.3.10 (/opt/ros/humble/share/ament_cmake/cmake)
[4.064s] -- Found Python3: /usr/bin/python3 (found version "3.10.12") found components: Interpreter 
[4.943s] -- Found rclcpp: 16.0.10 (/opt/ros/humble/share/rclcpp/cmake)
[5.483s] -- Found rosidl_generator_c: 3.1.5 (/opt/ros/humble/share/rosidl_generator_c/cmake)
[5.559s] -- Found rosidl_adapter: 3.1.5 (/opt/ros/humble/share/rosidl_adapter/cmake)
[5.714s] -- Found rosidl_generator_cpp: 3.1.5 (/opt/ros/humble/share/rosidl_generator_cpp/cmake)
[5.829s] -- Using all available rosidl_typesupport_c: rosidl_typesupport_fastrtps_c;rosidl_typesupport_introspection_c
[5.970s] -- Using all available rosidl_typesupport_cpp: rosidl_typesupport_fastrtps_cpp;rosidl_typesupport_introspection_cpp
[6.379s] -- Found rmw_implementation_cmake: 6.1.2 (/opt/ros/humble/share/rmw_implementation_cmake/cmake)
[6.411s] -- Found rmw_fastrtps_cpp: 6.2.7 (/opt/ros/humble/share/rmw_fastrtps_cpp/cmake)
[7.043s] -- Found OpenSSL: /usr/lib/aarch64-linux-gnu/libcrypto.so (found version "3.0.2")  
[7.173s] -- Found FastRTPS: /opt/ros/humble/include  
[7.387s] -- Using RMW implementation 'rmw_fastrtps_cpp' as default
[7.487s] -- Looking for pthread.h
[7.933s] -- Looking for pthread.h - found
[7.935s] -- Performing Test CMAKE_HAVE_LIBC_PTHREAD
[8.354s] -- Performing Test CMAKE_HAVE_LIBC_PTHREAD - Success
[8.359s] -- Found Threads: TRUE  
[8.826s] -- Found sensor_msgs: 4.2.4 (/opt/ros/humble/share/sensor_msgs/cmake)
[9.077s] -- Found ament_lint_auto: 0.12.11 (/opt/ros/humble/share/ament_lint_auto/cmake)
[9.587s] -- Added test 'cppcheck' to perform static code analysis on C / C++ code
[9.588s] -- Configured cppcheck include dirs: 
[9.588s] -- Configured cppcheck exclude dirs and/or files: 
[9.593s] -- Added test 'lint_cmake' to check CMake code style
[9.602s] -- Added test 'uncrustify' to check C / C++ code style
[9.603s] -- Configured uncrustify additional arguments: 
[9.606s] -- Added test 'xmllint' to check XML markup files
[9.616s] -- Configuring done
[9.700s] -- Generating done
[9.710s] -- Build files have been written to: /TestBotTeaching/build/drivetrain
[9.751s] Invoked command in '/TestBotTeaching/build/drivetrain' returned '0': CMAKE_PREFIX_PATH=/opt/ros/humble /usr/bin/cmake /TestBotTeaching/drivetrain -DCMAKE_INSTALL_PREFIX=/TestBotTeaching/install/drivetrain
[9.762s] Invoking command in '/TestBotTeaching/build/drivetrain': CMAKE_PREFIX_PATH=/opt/ros/humble /usr/bin/cmake --build /TestBotTeaching/build/drivetrain -- -j4 -l4
[10.015s] [ 33%] [32mBuilding CXX object CMakeFiles/drivetrainNode.dir/src/drivesub.cpp.o[0m
[10.021s] [ 66%] [32mBuilding CXX object CMakeFiles/drivetrainNode.dir/src/uart.cpp.o[0m
[11.694s] [01m[K/TestBotTeaching/drivetrain/src/uart.cpp:[m[K In constructor ‘[01m[KUart::Uart()[m[K’:
[11.695s] [01m[K/TestBotTeaching/drivetrain/src/uart.cpp:19:7:[m[K [01;35m[Kwarning: [m[Kunused variable ‘[01m[Kii[m[K’ [[01;35m[K-Wunused-variable[m[K]
[11.696s]    19 |   int [01;35m[Kii[m[K, jj, kk;
[11.696s]       |       [01;35m[K^~[m[K
[11.702s] [01m[K/TestBotTeaching/drivetrain/src/uart.cpp:19:11:[m[K [01;35m[Kwarning: [m[Kunused variable ‘[01m[Kjj[m[K’ [[01;35m[K-Wunused-variable[m[K]
[11.703s]    19 |   int ii, [01;35m[Kjj[m[K, kk;
[11.704s]       |           [01;35m[K^~[m[K
[11.705s] [01m[K/TestBotTeaching/drivetrain/src/uart.cpp:19:15:[m[K [01;35m[Kwarning: [m[Kunused variable ‘[01m[Kkk[m[K’ [[01;35m[K-Wunused-variable[m[K]
[11.705s]    19 |   int ii, jj, [01;35m[Kkk[m[K;
[11.706s]       |               [01;35m[K^~[m[K
[11.850s] [01m[K/TestBotTeaching/drivetrain/src/uart.cpp:[m[K In constructor ‘[01m[KUart::Uart()[m[K’:
[11.852s] [01m[K/TestBotTeaching/drivetrain/src/uart.cpp:25:12:[m[K [01;35m[Kwarning: [m[K‘[01m[K*this.Uart::fid[m[K’ is used uninitialized [[01;35m[K-Wuninitialized[m[K]
[11.852s]    25 |   [01;35m[Ktcgetattr(fid, &port_options)[m[K;        // Get the current attributes of the Serial port
[11.853s]       |   [01;35m[K~~~~~~~~~^~~~~~~~~~~~~~~~~~~~[m[K
[53.680s] [100%] [32m[1mLinking CXX executable drivetrainNode[0m
[56.536s] [100%] Built target drivetrainNode
[56.635s] Invoked command in '/TestBotTeaching/build/drivetrain' returned '0': CMAKE_PREFIX_PATH=/opt/ros/humble /usr/bin/cmake --build /TestBotTeaching/build/drivetrain -- -j4 -l4
[56.885s] Invoking command in '/TestBotTeaching/build/drivetrain': CMAKE_PREFIX_PATH=/opt/ros/humble /usr/bin/cmake --install /TestBotTeaching/build/drivetrain
[56.927s] -- Install configuration: ""
[56.938s] -- Installing: /TestBotTeaching/install/drivetrain/lib/drivetrain/drivetrainNode
[56.975s] -- Set runtime path of "/TestBotTeaching/install/drivetrain/lib/drivetrain/drivetrainNode" to ""
[56.976s] -- Installing: /TestBotTeaching/install/drivetrain/share/ament_index/resource_index/package_run_dependencies/drivetrain
[56.978s] -- Installing: /TestBotTeaching/install/drivetrain/share/ament_index/resource_index/parent_prefix_path/drivetrain
[56.981s] -- Up-to-date: /TestBotTeaching/install/drivetrain/share/drivetrain/environment/ament_prefix_path.sh
[56.981s] -- Installing: /TestBotTeaching/install/drivetrain/share/drivetrain/environment/ament_prefix_path.dsv
[56.983s] -- Up-to-date: /TestBotTeaching/install/drivetrain/share/drivetrain/environment/path.sh
[56.984s] -- Installing: /TestBotTeaching/install/drivetrain/share/drivetrain/environment/path.dsv
[56.986s] -- Installing: /TestBotTeaching/install/drivetrain/share/drivetrain/local_setup.bash
[56.993s] -- Installing: /TestBotTeaching/install/drivetrain/share/drivetrain/local_setup.sh
[56.996s] -- Installing: /TestBotTeaching/install/drivetrain/share/drivetrain/local_setup.zsh
[56.999s] -- Installing: /TestBotTeaching/install/drivetrain/share/drivetrain/local_setup.dsv
[57.002s] -- Installing: /TestBotTeaching/install/drivetrain/share/drivetrain/package.dsv
[57.004s] -- Installing: /TestBotTeaching/install/drivetrain/share/ament_index/resource_index/packages/drivetrain
[57.005s] -- Installing: /TestBotTeaching/install/drivetrain/share/drivetrain/cmake/drivetrainConfig.cmake
[57.008s] -- Installing: /TestBotTeaching/install/drivetrain/share/drivetrain/cmake/drivetrainConfig-version.cmake
[57.012s] -- Up-to-date: /TestBotTeaching/install/drivetrain/share/drivetrain/package.xml
[57.026s] Invoked command in '/TestBotTeaching/build/drivetrain' returned '0': CMAKE_PREFIX_PATH=/opt/ros/humble /usr/bin/cmake --install /TestBotTeaching/build/drivetrain
