[0.063s] Invoking command in '/TestBotTeaching/build/drivetrain': CMAKE_PREFIX_PATH=/opt/ros/humble /usr/bin/cmake --build /TestBotTeaching/build/drivetrain -- -j4 -l4
[0.115s] gmake: Warning: File 'Makefile' has modification time 1324 s in the future
[0.224s] gmake[1]: Warning: File 'CMakeFiles/Makefile2' has modification time 1324 s in the future
[0.244s] gmake[2]: Warning: File 'CMakeFiles/drivetrainNode.dir/flags.make' has modification time 1324 s in the future
[0.291s] [35m[1mConsolidate compiler generated dependencies of target drivetrainNode[0m
[0.341s] gmake[2]: warning:  Clock skew detected.  Your build may be incomplete.
[0.359s] gmake[2]: Warning: File 'CMakeFiles/drivetrainNode.dir/flags.make' has modification time 1324 s in the future
[0.383s] gmake[2]: warning:  Clock skew detected.  Your build may be incomplete.
[0.420s] [100%] Built target drivetrainNode
[0.423s] gmake[1]: warning:  Clock skew detected.  Your build may be incomplete.
[0.461s] gmake: warning:  Clock skew detected.  Your build may be incomplete.
[0.469s] Invoked command in '/TestBotTeaching/build/drivetrain' returned '0': CMAKE_PREFIX_PATH=/opt/ros/humble /usr/bin/cmake --build /TestBotTeaching/build/drivetrain -- -j4 -l4
[0.679s] Invoking command in '/TestBotTeaching/build/drivetrain': CMAKE_PREFIX_PATH=/opt/ros/humble /usr/bin/cmake --install /TestBotTeaching/build/drivetrain
[0.707s] -- Install configuration: ""
[0.709s] -- Up-to-date: /TestBotTeaching/install/drivetrain/lib/drivetrain/drivetrainNode
[0.711s] -- Up-to-date: /TestBotTeaching/install/drivetrain/share/ament_index/resource_index/package_run_dependencies/drivetrain
[0.711s] -- Up-to-date: /TestBotTeaching/install/drivetrain/share/ament_index/resource_index/parent_prefix_path/drivetrain
[0.712s] -- Up-to-date: /TestBotTeaching/install/drivetrain/share/drivetrain/environment/ament_prefix_path.sh
[0.712s] -- Up-to-date: /TestBotTeaching/install/drivetrain/share/drivetrain/environment/ament_prefix_path.dsv
[0.713s] -- Up-to-date: /TestBotTeaching/install/drivetrain/share/drivetrain/environment/path.sh
[0.714s] -- Up-to-date: /TestBotTeaching/install/drivetrain/share/drivetrain/environment/path.dsv
[0.715s] -- Up-to-date: /TestBotTeaching/install/drivetrain/share/drivetrain/local_setup.bash
[0.715s] -- Up-to-date: /TestBotTeaching/install/drivetrain/share/drivetrain/local_setup.sh
[0.716s] -- Up-to-date: /TestBotTeaching/install/drivetrain/share/drivetrain/local_setup.zsh
[0.716s] -- Up-to-date: /TestBotTeaching/install/drivetrain/share/drivetrain/local_setup.dsv
[0.717s] -- Installing: /TestBotTeaching/install/drivetrain/share/drivetrain/package.dsv
[0.717s] -- Up-to-date: /TestBotTeaching/install/drivetrain/share/ament_index/resource_index/packages/drivetrain
[0.718s] -- Up-to-date: /TestBotTeaching/install/drivetrain/share/drivetrain/cmake/drivetrainConfig.cmake
[0.718s] -- Up-to-date: /TestBotTeaching/install/drivetrain/share/drivetrain/cmake/drivetrainConfig-version.cmake
[0.719s] -- Up-to-date: /TestBotTeaching/install/drivetrain/share/drivetrain/package.xml
[0.725s] Invoked command in '/TestBotTeaching/build/drivetrain' returned '0': CMAKE_PREFIX_PATH=/opt/ros/humble /usr/bin/cmake --install /TestBotTeaching/build/drivetrain
