[0.071s] Invoking command in '/TestBotTeaching/build/drivetrain': CMAKE_PREFIX_PATH=/opt/ros/humble /usr/bin/cmake /TestBotTeaching/drivetrain -DCMAKE_INSTALL_PREFIX=/TestBotTeaching/install/drivetrain
[0.396s] -- The C compiler identification is GNU 11.4.0
[0.695s] -- The CXX compiler identification is GNU 11.4.0
[0.732s] -- Detecting C compiler ABI info
[1.224s] -- Detecting C compiler ABI info - done
[1.257s] -- Check for working C compiler: /usr/bin/cc - skipped
[1.258s] -- Detecting C compile features
[1.260s] -- Detecting C compile features - done
[1.276s] -- Detecting CXX compiler ABI info
[1.685s] -- Detecting CXX compiler ABI info - done
[1.716s] -- Check for working CXX compiler: /usr/bin/c++ - skipped
[1.718s] -- Detecting CXX compile features
[1.719s] -- Detecting CXX compile features - done
[1.745s] -- Found ament_cmake: 1.3.10 (/opt/ros/humble/share/ament_cmake/cmake)
[2.502s] -- Found Python3: /usr/bin/python3 (found version "3.10.12") found components: Interpreter 
[3.117s] -- Found rclcpp: 16.0.10 (/opt/ros/humble/share/rclcpp/cmake)
[3.510s] -- Found rosidl_generator_c: 3.1.5 (/opt/ros/humble/share/rosidl_generator_c/cmake)
[3.553s] -- Found rosidl_adapter: 3.1.5 (/opt/ros/humble/share/rosidl_adapter/cmake)
[3.617s] -- Found rosidl_generator_cpp: 3.1.5 (/opt/ros/humble/share/rosidl_generator_cpp/cmake)
[3.708s] -- Using all available rosidl_typesupport_c: rosidl_typesupport_fastrtps_c;rosidl_typesupport_introspection_c
[3.836s] -- Using all available rosidl_typesupport_cpp: rosidl_typesupport_fastrtps_cpp;rosidl_typesupport_introspection_cpp
[4.241s] -- Found rmw_implementation_cmake: 6.1.2 (/opt/ros/humble/share/rmw_implementation_cmake/cmake)
[4.263s] -- Found rmw_fastrtps_cpp: 6.2.7 (/opt/ros/humble/share/rmw_fastrtps_cpp/cmake)
[4.758s] -- Found OpenSSL: /usr/lib/aarch64-linux-gnu/libcrypto.so (found version "3.0.2")  
[4.881s] -- Found FastRTPS: /opt/ros/humble/include  
[5.098s] -- Using RMW implementation 'rmw_fastrtps_cpp' as default
[5.168s] -- Looking for pthread.h
[5.566s] -- Looking for pthread.h - found
[5.569s] -- Performing Test CMAKE_HAVE_LIBC_PTHREAD
[5.965s] -- Performing Test CMAKE_HAVE_LIBC_PTHREAD - Success
[5.971s] -- Found Threads: TRUE  
[6.283s] -- Found sensor_msgs: 4.2.4 (/opt/ros/humble/share/sensor_msgs/cmake)
[6.468s] -- Found ament_lint_auto: 0.12.11 (/opt/ros/humble/share/ament_lint_auto/cmake)
[6.979s] -- Added test 'cppcheck' to perform static code analysis on C / C++ code
[6.980s] -- Configured cppcheck include dirs: 
[6.980s] -- Configured cppcheck exclude dirs and/or files: 
[6.984s] -- Added test 'lint_cmake' to check CMake code style
[6.992s] -- Added test 'uncrustify' to check C / C++ code style
[6.992s] -- Configured uncrustify additional arguments: 
[6.995s] -- Added test 'xmllint' to check XML markup files
[7.006s] -- Configuring done
[7.083s] -- Generating done
[7.092s] -- Build files have been written to: /TestBotTeaching/build/drivetrain
[7.128s] Invoked command in '/TestBotTeaching/build/drivetrain' returned '0': CMAKE_PREFIX_PATH=/opt/ros/humble /usr/bin/cmake /TestBotTeaching/drivetrain -DCMAKE_INSTALL_PREFIX=/TestBotTeaching/install/drivetrain
[7.138s] Invoking command in '/TestBotTeaching/build/drivetrain': CMAKE_PREFIX_PATH=/opt/ros/humble /usr/bin/cmake --build /TestBotTeaching/build/drivetrain -- -j4 -l4
[7.408s] [ 33%] [32mBuilding CXX object CMakeFiles/drivetrainNode.dir/src/drivesub.cpp.o[0m
[7.411s] [ 66%] [32mBuilding CXX object CMakeFiles/drivetrainNode.dir/src/uart.cpp.o[0m
[8.878s] [01m[K/TestBotTeaching/drivetrain/src/uart.cpp:[m[K In constructor ‘[01m[KUart::Uart()[m[K’:
[8.879s] [01m[K/TestBotTeaching/drivetrain/src/uart.cpp:19:7:[m[K [01;35m[Kwarning: [m[Kunused variable ‘[01m[Kii[m[K’ [[01;35m[K-Wunused-variable[m[K]
[8.879s]    19 |   int [01;35m[Kii[m[K, jj, kk;
[8.880s]       |       [01;35m[K^~[m[K
[8.880s] [01m[K/TestBotTeaching/drivetrain/src/uart.cpp:19:11:[m[K [01;35m[Kwarning: [m[Kunused variable ‘[01m[Kjj[m[K’ [[01;35m[K-Wunused-variable[m[K]
[8.881s]    19 |   int ii, [01;35m[Kjj[m[K, kk;
[8.881s]       |           [01;35m[K^~[m[K
[8.882s] [01m[K/TestBotTeaching/drivetrain/src/uart.cpp:19:15:[m[K [01;35m[Kwarning: [m[Kunused variable ‘[01m[Kkk[m[K’ [[01;35m[K-Wunused-variable[m[K]
[8.883s]    19 |   int ii, jj, [01;35m[Kkk[m[K;
[8.883s]       |               [01;35m[K^~[m[K
[9.022s] [01m[K/TestBotTeaching/drivetrain/src/uart.cpp:[m[K In constructor ‘[01m[KUart::Uart()[m[K’:
[9.023s] [01m[K/TestBotTeaching/drivetrain/src/uart.cpp:25:12:[m[K [01;35m[Kwarning: [m[K‘[01m[K*this.Uart::fid[m[K’ is used uninitialized [[01;35m[K-Wuninitialized[m[K]
[9.024s]    25 |   [01;35m[Ktcgetattr(fid, &port_options)[m[K;        // Get the current attributes of the Serial port
[9.024s]       |   [01;35m[K~~~~~~~~~^~~~~~~~~~~~~~~~~~~~[m[K
[48.169s] [100%] [32m[1mLinking CXX executable drivetrainNode[0m
[50.730s] [100%] Built target drivetrainNode
[50.788s] Invoked command in '/TestBotTeaching/build/drivetrain' returned '0': CMAKE_PREFIX_PATH=/opt/ros/humble /usr/bin/cmake --build /TestBotTeaching/build/drivetrain -- -j4 -l4
[51.001s] Invoking command in '/TestBotTeaching/build/drivetrain': CMAKE_PREFIX_PATH=/opt/ros/humble /usr/bin/cmake --install /TestBotTeaching/build/drivetrain
[51.033s] -- Install configuration: ""
[51.035s] -- Installing: /TestBotTeaching/install/drivetrain/lib/drivetrain/drivetrainNode
[51.067s] -- Set runtime path of "/TestBotTeaching/install/drivetrain/lib/drivetrain/drivetrainNode" to ""
[51.068s] -- Installing: /TestBotTeaching/install/drivetrain/share/ament_index/resource_index/package_run_dependencies/drivetrain
[51.071s] -- Installing: /TestBotTeaching/install/drivetrain/share/ament_index/resource_index/parent_prefix_path/drivetrain
[51.073s] -- Installing: /TestBotTeaching/install/drivetrain/share/drivetrain/environment/ament_prefix_path.sh
[51.075s] -- Installing: /TestBotTeaching/install/drivetrain/share/drivetrain/environment/ament_prefix_path.dsv
[51.077s] -- Installing: /TestBotTeaching/install/drivetrain/share/drivetrain/environment/path.sh
[51.079s] -- Installing: /TestBotTeaching/install/drivetrain/share/drivetrain/environment/path.dsv
[51.081s] -- Installing: /TestBotTeaching/install/drivetrain/share/drivetrain/local_setup.bash
[51.083s] -- Installing: /TestBotTeaching/install/drivetrain/share/drivetrain/local_setup.sh
[51.085s] -- Installing: /TestBotTeaching/install/drivetrain/share/drivetrain/local_setup.zsh
[51.087s] -- Installing: /TestBotTeaching/install/drivetrain/share/drivetrain/local_setup.dsv
[51.089s] -- Installing: /TestBotTeaching/install/drivetrain/share/drivetrain/package.dsv
[51.092s] -- Installing: /TestBotTeaching/install/drivetrain/share/ament_index/resource_index/packages/drivetrain
[51.093s] -- Installing: /TestBotTeaching/install/drivetrain/share/drivetrain/cmake/drivetrainConfig.cmake
[51.095s] -- Installing: /TestBotTeaching/install/drivetrain/share/drivetrain/cmake/drivetrainConfig-version.cmake
[51.097s] -- Installing: /TestBotTeaching/install/drivetrain/share/drivetrain/package.xml
[51.106s] Invoked command in '/TestBotTeaching/build/drivetrain' returned '0': CMAKE_PREFIX_PATH=/opt/ros/humble /usr/bin/cmake --install /TestBotTeaching/build/drivetrain
