[0.112s] Invoking command in '/TestBotTeaching/build/drivetrain': CMAKE_PREFIX_PATH=/opt/ros/humble /usr/bin/cmake /TestBotTeaching/drivetrain -DCMAKE_INSTALL_PREFIX=/TestBotTeaching/install/drivetrain
[0.645s] -- The C compiler identification is GNU 11.4.0
[1.276s] -- The CXX compiler identification is GNU 11.4.0
[1.361s] -- Detecting C compiler ABI info
[2.025s] -- Detecting C compiler ABI info - done
[2.076s] -- Check for working C compiler: /usr/bin/cc - skipped
[2.080s] -- Detecting C compile features
[2.082s] -- Detecting C compile features - done
[2.110s] -- Detecting CXX compiler ABI info
[2.831s] -- Detecting CXX compiler ABI info - done
[2.874s] -- Check for working CXX compiler: /usr/bin/c++ - skipped
[2.876s] -- Detecting CXX compile features
[2.881s] -- Detecting CXX compile features - done
[2.933s] -- Found ament_cmake: 1.3.10 (/opt/ros/humble/share/ament_cmake/cmake)
[4.243s] -- Found Python3: /usr/bin/python3 (found version "3.10.12") found components: Interpreter 
[5.388s] -- Found rclcpp: 16.0.10 (/opt/ros/humble/share/rclcpp/cmake)
[5.966s] -- Found rosidl_generator_c: 3.1.5 (/opt/ros/humble/share/rosidl_generator_c/cmake)
[6.039s] -- Found rosidl_adapter: 3.1.5 (/opt/ros/humble/share/rosidl_adapter/cmake)
[6.158s] -- Found rosidl_generator_cpp: 3.1.5 (/opt/ros/humble/share/rosidl_generator_cpp/cmake)
[6.323s] -- Using all available rosidl_typesupport_c: rosidl_typesupport_fastrtps_c;rosidl_typesupport_introspection_c
[6.530s] -- Using all available rosidl_typesupport_cpp: rosidl_typesupport_fastrtps_cpp;rosidl_typesupport_introspection_cpp
[7.036s] -- Found rmw_implementation_cmake: 6.1.2 (/opt/ros/humble/share/rmw_implementation_cmake/cmake)
[7.075s] -- Found rmw_fastrtps_cpp: 6.2.7 (/opt/ros/humble/share/rmw_fastrtps_cpp/cmake)
[7.886s] -- Found OpenSSL: /usr/lib/aarch64-linux-gnu/libcrypto.so (found version "3.0.2")  
[8.016s] -- Found FastRTPS: /opt/ros/humble/include  
[8.237s] -- Using RMW implementation 'rmw_fastrtps_cpp' as default
[8.324s] -- Looking for pthread.h
[8.857s] -- Looking for pthread.h - found
[8.861s] -- Performing Test CMAKE_HAVE_LIBC_PTHREAD
[9.583s] -- Performing Test CMAKE_HAVE_LIBC_PTHREAD - Success
[9.596s] -- Found Threads: TRUE  
[10.172s] -- Found sensor_msgs: 4.2.4 (/opt/ros/humble/share/sensor_msgs/cmake)
[10.571s] -- Found ament_lint_auto: 0.12.11 (/opt/ros/humble/share/ament_lint_auto/cmake)
[11.615s] -- Added test 'cppcheck' to perform static code analysis on C / C++ code
[11.616s] -- Configured cppcheck include dirs: 
[11.617s] -- Configured cppcheck exclude dirs and/or files: 
[11.629s] -- Added test 'lint_cmake' to check CMake code style
[11.647s] -- Added test 'uncrustify' to check C / C++ code style
[11.648s] -- Configured uncrustify additional arguments: 
[11.658s] -- Added test 'xmllint' to check XML markup files
[11.672s] -- Configuring done
[11.783s] -- Generating done
[11.797s] -- Build files have been written to: /TestBotTeaching/build/drivetrain
[11.853s] Invoked command in '/TestBotTeaching/build/drivetrain' returned '0': CMAKE_PREFIX_PATH=/opt/ros/humble /usr/bin/cmake /TestBotTeaching/drivetrain -DCMAKE_INSTALL_PREFIX=/TestBotTeaching/install/drivetrain
[11.868s] Invoking command in '/TestBotTeaching/build/drivetrain': CMAKE_PREFIX_PATH=/opt/ros/humble /usr/bin/cmake --build /TestBotTeaching/build/drivetrain -- -j4 -l4
[12.287s] [ 33%] [32mBuilding CXX object CMakeFiles/drivetrainNode.dir/src/drivesub.cpp.o[0m
[12.295s] [ 66%] [32mBuilding CXX object CMakeFiles/drivetrainNode.dir/src/uart.cpp.o[0m
[14.476s] [01m[K/TestBotTeaching/drivetrain/src/uart.cpp:[m[K In constructor ‘[01m[KUart::Uart()[m[K’:
[14.483s] [01m[K/TestBotTeaching/drivetrain/src/uart.cpp:19:7:[m[K [01;35m[Kwarning: [m[Kunused variable ‘[01m[Kii[m[K’ [[01;35m[K-Wunused-variable[m[K]
[14.484s]    19 |   int [01;35m[Kii[m[K, jj, kk;
[14.486s]       |       [01;35m[K^~[m[K
[14.488s] [01m[K/TestBotTeaching/drivetrain/src/uart.cpp:19:11:[m[K [01;35m[Kwarning: [m[Kunused variable ‘[01m[Kjj[m[K’ [[01;35m[K-Wunused-variable[m[K]
[14.489s]    19 |   int ii, [01;35m[Kjj[m[K, kk;
[14.492s]       |           [01;35m[K^~[m[K
[14.494s] [01m[K/TestBotTeaching/drivetrain/src/uart.cpp:19:15:[m[K [01;35m[Kwarning: [m[Kunused variable ‘[01m[Kkk[m[K’ [[01;35m[K-Wunused-variable[m[K]
[14.495s]    19 |   int ii, jj, [01;35m[Kkk[m[K;
[14.496s]       |               [01;35m[K^~[m[K
[14.781s] [01m[K/TestBotTeaching/drivetrain/src/uart.cpp:[m[K In constructor ‘[01m[KUart::Uart()[m[K’:
[14.782s] [01m[K/TestBotTeaching/drivetrain/src/uart.cpp:25:12:[m[K [01;35m[Kwarning: [m[K‘[01m[K*this.Uart::fid[m[K’ is used uninitialized [[01;35m[K-Wuninitialized[m[K]
[14.783s]    25 |   [01;35m[Ktcgetattr(fid, &port_options)[m[K;        // Get the current attributes of the Serial port
[14.784s]       |   [01;35m[K~~~~~~~~~^~~~~~~~~~~~~~~~~~~~[m[K
[55.991s] [100%] [32m[1mLinking CXX executable drivetrainNode[0m
[59.503s] [100%] Built target drivetrainNode
[59.559s] Invoked command in '/TestBotTeaching/build/drivetrain' returned '0': CMAKE_PREFIX_PATH=/opt/ros/humble /usr/bin/cmake --build /TestBotTeaching/build/drivetrain -- -j4 -l4
[59.769s] Invoking command in '/TestBotTeaching/build/drivetrain': CMAKE_PREFIX_PATH=/opt/ros/humble /usr/bin/cmake --install /TestBotTeaching/build/drivetrain
[59.801s] -- Install configuration: ""
[59.803s] -- Installing: /TestBotTeaching/install/drivetrain/lib/drivetrain/drivetrainNode
[59.848s] -- Set runtime path of "/TestBotTeaching/install/drivetrain/lib/drivetrain/drivetrainNode" to ""
[59.849s] -- Installing: /TestBotTeaching/install/drivetrain/share/ament_index/resource_index/package_run_dependencies/drivetrain
[59.855s] -- Installing: /TestBotTeaching/install/drivetrain/share/ament_index/resource_index/parent_prefix_path/drivetrain
[59.857s] -- Up-to-date: /TestBotTeaching/install/drivetrain/share/drivetrain/environment/ament_prefix_path.sh
[59.858s] -- Installing: /TestBotTeaching/install/drivetrain/share/drivetrain/environment/ament_prefix_path.dsv
[59.860s] -- Up-to-date: /TestBotTeaching/install/drivetrain/share/drivetrain/environment/path.sh
[59.861s] -- Installing: /TestBotTeaching/install/drivetrain/share/drivetrain/environment/path.dsv
[59.867s] -- Installing: /TestBotTeaching/install/drivetrain/share/drivetrain/local_setup.bash
[59.878s] -- Installing: /TestBotTeaching/install/drivetrain/share/drivetrain/local_setup.sh
[59.884s] -- Installing: /TestBotTeaching/install/drivetrain/share/drivetrain/local_setup.zsh
[59.885s] -- Installing: /TestBotTeaching/install/drivetrain/share/drivetrain/local_setup.dsv
[59.890s] -- Installing: /TestBotTeaching/install/drivetrain/share/drivetrain/package.dsv
[59.891s] -- Installing: /TestBotTeaching/install/drivetrain/share/ament_index/resource_index/packages/drivetrain
[59.893s] -- Installing: /TestBotTeaching/install/drivetrain/share/drivetrain/cmake/drivetrainConfig.cmake
[59.895s] -- Installing: /TestBotTeaching/install/drivetrain/share/drivetrain/cmake/drivetrainConfig-version.cmake
[59.898s] -- Up-to-date: /TestBotTeaching/install/drivetrain/share/drivetrain/package.xml
[59.913s] Invoked command in '/TestBotTeaching/build/drivetrain' returned '0': CMAKE_PREFIX_PATH=/opt/ros/humble /usr/bin/cmake --install /TestBotTeaching/build/drivetrain
