[0.028s] Invoking command in '/workspaces/TestBotTeaching/build/drivetrain': CMAKE_PREFIX_PATH=/opt/ros/humble /usr/bin/cmake /workspaces/TestBotTeaching/drivetrain -DCMAKE_INSTALL_PREFIX=/workspaces/TestBotTeaching/install/drivetrain
[0.239s] -- The C compiler identification is GNU 11.4.0
[0.389s] -- The CXX compiler identification is GNU 11.4.0
[0.408s] -- Detecting C compiler ABI info
[0.509s] -- Detecting C compiler ABI info - done
[0.520s] -- Check for working C compiler: /usr/bin/cc - skipped
[0.522s] -- Detecting C compile features
[0.524s] -- Detecting C compile features - done
[0.531s] -- Detecting CXX compiler ABI info
[0.643s] -- Detecting CXX compiler ABI info - done
[0.653s] -- Check for working CXX compiler: /usr/bin/c++ - skipped
[0.653s] -- Detecting CXX compile features
[0.654s] -- Detecting CXX compile features - done
[0.661s] -- Found ament_cmake: 1.3.10 (/opt/ros/humble/share/ament_cmake/cmake)
[0.894s] -- Found Python3: /usr/bin/python3 (found version "3.10.12") found components: Interpreter 
[1.081s] -- Found rclcpp: 16.0.10 (/opt/ros/humble/share/rclcpp/cmake)
[1.179s] -- Found rosidl_generator_c: 3.1.5 (/opt/ros/humble/share/rosidl_generator_c/cmake)
[1.191s] -- Found rosidl_adapter: 3.1.5 (/opt/ros/humble/share/rosidl_adapter/cmake)
[1.216s] -- Found rosidl_generator_cpp: 3.1.5 (/opt/ros/humble/share/rosidl_generator_cpp/cmake)
[1.246s] -- Using all available rosidl_typesupport_c: rosidl_typesupport_fastrtps_c;rosidl_typesupport_introspection_c
[1.282s] -- Using all available rosidl_typesupport_cpp: rosidl_typesupport_fastrtps_cpp;rosidl_typesupport_introspection_cpp
[1.382s] -- Found rmw_implementation_cmake: 6.1.2 (/opt/ros/humble/share/rmw_implementation_cmake/cmake)
[1.388s] -- Found rmw_fastrtps_cpp: 6.2.7 (/opt/ros/humble/share/rmw_fastrtps_cpp/cmake)
[1.540s] -- Found OpenSSL: /usr/lib/x86_64-linux-gnu/libcrypto.so (found version "3.0.2")  
[1.575s] -- Found FastRTPS: /opt/ros/humble/include  
[1.630s] -- Using RMW implementation 'rmw_fastrtps_cpp' as default
[1.653s] -- Looking for pthread.h
[1.773s] -- Looking for pthread.h - found
[1.774s] -- Performing Test CMAKE_HAVE_LIBC_PTHREAD
[1.870s] -- Performing Test CMAKE_HAVE_LIBC_PTHREAD - Success
[1.871s] -- Found Threads: TRUE  
[1.989s] -- Found sensor_msgs: 4.2.4 (/opt/ros/humble/share/sensor_msgs/cmake)
[2.058s] -- Found ament_lint_auto: 0.12.11 (/opt/ros/humble/share/ament_lint_auto/cmake)
[2.186s] -- Added test 'cppcheck' to perform static code analysis on C / C++ code
[2.186s] -- Configured cppcheck include dirs: 
[2.186s] -- Configured cppcheck exclude dirs and/or files: 
[2.188s] -- Added test 'lint_cmake' to check CMake code style
[2.190s] -- Added test 'uncrustify' to check C / C++ code style
[2.190s] -- Configured uncrustify additional arguments: 
[2.191s] -- Added test 'xmllint' to check XML markup files
[2.195s] -- Configuring done
[2.198s] [31mCMake Error at CMakeLists.txt:16 (add_executable):
[2.199s]   Cannot find source file:
[2.199s] 
[2.199s]     /TestBotTeaching/drivetrain/src/drivesub.cpp
[2.199s] 
[2.199s]   Tried extensions .c .C .c++ .cc .cpp .cxx .cu .mpp .m .M .mm .ixx .cppm .h
[2.199s]   .hh .h++ .hm .hpp .hxx .in .txx .f .F .for .f77 .f90 .f95 .f03 .hip .ispc
[2.199s] 
[2.199s] [0m
[2.200s] [31mCMake Error at CMakeLists.txt:16 (add_executable):
[2.201s]   No SOURCES given to target: drivetrainNode
[2.201s] 
[2.201s] [0m
[2.201s] [0mCMake Generate step failed.  Build files cannot be regenerated correctly.[0m
[2.213s] Invoked command in '/workspaces/TestBotTeaching/build/drivetrain' returned '1': CMAKE_PREFIX_PATH=/opt/ros/humble /usr/bin/cmake /workspaces/TestBotTeaching/drivetrain -DCMAKE_INSTALL_PREFIX=/workspaces/TestBotTeaching/install/drivetrain
