[0.000000] (-) TimerEvent: {}
[0.002302] (drivetrain) JobQueued: {'identifier': 'drivetrain', 'dependencies': OrderedDict()}
[0.004482] (pythonDriving) JobQueued: {'identifier': 'pythonDriving', 'dependencies': OrderedDict()}
[0.005489] (drivetrain) JobStarted: {'identifier': 'drivetrain'}
[0.070025] (pythonDriving) JobStarted: {'identifier': 'pythonDriving'}
[0.098432] (-) TimerEvent: {}
[0.159538] (drivetrain) JobProgress: {'identifier': 'drivetrain', 'progress': 'cmake'}
[0.176241] (drivetrain) Command: {'cmd': ['/usr/bin/cmake', '/home/astrobotics/TestBotTeaching/drivetrain', '-DCMAKE_INSTALL_PREFIX=/home/astrobotics/TestBotTeaching/install/drivetrain'], 'cwd': '/home/astrobotics/TestBotTeaching/build/drivetrain', 'env': OrderedDict([('USER', 'astrobotics'), ('XDG_SESSION_TYPE', 'wayland'), ('SHLVL', '1'), ('LD_LIBRARY_PATH', '/opt/ros/humble/opt/rviz_ogre_vendor/lib:/opt/ros/humble/lib/aarch64-linux-gnu:/opt/ros/humble/lib'), ('HOME', '/home/astrobotics'), ('OLDPWD', '/home/astrobotics'), ('DESKTOP_SESSION', 'ubuntu'), ('ROS_PYTHON_VERSION', '3'), ('GNOME_SHELL_SESSION_MODE', 'ubuntu'), ('GTK_MODULES', 'gail:atk-bridge'), ('SYSTEMD_EXEC_PID', '10731'), ('DBUS_SESSION_BUS_ADDRESS', 'unix:path=/run/user/1000/bus'), ('COLORTERM', 'truecolor'), ('IM_CONFIG_PHASE', '1'), ('WAYLAND_DISPLAY', 'wayland-0'), ('ROS_DISTRO', 'humble'), ('LOGNAME', 'astrobotics'), ('_', '/usr/bin/colcon'), ('ROS_VERSION', '2'), ('XDG_SESSION_CLASS', 'user'), ('USERNAME', 'astrobotics'), ('TERM', 'xterm-256color'), ('GNOME_DESKTOP_SESSION_ID', 'this-is-deprecated'), ('ROS_LOCALHOST_ONLY', '0'), ('PATH', '/opt/ros/humble/bin:/usr/local/sbin:/usr/local/bin:/usr/sbin:/usr/bin:/sbin:/bin:/usr/games:/usr/local/games:/snap/bin:/snap/bin'), ('SESSION_MANAGER', 'local/astrobotics-desktop:@/tmp/.ICE-unix/10501,unix/astrobotics-desktop:/tmp/.ICE-unix/10501'), ('XDG_MENU_PREFIX', 'gnome-'), ('GNOME_TERMINAL_SCREEN', '/org/gnome/Terminal/screen/6e081162_8e4a_493b_835b_06af80c79e83'), ('GNOME_SETUP_DISPLAY', ':1'), ('XDG_RUNTIME_DIR', '/run/user/1000'), ('DISPLAY', ':0'), ('LANG', 'en_US.UTF-8'), ('XDG_CURRENT_DESKTOP', 'ubuntu:GNOME'), ('XMODIFIERS', '@im=ibus'), ('XDG_SESSION_DESKTOP', 'ubuntu'), ('XAUTHORITY', '/run/user/1000/.mutter-Xwaylandauth.NFW1V2'), ('GNOME_TERMINAL_SERVICE', ':1.103'), ('SSH_AGENT_LAUNCHER', 'gnome-keyring'), ('SSH_AUTH_SOCK', '/run/user/1000/keyring/ssh'), ('AMENT_PREFIX_PATH', '/opt/ros/humble'), ('SHELL', '/bin/bash'), ('QT_ACCESSIBILITY', '1'), ('GDMSESSION', 'ubuntu'), ('QT_IM_MODULE', 'ibus'), ('PWD', '/home/astrobotics/TestBotTeaching/build/drivetrain'), ('LC_ALL', 'en_US.UTF-8'), ('XDG_CONFIG_DIRS', '/etc/xdg/xdg-ubuntu:/etc/xdg'), ('XDG_DATA_DIRS', '/usr/share/ubuntu:/usr/local/share/:/usr/share/:/var/lib/snapd/desktop'), ('PYTHONPATH', '/opt/ros/humble/lib/python3.10/site-packages:/opt/ros/humble/local/lib/python3.10/dist-packages'), ('COLCON', '1'), ('VTE_VERSION', '6800'), ('CMAKE_PREFIX_PATH', '/opt/ros/humble')]), 'shell': False}
[0.205206] (-) TimerEvent: {}
[0.318198] (-) TimerEvent: {}
[0.419698] (-) TimerEvent: {}
[0.521766] (-) TimerEvent: {}
[0.624850] (-) TimerEvent: {}
[0.727806] (-) TimerEvent: {}
[0.828795] (-) TimerEvent: {}
[0.831518] (drivetrain) StderrLine: {'line': b'\x1b[0mCMake Error: The current CMakeCache.txt directory /home/astrobotics/TestBotTeaching/build/drivetrain/CMakeCache.txt is different than the directory /TestBotTeaching/build/drivetrain where CMakeCache.txt was created. This may result in binaries being created in the wrong place. If you are not sure, reedit the CMakeCache.txt\x1b[0m\n'}
[0.838810] (drivetrain) StderrLine: {'line': b'\x1b[0mCMake Error: The source "/home/astrobotics/TestBotTeaching/drivetrain/CMakeLists.txt" does not match the source "/TestBotTeaching/drivetrain/CMakeLists.txt" used to generate cache.  Re-run cmake with a different source directory.\x1b[0m\n'}
[0.929081] (-) TimerEvent: {}
[1.031527] (-) TimerEvent: {}
[1.132654] (-) TimerEvent: {}
[1.233620] (-) TimerEvent: {}
[1.334531] (-) TimerEvent: {}
[1.435457] (-) TimerEvent: {}
[1.536764] (-) TimerEvent: {}
[1.638256] (-) TimerEvent: {}
[1.740044] (-) TimerEvent: {}
[1.841251] (-) TimerEvent: {}
[1.942658] (-) TimerEvent: {}
[2.044806] (-) TimerEvent: {}
[2.148605] (-) TimerEvent: {}
[2.249719] (-) TimerEvent: {}
[2.350631] (-) TimerEvent: {}
[2.451760] (-) TimerEvent: {}
[2.553506] (-) TimerEvent: {}
[2.655756] (-) TimerEvent: {}
[2.717117] (drivetrain) CommandEnded: {'returncode': 1}
[2.756279] (-) TimerEvent: {}
[2.860982] (-) TimerEvent: {}
[2.965159] (-) TimerEvent: {}
[3.068183] (-) TimerEvent: {}
[3.108640] (drivetrain) JobEnded: {'identifier': 'drivetrain', 'rc': 1}
[3.168403] (-) TimerEvent: {}
[3.269817] (-) TimerEvent: {}
[3.371053] (-) TimerEvent: {}
[3.472746] (-) TimerEvent: {}
[3.573602] (-) TimerEvent: {}
[3.675060] (-) TimerEvent: {}
[3.776737] (-) TimerEvent: {}
[3.877512] (-) TimerEvent: {}
[3.978308] (-) TimerEvent: {}
[4.079176] (-) TimerEvent: {}
[4.180062] (-) TimerEvent: {}
[4.281214] (-) TimerEvent: {}
[4.382537] (-) TimerEvent: {}
[4.483554] (-) TimerEvent: {}
[4.585224] (-) TimerEvent: {}
[4.686461] (-) TimerEvent: {}
[4.788826] (-) TimerEvent: {}
[4.890075] (-) TimerEvent: {}
[4.991547] (-) TimerEvent: {}
[5.092945] (-) TimerEvent: {}
[5.194846] (-) TimerEvent: {}
[5.295667] (-) TimerEvent: {}
[5.396527] (-) TimerEvent: {}
[5.498805] (-) TimerEvent: {}
[5.600875] (-) TimerEvent: {}
[5.631936] (pythonDriving) JobEnded: {'identifier': 'pythonDriving', 'rc': 'SIGINT'}
[5.647401] (-) EventReactorShutdown: {}
