[2.188s] DEBUG:colcon:Command line arguments: ['/usr/bin/colcon', 'build']
[2.189s] DEBUG:colcon:Parsed command line arguments: Namespace(log_base=None, log_level=None, verb_name='build', build_base='build', install_base='install', merge_install=False, symlink_install=False, test_result_base=None, continue_on_error=False, executor='parallel', parallel_workers=4, event_handlers=None, ignore_user_meta=False, metas=['./colcon.meta'], base_paths=['.'], packages_ignore=None, packages_ignore_regex=None, paths=None, packages_up_to=None, packages_up_to_regex=None, packages_above=None, packages_above_and_dependencies=None, packages_above_depth=None, packages_select_by_dep=None, packages_skip_by_dep=None, packages_skip_up_to=None, packages_select_build_failed=False, packages_skip_build_finished=False, packages_select_test_failures=False, packages_skip_test_passed=False, packages_select=None, packages_skip=None, packages_select_regex=None, packages_skip_regex=None, packages_start=None, packages_end=None, allow_overriding=[], cmake_args=None, cmake_target=None, cmake_target_skip_unavailable=False, cmake_clean_cache=False, cmake_clean_first=False, cmake_force_configure=False, ament_cmake_args=None, catkin_cmake_args=None, catkin_skip_building_tests=False, mixin_files=None, mixin=None, verb_parser=<colcon_mixin.mixin.mixin_argument.MixinArgumentDecorator object at 0xffffaa2c1ae0>, verb_extension=<colcon_core.verb.build.BuildVerb object at 0xffffaa3de230>, main=<bound method BuildVerb.main of <colcon_core.verb.build.BuildVerb object at 0xffffaa3de230>>, mixin_verb=('build',))
[5.665s] Level 1:colcon.colcon_core.package_discovery:discover_packages(colcon_meta) check parameters
[5.666s] Level 1:colcon.colcon_core.package_discovery:discover_packages(recursive) check parameters
[5.666s] Level 1:colcon.colcon_core.package_discovery:discover_packages(ignore) check parameters
[5.667s] Level 1:colcon.colcon_core.package_discovery:discover_packages(path) check parameters
[5.668s] Level 1:colcon.colcon_core.package_discovery:discover_packages(colcon_meta) discover
[5.668s] Level 1:colcon.colcon_core.package_discovery:discover_packages(recursive) discover
[5.669s] INFO:colcon.colcon_core.package_discovery:Crawling recursively for packages in '/home/astrobotics/TestBotTeaching'
[5.670s] Level 1:colcon.colcon_core.package_identification:_identify(.) by extensions ['ignore', 'ignore_ament_install']
[5.673s] Level 1:colcon.colcon_core.package_identification:_identify(.) by extension 'ignore'
[5.674s] Level 1:colcon.colcon_core.package_identification:_identify(.) by extension 'ignore_ament_install'
[5.675s] Level 1:colcon.colcon_core.package_identification:_identify(.) by extensions ['colcon_pkg']
[5.675s] Level 1:colcon.colcon_core.package_identification:_identify(.) by extension 'colcon_pkg'
[5.675s] Level 1:colcon.colcon_core.package_identification:_identify(.) by extensions ['colcon_meta']
[5.675s] Level 1:colcon.colcon_core.package_identification:_identify(.) by extension 'colcon_meta'
[5.675s] Level 1:colcon.colcon_core.package_identification:_identify(.) by extensions ['ros']
[5.676s] Level 1:colcon.colcon_core.package_identification:_identify(.) by extension 'ros'
[5.783s] Level 1:colcon.colcon_core.package_identification:_identify(.) by extensions ['cmake', 'python']
[5.783s] Level 1:colcon.colcon_core.package_identification:_identify(.) by extension 'cmake'
[5.783s] Level 1:colcon.colcon_core.package_identification:_identify(.) by extension 'python'
[5.784s] Level 1:colcon.colcon_core.package_identification:_identify(.) by extensions ['python_setup_py']
[5.785s] Level 1:colcon.colcon_core.package_identification:_identify(.) by extension 'python_setup_py'
[5.786s] Level 1:colcon.colcon_core.package_identification:_identify(build) by extensions ['ignore', 'ignore_ament_install']
[5.786s] Level 1:colcon.colcon_core.package_identification:_identify(build) by extension 'ignore'
[5.787s] Level 1:colcon.colcon_core.package_identification:_identify(build) ignored
[5.788s] Level 1:colcon.colcon_core.package_identification:_identify(drivetrain) by extensions ['ignore', 'ignore_ament_install']
[5.789s] Level 1:colcon.colcon_core.package_identification:_identify(drivetrain) by extension 'ignore'
[5.789s] Level 1:colcon.colcon_core.package_identification:_identify(drivetrain) by extension 'ignore_ament_install'
[5.790s] Level 1:colcon.colcon_core.package_identification:_identify(drivetrain) by extensions ['colcon_pkg']
[5.790s] Level 1:colcon.colcon_core.package_identification:_identify(drivetrain) by extension 'colcon_pkg'
[5.790s] Level 1:colcon.colcon_core.package_identification:_identify(drivetrain) by extensions ['colcon_meta']
[5.790s] Level 1:colcon.colcon_core.package_identification:_identify(drivetrain) by extension 'colcon_meta'
[5.791s] Level 1:colcon.colcon_core.package_identification:_identify(drivetrain) by extensions ['ros']
[5.791s] Level 1:colcon.colcon_core.package_identification:_identify(drivetrain) by extension 'ros'
[5.807s] DEBUG:colcon.colcon_core.package_identification:Package 'drivetrain' with type 'ros.ament_cmake' and name 'drivetrain'
[5.809s] Level 1:colcon.colcon_core.package_identification:_identify(install) by extensions ['ignore', 'ignore_ament_install']
[5.809s] Level 1:colcon.colcon_core.package_identification:_identify(install) by extension 'ignore'
[5.809s] Level 1:colcon.colcon_core.package_identification:_identify(install) ignored
[5.812s] Level 1:colcon.colcon_core.package_identification:_identify(log) by extensions ['ignore', 'ignore_ament_install']
[5.813s] Level 1:colcon.colcon_core.package_identification:_identify(log) by extension 'ignore'
[5.813s] Level 1:colcon.colcon_core.package_identification:_identify(log) ignored
[5.814s] Level 1:colcon.colcon_core.package_identification:_identify(pythonDriving) by extensions ['ignore', 'ignore_ament_install']
[5.815s] Level 1:colcon.colcon_core.package_identification:_identify(pythonDriving) by extension 'ignore'
[5.816s] Level 1:colcon.colcon_core.package_identification:_identify(pythonDriving) by extension 'ignore_ament_install'
[5.816s] Level 1:colcon.colcon_core.package_identification:_identify(pythonDriving) by extensions ['colcon_pkg']
[5.816s] Level 1:colcon.colcon_core.package_identification:_identify(pythonDriving) by extension 'colcon_pkg'
[5.817s] Level 1:colcon.colcon_core.package_identification:_identify(pythonDriving) by extensions ['colcon_meta']
[5.817s] Level 1:colcon.colcon_core.package_identification:_identify(pythonDriving) by extension 'colcon_meta'
[5.818s] Level 1:colcon.colcon_core.package_identification:_identify(pythonDriving) by extensions ['ros']
[5.819s] Level 1:colcon.colcon_core.package_identification:_identify(pythonDriving) by extension 'ros'
[5.823s] DEBUG:colcon.colcon_core.package_identification:Package 'pythonDriving' with type 'ros.ament_python' and name 'pythonDriving'
[5.823s] Level 1:colcon.colcon_core.package_discovery:discover_packages(recursive) using defaults
[5.824s] Level 1:colcon.colcon_core.package_discovery:discover_packages(ignore) discover
[5.824s] Level 1:colcon.colcon_core.package_discovery:discover_packages(ignore) using defaults
[5.824s] Level 1:colcon.colcon_core.package_discovery:discover_packages(path) discover
[5.824s] Level 1:colcon.colcon_core.package_discovery:discover_packages(path) using defaults
[6.021s] Level 1:colcon.colcon_core.package_discovery:discover_packages(prefix_path) check parameters
[6.022s] Level 1:colcon.colcon_core.package_discovery:discover_packages(prefix_path) discover
[6.101s] DEBUG:colcon.colcon_installed_package_information.package_discovery:Found 270 installed packages in /opt/ros/humble
[6.109s] Level 1:colcon.colcon_core.package_discovery:discover_packages(prefix_path) using defaults
[6.621s] Level 5:colcon.colcon_core.verb:set package 'drivetrain' build argument 'cmake_args' from command line to 'None'
[6.621s] Level 5:colcon.colcon_core.verb:set package 'drivetrain' build argument 'cmake_target' from command line to 'None'
[6.621s] Level 5:colcon.colcon_core.verb:set package 'drivetrain' build argument 'cmake_target_skip_unavailable' from command line to 'False'
[6.621s] Level 5:colcon.colcon_core.verb:set package 'drivetrain' build argument 'cmake_clean_cache' from command line to 'False'
[6.622s] Level 5:colcon.colcon_core.verb:set package 'drivetrain' build argument 'cmake_clean_first' from command line to 'False'
[6.622s] Level 5:colcon.colcon_core.verb:set package 'drivetrain' build argument 'cmake_force_configure' from command line to 'False'
[6.622s] Level 5:colcon.colcon_core.verb:set package 'drivetrain' build argument 'ament_cmake_args' from command line to 'None'
[6.622s] Level 5:colcon.colcon_core.verb:set package 'drivetrain' build argument 'catkin_cmake_args' from command line to 'None'
[6.622s] Level 5:colcon.colcon_core.verb:set package 'drivetrain' build argument 'catkin_skip_building_tests' from command line to 'False'
[6.623s] DEBUG:colcon.colcon_core.verb:Building package 'drivetrain' with the following arguments: {'ament_cmake_args': None, 'build_base': '/home/astrobotics/TestBotTeaching/build/drivetrain', 'catkin_cmake_args': None, 'catkin_skip_building_tests': False, 'cmake_args': None, 'cmake_clean_cache': False, 'cmake_clean_first': False, 'cmake_force_configure': False, 'cmake_target': None, 'cmake_target_skip_unavailable': False, 'install_base': '/home/astrobotics/TestBotTeaching/install/drivetrain', 'merge_install': False, 'path': '/home/astrobotics/TestBotTeaching/drivetrain', 'symlink_install': False, 'test_result_base': None}
[6.624s] Level 5:colcon.colcon_core.verb:set package 'pythonDriving' build argument 'cmake_args' from command line to 'None'
[6.625s] Level 5:colcon.colcon_core.verb:set package 'pythonDriving' build argument 'cmake_target' from command line to 'None'
[6.625s] Level 5:colcon.colcon_core.verb:set package 'pythonDriving' build argument 'cmake_target_skip_unavailable' from command line to 'False'
[6.625s] Level 5:colcon.colcon_core.verb:set package 'pythonDriving' build argument 'cmake_clean_cache' from command line to 'False'
[6.625s] Level 5:colcon.colcon_core.verb:set package 'pythonDriving' build argument 'cmake_clean_first' from command line to 'False'
[6.625s] Level 5:colcon.colcon_core.verb:set package 'pythonDriving' build argument 'cmake_force_configure' from command line to 'False'
[6.625s] Level 5:colcon.colcon_core.verb:set package 'pythonDriving' build argument 'ament_cmake_args' from command line to 'None'
[6.625s] Level 5:colcon.colcon_core.verb:set package 'pythonDriving' build argument 'catkin_cmake_args' from command line to 'None'
[6.626s] Level 5:colcon.colcon_core.verb:set package 'pythonDriving' build argument 'catkin_skip_building_tests' from command line to 'False'
[6.626s] DEBUG:colcon.colcon_core.verb:Building package 'pythonDriving' with the following arguments: {'ament_cmake_args': None, 'build_base': '/home/astrobotics/TestBotTeaching/build/pythonDriving', 'catkin_cmake_args': None, 'catkin_skip_building_tests': False, 'cmake_args': None, 'cmake_clean_cache': False, 'cmake_clean_first': False, 'cmake_force_configure': False, 'cmake_target': None, 'cmake_target_skip_unavailable': False, 'install_base': '/home/astrobotics/TestBotTeaching/install/pythonDriving', 'merge_install': False, 'path': '/home/astrobotics/TestBotTeaching/pythonDriving', 'symlink_install': False, 'test_result_base': None}
[6.626s] INFO:colcon.colcon_core.executor:Executing jobs using 'parallel' executor
[6.631s] DEBUG:colcon.colcon_parallel_executor.executor.parallel:run_until_complete
[6.633s] INFO:colcon.colcon_ros.task.ament_cmake.build:Building ROS package in '/home/astrobotics/TestBotTeaching/drivetrain' with build type 'ament_cmake'
[6.635s] INFO:colcon.colcon_cmake.task.cmake.build:Building CMake package in '/home/astrobotics/TestBotTeaching/drivetrain'
[6.667s] INFO:colcon.colcon_core.plugin_system:Skipping extension 'colcon_core.shell.bat': Not used on non-Windows systems
[6.669s] INFO:colcon.colcon_core.shell:Skip shell extension 'powershell' for command environment: Not usable outside of PowerShell
[6.670s] DEBUG:colcon.colcon_core.shell:Skip shell extension 'dsv' for command environment
[6.700s] INFO:colcon.colcon_ros.task.ament_python.build:Building ROS package in '/home/astrobotics/TestBotTeaching/pythonDriving' with build type 'ament_python'
[6.702s] Level 1:colcon.colcon_core.shell:create_environment_hook('pythonDriving', 'ament_prefix_path')
[6.705s] INFO:colcon.colcon_core.shell:Creating environment hook '/home/astrobotics/TestBotTeaching/install/pythonDriving/share/pythonDriving/hook/ament_prefix_path.ps1'
[6.726s] INFO:colcon.colcon_core.shell:Creating environment descriptor '/home/astrobotics/TestBotTeaching/install/pythonDriving/share/pythonDriving/hook/ament_prefix_path.dsv'
[6.732s] INFO:colcon.colcon_core.shell:Creating environment hook '/home/astrobotics/TestBotTeaching/install/pythonDriving/share/pythonDriving/hook/ament_prefix_path.sh'
[6.742s] INFO:colcon.colcon_core.shell:Skip shell extension 'powershell' for command environment: Not usable outside of PowerShell
[6.743s] DEBUG:colcon.colcon_core.shell:Skip shell extension 'dsv' for command environment
[6.819s] DEBUG:colcon.colcon_core.event_handler.log_command:Invoking command in '/home/astrobotics/TestBotTeaching/build/drivetrain': CMAKE_PREFIX_PATH=/opt/ros/humble /usr/bin/cmake /home/astrobotics/TestBotTeaching/drivetrain -DCMAKE_INSTALL_PREFIX=/home/astrobotics/TestBotTeaching/install/drivetrain
[9.298s] INFO:colcon.colcon_core.task.python.build:Building Python package in '/home/astrobotics/TestBotTeaching/pythonDriving'
[9.302s] INFO:colcon.colcon_core.shell:Skip shell extension 'powershell' for command environment: Not usable outside of PowerShell
[9.303s] DEBUG:colcon.colcon_core.shell:Skip shell extension 'dsv' for command environment
[9.349s] DEBUG:colcon.colcon_core.event_handler.log_command:Invoked command in '/home/astrobotics/TestBotTeaching/build/drivetrain' returned '1': CMAKE_PREFIX_PATH=/opt/ros/humble /usr/bin/cmake /home/astrobotics/TestBotTeaching/drivetrain -DCMAKE_INSTALL_PREFIX=/home/astrobotics/TestBotTeaching/install/drivetrain
[9.481s] Level 1:colcon.colcon_core.environment:create_environment_scripts_only(drivetrain)
[9.544s] Level 1:colcon.colcon_core.environment:checking '/home/astrobotics/TestBotTeaching/install/drivetrain' for CMake module files
[9.621s] Level 1:colcon.colcon_core.environment:checking '/home/astrobotics/TestBotTeaching/install/drivetrain' for CMake config files
[9.656s] Level 1:colcon.colcon_core.shell:create_environment_hook('drivetrain', 'cmake_prefix_path')
[9.658s] INFO:colcon.colcon_core.shell:Creating environment hook '/home/astrobotics/TestBotTeaching/install/drivetrain/share/drivetrain/hook/cmake_prefix_path.ps1'
[9.663s] INFO:colcon.colcon_core.shell:Creating environment descriptor '/home/astrobotics/TestBotTeaching/install/drivetrain/share/drivetrain/hook/cmake_prefix_path.dsv'
[9.666s] INFO:colcon.colcon_core.shell:Creating environment hook '/home/astrobotics/TestBotTeaching/install/drivetrain/share/drivetrain/hook/cmake_prefix_path.sh'
[9.672s] Level 1:colcon.colcon_core.environment:checking '/home/astrobotics/TestBotTeaching/install/drivetrain/lib'
[9.674s] Level 1:colcon.colcon_core.environment:checking '/home/astrobotics/TestBotTeaching/install/drivetrain/bin'
[9.676s] Level 1:colcon.colcon_core.environment:checking '/home/astrobotics/TestBotTeaching/install/drivetrain/lib/pkgconfig/drivetrain.pc'
[9.677s] Level 1:colcon.colcon_core.environment:checking '/home/astrobotics/TestBotTeaching/install/drivetrain/lib/python3.10/site-packages'
[9.679s] Level 1:colcon.colcon_core.environment:checking '/home/astrobotics/TestBotTeaching/install/drivetrain/bin'
[9.681s] INFO:colcon.colcon_core.shell:Creating package script '/home/astrobotics/TestBotTeaching/install/drivetrain/share/drivetrain/package.ps1'
[9.693s] INFO:colcon.colcon_core.shell:Creating package descriptor '/home/astrobotics/TestBotTeaching/install/drivetrain/share/drivetrain/package.dsv'
[9.701s] INFO:colcon.colcon_core.shell:Creating package script '/home/astrobotics/TestBotTeaching/install/drivetrain/share/drivetrain/package.sh'
[9.712s] INFO:colcon.colcon_core.shell:Creating package script '/home/astrobotics/TestBotTeaching/install/drivetrain/share/drivetrain/package.bash'
[9.722s] INFO:colcon.colcon_core.shell:Creating package script '/home/astrobotics/TestBotTeaching/install/drivetrain/share/drivetrain/package.zsh'
[9.734s] Level 1:colcon.colcon_core.environment:create_file_with_runtime_dependencies(/home/astrobotics/TestBotTeaching/install/drivetrain/share/colcon-core/packages/drivetrain)
[12.273s] DEBUG:colcon.colcon_parallel_executor.executor.parallel:closing loop
[12.275s] DEBUG:colcon.colcon_parallel_executor.executor.parallel:loop closed
[12.276s] DEBUG:colcon.colcon_parallel_executor.executor.parallel:run_until_complete finished with '1'
[12.277s] DEBUG:colcon.colcon_core.event_reactor:joining thread
[12.373s] INFO:colcon.colcon_core.plugin_system:Skipping extension 'colcon_notification.desktop_notification.terminal_notifier': Not used on non-Darwin systems
[12.374s] INFO:colcon.colcon_core.plugin_system:Skipping extension 'colcon_notification.desktop_notification.win32': Not used on non-Windows systems
[12.375s] INFO:colcon.colcon_notification.desktop_notification:Sending desktop notification using 'notify2'
[13.067s] DEBUG:colcon.colcon_core.event_reactor:joined thread
[13.070s] INFO:colcon.colcon_core.shell:Creating prefix script '/home/astrobotics/TestBotTeaching/install/local_setup.ps1'
[13.081s] INFO:colcon.colcon_core.shell:Creating prefix util module '/home/astrobotics/TestBotTeaching/install/_local_setup_util_ps1.py'
[13.097s] INFO:colcon.colcon_core.shell:Creating prefix chain script '/home/astrobotics/TestBotTeaching/install/setup.ps1'
[13.107s] INFO:colcon.colcon_core.shell:Creating prefix script '/home/astrobotics/TestBotTeaching/install/local_setup.sh'
[13.114s] INFO:colcon.colcon_core.shell:Creating prefix util module '/home/astrobotics/TestBotTeaching/install/_local_setup_util_sh.py'
[13.120s] INFO:colcon.colcon_core.shell:Creating prefix chain script '/home/astrobotics/TestBotTeaching/install/setup.sh'
[13.130s] INFO:colcon.colcon_core.shell:Creating prefix script '/home/astrobotics/TestBotTeaching/install/local_setup.bash'
[13.138s] INFO:colcon.colcon_core.shell:Creating prefix chain script '/home/astrobotics/TestBotTeaching/install/setup.bash'
[13.148s] INFO:colcon.colcon_core.shell:Creating prefix script '/home/astrobotics/TestBotTeaching/install/local_setup.zsh'
[13.157s] INFO:colcon.colcon_core.shell:Creating prefix chain script '/home/astrobotics/TestBotTeaching/install/setup.zsh'
