[0.512s] Invoking command in '/workspaces/TestBotTeaching/pythonDriving': PYTHONPATH=/workspaces/TestBotTeaching/build/pythonDriving/prefix_override:/usr/lib/python3/dist-packages/colcon_core/task/python/colcon_distutils_commands:/workspaces/TestBotTeaching/install/pythonDriving/lib/python3.10/site-packages:${PYTHONPATH} /usr/bin/python3 -W ignore:setup.py install is deprecated setup.py egg_info --egg-base ../build/pythonDriving build --build-base /workspaces/TestBotTeaching/build/pythonDriving/build install --record /workspaces/TestBotTeaching/build/pythonDriving/install.log --single-version-externally-managed install_data
[0.691s] running egg_info
[0.692s] writing ../build/pythonDriving/pythonDriving.egg-info/PKG-INFO
[0.692s] writing dependency_links to ../build/pythonDriving/pythonDriving.egg-info/dependency_links.txt
[0.692s] writing entry points to ../build/pythonDriving/pythonDriving.egg-info/entry_points.txt
[0.692s] writing requirements to ../build/pythonDriving/pythonDriving.egg-info/requires.txt
[0.692s] writing top-level names to ../build/pythonDriving/pythonDriving.egg-info/top_level.txt
[0.693s] reading manifest file '../build/pythonDriving/pythonDriving.egg-info/SOURCES.txt'
[0.694s] writing manifest file '../build/pythonDriving/pythonDriving.egg-info/SOURCES.txt'
[0.694s] running build
[0.694s] running build_py
[0.694s] running install
[0.694s] running install_lib
[0.695s] running install_data
[0.695s] running install_egg_info
[0.696s] removing '/workspaces/TestBotTeaching/install/pythonDriving/lib/python3.10/site-packages/pythonDriving-0.0.0-py3.10.egg-info' (and everything under it)
[0.697s] Copying ../build/pythonDriving/pythonDriving.egg-info to /workspaces/TestBotTeaching/install/pythonDriving/lib/python3.10/site-packages/pythonDriving-0.0.0-py3.10.egg-info
[0.697s] running install_scripts
[0.712s] Installing pythonDriving script to /workspaces/TestBotTeaching/install/pythonDriving/lib/pythonDriving
[0.713s] writing list of installed files to '/workspaces/TestBotTeaching/build/pythonDriving/install.log'
