[0.353s] Invoking command in '/home/cameron/Astrobotics/wtfisgoingon/micro_ros_raspberrypi_pico_sdk/pythonDriving/build/pythonDriving': PYTHONPATH=/home/cameron/Astrobotics/wtfisgoingon/micro_ros_raspberrypi_pico_sdk/pythonDriving/build/pythonDriving/prefix_override:/usr/lib/python3/dist-packages/colcon_core/task/python/colcon_distutils_commands:/home/cameron/Astrobotics/wtfisgoingon/micro_ros_raspberrypi_pico_sdk/pythonDriving/install/pythonDriving/lib/python3.10/site-packages:${PYTHONPATH} /usr/bin/python3 -W ignore:setup.py install is deprecated setup.py develop --editable --build-directory /home/cameron/Astrobotics/wtfisgoingon/micro_ros_raspberrypi_pico_sdk/pythonDriving/build/pythonDriving/build --no-deps symlink_data --force
[0.508s] running develop
[0.508s] /usr/lib/python3/dist-packages/setuptools/command/easy_install.py:158: EasyInstallDeprecationWarning: easy_install command is deprecated. Use build and pip and other standards-based tools.
[0.508s]   warnings.warn(
[0.592s] running egg_info
[0.592s] writing pythonDriving.egg-info/PKG-INFO
[0.592s] writing dependency_links to pythonDriving.egg-info/dependency_links.txt
[0.592s] writing entry points to pythonDriving.egg-info/entry_points.txt
[0.592s] writing requirements to pythonDriving.egg-info/requires.txt
[0.592s] writing top-level names to pythonDriving.egg-info/top_level.txt
[0.593s] reading manifest file 'pythonDriving.egg-info/SOURCES.txt'
[0.594s] writing manifest file 'pythonDriving.egg-info/SOURCES.txt'
[0.594s] running build_ext
[0.594s] Creating /home/cameron/Astrobotics/wtfisgoingon/micro_ros_raspberrypi_pico_sdk/pythonDriving/install/pythonDriving/lib/python3.10/site-packages/pythonDriving.egg-link (link to .)
[0.595s] Installing pythonDriving script to /home/cameron/Astrobotics/wtfisgoingon/micro_ros_raspberrypi_pico_sdk/pythonDriving/install/pythonDriving/lib/pythonDriving
[0.595s] 
[0.595s] Installed /home/cameron/Astrobotics/wtfisgoingon/micro_ros_raspberrypi_pico_sdk/pythonDriving/build/pythonDriving
[0.595s] running symlink_data
[0.595s] symbolically linking /home/cameron/Astrobotics/wtfisgoingon/micro_ros_raspberrypi_pico_sdk/pythonDriving/build/pythonDriving/resource/pythonDriving -> /home/cameron/Astrobotics/wtfisgoingon/micro_ros_raspberrypi_pico_sdk/pythonDriving/install/pythonDriving/share/ament_index/resource_index/packages
[0.595s] symbolically linking /home/cameron/Astrobotics/wtfisgoingon/micro_ros_raspberrypi_pico_sdk/pythonDriving/build/pythonDriving/package.xml -> /home/cameron/Astrobotics/wtfisgoingon/micro_ros_raspberrypi_pico_sdk/pythonDriving/install/pythonDriving/share/pythonDriving
[0.612s] Invoked command in '/home/cameron/Astrobotics/wtfisgoingon/micro_ros_raspberrypi_pico_sdk/pythonDriving/build/pythonDriving' returned '0': PYTHONPATH=/home/cameron/Astrobotics/wtfisgoingon/micro_ros_raspberrypi_pico_sdk/pythonDriving/build/pythonDriving/prefix_override:/usr/lib/python3/dist-packages/colcon_core/task/python/colcon_distutils_commands:/home/cameron/Astrobotics/wtfisgoingon/micro_ros_raspberrypi_pico_sdk/pythonDriving/install/pythonDriving/lib/python3.10/site-packages:${PYTHONPATH} /usr/bin/python3 -W ignore:setup.py install is deprecated setup.py develop --editable --build-directory /home/cameron/Astrobotics/wtfisgoingon/micro_ros_raspberrypi_pico_sdk/pythonDriving/build/pythonDriving/build --no-deps symlink_data --force
