[35m[1mConsolidate compiler generated dependencies of target drivetrainNode[0m
[ 33%] [32mBuilding CXX object CMakeFiles/drivetrainNode.dir/src/uart.cpp.o[0m
[01m[K/TestBotTeaching/drivetrain/src/uart.cpp:[m[K In constructor ‘[01m[KUart::Uart()[m[K’:
[01m[K/TestBotTeaching/drivetrain/src/uart.cpp:19:7:[m[K [01;35m[Kwarning: [m[Kunused variable ‘[01m[Kii[m[K’ [[01;35m[K-Wunused-variable[m[K]
   19 |   int [01;35m[Kii[m[K, jj, kk;
      |       [01;35m[K^~[m[K
[01m[K/TestBotTeaching/drivetrain/src/uart.cpp:19:11:[m[K [01;35m[Kwarning: [m[Kunused variable ‘[01m[Kjj[m[K’ [[01;35m[K-Wunused-variable[m[K]
   19 |   int ii, [01;35m[Kjj[m[K, kk;
      |           [01;35m[K^~[m[K
[01m[K/TestBotTeaching/drivetrain/src/uart.cpp:19:15:[m[K [01;35m[Kwarning: [m[Kunused variable ‘[01m[Kkk[m[K’ [[01;35m[K-Wunused-variable[m[K]
   19 |   int ii, jj, [01;35m[Kkk[m[K;
      |               [01;35m[K^~[m[K
[01m[K/TestBotTeaching/drivetrain/src/uart.cpp:[m[K In constructor ‘[01m[KUart::Uart()[m[K’:
[01m[K/TestBotTeaching/drivetrain/src/uart.cpp:25:12:[m[K [01;35m[Kwarning: [m[K‘[01m[K*this.Uart::fid[m[K’ is used uninitialized [[01;35m[K-Wuninitialized[m[K]
   25 |   [01;35m[Ktcgetattr(fid, &port_options)[m[K;        // Get the current attributes of the Serial port
      |   [01;35m[K~~~~~~~~~^~~~~~~~~~~~~~~~~~~~[m[K
[ 66%] [32m[1mLinking CXX executable drivetrainNode[0m
[100%] Built target drivetrainNode
-- Install configuration: ""
-- Installing: /TestBotTeaching/install/drivetrain/lib/drivetrain/drivetrainNode
-- Set runtime path of "/TestBotTeaching/install/drivetrain/lib/drivetrain/drivetrainNode" to ""
-- Up-to-date: /TestBotTeaching/install/drivetrain/share/ament_index/resource_index/package_run_dependencies/drivetrain
-- Up-to-date: /TestBotTeaching/install/drivetrain/share/ament_index/resource_index/parent_prefix_path/drivetrain
-- Up-to-date: /TestBotTeaching/install/drivetrain/share/drivetrain/environment/ament_prefix_path.sh
-- Up-to-date: /TestBotTeaching/install/drivetrain/share/drivetrain/environment/ament_prefix_path.dsv
-- Up-to-date: /TestBotTeaching/install/drivetrain/share/drivetrain/environment/path.sh
-- Up-to-date: /TestBotTeaching/install/drivetrain/share/drivetrain/environment/path.dsv
-- Up-to-date: /TestBotTeaching/install/drivetrain/share/drivetrain/local_setup.bash
-- Up-to-date: /TestBotTeaching/install/drivetrain/share/drivetrain/local_setup.sh
-- Up-to-date: /TestBotTeaching/install/drivetrain/share/drivetrain/local_setup.zsh
-- Up-to-date: /TestBotTeaching/install/drivetrain/share/drivetrain/local_setup.dsv
-- Installing: /TestBotTeaching/install/drivetrain/share/drivetrain/package.dsv
-- Up-to-date: /TestBotTeaching/install/drivetrain/share/ament_index/resource_index/packages/drivetrain
-- Up-to-date: /TestBotTeaching/install/drivetrain/share/drivetrain/cmake/drivetrainConfig.cmake
-- Up-to-date: /TestBotTeaching/install/drivetrain/share/drivetrain/cmake/drivetrainConfig-version.cmake
-- Up-to-date: /TestBotTeaching/install/drivetrain/share/drivetrain/package.xml
