[0.179s] Invoking command in '/TestBotTeaching/build/drivetrain': CMAKE_PREFIX_PATH=${CMAKE_PREFIX_PATH}:/opt/ros/humble /usr/bin/cmake --build /TestBotTeaching/build/drivetrain -- -j4 -l4
[0.524s] [35m[1mConsolidate compiler generated dependencies of target drivetrainNode[0m
[0.720s] [ 33%] [32mBuilding CXX object CMakeFiles/drivetrainNode.dir/src/uart.cpp.o[0m
[2.501s] [01m[K/TestBotTeaching/drivetrain/src/uart.cpp:[m[K In constructor ‘[01m[KUart::Uart()[m[K’:
[2.505s] [01m[K/TestBotTeaching/drivetrain/src/uart.cpp:19:7:[m[K [01;35m[Kwarning: [m[Kunused variable ‘[01m[Kii[m[K’ [[01;35m[K-Wunused-variable[m[K]
[2.513s]    19 |   int [01;35m[Kii[m[K, jj, kk;
[2.514s]       |       [01;35m[K^~[m[K
[2.514s] [01m[K/TestBotTeaching/drivetrain/src/uart.cpp:19:11:[m[K [01;35m[Kwarning: [m[Kunused variable ‘[01m[Kjj[m[K’ [[01;35m[K-Wunused-variable[m[K]
[2.515s]    19 |   int ii, [01;35m[Kjj[m[K, kk;
[2.516s]       |           [01;35m[K^~[m[K
[2.521s] [01m[K/TestBotTeaching/drivetrain/src/uart.cpp:19:15:[m[K [01;35m[Kwarning: [m[Kunused variable ‘[01m[Kkk[m[K’ [[01;35m[K-Wunused-variable[m[K]
[2.523s]    19 |   int ii, jj, [01;35m[Kkk[m[K;
[2.524s]       |               [01;35m[K^~[m[K
[2.777s] [01m[K/TestBotTeaching/drivetrain/src/uart.cpp:[m[K In constructor ‘[01m[KUart::Uart()[m[K’:
[2.787s] [01m[K/TestBotTeaching/drivetrain/src/uart.cpp:25:12:[m[K [01;35m[Kwarning: [m[K‘[01m[K*this.Uart::fid[m[K’ is used uninitialized [[01;35m[K-Wuninitialized[m[K]
[2.795s]    25 |   [01;35m[Ktcgetattr(fid, &port_options)[m[K;        // Get the current attributes of the Serial port
[2.803s]       |   [01;35m[K~~~~~~~~~^~~~~~~~~~~~~~~~~~~~[m[K
[2.956s] [ 66%] [32m[1mLinking CXX executable drivetrainNode[0m
[6.594s] [100%] Built target drivetrainNode
[6.640s] Invoked command in '/TestBotTeaching/build/drivetrain' returned '0': CMAKE_PREFIX_PATH=${CMAKE_PREFIX_PATH}:/opt/ros/humble /usr/bin/cmake --build /TestBotTeaching/build/drivetrain -- -j4 -l4
[6.860s] Invoking command in '/TestBotTeaching/build/drivetrain': CMAKE_PREFIX_PATH=${CMAKE_PREFIX_PATH}:/opt/ros/humble /usr/bin/cmake --install /TestBotTeaching/build/drivetrain
[6.894s] -- Install configuration: ""
[6.896s] -- Installing: /TestBotTeaching/install/drivetrain/lib/drivetrain/drivetrainNode
[6.941s] -- Set runtime path of "/TestBotTeaching/install/drivetrain/lib/drivetrain/drivetrainNode" to ""
[6.942s] -- Up-to-date: /TestBotTeaching/install/drivetrain/share/ament_index/resource_index/package_run_dependencies/drivetrain
[6.943s] -- Up-to-date: /TestBotTeaching/install/drivetrain/share/ament_index/resource_index/parent_prefix_path/drivetrain
[6.944s] -- Up-to-date: /TestBotTeaching/install/drivetrain/share/drivetrain/environment/ament_prefix_path.sh
[6.948s] -- Up-to-date: /TestBotTeaching/install/drivetrain/share/drivetrain/environment/ament_prefix_path.dsv
[6.949s] -- Up-to-date: /TestBotTeaching/install/drivetrain/share/drivetrain/environment/path.sh
[6.952s] -- Up-to-date: /TestBotTeaching/install/drivetrain/share/drivetrain/environment/path.dsv
[6.962s] -- Up-to-date: /TestBotTeaching/install/drivetrain/share/drivetrain/local_setup.bash
[6.962s] -- Up-to-date: /TestBotTeaching/install/drivetrain/share/drivetrain/local_setup.sh
[6.968s] -- Up-to-date: /TestBotTeaching/install/drivetrain/share/drivetrain/local_setup.zsh
[6.969s] -- Up-to-date: /TestBotTeaching/install/drivetrain/share/drivetrain/local_setup.dsv
[6.970s] -- Installing: /TestBotTeaching/install/drivetrain/share/drivetrain/package.dsv
[6.971s] -- Up-to-date: /TestBotTeaching/install/drivetrain/share/ament_index/resource_index/packages/drivetrain
[6.972s] -- Up-to-date: /TestBotTeaching/install/drivetrain/share/drivetrain/cmake/drivetrainConfig.cmake
[6.973s] -- Up-to-date: /TestBotTeaching/install/drivetrain/share/drivetrain/cmake/drivetrainConfig-version.cmake
[6.973s] -- Up-to-date: /TestBotTeaching/install/drivetrain/share/drivetrain/package.xml
[6.984s] Invoked command in '/TestBotTeaching/build/drivetrain' returned '0': CMAKE_PREFIX_PATH=${CMAKE_PREFIX_PATH}:/opt/ros/humble /usr/bin/cmake --install /TestBotTeaching/build/drivetrain
