[0.239s] DEBUG:colcon:Command line arguments: ['/usr/bin/colcon', 'build']
[0.239s] DEBUG:colcon:Parsed command line arguments: Namespace(log_base=None, log_level=None, verb_name='build', build_base='build', install_base='install', merge_install=False, symlink_install=False, test_result_base=None, continue_on_error=False, executor='parallel', parallel_workers=20, event_handlers=None, ignore_user_meta=False, metas=['./colcon.meta'], base_paths=['.'], packages_ignore=None, packages_ignore_regex=None, paths=None, packages_up_to=None, packages_up_to_regex=None, packages_above=None, packages_above_and_dependencies=None, packages_above_depth=None, packages_select_by_dep=None, packages_skip_by_dep=None, packages_skip_up_to=None, packages_select_build_failed=False, packages_skip_build_finished=False, packages_select_test_failures=False, packages_skip_test_passed=False, packages_select=None, packages_skip=None, packages_select_regex=None, packages_skip_regex=None, packages_start=None, packages_end=None, cmake_args=None, cmake_target=None, cmake_target_skip_unavailable=False, cmake_clean_cache=False, cmake_clean_first=False, cmake_force_configure=False, ament_cmake_args=None, catkin_cmake_args=None, catkin_skip_building_tests=False, mixin_files=None, mixin=None, verb_parser=<colcon_mixin.mixin.mixin_argument.MixinArgumentDecorator object at 0x7f3a29110460>, verb_extension=<colcon_core.verb.build.BuildVerb object at 0x7f3a292f3f70>, main=<bound method BuildVerb.main of <colcon_core.verb.build.BuildVerb object at 0x7f3a292f3f70>>, mixin_verb=('build',))
[0.469s] Level 1:colcon.colcon_core.package_discovery:discover_packages(colcon_meta) check parameters
[0.470s] Level 1:colcon.colcon_core.package_discovery:discover_packages(recursive) check parameters
[0.470s] Level 1:colcon.colcon_core.package_discovery:discover_packages(ignore) check parameters
[0.470s] Level 1:colcon.colcon_core.package_discovery:discover_packages(path) check parameters
[0.470s] Level 1:colcon.colcon_core.package_discovery:discover_packages(colcon_meta) discover
[0.470s] Level 1:colcon.colcon_core.package_discovery:discover_packages(recursive) discover
[0.470s] INFO:colcon.colcon_core.package_discovery:Crawling recursively for packages in '/workspaces/TestBotTeaching'
[0.470s] Level 1:colcon.colcon_core.package_identification:_identify(.) by extensions ['ignore', 'ignore_ament_install']
[0.470s] Level 1:colcon.colcon_core.package_identification:_identify(.) by extension 'ignore'
[0.471s] Level 1:colcon.colcon_core.package_identification:_identify(.) by extension 'ignore_ament_install'
[0.471s] Level 1:colcon.colcon_core.package_identification:_identify(.) by extensions ['colcon_pkg']
[0.471s] Level 1:colcon.colcon_core.package_identification:_identify(.) by extension 'colcon_pkg'
[0.471s] Level 1:colcon.colcon_core.package_identification:_identify(.) by extensions ['colcon_meta']
[0.471s] Level 1:colcon.colcon_core.package_identification:_identify(.) by extension 'colcon_meta'
[0.471s] Level 1:colcon.colcon_core.package_identification:_identify(.) by extensions ['ros']
[0.471s] Level 1:colcon.colcon_core.package_identification:_identify(.) by extension 'ros'
[0.496s] Level 1:colcon.colcon_core.package_identification:_identify(.) by extensions ['cmake', 'python']
[0.496s] Level 1:colcon.colcon_core.package_identification:_identify(.) by extension 'cmake'
[0.496s] Level 1:colcon.colcon_core.package_identification:_identify(.) by extension 'python'
[0.496s] Level 1:colcon.colcon_core.package_identification:_identify(.) by extensions ['python_setup_py']
[0.496s] Level 1:colcon.colcon_core.package_identification:_identify(.) by extension 'python_setup_py'
[0.496s] Level 1:colcon.colcon_core.package_identification:_identify(build) by extensions ['ignore', 'ignore_ament_install']
[0.496s] Level 1:colcon.colcon_core.package_identification:_identify(build) by extension 'ignore'
[0.496s] Level 1:colcon.colcon_core.package_identification:_identify(build) ignored
[0.497s] Level 1:colcon.colcon_core.package_identification:_identify(drivetrain) by extensions ['ignore', 'ignore_ament_install']
[0.497s] Level 1:colcon.colcon_core.package_identification:_identify(drivetrain) by extension 'ignore'
[0.497s] Level 1:colcon.colcon_core.package_identification:_identify(drivetrain) by extension 'ignore_ament_install'
[0.497s] Level 1:colcon.colcon_core.package_identification:_identify(drivetrain) by extensions ['colcon_pkg']
[0.497s] Level 1:colcon.colcon_core.package_identification:_identify(drivetrain) by extension 'colcon_pkg'
[0.497s] Level 1:colcon.colcon_core.package_identification:_identify(drivetrain) by extensions ['colcon_meta']
[0.497s] Level 1:colcon.colcon_core.package_identification:_identify(drivetrain) by extension 'colcon_meta'
[0.497s] Level 1:colcon.colcon_core.package_identification:_identify(drivetrain) by extensions ['ros']
[0.497s] Level 1:colcon.colcon_core.package_identification:_identify(drivetrain) by extension 'ros'
[0.504s] DEBUG:colcon.colcon_core.package_identification:Package 'drivetrain' with type 'ros.ament_cmake' and name 'drivetrain'
[0.504s] Level 1:colcon.colcon_core.package_identification:_identify(install) by extensions ['ignore', 'ignore_ament_install']
[0.504s] Level 1:colcon.colcon_core.package_identification:_identify(install) by extension 'ignore'
[0.504s] Level 1:colcon.colcon_core.package_identification:_identify(install) ignored
[0.504s] Level 1:colcon.colcon_core.package_identification:_identify(log) by extensions ['ignore', 'ignore_ament_install']
[0.504s] Level 1:colcon.colcon_core.package_identification:_identify(log) by extension 'ignore'
[0.505s] Level 1:colcon.colcon_core.package_identification:_identify(log) ignored
[0.505s] Level 1:colcon.colcon_core.package_identification:_identify(pythonDriving) by extensions ['ignore', 'ignore_ament_install']
[0.505s] Level 1:colcon.colcon_core.package_identification:_identify(pythonDriving) by extension 'ignore'
[0.505s] Level 1:colcon.colcon_core.package_identification:_identify(pythonDriving) by extension 'ignore_ament_install'
[0.505s] Level 1:colcon.colcon_core.package_identification:_identify(pythonDriving) by extensions ['colcon_pkg']
[0.505s] Level 1:colcon.colcon_core.package_identification:_identify(pythonDriving) by extension 'colcon_pkg'
[0.505s] Level 1:colcon.colcon_core.package_identification:_identify(pythonDriving) by extensions ['colcon_meta']
[0.505s] Level 1:colcon.colcon_core.package_identification:_identify(pythonDriving) by extension 'colcon_meta'
[0.505s] Level 1:colcon.colcon_core.package_identification:_identify(pythonDriving) by extensions ['ros']
[0.505s] Level 1:colcon.colcon_core.package_identification:_identify(pythonDriving) by extension 'ros'
[0.506s] DEBUG:colcon.colcon_core.package_identification:Package 'pythonDriving' with type 'ros.ament_python' and name 'pythonDriving'
[0.506s] Level 1:colcon.colcon_core.package_discovery:discover_packages(recursive) using defaults
[0.506s] Level 1:colcon.colcon_core.package_discovery:discover_packages(ignore) discover
[0.506s] Level 1:colcon.colcon_core.package_discovery:discover_packages(ignore) using defaults
[0.506s] Level 1:colcon.colcon_core.package_discovery:discover_packages(path) discover
[0.506s] Level 1:colcon.colcon_core.package_discovery:discover_packages(path) using defaults
[0.539s] Level 5:colcon.colcon_core.verb:set package 'drivetrain' build argument 'cmake_args' from command line to 'None'
[0.539s] Level 5:colcon.colcon_core.verb:set package 'drivetrain' build argument 'cmake_target' from command line to 'None'
[0.539s] Level 5:colcon.colcon_core.verb:set package 'drivetrain' build argument 'cmake_target_skip_unavailable' from command line to 'False'
[0.539s] Level 5:colcon.colcon_core.verb:set package 'drivetrain' build argument 'cmake_clean_cache' from command line to 'False'
[0.539s] Level 5:colcon.colcon_core.verb:set package 'drivetrain' build argument 'cmake_clean_first' from command line to 'False'
[0.539s] Level 5:colcon.colcon_core.verb:set package 'drivetrain' build argument 'cmake_force_configure' from command line to 'False'
[0.539s] Level 5:colcon.colcon_core.verb:set package 'drivetrain' build argument 'ament_cmake_args' from command line to 'None'
[0.539s] Level 5:colcon.colcon_core.verb:set package 'drivetrain' build argument 'catkin_cmake_args' from command line to 'None'
[0.539s] Level 5:colcon.colcon_core.verb:set package 'drivetrain' build argument 'catkin_skip_building_tests' from command line to 'False'
[0.540s] DEBUG:colcon.colcon_core.verb:Building package 'drivetrain' with the following arguments: {'ament_cmake_args': None, 'build_base': '/workspaces/TestBotTeaching/build/drivetrain', 'catkin_cmake_args': None, 'catkin_skip_building_tests': False, 'cmake_args': None, 'cmake_clean_cache': False, 'cmake_clean_first': False, 'cmake_force_configure': False, 'cmake_target': None, 'cmake_target_skip_unavailable': False, 'install_base': '/workspaces/TestBotTeaching/install/drivetrain', 'merge_install': False, 'path': '/workspaces/TestBotTeaching/drivetrain', 'symlink_install': False, 'test_result_base': None}
[0.540s] Level 5:colcon.colcon_core.verb:set package 'pythonDriving' build argument 'cmake_args' from command line to 'None'
[0.540s] Level 5:colcon.colcon_core.verb:set package 'pythonDriving' build argument 'cmake_target' from command line to 'None'
[0.540s] Level 5:colcon.colcon_core.verb:set package 'pythonDriving' build argument 'cmake_target_skip_unavailable' from command line to 'False'
[0.540s] Level 5:colcon.colcon_core.verb:set package 'pythonDriving' build argument 'cmake_clean_cache' from command line to 'False'
[0.540s] Level 5:colcon.colcon_core.verb:set package 'pythonDriving' build argument 'cmake_clean_first' from command line to 'False'
[0.540s] Level 5:colcon.colcon_core.verb:set package 'pythonDriving' build argument 'cmake_force_configure' from command line to 'False'
[0.540s] Level 5:colcon.colcon_core.verb:set package 'pythonDriving' build argument 'ament_cmake_args' from command line to 'None'
[0.540s] Level 5:colcon.colcon_core.verb:set package 'pythonDriving' build argument 'catkin_cmake_args' from command line to 'None'
[0.540s] Level 5:colcon.colcon_core.verb:set package 'pythonDriving' build argument 'catkin_skip_building_tests' from command line to 'False'
[0.540s] DEBUG:colcon.colcon_core.verb:Building package 'pythonDriving' with the following arguments: {'ament_cmake_args': None, 'build_base': '/workspaces/TestBotTeaching/build/pythonDriving', 'catkin_cmake_args': None, 'catkin_skip_building_tests': False, 'cmake_args': None, 'cmake_clean_cache': False, 'cmake_clean_first': False, 'cmake_force_configure': False, 'cmake_target': None, 'cmake_target_skip_unavailable': False, 'install_base': '/workspaces/TestBotTeaching/install/pythonDriving', 'merge_install': False, 'path': '/workspaces/TestBotTeaching/pythonDriving', 'symlink_install': False, 'test_result_base': None}
[0.541s] INFO:colcon.colcon_core.executor:Executing jobs using 'parallel' executor
[0.543s] DEBUG:colcon.colcon_parallel_executor.executor.parallel:run_until_complete
[0.544s] INFO:colcon.colcon_ros.task.ament_cmake.build:Building ROS package in '/workspaces/TestBotTeaching/drivetrain' with build type 'ament_cmake'
[0.544s] INFO:colcon.colcon_cmake.task.cmake.build:Building CMake package in '/workspaces/TestBotTeaching/drivetrain'
[0.557s] INFO:colcon.colcon_core.plugin_system:Skipping extension 'colcon_core.shell.bat': Not used on non-Windows systems
[0.557s] INFO:colcon.colcon_core.shell:Skip shell extension 'powershell' for command environment: Not usable outside of PowerShell
[0.558s] DEBUG:colcon.colcon_core.shell:Skip shell extension 'dsv' for command environment
[0.569s] INFO:colcon.colcon_ros.task.ament_python.build:Building ROS package in '/workspaces/TestBotTeaching/pythonDriving' with build type 'ament_python'
[0.570s] Level 1:colcon.colcon_core.shell:create_environment_hook('pythonDriving', 'ament_prefix_path')
[0.571s] INFO:colcon.colcon_core.shell:Creating environment hook '/workspaces/TestBotTeaching/install/pythonDriving/share/pythonDriving/hook/ament_prefix_path.ps1'
[0.574s] INFO:colcon.colcon_core.shell:Creating environment descriptor '/workspaces/TestBotTeaching/install/pythonDriving/share/pythonDriving/hook/ament_prefix_path.dsv'
[0.576s] INFO:colcon.colcon_core.shell:Creating environment hook '/workspaces/TestBotTeaching/install/pythonDriving/share/pythonDriving/hook/ament_prefix_path.sh'
[0.577s] INFO:colcon.colcon_core.shell:Skip shell extension 'powershell' for command environment: Not usable outside of PowerShell
[0.578s] DEBUG:colcon.colcon_core.shell:Skip shell extension 'dsv' for command environment
[0.589s] DEBUG:colcon.colcon_core.event_handler.log_command:Invoking command in '/workspaces/TestBotTeaching/build/drivetrain': CMAKE_PREFIX_PATH=/opt/ros/humble /usr/bin/cmake --build /workspaces/TestBotTeaching/build/drivetrain -- -j20 -l20
[0.941s] INFO:colcon.colcon_core.task.python.build:Building Python package in '/workspaces/TestBotTeaching/pythonDriving'
[0.941s] INFO:colcon.colcon_core.shell:Skip shell extension 'powershell' for command environment: Not usable outside of PowerShell
[0.941s] DEBUG:colcon.colcon_core.shell:Skip shell extension 'dsv' for command environment
[0.950s] DEBUG:colcon.colcon_core.event_handler.log_command:Invoked command in '/workspaces/TestBotTeaching/build/drivetrain' returned '2': CMAKE_PREFIX_PATH=/opt/ros/humble /usr/bin/cmake --build /workspaces/TestBotTeaching/build/drivetrain -- -j20 -l20
[0.982s] Level 1:colcon.colcon_core.environment:create_environment_scripts_only(drivetrain)
[0.998s] Level 1:colcon.colcon_core.environment:checking '/workspaces/TestBotTeaching/install/drivetrain' for CMake module files
[0.999s] Level 1:colcon.colcon_core.environment:checking '/workspaces/TestBotTeaching/install/drivetrain' for CMake config files
[0.999s] Level 1:colcon.colcon_core.shell:create_environment_hook('drivetrain', 'cmake_prefix_path')
[0.999s] INFO:colcon.colcon_core.shell:Creating environment hook '/workspaces/TestBotTeaching/install/drivetrain/share/drivetrain/hook/cmake_prefix_path.ps1'
[1.000s] INFO:colcon.colcon_core.shell:Creating environment descriptor '/workspaces/TestBotTeaching/install/drivetrain/share/drivetrain/hook/cmake_prefix_path.dsv'
[1.000s] INFO:colcon.colcon_core.shell:Creating environment hook '/workspaces/TestBotTeaching/install/drivetrain/share/drivetrain/hook/cmake_prefix_path.sh'
[1.001s] Level 1:colcon.colcon_core.environment:checking '/workspaces/TestBotTeaching/install/drivetrain/lib'
[1.002s] Level 1:colcon.colcon_core.environment:checking '/workspaces/TestBotTeaching/install/drivetrain/bin'
[1.002s] Level 1:colcon.colcon_core.environment:checking '/workspaces/TestBotTeaching/install/drivetrain/lib/pkgconfig/drivetrain.pc'
[1.002s] Level 1:colcon.colcon_core.environment:checking '/workspaces/TestBotTeaching/install/drivetrain/lib/python3.10/site-packages'
[1.002s] Level 1:colcon.colcon_core.environment:checking '/workspaces/TestBotTeaching/install/drivetrain/bin'
[1.003s] INFO:colcon.colcon_core.shell:Creating package script '/workspaces/TestBotTeaching/install/drivetrain/share/drivetrain/package.ps1'
[1.005s] INFO:colcon.colcon_core.shell:Creating package descriptor '/workspaces/TestBotTeaching/install/drivetrain/share/drivetrain/package.dsv'
[1.006s] INFO:colcon.colcon_core.shell:Creating package script '/workspaces/TestBotTeaching/install/drivetrain/share/drivetrain/package.sh'
[1.007s] INFO:colcon.colcon_core.shell:Creating package script '/workspaces/TestBotTeaching/install/drivetrain/share/drivetrain/package.bash'
[1.010s] INFO:colcon.colcon_core.shell:Creating package script '/workspaces/TestBotTeaching/install/drivetrain/share/drivetrain/package.zsh'
[1.012s] Level 1:colcon.colcon_core.environment:create_file_with_runtime_dependencies(/workspaces/TestBotTeaching/install/drivetrain/share/colcon-core/packages/drivetrain)
[1.524s] DEBUG:colcon.colcon_parallel_executor.executor.parallel:closing loop
[1.524s] DEBUG:colcon.colcon_parallel_executor.executor.parallel:loop closed
[1.524s] DEBUG:colcon.colcon_parallel_executor.executor.parallel:run_until_complete finished with '2'
[1.524s] DEBUG:colcon.colcon_core.event_reactor:joining thread
[1.545s] INFO:colcon.colcon_core.plugin_system:Skipping extension 'colcon_notification.desktop_notification.notify_send': Could not find 'notify-send'
[1.546s] INFO:colcon.colcon_core.plugin_system:Skipping extension 'colcon_notification.desktop_notification.terminal_notifier': Not used on non-Darwin systems
[1.546s] INFO:colcon.colcon_core.plugin_system:Skipping extension 'colcon_notification.desktop_notification.win32': Not used on non-Windows systems
[1.546s] INFO:colcon.colcon_notification.desktop_notification:Sending desktop notification using 'notify2'
[1.550s] DEBUG:colcon.colcon_notification.desktop_notification.notify2:Failed to initialize notify2: org.freedesktop.DBus.Error.Spawn.ExecFailed: /usr/bin/dbus-launch terminated abnormally without any error message
[1.550s] DEBUG:colcon.colcon_core.event_reactor:joined thread
[1.551s] INFO:colcon.colcon_core.shell:Creating prefix script '/workspaces/TestBotTeaching/install/local_setup.ps1'
[1.553s] INFO:colcon.colcon_core.shell:Creating prefix util module '/workspaces/TestBotTeaching/install/_local_setup_util_ps1.py'
[1.556s] INFO:colcon.colcon_core.shell:Creating prefix chain script '/workspaces/TestBotTeaching/install/setup.ps1'
[1.558s] INFO:colcon.colcon_core.shell:Creating prefix script '/workspaces/TestBotTeaching/install/local_setup.sh'
[1.559s] INFO:colcon.colcon_core.shell:Creating prefix util module '/workspaces/TestBotTeaching/install/_local_setup_util_sh.py'
[1.559s] INFO:colcon.colcon_core.shell:Creating prefix chain script '/workspaces/TestBotTeaching/install/setup.sh'
[1.561s] INFO:colcon.colcon_core.shell:Creating prefix script '/workspaces/TestBotTeaching/install/local_setup.bash'
[1.562s] INFO:colcon.colcon_core.shell:Creating prefix chain script '/workspaces/TestBotTeaching/install/setup.bash'
[1.564s] INFO:colcon.colcon_core.shell:Creating prefix script '/workspaces/TestBotTeaching/install/local_setup.zsh'
[1.566s] INFO:colcon.colcon_core.shell:Creating prefix chain script '/workspaces/TestBotTeaching/install/setup.zsh'
