[0.543s] DEBUG:colcon:Command line arguments: ['/usr/bin/colcon', 'build']
[0.543s] DEBUG:colcon:Parsed command line arguments: Namespace(log_base=None, log_level=None, verb_name='build', build_base='build', install_base='install', merge_install=False, symlink_install=False, test_result_base=None, continue_on_error=False, executor='parallel', parallel_workers=4, event_handlers=None, ignore_user_meta=False, metas=['./colcon.meta'], base_paths=['.'], packages_ignore=None, packages_ignore_regex=None, paths=None, packages_up_to=None, packages_up_to_regex=None, packages_above=None, packages_above_and_dependencies=None, packages_above_depth=None, packages_select_by_dep=None, packages_skip_by_dep=None, packages_skip_up_to=None, packages_select_build_failed=False, packages_skip_build_finished=False, packages_select_test_failures=False, packages_skip_test_passed=False, packages_select=None, packages_skip=None, packages_select_regex=None, packages_skip_regex=None, packages_start=None, packages_end=None, cmake_args=None, cmake_target=None, cmake_target_skip_unavailable=False, cmake_clean_cache=False, cmake_clean_first=False, cmake_force_configure=False, ament_cmake_args=None, catkin_cmake_args=None, catkin_skip_building_tests=False, mixin_files=None, mixin=None, verb_parser=<colcon_mixin.mixin.mixin_argument.MixinArgumentDecorator object at 0xffffb749bb20>, verb_extension=<colcon_core.verb.build.BuildVerb object at 0xffffb76981f0>, main=<bound method BuildVerb.main of <colcon_core.verb.build.BuildVerb object at 0xffffb76981f0>>, mixin_verb=('build',))
[2.170s] Level 1:colcon.colcon_core.package_discovery:discover_packages(colcon_meta) check parameters
[2.171s] Level 1:colcon.colcon_core.package_discovery:discover_packages(recursive) check parameters
[2.172s] Level 1:colcon.colcon_core.package_discovery:discover_packages(ignore) check parameters
[2.172s] Level 1:colcon.colcon_core.package_discovery:discover_packages(path) check parameters
[2.173s] Level 1:colcon.colcon_core.package_discovery:discover_packages(colcon_meta) discover
[2.174s] Level 1:colcon.colcon_core.package_discovery:discover_packages(recursive) discover
[2.174s] INFO:colcon.colcon_core.package_discovery:Crawling recursively for packages in '/TestBotTeaching'
[2.176s] Level 1:colcon.colcon_core.package_identification:_identify(.) by extensions ['ignore', 'ignore_ament_install']
[2.178s] Level 1:colcon.colcon_core.package_identification:_identify(.) by extension 'ignore'
[2.179s] Level 1:colcon.colcon_core.package_identification:_identify(.) by extension 'ignore_ament_install'
[2.181s] Level 1:colcon.colcon_core.package_identification:_identify(.) by extensions ['colcon_pkg']
[2.182s] Level 1:colcon.colcon_core.package_identification:_identify(.) by extension 'colcon_pkg'
[2.183s] Level 1:colcon.colcon_core.package_identification:_identify(.) by extensions ['colcon_meta']
[2.184s] Level 1:colcon.colcon_core.package_identification:_identify(.) by extension 'colcon_meta'
[2.184s] Level 1:colcon.colcon_core.package_identification:_identify(.) by extensions ['ros']
[2.185s] Level 1:colcon.colcon_core.package_identification:_identify(.) by extension 'ros'
[2.291s] Level 1:colcon.colcon_core.package_identification:_identify(.) by extensions ['cmake', 'python']
[2.292s] Level 1:colcon.colcon_core.package_identification:_identify(.) by extension 'cmake'
[2.293s] Level 1:colcon.colcon_core.package_identification:_identify(.) by extension 'python'
[2.293s] Level 1:colcon.colcon_core.package_identification:_identify(.) by extensions ['python_setup_py']
[2.294s] Level 1:colcon.colcon_core.package_identification:_identify(.) by extension 'python_setup_py'
[2.295s] Level 1:colcon.colcon_core.package_identification:_identify(build) by extensions ['ignore', 'ignore_ament_install']
[2.297s] Level 1:colcon.colcon_core.package_identification:_identify(build) by extension 'ignore'
[2.298s] Level 1:colcon.colcon_core.package_identification:_identify(build) ignored
[2.299s] Level 1:colcon.colcon_core.package_identification:_identify(drivetrain) by extensions ['ignore', 'ignore_ament_install']
[2.300s] Level 1:colcon.colcon_core.package_identification:_identify(drivetrain) by extension 'ignore'
[2.300s] Level 1:colcon.colcon_core.package_identification:_identify(drivetrain) by extension 'ignore_ament_install'
[2.301s] Level 1:colcon.colcon_core.package_identification:_identify(drivetrain) by extensions ['colcon_pkg']
[2.302s] Level 1:colcon.colcon_core.package_identification:_identify(drivetrain) by extension 'colcon_pkg'
[2.302s] Level 1:colcon.colcon_core.package_identification:_identify(drivetrain) by extensions ['colcon_meta']
[2.303s] Level 1:colcon.colcon_core.package_identification:_identify(drivetrain) by extension 'colcon_meta'
[2.303s] Level 1:colcon.colcon_core.package_identification:_identify(drivetrain) by extensions ['ros']
[2.304s] Level 1:colcon.colcon_core.package_identification:_identify(drivetrain) by extension 'ros'
[2.330s] DEBUG:colcon.colcon_core.package_identification:Package 'drivetrain' with type 'ros.ament_cmake' and name 'drivetrain'
[2.332s] Level 1:colcon.colcon_core.package_identification:_identify(install) by extensions ['ignore', 'ignore_ament_install']
[2.335s] Level 1:colcon.colcon_core.package_identification:_identify(install) by extension 'ignore'
[2.336s] Level 1:colcon.colcon_core.package_identification:_identify(install) ignored
[2.340s] Level 1:colcon.colcon_core.package_identification:_identify(log) by extensions ['ignore', 'ignore_ament_install']
[2.341s] Level 1:colcon.colcon_core.package_identification:_identify(log) by extension 'ignore'
[2.342s] Level 1:colcon.colcon_core.package_identification:_identify(log) ignored
[2.343s] Level 1:colcon.colcon_core.package_discovery:discover_packages(recursive) using defaults
[2.344s] Level 1:colcon.colcon_core.package_discovery:discover_packages(ignore) discover
[2.345s] Level 1:colcon.colcon_core.package_discovery:discover_packages(ignore) using defaults
[2.345s] Level 1:colcon.colcon_core.package_discovery:discover_packages(path) discover
[2.346s] Level 1:colcon.colcon_core.package_discovery:discover_packages(path) using defaults
[2.575s] Level 5:colcon.colcon_core.verb:set package 'drivetrain' build argument 'cmake_args' from command line to 'None'
[2.576s] Level 5:colcon.colcon_core.verb:set package 'drivetrain' build argument 'cmake_target' from command line to 'None'
[2.577s] Level 5:colcon.colcon_core.verb:set package 'drivetrain' build argument 'cmake_target_skip_unavailable' from command line to 'False'
[2.577s] Level 5:colcon.colcon_core.verb:set package 'drivetrain' build argument 'cmake_clean_cache' from command line to 'False'
[2.578s] Level 5:colcon.colcon_core.verb:set package 'drivetrain' build argument 'cmake_clean_first' from command line to 'False'
[2.578s] Level 5:colcon.colcon_core.verb:set package 'drivetrain' build argument 'cmake_force_configure' from command line to 'False'
[2.578s] Level 5:colcon.colcon_core.verb:set package 'drivetrain' build argument 'ament_cmake_args' from command line to 'None'
[2.578s] Level 5:colcon.colcon_core.verb:set package 'drivetrain' build argument 'catkin_cmake_args' from command line to 'None'
[2.579s] Level 5:colcon.colcon_core.verb:set package 'drivetrain' build argument 'catkin_skip_building_tests' from command line to 'False'
[2.579s] DEBUG:colcon.colcon_core.verb:Building package 'drivetrain' with the following arguments: {'ament_cmake_args': None, 'build_base': '/TestBotTeaching/build/drivetrain', 'catkin_cmake_args': None, 'catkin_skip_building_tests': False, 'cmake_args': None, 'cmake_clean_cache': False, 'cmake_clean_first': False, 'cmake_force_configure': False, 'cmake_target': None, 'cmake_target_skip_unavailable': False, 'install_base': '/TestBotTeaching/install/drivetrain', 'merge_install': False, 'path': '/TestBotTeaching/drivetrain', 'symlink_install': False, 'test_result_base': None}
[2.580s] INFO:colcon.colcon_core.executor:Executing jobs using 'parallel' executor
[2.592s] DEBUG:colcon.colcon_parallel_executor.executor.parallel:run_until_complete
[2.595s] INFO:colcon.colcon_ros.task.ament_cmake.build:Building ROS package in '/TestBotTeaching/drivetrain' with build type 'ament_cmake'
[2.597s] INFO:colcon.colcon_cmake.task.cmake.build:Building CMake package in '/TestBotTeaching/drivetrain'
[2.627s] INFO:colcon.colcon_core.plugin_system:Skipping extension 'colcon_core.shell.bat': Not used on non-Windows systems
[2.630s] INFO:colcon.colcon_core.shell:Skip shell extension 'powershell' for command environment: Not usable outside of PowerShell
[2.631s] DEBUG:colcon.colcon_core.shell:Skip shell extension 'dsv' for command environment
[2.761s] DEBUG:colcon.colcon_core.event_handler.log_command:Invoking command in '/TestBotTeaching/build/drivetrain': CMAKE_PREFIX_PATH=${CMAKE_PREFIX_PATH}:/opt/ros/humble /usr/bin/cmake --build /TestBotTeaching/build/drivetrain -- -j4 -l4
[9.077s] DEBUG:colcon.colcon_core.event_handler.log_command:Invoked command in '/TestBotTeaching/build/drivetrain' returned '0': CMAKE_PREFIX_PATH=${CMAKE_PREFIX_PATH}:/opt/ros/humble /usr/bin/cmake --build /TestBotTeaching/build/drivetrain -- -j4 -l4
[9.294s] DEBUG:colcon.colcon_core.event_handler.log_command:Invoking command in '/TestBotTeaching/build/drivetrain': CMAKE_PREFIX_PATH=${CMAKE_PREFIX_PATH}:/opt/ros/humble /usr/bin/cmake --install /TestBotTeaching/build/drivetrain
[9.392s] Level 1:colcon.colcon_core.environment:create_environment_scripts_only(drivetrain)
[9.394s] DEBUG:colcon.colcon_core.event_handler.log_command:Invoked command in '/TestBotTeaching/build/drivetrain' returned '0': CMAKE_PREFIX_PATH=${CMAKE_PREFIX_PATH}:/opt/ros/humble /usr/bin/cmake --install /TestBotTeaching/build/drivetrain
[9.411s] Level 1:colcon.colcon_core.environment:checking '/TestBotTeaching/install/drivetrain' for CMake module files
[9.414s] Level 1:colcon.colcon_core.environment:checking '/TestBotTeaching/install/drivetrain' for CMake config files
[9.416s] Level 1:colcon.colcon_core.shell:create_environment_hook('drivetrain', 'cmake_prefix_path')
[9.417s] INFO:colcon.colcon_core.shell:Creating environment hook '/TestBotTeaching/install/drivetrain/share/drivetrain/hook/cmake_prefix_path.ps1'
[9.420s] INFO:colcon.colcon_core.shell:Creating environment descriptor '/TestBotTeaching/install/drivetrain/share/drivetrain/hook/cmake_prefix_path.dsv'
[9.423s] INFO:colcon.colcon_core.shell:Creating environment hook '/TestBotTeaching/install/drivetrain/share/drivetrain/hook/cmake_prefix_path.sh'
[9.427s] Level 1:colcon.colcon_core.environment:checking '/TestBotTeaching/install/drivetrain/lib'
[9.428s] Level 1:colcon.colcon_core.environment:checking '/TestBotTeaching/install/drivetrain/bin'
[9.429s] Level 1:colcon.colcon_core.environment:checking '/TestBotTeaching/install/drivetrain/lib/pkgconfig/drivetrain.pc'
[9.437s] Level 1:colcon.colcon_core.environment:checking '/TestBotTeaching/install/drivetrain/lib/python3.10/site-packages'
[9.438s] Level 1:colcon.colcon_core.environment:checking '/TestBotTeaching/install/drivetrain/bin'
[9.440s] INFO:colcon.colcon_core.shell:Creating package script '/TestBotTeaching/install/drivetrain/share/drivetrain/package.ps1'
[9.444s] INFO:colcon.colcon_core.shell:Creating package descriptor '/TestBotTeaching/install/drivetrain/share/drivetrain/package.dsv'
[9.447s] INFO:colcon.colcon_core.shell:Creating package script '/TestBotTeaching/install/drivetrain/share/drivetrain/package.sh'
[9.451s] INFO:colcon.colcon_core.shell:Creating package script '/TestBotTeaching/install/drivetrain/share/drivetrain/package.bash'
[9.455s] INFO:colcon.colcon_core.shell:Creating package script '/TestBotTeaching/install/drivetrain/share/drivetrain/package.zsh'
[9.459s] Level 1:colcon.colcon_core.environment:create_file_with_runtime_dependencies(/TestBotTeaching/install/drivetrain/share/colcon-core/packages/drivetrain)
[9.731s] Level 1:colcon.colcon_core.environment:create_environment_scripts_only(drivetrain)
[9.740s] Level 1:colcon.colcon_core.environment:checking '/TestBotTeaching/install/drivetrain' for CMake module files
[9.751s] Level 1:colcon.colcon_core.environment:checking '/TestBotTeaching/install/drivetrain' for CMake config files
[9.754s] Level 1:colcon.colcon_core.shell:create_environment_hook('drivetrain', 'cmake_prefix_path')
[9.756s] INFO:colcon.colcon_core.shell:Creating environment hook '/TestBotTeaching/install/drivetrain/share/drivetrain/hook/cmake_prefix_path.ps1'
[9.764s] INFO:colcon.colcon_core.shell:Creating environment descriptor '/TestBotTeaching/install/drivetrain/share/drivetrain/hook/cmake_prefix_path.dsv'
[9.771s] INFO:colcon.colcon_core.shell:Creating environment hook '/TestBotTeaching/install/drivetrain/share/drivetrain/hook/cmake_prefix_path.sh'
[9.784s] Level 1:colcon.colcon_core.environment:checking '/TestBotTeaching/install/drivetrain/lib'
[9.786s] Level 1:colcon.colcon_core.environment:checking '/TestBotTeaching/install/drivetrain/bin'
[9.787s] Level 1:colcon.colcon_core.environment:checking '/TestBotTeaching/install/drivetrain/lib/pkgconfig/drivetrain.pc'
[9.790s] Level 1:colcon.colcon_core.environment:checking '/TestBotTeaching/install/drivetrain/lib/python3.10/site-packages'
[9.792s] Level 1:colcon.colcon_core.environment:checking '/TestBotTeaching/install/drivetrain/bin'
[9.796s] INFO:colcon.colcon_core.shell:Creating package script '/TestBotTeaching/install/drivetrain/share/drivetrain/package.ps1'
[9.806s] INFO:colcon.colcon_core.shell:Creating package descriptor '/TestBotTeaching/install/drivetrain/share/drivetrain/package.dsv'
[9.813s] INFO:colcon.colcon_core.shell:Creating package script '/TestBotTeaching/install/drivetrain/share/drivetrain/package.sh'
[9.821s] INFO:colcon.colcon_core.shell:Creating package script '/TestBotTeaching/install/drivetrain/share/drivetrain/package.bash'
[9.828s] INFO:colcon.colcon_core.shell:Creating package script '/TestBotTeaching/install/drivetrain/share/drivetrain/package.zsh'
[9.834s] Level 1:colcon.colcon_core.environment:create_file_with_runtime_dependencies(/TestBotTeaching/install/drivetrain/share/colcon-core/packages/drivetrain)
[9.840s] DEBUG:colcon.colcon_parallel_executor.executor.parallel:closing loop
[9.842s] DEBUG:colcon.colcon_parallel_executor.executor.parallel:loop closed
[9.847s] DEBUG:colcon.colcon_parallel_executor.executor.parallel:run_until_complete finished with '0'
[9.848s] DEBUG:colcon.colcon_core.event_reactor:joining thread
[9.948s] INFO:colcon.colcon_core.plugin_system:Skipping extension 'colcon_notification.desktop_notification.notify_send': Could not find 'notify-send'
[9.949s] INFO:colcon.colcon_core.plugin_system:Skipping extension 'colcon_notification.desktop_notification.terminal_notifier': Not used on non-Darwin systems
[9.951s] INFO:colcon.colcon_core.plugin_system:Skipping extension 'colcon_notification.desktop_notification.win32': Not used on non-Windows systems
[9.952s] INFO:colcon.colcon_notification.desktop_notification:Sending desktop notification using 'notify2'
[9.954s] DEBUG:colcon.colcon_notification.desktop_notification.notify2:Failed to initialize notify2: org.freedesktop.DBus.Error.NotSupported: Unable to autolaunch a dbus-daemon without a $DISPLAY for X11
[9.955s] DEBUG:colcon.colcon_core.event_reactor:joined thread
[9.957s] INFO:colcon.colcon_core.shell:Creating prefix script '/TestBotTeaching/install/local_setup.ps1'
[9.967s] INFO:colcon.colcon_core.shell:Creating prefix util module '/TestBotTeaching/install/_local_setup_util_ps1.py'
[9.976s] INFO:colcon.colcon_core.shell:Creating prefix chain script '/TestBotTeaching/install/setup.ps1'
[9.991s] INFO:colcon.colcon_core.shell:Creating prefix script '/TestBotTeaching/install/local_setup.sh'
[9.999s] INFO:colcon.colcon_core.shell:Creating prefix util module '/TestBotTeaching/install/_local_setup_util_sh.py'
[10.007s] INFO:colcon.colcon_core.shell:Creating prefix chain script '/TestBotTeaching/install/setup.sh'
[10.015s] INFO:colcon.colcon_core.shell:Creating prefix script '/TestBotTeaching/install/local_setup.bash'
[10.022s] INFO:colcon.colcon_core.shell:Creating prefix chain script '/TestBotTeaching/install/setup.bash'
[10.033s] INFO:colcon.colcon_core.shell:Creating prefix script '/TestBotTeaching/install/local_setup.zsh'
[10.041s] INFO:colcon.colcon_core.shell:Creating prefix chain script '/TestBotTeaching/install/setup.zsh'
