[01m[K/Testbot/src/testbot_ws/src/drivetrain/src/uart.cpp:[m[K In constructor ‘[01m[KUart::Uart()[m[K’:
[01m[K/Testbot/src/testbot_ws/src/drivetrain/src/uart.cpp:18:7:[m[K [01;35m[Kwarning: [m[Kunused variable ‘[01m[Kii[m[K’ [[01;35m[K-Wunused-variable[m[K]
   18 |   int [01;35m[Kii[m[K, jj, kk;
      |       [01;35m[K^~[m[K
[01m[K/Testbot/src/testbot_ws/src/drivetrain/src/uart.cpp:18:11:[m[K [01;35m[Kwarning: [m[Kunused variable ‘[01m[Kjj[m[K’ [[01;35m[K-Wunused-variable[m[K]
   18 |   int ii, [01;35m[Kjj[m[K, kk;
      |           [01;35m[K^~[m[K
[01m[K/Testbot/src/testbot_ws/src/drivetrain/src/uart.cpp:18:15:[m[K [01;35m[Kwarning: [m[Kunused variable ‘[01m[Kkk[m[K’ [[01;35m[K-Wunused-variable[m[K]
   18 |   int ii, jj, [01;35m[Kkk[m[K;
      |               [01;35m[K^~[m[K
[01m[K/Testbot/src/testbot_ws/src/drivetrain/src/uart.cpp:[m[K In function ‘[01m[Kint main(int, char**)[m[K’:
[01m[K/Testbot/src/testbot_ws/src/drivetrain/src/uart.cpp:245:14:[m[K [01;35m[Kwarning: [m[Kunused parameter ‘[01m[Kargc[m[K’ [[01;35m[K-Wunused-parameter[m[K]
  245 | int main([01;35m[Kint argc[m[K, char *argv[]) {
      |          [01;35m[K~~~~^~~~[m[K
[01m[K/Testbot/src/testbot_ws/src/drivetrain/src/uart.cpp:245:26:[m[K [01;35m[Kwarning: [m[Kunused parameter ‘[01m[Kargv[m[K’ [[01;35m[K-Wunused-parameter[m[K]
  245 | int main(int argc, [01;35m[Kchar *argv[][m[K) {
      |                    [01;35m[K~~~~~~^~~~~~[m[K
[01m[K/Testbot/src/testbot_ws/src/drivetrain/src/uart.cpp:[m[K In constructor ‘[01m[KUart::Uart()[m[K’:
[01m[K/Testbot/src/testbot_ws/src/drivetrain/src/uart.cpp:24:12:[m[K [01;35m[Kwarning: [m[K‘[01m[K*this.Uart::fid[m[K’ is used uninitialized [[01;35m[K-Wuninitialized[m[K]
   24 |   [01;35m[Ktcgetattr(fid, &port_options)[m[K;        // Get the current attributes of the Serial port
      |   [01;35m[K~~~~~~~~~^~~~~~~~~~~~~~~~~~~~[m[K
/usr/bin/ld: CMakeFiles/drivetrainNode.dir/src/uart.cpp.o:(.data.rel.local+0x0): multiple definition of `uart_target'; CMakeFiles/drivetrainNode.dir/src/drivesub.cpp.o:(.data.rel.local+0x0): first defined here
/usr/bin/ld: CMakeFiles/drivetrainNode.dir/src/uart.cpp.o: in function `main':
uart.cpp:(.text+0x5ec): multiple definition of `main'; CMakeFiles/drivetrainNode.dir/src/drivesub.cpp.o:drivesub.cpp:(.text+0x80): first defined here
collect2: error: ld returned 1 exit status
gmake[2]: *** [CMakeFiles/drivetrainNode.dir/build.make:191: drivetrainNode] Error 1
gmake[1]: *** [CMakeFiles/Makefile2:137: CMakeFiles/drivetrainNode.dir/all] Error 2
gmake: *** [Makefile:146: all] Error 2
