[0.078s] Invoking command in '/Testbot/build/drivetrain': CMAKE_PREFIX_PATH=${CMAKE_PREFIX_PATH}:/opt/ros/humble /usr/bin/cmake --build /Testbot/build/drivetrain -- -j4 -l4
[0.235s] -- Found ament_cmake: 1.3.10 (/opt/ros/humble/share/ament_cmake/cmake)
[1.452s] -- Override CMake install command with custom implementation using symlinks instead of copying resources
[1.574s] -- Found rclcpp: 16.0.10 (/opt/ros/humble/share/rclcpp/cmake)
[1.936s] -- Found rosidl_generator_c: 3.1.5 (/opt/ros/humble/share/rosidl_generator_c/cmake)
[1.969s] -- Found rosidl_adapter: 3.1.5 (/opt/ros/humble/share/rosidl_adapter/cmake)
[2.067s] -- Found rosidl_generator_cpp: 3.1.5 (/opt/ros/humble/share/rosidl_generator_cpp/cmake)
[2.173s] -- Using all available rosidl_typesupport_c: rosidl_typesupport_fastrtps_c;rosidl_typesupport_introspection_c
[2.270s] -- Using all available rosidl_typesupport_cpp: rosidl_typesupport_fastrtps_cpp;rosidl_typesupport_introspection_cpp
[2.474s] -- Found rmw_implementation_cmake: 6.1.2 (/opt/ros/humble/share/rmw_implementation_cmake/cmake)
[2.482s] -- Found rmw_fastrtps_cpp: 6.2.7 (/opt/ros/humble/share/rmw_fastrtps_cpp/cmake)
[3.057s] -- Using RMW implementation 'rmw_fastrtps_cpp' as default
[3.343s] -- Found sensor_msgs: 4.2.4 (/opt/ros/humble/share/sensor_msgs/cmake)
[3.520s] -- Found ament_lint_auto: 0.12.11 (/opt/ros/humble/share/ament_lint_auto/cmake)
[3.981s] -- Added test 'cppcheck' to perform static code analysis on C / C++ code
[3.981s] -- Configured cppcheck include dirs: 
[3.982s] -- Configured cppcheck exclude dirs and/or files: 
[3.986s] -- Added test 'flake8' to check Python code syntax and style conventions
[3.993s] -- Added test 'lint_cmake' to check CMake code style
[3.998s] -- Added test 'pep257' to check Python code against some of the docstring style conventions in PEP 257
[4.024s] -- Added test 'uncrustify' to check C / C++ code style
[4.024s] -- Configured uncrustify additional arguments: 
[4.030s] -- Added test 'xmllint' to check XML markup files
[4.038s] -- Configuring done
[4.071s] [31mCMake Error at CMakeLists.txt:16 (add_executable):
[4.071s]   Cannot find source file:
[4.072s] 
[4.072s]     /Testbot/src/testbot_ws/src/drivetrain/src/uart.c
[4.073s] 
[4.073s]   Tried extensions .c .C .c++ .cc .cpp .cxx .cu .mpp .m .M .mm .ixx .cppm .h
[4.073s]   .hh .h++ .hm .hpp .hxx .in .txx .f .F .for .f77 .f90 .f95 .f03 .hip .ispc
[4.074s] 
[4.074s] [0m
[4.078s] [31mCMake Error at CMakeLists.txt:16 (add_executable):
[4.079s]   No SOURCES given to target: drivetrainNode
[4.080s] 
[4.080s] [0m
[4.081s] [0mCMake Generate step failed.  Build files cannot be regenerated correctly.[0m
[4.111s] gmake: *** [Makefile:267: cmake_check_build_system] Error 1
[4.128s] Invoked command in '/Testbot/build/drivetrain' returned '2': CMAKE_PREFIX_PATH=${CMAKE_PREFIX_PATH}:/opt/ros/humble /usr/bin/cmake --build /Testbot/build/drivetrain -- -j4 -l4
