[0.891s] DEBUG:colcon:Command line arguments: ['/usr/bin/colcon', 'build']
[0.891s] DEBUG:colcon:Parsed command line arguments: Namespace(log_base=None, log_level=None, verb_name='build', build_base='build', install_base='install', merge_install=False, symlink_install=False, test_result_base=None, continue_on_error=False, executor='parallel', parallel_workers=4, event_handlers=None, ignore_user_meta=False, metas=['./colcon.meta'], base_paths=['.'], packages_ignore=None, packages_ignore_regex=None, paths=None, packages_up_to=None, packages_up_to_regex=None, packages_above=None, packages_above_and_dependencies=None, packages_above_depth=None, packages_select_by_dep=None, packages_skip_by_dep=None, packages_skip_up_to=None, packages_select_build_failed=False, packages_skip_build_finished=False, packages_select_test_failures=False, packages_skip_test_passed=False, packages_select=None, packages_skip=None, packages_select_regex=None, packages_skip_regex=None, packages_start=None, packages_end=None, cmake_args=None, cmake_target=None, cmake_target_skip_unavailable=False, cmake_clean_cache=False, cmake_clean_first=False, cmake_force_configure=False, ament_cmake_args=None, catkin_cmake_args=None, catkin_skip_building_tests=False, mixin_files=None, mixin=None, verb_parser=<colcon_mixin.mixin.mixin_argument.MixinArgumentDecorator object at 0xffff92aec5e0>, verb_extension=<colcon_core.verb.build.BuildVerb object at 0xffff92c38c10>, main=<bound method BuildVerb.main of <colcon_core.verb.build.BuildVerb object at 0xffff92c38c10>>, mixin_verb=('build',))
[1.961s] Level 1:colcon.colcon_core.package_discovery:discover_packages(colcon_meta) check parameters
[1.962s] Level 1:colcon.colcon_core.package_discovery:discover_packages(recursive) check parameters
[1.962s] Level 1:colcon.colcon_core.package_discovery:discover_packages(ignore) check parameters
[1.962s] Level 1:colcon.colcon_core.package_discovery:discover_packages(path) check parameters
[1.962s] Level 1:colcon.colcon_core.package_discovery:discover_packages(colcon_meta) discover
[1.963s] Level 1:colcon.colcon_core.package_discovery:discover_packages(recursive) discover
[1.963s] INFO:colcon.colcon_core.package_discovery:Crawling recursively for packages in '/TestBotTeaching'
[1.964s] Level 1:colcon.colcon_core.package_identification:_identify(.) by extensions ['ignore', 'ignore_ament_install']
[1.964s] Level 1:colcon.colcon_core.package_identification:_identify(.) by extension 'ignore'
[1.964s] Level 1:colcon.colcon_core.package_identification:_identify(.) by extension 'ignore_ament_install'
[1.965s] Level 1:colcon.colcon_core.package_identification:_identify(.) by extensions ['colcon_pkg']
[1.965s] Level 1:colcon.colcon_core.package_identification:_identify(.) by extension 'colcon_pkg'
[1.965s] Level 1:colcon.colcon_core.package_identification:_identify(.) by extensions ['colcon_meta']
[1.966s] Level 1:colcon.colcon_core.package_identification:_identify(.) by extension 'colcon_meta'
[1.966s] Level 1:colcon.colcon_core.package_identification:_identify(.) by extensions ['ros']
[1.966s] Level 1:colcon.colcon_core.package_identification:_identify(.) by extension 'ros'
[2.042s] Level 1:colcon.colcon_core.package_identification:_identify(.) by extensions ['cmake', 'python']
[2.043s] Level 1:colcon.colcon_core.package_identification:_identify(.) by extension 'cmake'
[2.043s] Level 1:colcon.colcon_core.package_identification:_identify(.) by extension 'python'
[2.044s] Level 1:colcon.colcon_core.package_identification:_identify(.) by extensions ['python_setup_py']
[2.045s] Level 1:colcon.colcon_core.package_identification:_identify(.) by extension 'python_setup_py'
[2.047s] Level 1:colcon.colcon_core.package_identification:_identify(build) by extensions ['ignore', 'ignore_ament_install']
[2.048s] Level 1:colcon.colcon_core.package_identification:_identify(build) by extension 'ignore'
[2.049s] Level 1:colcon.colcon_core.package_identification:_identify(build) ignored
[2.050s] Level 1:colcon.colcon_core.package_identification:_identify(drivetrain) by extensions ['ignore', 'ignore_ament_install']
[2.051s] Level 1:colcon.colcon_core.package_identification:_identify(drivetrain) by extension 'ignore'
[2.053s] Level 1:colcon.colcon_core.package_identification:_identify(drivetrain) by extension 'ignore_ament_install'
[2.054s] Level 1:colcon.colcon_core.package_identification:_identify(drivetrain) by extensions ['colcon_pkg']
[2.054s] Level 1:colcon.colcon_core.package_identification:_identify(drivetrain) by extension 'colcon_pkg'
[2.055s] Level 1:colcon.colcon_core.package_identification:_identify(drivetrain) by extensions ['colcon_meta']
[2.056s] Level 1:colcon.colcon_core.package_identification:_identify(drivetrain) by extension 'colcon_meta'
[2.057s] Level 1:colcon.colcon_core.package_identification:_identify(drivetrain) by extensions ['ros']
[2.057s] Level 1:colcon.colcon_core.package_identification:_identify(drivetrain) by extension 'ros'
[2.070s] DEBUG:colcon.colcon_core.package_identification:Package 'drivetrain' with type 'ros.ament_cmake' and name 'drivetrain'
[2.072s] Level 1:colcon.colcon_core.package_identification:_identify(install) by extensions ['ignore', 'ignore_ament_install']
[2.072s] Level 1:colcon.colcon_core.package_identification:_identify(install) by extension 'ignore'
[2.073s] Level 1:colcon.colcon_core.package_identification:_identify(install) ignored
[2.075s] Level 1:colcon.colcon_core.package_identification:_identify(log) by extensions ['ignore', 'ignore_ament_install']
[2.076s] Level 1:colcon.colcon_core.package_identification:_identify(log) by extension 'ignore'
[2.076s] Level 1:colcon.colcon_core.package_identification:_identify(log) ignored
[2.077s] Level 1:colcon.colcon_core.package_identification:_identify(micro_ros_working) by extensions ['ignore', 'ignore_ament_install']
[2.077s] Level 1:colcon.colcon_core.package_identification:_identify(micro_ros_working) by extension 'ignore'
[2.078s] Level 1:colcon.colcon_core.package_identification:_identify(micro_ros_working) by extension 'ignore_ament_install'
[2.078s] Level 1:colcon.colcon_core.package_identification:_identify(micro_ros_working) by extensions ['colcon_pkg']
[2.078s] Level 1:colcon.colcon_core.package_identification:_identify(micro_ros_working) by extension 'colcon_pkg'
[2.078s] Level 1:colcon.colcon_core.package_identification:_identify(micro_ros_working) by extensions ['colcon_meta']
[2.079s] Level 1:colcon.colcon_core.package_identification:_identify(micro_ros_working) by extension 'colcon_meta'
[2.079s] Level 1:colcon.colcon_core.package_identification:_identify(micro_ros_working) by extensions ['ros']
[2.079s] Level 1:colcon.colcon_core.package_identification:_identify(micro_ros_working) by extension 'ros'
[2.081s] DEBUG:colcon.colcon_core.package_identification:Package 'micro_ros_working' with type 'ros.catkin' and name 'micro_ros_raspberrypicosdk'
[2.082s] Level 1:colcon.colcon_core.package_identification:_identify(pythonDriving) by extensions ['ignore', 'ignore_ament_install']
[2.083s] Level 1:colcon.colcon_core.package_identification:_identify(pythonDriving) by extension 'ignore'
[2.083s] Level 1:colcon.colcon_core.package_identification:_identify(pythonDriving) by extension 'ignore_ament_install'
[2.084s] Level 1:colcon.colcon_core.package_identification:_identify(pythonDriving) by extensions ['colcon_pkg']
[2.084s] Level 1:colcon.colcon_core.package_identification:_identify(pythonDriving) by extension 'colcon_pkg'
[2.085s] Level 1:colcon.colcon_core.package_identification:_identify(pythonDriving) by extensions ['colcon_meta']
[2.085s] Level 1:colcon.colcon_core.package_identification:_identify(pythonDriving) by extension 'colcon_meta'
[2.085s] Level 1:colcon.colcon_core.package_identification:_identify(pythonDriving) by extensions ['ros']
[2.085s] Level 1:colcon.colcon_core.package_identification:_identify(pythonDriving) by extension 'ros'
[2.089s] DEBUG:colcon.colcon_core.package_identification:Package 'pythonDriving' with type 'ros.ament_python' and name 'pythonDriving'
[2.090s] Level 1:colcon.colcon_core.package_discovery:discover_packages(recursive) using defaults
[2.090s] Level 1:colcon.colcon_core.package_discovery:discover_packages(ignore) discover
[2.091s] Level 1:colcon.colcon_core.package_discovery:discover_packages(ignore) using defaults
[2.091s] Level 1:colcon.colcon_core.package_discovery:discover_packages(path) discover
[2.091s] Level 1:colcon.colcon_core.package_discovery:discover_packages(path) using defaults
[2.348s] Level 5:colcon.colcon_core.verb:set package 'drivetrain' build argument 'cmake_args' from command line to 'None'
[2.349s] Level 5:colcon.colcon_core.verb:set package 'drivetrain' build argument 'cmake_target' from command line to 'None'
[2.349s] Level 5:colcon.colcon_core.verb:set package 'drivetrain' build argument 'cmake_target_skip_unavailable' from command line to 'False'
[2.350s] Level 5:colcon.colcon_core.verb:set package 'drivetrain' build argument 'cmake_clean_cache' from command line to 'False'
[2.350s] Level 5:colcon.colcon_core.verb:set package 'drivetrain' build argument 'cmake_clean_first' from command line to 'False'
[2.351s] Level 5:colcon.colcon_core.verb:set package 'drivetrain' build argument 'cmake_force_configure' from command line to 'False'
[2.351s] Level 5:colcon.colcon_core.verb:set package 'drivetrain' build argument 'ament_cmake_args' from command line to 'None'
[2.352s] Level 5:colcon.colcon_core.verb:set package 'drivetrain' build argument 'catkin_cmake_args' from command line to 'None'
[2.352s] Level 5:colcon.colcon_core.verb:set package 'drivetrain' build argument 'catkin_skip_building_tests' from command line to 'False'
[2.352s] DEBUG:colcon.colcon_core.verb:Building package 'drivetrain' with the following arguments: {'ament_cmake_args': None, 'build_base': '/TestBotTeaching/build/drivetrain', 'catkin_cmake_args': None, 'catkin_skip_building_tests': False, 'cmake_args': None, 'cmake_clean_cache': False, 'cmake_clean_first': False, 'cmake_force_configure': False, 'cmake_target': None, 'cmake_target_skip_unavailable': False, 'install_base': '/TestBotTeaching/install/drivetrain', 'merge_install': False, 'path': '/TestBotTeaching/drivetrain', 'symlink_install': False, 'test_result_base': None}
[2.355s] Level 5:colcon.colcon_core.verb:set package 'micro_ros_raspberrypicosdk' build argument 'cmake_args' from command line to 'None'
[2.355s] Level 5:colcon.colcon_core.verb:set package 'micro_ros_raspberrypicosdk' build argument 'cmake_target' from command line to 'None'
[2.356s] Level 5:colcon.colcon_core.verb:set package 'micro_ros_raspberrypicosdk' build argument 'cmake_target_skip_unavailable' from command line to 'False'
[2.356s] Level 5:colcon.colcon_core.verb:set package 'micro_ros_raspberrypicosdk' build argument 'cmake_clean_cache' from command line to 'False'
[2.356s] Level 5:colcon.colcon_core.verb:set package 'micro_ros_raspberrypicosdk' build argument 'cmake_clean_first' from command line to 'False'
[2.357s] Level 5:colcon.colcon_core.verb:set package 'micro_ros_raspberrypicosdk' build argument 'cmake_force_configure' from command line to 'False'
[2.357s] Level 5:colcon.colcon_core.verb:set package 'micro_ros_raspberrypicosdk' build argument 'ament_cmake_args' from command line to 'None'
[2.357s] Level 5:colcon.colcon_core.verb:set package 'micro_ros_raspberrypicosdk' build argument 'catkin_cmake_args' from command line to 'None'
[2.357s] Level 5:colcon.colcon_core.verb:set package 'micro_ros_raspberrypicosdk' build argument 'catkin_skip_building_tests' from command line to 'False'
[2.358s] DEBUG:colcon.colcon_core.verb:Building package 'micro_ros_raspberrypicosdk' with the following arguments: {'ament_cmake_args': None, 'build_base': '/TestBotTeaching/build/micro_ros_raspberrypicosdk', 'catkin_cmake_args': None, 'catkin_skip_building_tests': False, 'cmake_args': None, 'cmake_clean_cache': False, 'cmake_clean_first': False, 'cmake_force_configure': False, 'cmake_target': None, 'cmake_target_skip_unavailable': False, 'install_base': '/TestBotTeaching/install/micro_ros_raspberrypicosdk', 'merge_install': False, 'path': '/TestBotTeaching/micro_ros_working', 'symlink_install': False, 'test_result_base': None}
[2.360s] Level 5:colcon.colcon_core.verb:set package 'pythonDriving' build argument 'cmake_args' from command line to 'None'
[2.361s] Level 5:colcon.colcon_core.verb:set package 'pythonDriving' build argument 'cmake_target' from command line to 'None'
[2.361s] Level 5:colcon.colcon_core.verb:set package 'pythonDriving' build argument 'cmake_target_skip_unavailable' from command line to 'False'
[2.361s] Level 5:colcon.colcon_core.verb:set package 'pythonDriving' build argument 'cmake_clean_cache' from command line to 'False'
[2.362s] Level 5:colcon.colcon_core.verb:set package 'pythonDriving' build argument 'cmake_clean_first' from command line to 'False'
[2.362s] Level 5:colcon.colcon_core.verb:set package 'pythonDriving' build argument 'cmake_force_configure' from command line to 'False'
[2.362s] Level 5:colcon.colcon_core.verb:set package 'pythonDriving' build argument 'ament_cmake_args' from command line to 'None'
[2.363s] Level 5:colcon.colcon_core.verb:set package 'pythonDriving' build argument 'catkin_cmake_args' from command line to 'None'
[2.363s] Level 5:colcon.colcon_core.verb:set package 'pythonDriving' build argument 'catkin_skip_building_tests' from command line to 'False'
[2.363s] DEBUG:colcon.colcon_core.verb:Building package 'pythonDriving' with the following arguments: {'ament_cmake_args': None, 'build_base': '/TestBotTeaching/build/pythonDriving', 'catkin_cmake_args': None, 'catkin_skip_building_tests': False, 'cmake_args': None, 'cmake_clean_cache': False, 'cmake_clean_first': False, 'cmake_force_configure': False, 'cmake_target': None, 'cmake_target_skip_unavailable': False, 'install_base': '/TestBotTeaching/install/pythonDriving', 'merge_install': False, 'path': '/TestBotTeaching/pythonDriving', 'symlink_install': False, 'test_result_base': None}
[2.365s] INFO:colcon.colcon_core.executor:Executing jobs using 'parallel' executor
[2.370s] DEBUG:colcon.colcon_parallel_executor.executor.parallel:run_until_complete
[2.371s] INFO:colcon.colcon_ros.task.ament_cmake.build:Building ROS package in '/TestBotTeaching/drivetrain' with build type 'ament_cmake'
[2.372s] INFO:colcon.colcon_cmake.task.cmake.build:Building CMake package in '/TestBotTeaching/drivetrain'
[2.412s] INFO:colcon.colcon_core.plugin_system:Skipping extension 'colcon_core.shell.bat': Not used on non-Windows systems
[2.414s] INFO:colcon.colcon_core.shell:Skip shell extension 'powershell' for command environment: Not usable outside of PowerShell
[2.415s] DEBUG:colcon.colcon_core.shell:Skip shell extension 'dsv' for command environment
[2.461s] INFO:colcon.colcon_ros.task.catkin.build:Building ROS package in '/TestBotTeaching/micro_ros_working' with build type 'catkin'
[2.461s] INFO:colcon.colcon_cmake.task.cmake.build:Building CMake package in '/TestBotTeaching/micro_ros_working'
[2.463s] INFO:colcon.colcon_core.shell:Skip shell extension 'powershell' for command environment: Not usable outside of PowerShell
[2.464s] DEBUG:colcon.colcon_core.shell:Skip shell extension 'dsv' for command environment
[2.524s] INFO:colcon.colcon_ros.task.ament_python.build:Building ROS package in '/TestBotTeaching/pythonDriving' with build type 'ament_python'
[2.525s] Level 1:colcon.colcon_core.shell:create_environment_hook('pythonDriving', 'ament_prefix_path')
[2.527s] INFO:colcon.colcon_core.shell:Creating environment hook '/TestBotTeaching/install/pythonDriving/share/pythonDriving/hook/ament_prefix_path.ps1'
[2.537s] INFO:colcon.colcon_core.shell:Creating environment descriptor '/TestBotTeaching/install/pythonDriving/share/pythonDriving/hook/ament_prefix_path.dsv'
[2.549s] INFO:colcon.colcon_core.shell:Creating environment hook '/TestBotTeaching/install/pythonDriving/share/pythonDriving/hook/ament_prefix_path.sh'
[2.594s] INFO:colcon.colcon_core.shell:Skip shell extension 'powershell' for command environment: Not usable outside of PowerShell
[2.595s] DEBUG:colcon.colcon_core.shell:Skip shell extension 'dsv' for command environment
[2.712s] DEBUG:colcon.colcon_core.event_handler.log_command:Invoking command in '/TestBotTeaching/build/drivetrain': CMAKE_PREFIX_PATH=/opt/ros/humble /usr/bin/cmake --build /TestBotTeaching/build/drivetrain -- -j4 -l4
[2.739s] DEBUG:colcon.colcon_core.event_handler.log_command:Invoking command in '/TestBotTeaching/build/micro_ros_raspberrypicosdk': /usr/bin/cmake /TestBotTeaching/micro_ros_working -DCATKIN_INSTALL_INTO_PREFIX_ROOT=0 -DCMAKE_INSTALL_PREFIX=/TestBotTeaching/install/micro_ros_raspberrypicosdk
[6.048s] INFO:colcon.colcon_core.task.python.build:Building Python package in '/TestBotTeaching/pythonDriving'
[6.050s] INFO:colcon.colcon_core.shell:Skip shell extension 'powershell' for command environment: Not usable outside of PowerShell
[6.050s] DEBUG:colcon.colcon_core.shell:Skip shell extension 'dsv' for command environment
[6.103s] DEBUG:colcon.colcon_core.event_handler.log_command:Invoked command in '/TestBotTeaching/build/micro_ros_raspberrypicosdk' returned '1': /usr/bin/cmake /TestBotTeaching/micro_ros_working -DCATKIN_INSTALL_INTO_PREFIX_ROOT=0 -DCMAKE_INSTALL_PREFIX=/TestBotTeaching/install/micro_ros_raspberrypicosdk
[6.204s] Level 1:colcon.colcon_core.environment:create_environment_scripts_only(micro_ros_raspberrypicosdk)
[6.264s] Level 1:colcon.colcon_core.environment:checking '/TestBotTeaching/install/micro_ros_raspberrypicosdk' for CMake module files
[6.274s] Level 1:colcon.colcon_core.environment:checking '/TestBotTeaching/install/micro_ros_raspberrypicosdk' for CMake config files
[6.280s] Level 1:colcon.colcon_core.environment:checking '/TestBotTeaching/install/micro_ros_raspberrypicosdk/bin'
[6.281s] Level 1:colcon.colcon_core.environment:checking '/TestBotTeaching/install/micro_ros_raspberrypicosdk/lib/pkgconfig/micro_ros_raspberrypicosdk.pc'
[6.283s] Level 1:colcon.colcon_core.environment:checking '/TestBotTeaching/install/micro_ros_raspberrypicosdk/lib/python3.10/site-packages'
[6.284s] Level 1:colcon.colcon_core.environment:checking '/TestBotTeaching/install/micro_ros_raspberrypicosdk/bin'
[6.286s] INFO:colcon.colcon_core.shell:Creating package script '/TestBotTeaching/install/micro_ros_raspberrypicosdk/share/micro_ros_raspberrypicosdk/package.ps1'
[6.292s] INFO:colcon.colcon_core.shell:Creating package descriptor '/TestBotTeaching/install/micro_ros_raspberrypicosdk/share/micro_ros_raspberrypicosdk/package.dsv'
[6.311s] INFO:colcon.colcon_core.shell:Creating package script '/TestBotTeaching/install/micro_ros_raspberrypicosdk/share/micro_ros_raspberrypicosdk/package.sh'
[6.324s] INFO:colcon.colcon_core.shell:Creating package script '/TestBotTeaching/install/micro_ros_raspberrypicosdk/share/micro_ros_raspberrypicosdk/package.bash'
[6.335s] INFO:colcon.colcon_core.shell:Creating package script '/TestBotTeaching/install/micro_ros_raspberrypicosdk/share/micro_ros_raspberrypicosdk/package.zsh'
[6.341s] Level 1:colcon.colcon_core.environment:create_file_with_runtime_dependencies(/TestBotTeaching/install/micro_ros_raspberrypicosdk/share/colcon-core/packages/micro_ros_raspberrypicosdk)
[24.955s] DEBUG:colcon.colcon_parallel_executor.executor.parallel:run_until_complete was interrupted
[24.956s] DEBUG:colcon.colcon_parallel_executor.executor.parallel:run_until_complete again
[25.098s] DEBUG:colcon.colcon_parallel_executor.executor.parallel:run_until_complete finished
[25.104s] DEBUG:colcon.colcon_parallel_executor.executor.parallel:closing loop
[25.111s] DEBUG:colcon.colcon_parallel_executor.executor.parallel:loop closed
[25.112s] DEBUG:colcon.colcon_core.event_reactor:joining thread
[25.174s] INFO:colcon.colcon_core.plugin_system:Skipping extension 'colcon_notification.desktop_notification.notify_send': Could not find 'notify-send'
[25.174s] INFO:colcon.colcon_core.plugin_system:Skipping extension 'colcon_notification.desktop_notification.terminal_notifier': Not used on non-Darwin systems
[25.175s] INFO:colcon.colcon_core.plugin_system:Skipping extension 'colcon_notification.desktop_notification.win32': Not used on non-Windows systems
[25.175s] INFO:colcon.colcon_notification.desktop_notification:Sending desktop notification using 'notify2'
[25.200s] DEBUG:colcon.colcon_notification.desktop_notification.notify2:Failed to initialize notify2: org.freedesktop.DBus.Error.Spawn.ExecFailed: /usr/bin/dbus-launch terminated abnormally without any error message
[25.206s] DEBUG:colcon.colcon_core.event_reactor:joined thread
[25.210s] INFO:colcon.colcon_core.shell:Creating prefix script '/TestBotTeaching/install/local_setup.ps1'
[25.229s] INFO:colcon.colcon_core.shell:Creating prefix util module '/TestBotTeaching/install/_local_setup_util_ps1.py'
[25.253s] INFO:colcon.colcon_core.shell:Creating prefix chain script '/TestBotTeaching/install/setup.ps1'
[25.263s] INFO:colcon.colcon_core.shell:Creating prefix script '/TestBotTeaching/install/local_setup.sh'
[25.272s] INFO:colcon.colcon_core.shell:Creating prefix util module '/TestBotTeaching/install/_local_setup_util_sh.py'
[25.287s] INFO:colcon.colcon_core.shell:Creating prefix chain script '/TestBotTeaching/install/setup.sh'
[25.306s] INFO:colcon.colcon_core.shell:Creating prefix script '/TestBotTeaching/install/local_setup.bash'
[25.318s] INFO:colcon.colcon_core.shell:Creating prefix chain script '/TestBotTeaching/install/setup.bash'
[25.328s] INFO:colcon.colcon_core.shell:Creating prefix script '/TestBotTeaching/install/local_setup.zsh'
[25.333s] INFO:colcon.colcon_core.shell:Creating prefix chain script '/TestBotTeaching/install/setup.zsh'
