[0.552s] DEBUG:colcon:Command line arguments: ['/usr/bin/colcon', 'build']
[0.553s] DEBUG:colcon:Parsed command line arguments: Namespace(log_base=None, log_level=None, verb_name='build', build_base='build', install_base='install', merge_install=False, symlink_install=False, test_result_base=None, continue_on_error=False, executor='parallel', parallel_workers=4, event_handlers=None, ignore_user_meta=False, metas=['./colcon.meta'], base_paths=['.'], packages_ignore=None, packages_ignore_regex=None, paths=None, packages_up_to=None, packages_up_to_regex=None, packages_above=None, packages_above_and_dependencies=None, packages_above_depth=None, packages_select_by_dep=None, packages_skip_by_dep=None, packages_skip_up_to=None, packages_select_build_failed=False, packages_skip_build_finished=False, packages_select_test_failures=False, packages_skip_test_passed=False, packages_select=None, packages_skip=None, packages_select_regex=None, packages_skip_regex=None, packages_start=None, packages_end=None, cmake_args=None, cmake_target=None, cmake_target_skip_unavailable=False, cmake_clean_cache=False, cmake_clean_first=False, cmake_force_configure=False, ament_cmake_args=None, catkin_cmake_args=None, catkin_skip_building_tests=False, mixin_files=None, mixin=None, verb_parser=<colcon_mixin.mixin.mixin_argument.MixinArgumentDecorator object at 0xffffb565bb80>, verb_extension=<colcon_core.verb.build.BuildVerb object at 0xffffb5858250>, main=<bound method BuildVerb.main of <colcon_core.verb.build.BuildVerb object at 0xffffb5858250>>, mixin_verb=('build',))
[2.111s] Level 1:colcon.colcon_core.package_discovery:discover_packages(colcon_meta) check parameters
[2.112s] Level 1:colcon.colcon_core.package_discovery:discover_packages(recursive) check parameters
[2.114s] Level 1:colcon.colcon_core.package_discovery:discover_packages(ignore) check parameters
[2.115s] Level 1:colcon.colcon_core.package_discovery:discover_packages(path) check parameters
[2.115s] Level 1:colcon.colcon_core.package_discovery:discover_packages(colcon_meta) discover
[2.116s] Level 1:colcon.colcon_core.package_discovery:discover_packages(recursive) discover
[2.117s] INFO:colcon.colcon_core.package_discovery:Crawling recursively for packages in '/TestBotTeaching'
[2.119s] Level 1:colcon.colcon_core.package_identification:_identify(.) by extensions ['ignore', 'ignore_ament_install']
[2.120s] Level 1:colcon.colcon_core.package_identification:_identify(.) by extension 'ignore'
[2.121s] Level 1:colcon.colcon_core.package_identification:_identify(.) by extension 'ignore_ament_install'
[2.122s] Level 1:colcon.colcon_core.package_identification:_identify(.) by extensions ['colcon_pkg']
[2.123s] Level 1:colcon.colcon_core.package_identification:_identify(.) by extension 'colcon_pkg'
[2.123s] Level 1:colcon.colcon_core.package_identification:_identify(.) by extensions ['colcon_meta']
[2.123s] Level 1:colcon.colcon_core.package_identification:_identify(.) by extension 'colcon_meta'
[2.124s] Level 1:colcon.colcon_core.package_identification:_identify(.) by extensions ['ros']
[2.124s] Level 1:colcon.colcon_core.package_identification:_identify(.) by extension 'ros'
[2.217s] Level 1:colcon.colcon_core.package_identification:_identify(.) by extensions ['cmake', 'python']
[2.218s] Level 1:colcon.colcon_core.package_identification:_identify(.) by extension 'cmake'
[2.219s] Level 1:colcon.colcon_core.package_identification:_identify(.) by extension 'python'
[2.220s] Level 1:colcon.colcon_core.package_identification:_identify(.) by extensions ['python_setup_py']
[2.221s] Level 1:colcon.colcon_core.package_identification:_identify(.) by extension 'python_setup_py'
[2.223s] Level 1:colcon.colcon_core.package_identification:_identify(build) by extensions ['ignore', 'ignore_ament_install']
[2.225s] Level 1:colcon.colcon_core.package_identification:_identify(build) by extension 'ignore'
[2.227s] Level 1:colcon.colcon_core.package_identification:_identify(build) ignored
[2.230s] Level 1:colcon.colcon_core.package_identification:_identify(drivetrain) by extensions ['ignore', 'ignore_ament_install']
[2.232s] Level 1:colcon.colcon_core.package_identification:_identify(drivetrain) by extension 'ignore'
[2.233s] Level 1:colcon.colcon_core.package_identification:_identify(drivetrain) by extension 'ignore_ament_install'
[2.235s] Level 1:colcon.colcon_core.package_identification:_identify(drivetrain) by extensions ['colcon_pkg']
[2.235s] Level 1:colcon.colcon_core.package_identification:_identify(drivetrain) by extension 'colcon_pkg'
[2.236s] Level 1:colcon.colcon_core.package_identification:_identify(drivetrain) by extensions ['colcon_meta']
[2.237s] Level 1:colcon.colcon_core.package_identification:_identify(drivetrain) by extension 'colcon_meta'
[2.238s] Level 1:colcon.colcon_core.package_identification:_identify(drivetrain) by extensions ['ros']
[2.239s] Level 1:colcon.colcon_core.package_identification:_identify(drivetrain) by extension 'ros'
[2.264s] DEBUG:colcon.colcon_core.package_identification:Package 'drivetrain' with type 'ros.ament_cmake' and name 'drivetrain'
[2.265s] Level 1:colcon.colcon_core.package_identification:_identify(install) by extensions ['ignore', 'ignore_ament_install']
[2.266s] Level 1:colcon.colcon_core.package_identification:_identify(install) by extension 'ignore'
[2.268s] Level 1:colcon.colcon_core.package_identification:_identify(install) ignored
[2.271s] Level 1:colcon.colcon_core.package_identification:_identify(log) by extensions ['ignore', 'ignore_ament_install']
[2.272s] Level 1:colcon.colcon_core.package_identification:_identify(log) by extension 'ignore'
[2.274s] Level 1:colcon.colcon_core.package_identification:_identify(log) ignored
[2.275s] Level 1:colcon.colcon_core.package_discovery:discover_packages(recursive) using defaults
[2.277s] Level 1:colcon.colcon_core.package_discovery:discover_packages(ignore) discover
[2.277s] Level 1:colcon.colcon_core.package_discovery:discover_packages(ignore) using defaults
[2.277s] Level 1:colcon.colcon_core.package_discovery:discover_packages(path) discover
[2.278s] Level 1:colcon.colcon_core.package_discovery:discover_packages(path) using defaults
[2.488s] Level 5:colcon.colcon_core.verb:set package 'drivetrain' build argument 'cmake_args' from command line to 'None'
[2.489s] Level 5:colcon.colcon_core.verb:set package 'drivetrain' build argument 'cmake_target' from command line to 'None'
[2.490s] Level 5:colcon.colcon_core.verb:set package 'drivetrain' build argument 'cmake_target_skip_unavailable' from command line to 'False'
[2.490s] Level 5:colcon.colcon_core.verb:set package 'drivetrain' build argument 'cmake_clean_cache' from command line to 'False'
[2.490s] Level 5:colcon.colcon_core.verb:set package 'drivetrain' build argument 'cmake_clean_first' from command line to 'False'
[2.491s] Level 5:colcon.colcon_core.verb:set package 'drivetrain' build argument 'cmake_force_configure' from command line to 'False'
[2.491s] Level 5:colcon.colcon_core.verb:set package 'drivetrain' build argument 'ament_cmake_args' from command line to 'None'
[2.492s] Level 5:colcon.colcon_core.verb:set package 'drivetrain' build argument 'catkin_cmake_args' from command line to 'None'
[2.492s] Level 5:colcon.colcon_core.verb:set package 'drivetrain' build argument 'catkin_skip_building_tests' from command line to 'False'
[2.492s] DEBUG:colcon.colcon_core.verb:Building package 'drivetrain' with the following arguments: {'ament_cmake_args': None, 'build_base': '/TestBotTeaching/build/drivetrain', 'catkin_cmake_args': None, 'catkin_skip_building_tests': False, 'cmake_args': None, 'cmake_clean_cache': False, 'cmake_clean_first': False, 'cmake_force_configure': False, 'cmake_target': None, 'cmake_target_skip_unavailable': False, 'install_base': '/TestBotTeaching/install/drivetrain', 'merge_install': False, 'path': '/TestBotTeaching/drivetrain', 'symlink_install': False, 'test_result_base': None}
[2.493s] INFO:colcon.colcon_core.executor:Executing jobs using 'parallel' executor
[2.502s] DEBUG:colcon.colcon_parallel_executor.executor.parallel:run_until_complete
[2.505s] INFO:colcon.colcon_ros.task.ament_cmake.build:Building ROS package in '/TestBotTeaching/drivetrain' with build type 'ament_cmake'
[2.506s] INFO:colcon.colcon_cmake.task.cmake.build:Building CMake package in '/TestBotTeaching/drivetrain'
[2.545s] INFO:colcon.colcon_core.plugin_system:Skipping extension 'colcon_core.shell.bat': Not used on non-Windows systems
[2.548s] INFO:colcon.colcon_core.shell:Skip shell extension 'powershell' for command environment: Not usable outside of PowerShell
[2.549s] DEBUG:colcon.colcon_core.shell:Skip shell extension 'dsv' for command environment
[2.655s] DEBUG:colcon.colcon_core.event_handler.log_command:Invoking command in '/TestBotTeaching/build/drivetrain': CMAKE_PREFIX_PATH=${CMAKE_PREFIX_PATH}:/opt/ros/humble /usr/bin/cmake --build /TestBotTeaching/build/drivetrain -- -j4 -l4
[3.347s] DEBUG:colcon.colcon_core.event_handler.log_command:Invoked command in '/TestBotTeaching/build/drivetrain' returned '0': CMAKE_PREFIX_PATH=${CMAKE_PREFIX_PATH}:/opt/ros/humble /usr/bin/cmake --build /TestBotTeaching/build/drivetrain -- -j4 -l4
[3.741s] DEBUG:colcon.colcon_core.event_handler.log_command:Invoking command in '/TestBotTeaching/build/drivetrain': CMAKE_PREFIX_PATH=${CMAKE_PREFIX_PATH}:/opt/ros/humble /usr/bin/cmake --install /TestBotTeaching/build/drivetrain
[3.835s] Level 1:colcon.colcon_core.environment:create_environment_scripts_only(drivetrain)
[3.857s] DEBUG:colcon.colcon_core.event_handler.log_command:Invoked command in '/TestBotTeaching/build/drivetrain' returned '0': CMAKE_PREFIX_PATH=${CMAKE_PREFIX_PATH}:/opt/ros/humble /usr/bin/cmake --install /TestBotTeaching/build/drivetrain
[3.901s] Level 1:colcon.colcon_core.environment:checking '/TestBotTeaching/install/drivetrain' for CMake module files
[3.910s] Level 1:colcon.colcon_core.environment:checking '/TestBotTeaching/install/drivetrain' for CMake config files
[3.915s] Level 1:colcon.colcon_core.shell:create_environment_hook('drivetrain', 'cmake_prefix_path')
[3.918s] INFO:colcon.colcon_core.shell:Creating environment hook '/TestBotTeaching/install/drivetrain/share/drivetrain/hook/cmake_prefix_path.ps1'
[3.925s] INFO:colcon.colcon_core.shell:Creating environment descriptor '/TestBotTeaching/install/drivetrain/share/drivetrain/hook/cmake_prefix_path.dsv'
[3.934s] INFO:colcon.colcon_core.shell:Creating environment hook '/TestBotTeaching/install/drivetrain/share/drivetrain/hook/cmake_prefix_path.sh'
[3.945s] Level 1:colcon.colcon_core.environment:checking '/TestBotTeaching/install/drivetrain/lib'
[3.947s] Level 1:colcon.colcon_core.environment:checking '/TestBotTeaching/install/drivetrain/bin'
[3.948s] Level 1:colcon.colcon_core.environment:checking '/TestBotTeaching/install/drivetrain/lib/pkgconfig/drivetrain.pc'
[3.961s] Level 1:colcon.colcon_core.environment:checking '/TestBotTeaching/install/drivetrain/lib/python3.10/site-packages'
[3.963s] Level 1:colcon.colcon_core.environment:checking '/TestBotTeaching/install/drivetrain/bin'
[3.966s] INFO:colcon.colcon_core.shell:Creating package script '/TestBotTeaching/install/drivetrain/share/drivetrain/package.ps1'
[3.976s] INFO:colcon.colcon_core.shell:Creating package descriptor '/TestBotTeaching/install/drivetrain/share/drivetrain/package.dsv'
[3.987s] INFO:colcon.colcon_core.shell:Creating package script '/TestBotTeaching/install/drivetrain/share/drivetrain/package.sh'
[3.998s] INFO:colcon.colcon_core.shell:Creating package script '/TestBotTeaching/install/drivetrain/share/drivetrain/package.bash'
[4.011s] INFO:colcon.colcon_core.shell:Creating package script '/TestBotTeaching/install/drivetrain/share/drivetrain/package.zsh'
[4.020s] Level 1:colcon.colcon_core.environment:create_file_with_runtime_dependencies(/TestBotTeaching/install/drivetrain/share/colcon-core/packages/drivetrain)
[4.343s] Level 1:colcon.colcon_core.environment:create_environment_scripts_only(drivetrain)
[4.346s] Level 1:colcon.colcon_core.environment:checking '/TestBotTeaching/install/drivetrain' for CMake module files
[4.354s] Level 1:colcon.colcon_core.environment:checking '/TestBotTeaching/install/drivetrain' for CMake config files
[4.361s] Level 1:colcon.colcon_core.shell:create_environment_hook('drivetrain', 'cmake_prefix_path')
[4.365s] INFO:colcon.colcon_core.shell:Creating environment hook '/TestBotTeaching/install/drivetrain/share/drivetrain/hook/cmake_prefix_path.ps1'
[4.371s] INFO:colcon.colcon_core.shell:Creating environment descriptor '/TestBotTeaching/install/drivetrain/share/drivetrain/hook/cmake_prefix_path.dsv'
[4.374s] INFO:colcon.colcon_core.shell:Creating environment hook '/TestBotTeaching/install/drivetrain/share/drivetrain/hook/cmake_prefix_path.sh'
[4.381s] Level 1:colcon.colcon_core.environment:checking '/TestBotTeaching/install/drivetrain/lib'
[4.384s] Level 1:colcon.colcon_core.environment:checking '/TestBotTeaching/install/drivetrain/bin'
[4.385s] Level 1:colcon.colcon_core.environment:checking '/TestBotTeaching/install/drivetrain/lib/pkgconfig/drivetrain.pc'
[4.388s] Level 1:colcon.colcon_core.environment:checking '/TestBotTeaching/install/drivetrain/lib/python3.10/site-packages'
[4.392s] Level 1:colcon.colcon_core.environment:checking '/TestBotTeaching/install/drivetrain/bin'
[4.401s] INFO:colcon.colcon_core.shell:Creating package script '/TestBotTeaching/install/drivetrain/share/drivetrain/package.ps1'
[4.413s] INFO:colcon.colcon_core.shell:Creating package descriptor '/TestBotTeaching/install/drivetrain/share/drivetrain/package.dsv'
[4.420s] INFO:colcon.colcon_core.shell:Creating package script '/TestBotTeaching/install/drivetrain/share/drivetrain/package.sh'
[4.424s] INFO:colcon.colcon_core.shell:Creating package script '/TestBotTeaching/install/drivetrain/share/drivetrain/package.bash'
[4.429s] INFO:colcon.colcon_core.shell:Creating package script '/TestBotTeaching/install/drivetrain/share/drivetrain/package.zsh'
[4.434s] Level 1:colcon.colcon_core.environment:create_file_with_runtime_dependencies(/TestBotTeaching/install/drivetrain/share/colcon-core/packages/drivetrain)
[4.437s] DEBUG:colcon.colcon_parallel_executor.executor.parallel:closing loop
[4.440s] DEBUG:colcon.colcon_parallel_executor.executor.parallel:loop closed
[4.441s] DEBUG:colcon.colcon_parallel_executor.executor.parallel:run_until_complete finished with '0'
[4.442s] DEBUG:colcon.colcon_core.event_reactor:joining thread
[4.517s] INFO:colcon.colcon_core.plugin_system:Skipping extension 'colcon_notification.desktop_notification.notify_send': Could not find 'notify-send'
[4.518s] INFO:colcon.colcon_core.plugin_system:Skipping extension 'colcon_notification.desktop_notification.terminal_notifier': Not used on non-Darwin systems
[4.519s] INFO:colcon.colcon_core.plugin_system:Skipping extension 'colcon_notification.desktop_notification.win32': Not used on non-Windows systems
[4.519s] INFO:colcon.colcon_notification.desktop_notification:Sending desktop notification using 'notify2'
[4.520s] DEBUG:colcon.colcon_notification.desktop_notification.notify2:Failed to initialize notify2: org.freedesktop.DBus.Error.NotSupported: Unable to autolaunch a dbus-daemon without a $DISPLAY for X11
[4.521s] DEBUG:colcon.colcon_core.event_reactor:joined thread
[4.523s] INFO:colcon.colcon_core.shell:Creating prefix script '/TestBotTeaching/install/local_setup.ps1'
[4.531s] INFO:colcon.colcon_core.shell:Creating prefix util module '/TestBotTeaching/install/_local_setup_util_ps1.py'
[4.539s] INFO:colcon.colcon_core.shell:Creating prefix chain script '/TestBotTeaching/install/setup.ps1'
[4.547s] INFO:colcon.colcon_core.shell:Creating prefix script '/TestBotTeaching/install/local_setup.sh'
[4.553s] INFO:colcon.colcon_core.shell:Creating prefix util module '/TestBotTeaching/install/_local_setup_util_sh.py'
[4.561s] INFO:colcon.colcon_core.shell:Creating prefix chain script '/TestBotTeaching/install/setup.sh'
[4.572s] INFO:colcon.colcon_core.shell:Creating prefix script '/TestBotTeaching/install/local_setup.bash'
[4.577s] INFO:colcon.colcon_core.shell:Creating prefix chain script '/TestBotTeaching/install/setup.bash'
[4.590s] INFO:colcon.colcon_core.shell:Creating prefix script '/TestBotTeaching/install/local_setup.zsh'
[4.599s] INFO:colcon.colcon_core.shell:Creating prefix chain script '/TestBotTeaching/install/setup.zsh'
