[0.110s] Invoking command in '/TestBotTeaching/build/drivetrain': CMAKE_PREFIX_PATH=${CMAKE_PREFIX_PATH}:/TestBotTeaching/install/pythonDriving:/opt/ros/humble /usr/bin/cmake --build /TestBotTeaching/build/drivetrain -- -j4 -l4
[0.487s] [100%] Built target drivetrainNode
[1.689s] Invoked command in '/TestBotTeaching/build/drivetrain' returned '0': CMAKE_PREFIX_PATH=${CMAKE_PREFIX_PATH}:/TestBotTeaching/install/pythonDriving:/opt/ros/humble /usr/bin/cmake --build /TestBotTeaching/build/drivetrain -- -j4 -l4
[1.897s] Invoking command in '/TestBotTeaching/build/drivetrain': CMAKE_PREFIX_PATH=${CMAKE_PREFIX_PATH}:/TestBotTeaching/install/pythonDriving:/opt/ros/humble /usr/bin/cmake --install /TestBotTeaching/build/drivetrain
[1.933s] -- Install configuration: ""
[1.935s] -- Execute custom install script
[1.937s] -- Up-to-date symlink: /TestBotTeaching/install/drivetrain/lib/drivetrain/drivetrainNode
[1.939s] -- Up-to-date symlink: /TestBotTeaching/install/drivetrain/share/ament_index/resource_index/package_run_dependencies/drivetrain
[1.940s] -- Up-to-date symlink: /TestBotTeaching/install/drivetrain/share/ament_index/resource_index/parent_prefix_path/drivetrain
[1.944s] -- Up-to-date symlink: /TestBotTeaching/install/drivetrain/share/drivetrain/environment/ament_prefix_path.sh
[1.953s] -- Up-to-date symlink: /TestBotTeaching/install/drivetrain/share/drivetrain/environment/ament_prefix_path.dsv
[1.955s] -- Up-to-date symlink: /TestBotTeaching/install/drivetrain/share/drivetrain/environment/path.sh
[1.956s] -- Up-to-date symlink: /TestBotTeaching/install/drivetrain/share/drivetrain/environment/path.dsv
[1.957s] -- Up-to-date symlink: /TestBotTeaching/install/drivetrain/share/drivetrain/local_setup.bash
[1.958s] -- Up-to-date symlink: /TestBotTeaching/install/drivetrain/share/drivetrain/local_setup.sh
[1.958s] -- Up-to-date symlink: /TestBotTeaching/install/drivetrain/share/drivetrain/local_setup.zsh
[1.959s] -- Up-to-date symlink: /TestBotTeaching/install/drivetrain/share/drivetrain/local_setup.dsv
[1.960s] -- Symlinking: /TestBotTeaching/install/drivetrain/share/drivetrain/package.dsv
[2.006s] -- Up-to-date symlink: /TestBotTeaching/install/drivetrain/share/ament_index/resource_index/packages/drivetrain
[2.007s] -- Up-to-date symlink: /TestBotTeaching/install/drivetrain/share/drivetrain/cmake/drivetrainConfig.cmake
[2.009s] -- Up-to-date symlink: /TestBotTeaching/install/drivetrain/share/drivetrain/cmake/drivetrainConfig-version.cmake
[2.010s] -- Up-to-date symlink: /TestBotTeaching/install/drivetrain/share/drivetrain/package.xml
[2.018s] Invoked command in '/TestBotTeaching/build/drivetrain' returned '0': CMAKE_PREFIX_PATH=${CMAKE_PREFIX_PATH}:/TestBotTeaching/install/pythonDriving:/opt/ros/humble /usr/bin/cmake --install /TestBotTeaching/build/drivetrain
