[0.590s] DEBUG:colcon:Command line arguments: ['/usr/bin/colcon', 'build']
[0.591s] DEBUG:colcon:Parsed command line arguments: Namespace(log_base=None, log_level=None, verb_name='build', build_base='build', install_base='install', merge_install=False, symlink_install=False, test_result_base=None, continue_on_error=False, executor='parallel', parallel_workers=4, event_handlers=None, ignore_user_meta=False, metas=['./colcon.meta'], base_paths=['.'], packages_ignore=None, packages_ignore_regex=None, paths=None, packages_up_to=None, packages_up_to_regex=None, packages_above=None, packages_above_and_dependencies=None, packages_above_depth=None, packages_select_by_dep=None, packages_skip_by_dep=None, packages_skip_up_to=None, packages_select_build_failed=False, packages_skip_build_finished=False, packages_select_test_failures=False, packages_skip_test_passed=False, packages_select=None, packages_skip=None, packages_select_regex=None, packages_skip_regex=None, packages_start=None, packages_end=None, cmake_args=None, cmake_target=None, cmake_target_skip_unavailable=False, cmake_clean_cache=False, cmake_clean_first=False, cmake_force_configure=False, ament_cmake_args=None, catkin_cmake_args=None, catkin_skip_building_tests=False, mixin_files=None, mixin=None, verb_parser=<colcon_mixin.mixin.mixin_argument.MixinArgumentDecorator object at 0xffffb6e1a380>, verb_extension=<colcon_core.verb.build.BuildVerb object at 0xffffb6d32aa0>, main=<bound method BuildVerb.main of <colcon_core.verb.build.BuildVerb object at 0xffffb6d32aa0>>, mixin_verb=('build',))
[1.253s] Level 1:colcon.colcon_core.package_discovery:discover_packages(colcon_meta) check parameters
[1.254s] Level 1:colcon.colcon_core.package_discovery:discover_packages(recursive) check parameters
[1.254s] Level 1:colcon.colcon_core.package_discovery:discover_packages(ignore) check parameters
[1.255s] Level 1:colcon.colcon_core.package_discovery:discover_packages(path) check parameters
[1.255s] Level 1:colcon.colcon_core.package_discovery:discover_packages(colcon_meta) discover
[1.256s] Level 1:colcon.colcon_core.package_discovery:discover_packages(recursive) discover
[1.256s] INFO:colcon.colcon_core.package_discovery:Crawling recursively for packages in '/home/astrobotics/TestBotTeaching'
[1.257s] Level 1:colcon.colcon_core.package_identification:_identify(.) by extensions ['ignore', 'ignore_ament_install']
[1.258s] Level 1:colcon.colcon_core.package_identification:_identify(.) by extension 'ignore'
[1.259s] Level 1:colcon.colcon_core.package_identification:_identify(.) by extension 'ignore_ament_install'
[1.259s] Level 1:colcon.colcon_core.package_identification:_identify(.) by extensions ['colcon_pkg']
[1.260s] Level 1:colcon.colcon_core.package_identification:_identify(.) by extension 'colcon_pkg'
[1.260s] Level 1:colcon.colcon_core.package_identification:_identify(.) by extensions ['colcon_meta']
[1.260s] Level 1:colcon.colcon_core.package_identification:_identify(.) by extension 'colcon_meta'
[1.261s] Level 1:colcon.colcon_core.package_identification:_identify(.) by extensions ['ros']
[1.261s] Level 1:colcon.colcon_core.package_identification:_identify(.) by extension 'ros'
[1.335s] Level 1:colcon.colcon_core.package_identification:_identify(.) by extensions ['cmake', 'python']
[1.336s] Level 1:colcon.colcon_core.package_identification:_identify(.) by extension 'cmake'
[1.337s] Level 1:colcon.colcon_core.package_identification:_identify(.) by extension 'python'
[1.337s] Level 1:colcon.colcon_core.package_identification:_identify(.) by extensions ['python_setup_py']
[1.338s] Level 1:colcon.colcon_core.package_identification:_identify(.) by extension 'python_setup_py'
[1.339s] Level 1:colcon.colcon_core.package_identification:_identify(build) by extensions ['ignore', 'ignore_ament_install']
[1.340s] Level 1:colcon.colcon_core.package_identification:_identify(build) by extension 'ignore'
[1.340s] Level 1:colcon.colcon_core.package_identification:_identify(build) ignored
[1.341s] Level 1:colcon.colcon_core.package_identification:_identify(drivetrain) by extensions ['ignore', 'ignore_ament_install']
[1.342s] Level 1:colcon.colcon_core.package_identification:_identify(drivetrain) by extension 'ignore'
[1.342s] Level 1:colcon.colcon_core.package_identification:_identify(drivetrain) by extension 'ignore_ament_install'
[1.342s] Level 1:colcon.colcon_core.package_identification:_identify(drivetrain) by extensions ['colcon_pkg']
[1.342s] Level 1:colcon.colcon_core.package_identification:_identify(drivetrain) by extension 'colcon_pkg'
[1.343s] Level 1:colcon.colcon_core.package_identification:_identify(drivetrain) by extensions ['colcon_meta']
[1.343s] Level 1:colcon.colcon_core.package_identification:_identify(drivetrain) by extension 'colcon_meta'
[1.343s] Level 1:colcon.colcon_core.package_identification:_identify(drivetrain) by extensions ['ros']
[1.343s] Level 1:colcon.colcon_core.package_identification:_identify(drivetrain) by extension 'ros'
[1.357s] DEBUG:colcon.colcon_core.package_identification:Package 'drivetrain' with type 'ros.ament_cmake' and name 'drivetrain'
[1.358s] Level 1:colcon.colcon_core.package_identification:_identify(install) by extensions ['ignore', 'ignore_ament_install']
[1.359s] Level 1:colcon.colcon_core.package_identification:_identify(install) by extension 'ignore'
[1.359s] Level 1:colcon.colcon_core.package_identification:_identify(install) ignored
[1.360s] Level 1:colcon.colcon_core.package_identification:_identify(log) by extensions ['ignore', 'ignore_ament_install']
[1.361s] Level 1:colcon.colcon_core.package_identification:_identify(log) by extension 'ignore'
[1.362s] Level 1:colcon.colcon_core.package_identification:_identify(log) ignored
[1.362s] Level 1:colcon.colcon_core.package_discovery:discover_packages(recursive) using defaults
[1.363s] Level 1:colcon.colcon_core.package_discovery:discover_packages(ignore) discover
[1.363s] Level 1:colcon.colcon_core.package_discovery:discover_packages(ignore) using defaults
[1.364s] Level 1:colcon.colcon_core.package_discovery:discover_packages(path) discover
[1.364s] Level 1:colcon.colcon_core.package_discovery:discover_packages(path) using defaults
[1.512s] Level 5:colcon.colcon_core.verb:set package 'drivetrain' build argument 'cmake_args' from command line to 'None'
[1.512s] Level 5:colcon.colcon_core.verb:set package 'drivetrain' build argument 'cmake_target' from command line to 'None'
[1.513s] Level 5:colcon.colcon_core.verb:set package 'drivetrain' build argument 'cmake_target_skip_unavailable' from command line to 'False'
[1.513s] Level 5:colcon.colcon_core.verb:set package 'drivetrain' build argument 'cmake_clean_cache' from command line to 'False'
[1.514s] Level 5:colcon.colcon_core.verb:set package 'drivetrain' build argument 'cmake_clean_first' from command line to 'False'
[1.514s] Level 5:colcon.colcon_core.verb:set package 'drivetrain' build argument 'cmake_force_configure' from command line to 'False'
[1.514s] Level 5:colcon.colcon_core.verb:set package 'drivetrain' build argument 'ament_cmake_args' from command line to 'None'
[1.515s] Level 5:colcon.colcon_core.verb:set package 'drivetrain' build argument 'catkin_cmake_args' from command line to 'None'
[1.516s] Level 5:colcon.colcon_core.verb:set package 'drivetrain' build argument 'catkin_skip_building_tests' from command line to 'False'
[1.517s] DEBUG:colcon.colcon_core.verb:Building package 'drivetrain' with the following arguments: {'ament_cmake_args': None, 'build_base': '/home/astrobotics/TestBotTeaching/build/drivetrain', 'catkin_cmake_args': None, 'catkin_skip_building_tests': False, 'cmake_args': None, 'cmake_clean_cache': False, 'cmake_clean_first': False, 'cmake_force_configure': False, 'cmake_target': None, 'cmake_target_skip_unavailable': False, 'install_base': '/home/astrobotics/TestBotTeaching/install/drivetrain', 'merge_install': False, 'path': '/home/astrobotics/TestBotTeaching/drivetrain', 'symlink_install': False, 'test_result_base': None}
[1.519s] INFO:colcon.colcon_core.executor:Executing jobs using 'parallel' executor
[1.527s] DEBUG:colcon.colcon_parallel_executor.executor.parallel:run_until_complete
[1.530s] INFO:colcon.colcon_ros.task.ament_cmake.build:Building ROS package in '/home/astrobotics/TestBotTeaching/drivetrain' with build type 'ament_cmake'
[1.535s] INFO:colcon.colcon_cmake.task.cmake.build:Building CMake package in '/home/astrobotics/TestBotTeaching/drivetrain'
[1.551s] INFO:colcon.colcon_core.plugin_system:Skipping extension 'colcon_core.shell.bat': Not used on non-Windows systems
[1.552s] INFO:colcon.colcon_core.shell:Skip shell extension 'powershell' for command environment: Not usable outside of PowerShell
[1.553s] DEBUG:colcon.colcon_core.shell:Skip shell extension 'dsv' for command environment
[1.601s] DEBUG:colcon.colcon_core.event_handler.log_command:Invoking command in '/home/astrobotics/TestBotTeaching/build/drivetrain': CMAKE_PREFIX_PATH=/opt/ros/humble /usr/bin/cmake /home/astrobotics/TestBotTeaching/drivetrain -DCMAKE_INSTALL_PREFIX=/home/astrobotics/TestBotTeaching/install/drivetrain
[8.628s] DEBUG:colcon.colcon_core.event_handler.log_command:Invoked command in '/home/astrobotics/TestBotTeaching/build/drivetrain' returned '1': CMAKE_PREFIX_PATH=/opt/ros/humble /usr/bin/cmake /home/astrobotics/TestBotTeaching/drivetrain -DCMAKE_INSTALL_PREFIX=/home/astrobotics/TestBotTeaching/install/drivetrain
[8.682s] Level 1:colcon.colcon_core.environment:create_environment_scripts_only(drivetrain)
[8.700s] Level 1:colcon.colcon_core.environment:checking '/home/astrobotics/TestBotTeaching/install/drivetrain' for CMake module files
[8.703s] Level 1:colcon.colcon_core.environment:checking '/home/astrobotics/TestBotTeaching/install/drivetrain' for CMake config files
[8.705s] Level 1:colcon.colcon_core.environment:checking '/home/astrobotics/TestBotTeaching/install/drivetrain/bin'
[8.706s] Level 1:colcon.colcon_core.environment:checking '/home/astrobotics/TestBotTeaching/install/drivetrain/lib/pkgconfig/drivetrain.pc'
[8.714s] Level 1:colcon.colcon_core.environment:checking '/home/astrobotics/TestBotTeaching/install/drivetrain/lib/python3.10/site-packages'
[8.716s] Level 1:colcon.colcon_core.environment:checking '/home/astrobotics/TestBotTeaching/install/drivetrain/bin'
[8.717s] INFO:colcon.colcon_core.shell:Creating package script '/home/astrobotics/TestBotTeaching/install/drivetrain/share/drivetrain/package.ps1'
[8.721s] INFO:colcon.colcon_core.shell:Creating package descriptor '/home/astrobotics/TestBotTeaching/install/drivetrain/share/drivetrain/package.dsv'
[8.724s] INFO:colcon.colcon_core.shell:Creating package script '/home/astrobotics/TestBotTeaching/install/drivetrain/share/drivetrain/package.sh'
[8.729s] INFO:colcon.colcon_core.shell:Creating package script '/home/astrobotics/TestBotTeaching/install/drivetrain/share/drivetrain/package.bash'
[8.733s] INFO:colcon.colcon_core.shell:Creating package script '/home/astrobotics/TestBotTeaching/install/drivetrain/share/drivetrain/package.zsh'
[8.737s] Level 1:colcon.colcon_core.environment:create_file_with_runtime_dependencies(/home/astrobotics/TestBotTeaching/install/drivetrain/share/colcon-core/packages/drivetrain)
[8.748s] DEBUG:colcon.colcon_parallel_executor.executor.parallel:closing loop
[8.749s] DEBUG:colcon.colcon_parallel_executor.executor.parallel:loop closed
[8.750s] DEBUG:colcon.colcon_parallel_executor.executor.parallel:run_until_complete finished with '1'
[8.751s] DEBUG:colcon.colcon_core.event_reactor:joining thread
[8.791s] INFO:colcon.colcon_core.plugin_system:Skipping extension 'colcon_notification.desktop_notification.notify_send': Could not find 'notify-send'
[8.793s] INFO:colcon.colcon_core.plugin_system:Skipping extension 'colcon_notification.desktop_notification.terminal_notifier': Not used on non-Darwin systems
[8.794s] INFO:colcon.colcon_core.plugin_system:Skipping extension 'colcon_notification.desktop_notification.win32': Not used on non-Windows systems
[8.794s] INFO:colcon.colcon_notification.desktop_notification:Sending desktop notification using 'notify2'
[8.794s] DEBUG:colcon.colcon_notification.desktop_notification.notify2:Failed to initialize notify2: org.freedesktop.DBus.Error.NotSupported: Unable to autolaunch a dbus-daemon without a $DISPLAY for X11
[8.795s] DEBUG:colcon.colcon_core.event_reactor:joined thread
[8.796s] INFO:colcon.colcon_core.shell:Creating prefix script '/home/astrobotics/TestBotTeaching/install/local_setup.ps1'
[8.800s] INFO:colcon.colcon_core.shell:Creating prefix util module '/home/astrobotics/TestBotTeaching/install/_local_setup_util_ps1.py'
[8.810s] INFO:colcon.colcon_core.shell:Creating prefix chain script '/home/astrobotics/TestBotTeaching/install/setup.ps1'
[8.815s] INFO:colcon.colcon_core.shell:Creating prefix script '/home/astrobotics/TestBotTeaching/install/local_setup.sh'
[8.818s] INFO:colcon.colcon_core.shell:Creating prefix util module '/home/astrobotics/TestBotTeaching/install/_local_setup_util_sh.py'
[8.821s] INFO:colcon.colcon_core.shell:Creating prefix chain script '/home/astrobotics/TestBotTeaching/install/setup.sh'
[8.826s] INFO:colcon.colcon_core.shell:Creating prefix script '/home/astrobotics/TestBotTeaching/install/local_setup.bash'
[8.829s] INFO:colcon.colcon_core.shell:Creating prefix chain script '/home/astrobotics/TestBotTeaching/install/setup.bash'
[8.834s] INFO:colcon.colcon_core.shell:Creating prefix script '/home/astrobotics/TestBotTeaching/install/local_setup.zsh'
[8.837s] INFO:colcon.colcon_core.shell:Creating prefix chain script '/home/astrobotics/TestBotTeaching/install/setup.zsh'
