[0.104s] Invoking command in '/TestBotTeaching/build/drivetrain': CMAKE_PREFIX_PATH=${CMAKE_PREFIX_PATH}:/TestBotTeaching/install/pythonDriving:/opt/ros/humble /usr/bin/cmake /TestBotTeaching/drivetrain -DAMENT_CMAKE_SYMLINK_INSTALL=1 -DCMAKE_INSTALL_PREFIX=/TestBotTeaching/install/drivetrain
[0.192s] -- Found ament_cmake: 1.3.10 (/opt/ros/humble/share/ament_cmake/cmake)
[0.962s] -- Override CMake install command with custom implementation using symlinks instead of copying resources
[1.014s] -- Found rclcpp: 16.0.10 (/opt/ros/humble/share/rclcpp/cmake)
[1.221s] -- Found rosidl_generator_c: 3.1.5 (/opt/ros/humble/share/rosidl_generator_c/cmake)
[1.236s] -- Found rosidl_adapter: 3.1.5 (/opt/ros/humble/share/rosidl_adapter/cmake)
[1.278s] -- Found rosidl_generator_cpp: 3.1.5 (/opt/ros/humble/share/rosidl_generator_cpp/cmake)
[1.338s] -- Using all available rosidl_typesupport_c: rosidl_typesupport_fastrtps_c;rosidl_typesupport_introspection_c
[1.429s] -- Using all available rosidl_typesupport_cpp: rosidl_typesupport_fastrtps_cpp;rosidl_typesupport_introspection_cpp
[1.663s] -- Found rmw_implementation_cmake: 6.1.2 (/opt/ros/humble/share/rmw_implementation_cmake/cmake)
[1.675s] -- Found rmw_fastrtps_cpp: 6.2.7 (/opt/ros/humble/share/rmw_fastrtps_cpp/cmake)
[2.882s] -- Using RMW implementation 'rmw_fastrtps_cpp' as default
[3.171s] -- Found sensor_msgs: 4.2.4 (/opt/ros/humble/share/sensor_msgs/cmake)
[3.354s] -- Found ament_lint_auto: 0.12.11 (/opt/ros/humble/share/ament_lint_auto/cmake)
[3.853s] -- Added test 'cppcheck' to perform static code analysis on C / C++ code
[3.866s] -- Configured cppcheck include dirs: 
[3.868s] -- Configured cppcheck exclude dirs and/or files: 
[3.869s] -- Added test 'lint_cmake' to check CMake code style
[3.871s] -- Added test 'uncrustify' to check C / C++ code style
[3.872s] -- Configured uncrustify additional arguments: 
[3.873s] -- Added test 'xmllint' to check XML markup files
[3.885s] -- Configuring done
[4.004s] -- Generating done
[4.022s] -- Build files have been written to: /TestBotTeaching/build/drivetrain
[4.067s] Invoked command in '/TestBotTeaching/build/drivetrain' returned '0': CMAKE_PREFIX_PATH=${CMAKE_PREFIX_PATH}:/TestBotTeaching/install/pythonDriving:/opt/ros/humble /usr/bin/cmake /TestBotTeaching/drivetrain -DAMENT_CMAKE_SYMLINK_INSTALL=1 -DCMAKE_INSTALL_PREFIX=/TestBotTeaching/install/drivetrain
[4.077s] Invoking command in '/TestBotTeaching/build/drivetrain': CMAKE_PREFIX_PATH=${CMAKE_PREFIX_PATH}:/TestBotTeaching/install/pythonDriving:/opt/ros/humble /usr/bin/cmake --build /TestBotTeaching/build/drivetrain -- -j4 -l4
[4.379s] [35m[1mConsolidate compiler generated dependencies of target drivetrainNode[0m
[4.583s] [100%] Built target drivetrainNode
[4.647s] Invoked command in '/TestBotTeaching/build/drivetrain' returned '0': CMAKE_PREFIX_PATH=${CMAKE_PREFIX_PATH}:/TestBotTeaching/install/pythonDriving:/opt/ros/humble /usr/bin/cmake --build /TestBotTeaching/build/drivetrain -- -j4 -l4
[4.856s] Invoking command in '/TestBotTeaching/build/drivetrain': CMAKE_PREFIX_PATH=${CMAKE_PREFIX_PATH}:/TestBotTeaching/install/pythonDriving:/opt/ros/humble /usr/bin/cmake --install /TestBotTeaching/build/drivetrain
[4.897s] -- Install configuration: ""
[4.907s] -- Execute custom install script
[4.908s] -- Up-to-date symlink: /TestBotTeaching/install/drivetrain/lib/drivetrain/drivetrainNode
[4.909s] -- Up-to-date symlink: /TestBotTeaching/install/drivetrain/share/ament_index/resource_index/package_run_dependencies/drivetrain
[4.910s] -- Up-to-date symlink: /TestBotTeaching/install/drivetrain/share/ament_index/resource_index/parent_prefix_path/drivetrain
[4.911s] -- Up-to-date symlink: /TestBotTeaching/install/drivetrain/share/drivetrain/environment/ament_prefix_path.sh
[4.912s] -- Up-to-date symlink: /TestBotTeaching/install/drivetrain/share/drivetrain/environment/ament_prefix_path.dsv
[4.913s] -- Up-to-date symlink: /TestBotTeaching/install/drivetrain/share/drivetrain/environment/path.sh
[4.915s] -- Up-to-date symlink: /TestBotTeaching/install/drivetrain/share/drivetrain/environment/path.dsv
[4.915s] -- Up-to-date symlink: /TestBotTeaching/install/drivetrain/share/drivetrain/local_setup.bash
[4.916s] -- Up-to-date symlink: /TestBotTeaching/install/drivetrain/share/drivetrain/local_setup.sh
[4.918s] -- Up-to-date symlink: /TestBotTeaching/install/drivetrain/share/drivetrain/local_setup.zsh
[4.925s] -- Up-to-date symlink: /TestBotTeaching/install/drivetrain/share/drivetrain/local_setup.dsv
[4.926s] -- Symlinking: /TestBotTeaching/install/drivetrain/share/drivetrain/package.dsv
[4.959s] -- Up-to-date symlink: /TestBotTeaching/install/drivetrain/share/ament_index/resource_index/packages/drivetrain
[4.961s] -- Up-to-date symlink: /TestBotTeaching/install/drivetrain/share/drivetrain/cmake/drivetrainConfig.cmake
[4.962s] -- Up-to-date symlink: /TestBotTeaching/install/drivetrain/share/drivetrain/cmake/drivetrainConfig-version.cmake
[4.963s] -- Up-to-date symlink: /TestBotTeaching/install/drivetrain/share/drivetrain/package.xml
[4.975s] Invoked command in '/TestBotTeaching/build/drivetrain' returned '0': CMAKE_PREFIX_PATH=${CMAKE_PREFIX_PATH}:/TestBotTeaching/install/pythonDriving:/opt/ros/humble /usr/bin/cmake --install /TestBotTeaching/build/drivetrain
