[0.133s] Invoking command in '/TestBotTeaching/build/drivetrain': CMAKE_PREFIX_PATH=/opt/ros/humble /usr/bin/cmake /TestBotTeaching/drivetrain -DCMAKE_INSTALL_PREFIX=/TestBotTeaching/install/drivetrain
[1.541s] -- The C compiler identification is GNU 11.4.0
[2.719s] -- The CXX compiler identification is GNU 11.4.0
[2.818s] -- Detecting C compiler ABI info
[3.476s] -- Detecting C compiler ABI info - done
[3.510s] -- Check for working C compiler: /usr/bin/cc - skipped
[3.512s] -- Detecting C compile features
[3.516s] -- Detecting C compile features - done
[3.546s] -- Detecting CXX compiler ABI info
[4.246s] -- Detecting CXX compiler ABI info - done
[4.282s] -- Check for working CXX compiler: /usr/bin/c++ - skipped
[4.284s] -- Detecting CXX compile features
[4.286s] -- Detecting CXX compile features - done
[4.319s] -- Found ament_cmake: 1.3.10 (/opt/ros/humble/share/ament_cmake/cmake)
[5.679s] -- Found Python3: /usr/bin/python3 (found version "3.10.12") found components: Interpreter 
[6.842s] -- Found rclcpp: 16.0.10 (/opt/ros/humble/share/rclcpp/cmake)
[7.487s] -- Found rosidl_generator_c: 3.1.5 (/opt/ros/humble/share/rosidl_generator_c/cmake)
[7.565s] -- Found rosidl_adapter: 3.1.5 (/opt/ros/humble/share/rosidl_adapter/cmake)
[7.696s] -- Found rosidl_generator_cpp: 3.1.5 (/opt/ros/humble/share/rosidl_generator_cpp/cmake)
[7.882s] -- Using all available rosidl_typesupport_c: rosidl_typesupport_fastrtps_c;rosidl_typesupport_introspection_c
[8.105s] -- Using all available rosidl_typesupport_cpp: rosidl_typesupport_fastrtps_cpp;rosidl_typesupport_introspection_cpp
[8.754s] -- Found rmw_implementation_cmake: 6.1.2 (/opt/ros/humble/share/rmw_implementation_cmake/cmake)
[8.798s] -- Found rmw_fastrtps_cpp: 6.2.7 (/opt/ros/humble/share/rmw_fastrtps_cpp/cmake)
[9.732s] -- Found OpenSSL: /usr/lib/aarch64-linux-gnu/libcrypto.so (found version "3.0.2")  
[9.891s] -- Found FastRTPS: /opt/ros/humble/include  
[10.107s] -- Using RMW implementation 'rmw_fastrtps_cpp' as default
[10.193s] -- Looking for pthread.h
[10.746s] -- Looking for pthread.h - found
[10.750s] -- Performing Test CMAKE_HAVE_LIBC_PTHREAD
[11.413s] -- Performing Test CMAKE_HAVE_LIBC_PTHREAD - Success
[11.420s] -- Found Threads: TRUE  
[12.034s] -- Found sensor_msgs: 4.2.4 (/opt/ros/humble/share/sensor_msgs/cmake)
[12.588s] -- Found ament_lint_auto: 0.12.11 (/opt/ros/humble/share/ament_lint_auto/cmake)
[13.427s] -- Added test 'cppcheck' to perform static code analysis on C / C++ code
[13.430s] -- Configured cppcheck include dirs: 
[13.432s] -- Configured cppcheck exclude dirs and/or files: 
[13.448s] -- Added test 'lint_cmake' to check CMake code style
[13.466s] -- Added test 'uncrustify' to check C / C++ code style
[13.468s] -- Configured uncrustify additional arguments: 
[13.476s] -- Added test 'xmllint' to check XML markup files
[13.502s] -- Configuring done
[13.629s] -- Generating done
[13.642s] -- Build files have been written to: /TestBotTeaching/build/drivetrain
[13.728s] Invoked command in '/TestBotTeaching/build/drivetrain' returned '0': CMAKE_PREFIX_PATH=/opt/ros/humble /usr/bin/cmake /TestBotTeaching/drivetrain -DCMAKE_INSTALL_PREFIX=/TestBotTeaching/install/drivetrain
[13.734s] Invoking command in '/TestBotTeaching/build/drivetrain': CMAKE_PREFIX_PATH=/opt/ros/humble /usr/bin/cmake --build /TestBotTeaching/build/drivetrain -- -j4 -l4
[14.190s] [ 33%] [32mBuilding CXX object CMakeFiles/drivetrainNode.dir/src/uart.cpp.o[0m
[14.213s] [ 66%] [32mBuilding CXX object CMakeFiles/drivetrainNode.dir/src/drivesub.cpp.o[0m
[16.651s] [01m[K/TestBotTeaching/drivetrain/src/uart.cpp:[m[K In constructor ‘[01m[KUart::Uart()[m[K’:
[16.654s] [01m[K/TestBotTeaching/drivetrain/src/uart.cpp:19:7:[m[K [01;35m[Kwarning: [m[Kunused variable ‘[01m[Kii[m[K’ [[01;35m[K-Wunused-variable[m[K]
[16.655s]    19 |   int [01;35m[Kii[m[K, jj, kk;
[16.655s]       |       [01;35m[K^~[m[K
[16.656s] [01m[K/TestBotTeaching/drivetrain/src/uart.cpp:19:11:[m[K [01;35m[Kwarning: [m[Kunused variable ‘[01m[Kjj[m[K’ [[01;35m[K-Wunused-variable[m[K]
[16.657s]    19 |   int ii, [01;35m[Kjj[m[K, kk;
[16.658s]       |           [01;35m[K^~[m[K
[16.659s] [01m[K/TestBotTeaching/drivetrain/src/uart.cpp:19:15:[m[K [01;35m[Kwarning: [m[Kunused variable ‘[01m[Kkk[m[K’ [[01;35m[K-Wunused-variable[m[K]
[16.660s]    19 |   int ii, jj, [01;35m[Kkk[m[K;
[16.661s]       |               [01;35m[K^~[m[K
[17.033s] [01m[K/TestBotTeaching/drivetrain/src/uart.cpp:[m[K In constructor ‘[01m[KUart::Uart()[m[K’:
[17.033s] [01m[K/TestBotTeaching/drivetrain/src/uart.cpp:25:12:[m[K [01;35m[Kwarning: [m[K‘[01m[K*this.Uart::fid[m[K’ is used uninitialized [[01;35m[K-Wuninitialized[m[K]
[17.034s]    25 |   [01;35m[Ktcgetattr(fid, &port_options)[m[K;        // Get the current attributes of the Serial port
[17.034s]       |   [01;35m[K~~~~~~~~~^~~~~~~~~~~~~~~~~~~~[m[K
[58.449s] [100%] [32m[1mLinking CXX executable drivetrainNode[0m
[62.243s] [100%] Built target drivetrainNode
[62.306s] Invoked command in '/TestBotTeaching/build/drivetrain' returned '0': CMAKE_PREFIX_PATH=/opt/ros/humble /usr/bin/cmake --build /TestBotTeaching/build/drivetrain -- -j4 -l4
[62.526s] Invoking command in '/TestBotTeaching/build/drivetrain': CMAKE_PREFIX_PATH=/opt/ros/humble /usr/bin/cmake --install /TestBotTeaching/build/drivetrain
[62.563s] -- Install configuration: ""
[62.572s] -- Installing: /TestBotTeaching/install/drivetrain/lib/drivetrain/drivetrainNode
[62.617s] -- Set runtime path of "/TestBotTeaching/install/drivetrain/lib/drivetrain/drivetrainNode" to ""
[62.618s] -- Installing: /TestBotTeaching/install/drivetrain/share/ament_index/resource_index/package_run_dependencies/drivetrain
[62.622s] -- Installing: /TestBotTeaching/install/drivetrain/share/ament_index/resource_index/parent_prefix_path/drivetrain
[62.626s] -- Up-to-date: /TestBotTeaching/install/drivetrain/share/drivetrain/environment/ament_prefix_path.sh
[62.629s] -- Installing: /TestBotTeaching/install/drivetrain/share/drivetrain/environment/ament_prefix_path.dsv
[62.633s] -- Up-to-date: /TestBotTeaching/install/drivetrain/share/drivetrain/environment/path.sh
[62.634s] -- Installing: /TestBotTeaching/install/drivetrain/share/drivetrain/environment/path.dsv
[62.636s] -- Installing: /TestBotTeaching/install/drivetrain/share/drivetrain/local_setup.bash
[62.646s] -- Installing: /TestBotTeaching/install/drivetrain/share/drivetrain/local_setup.sh
[62.648s] -- Installing: /TestBotTeaching/install/drivetrain/share/drivetrain/local_setup.zsh
[62.649s] -- Installing: /TestBotTeaching/install/drivetrain/share/drivetrain/local_setup.dsv
[62.654s] -- Installing: /TestBotTeaching/install/drivetrain/share/drivetrain/package.dsv
[62.657s] -- Installing: /TestBotTeaching/install/drivetrain/share/ament_index/resource_index/packages/drivetrain
[62.659s] -- Installing: /TestBotTeaching/install/drivetrain/share/drivetrain/cmake/drivetrainConfig.cmake
[62.663s] -- Installing: /TestBotTeaching/install/drivetrain/share/drivetrain/cmake/drivetrainConfig-version.cmake
[62.667s] -- Up-to-date: /TestBotTeaching/install/drivetrain/share/drivetrain/package.xml
[62.684s] Invoked command in '/TestBotTeaching/build/drivetrain' returned '0': CMAKE_PREFIX_PATH=/opt/ros/humble /usr/bin/cmake --install /TestBotTeaching/build/drivetrain
