[0.000000] (-) TimerEvent: {}
[0.000896] (drivetrain) JobQueued: {'identifier': 'drivetrain', 'dependencies': OrderedDict()}
[0.004003] (drivetrain) JobStarted: {'identifier': 'drivetrain'}
[0.099600] (-) TimerEvent: {}
[0.120137] (drivetrain) JobProgress: {'identifier': 'drivetrain', 'progress': 'cmake'}
[0.130448] (drivetrain) JobProgress: {'identifier': 'drivetrain', 'progress': 'build'}
[0.137553] (drivetrain) Command: {'cmd': ['/usr/bin/cmake', '--build', '/TestBotTeaching/build/drivetrain', '--', '-j4', '-l4'], 'cwd': '/TestBotTeaching/build/drivetrain', 'env': OrderedDict([('HOSTNAME', '67eb869990eb'), ('SHLVL', '1'), ('LD_LIBRARY_PATH', '/opt/ros/humble/opt/rviz_ogre_vendor/lib:/opt/ros/humble/lib/aarch64-linux-gnu:/opt/ros/humble/lib'), ('HOME', '/home/astro-dev'), ('ROS_PYTHON_VERSION', '3'), ('ROS_DISTRO', 'humble'), ('_', '/usr/bin/colcon'), ('ROS_VERSION', '2'), ('TERM', 'xterm'), ('ROS_LOCALHOST_ONLY', '0'), ('PATH', '/opt/ros/humble/bin:/usr/local/sbin:/usr/local/bin:/usr/sbin:/usr/bin:/sbin:/bin'), ('LANG', 'C.UTF-8'), ('AMENT_PREFIX_PATH', '/opt/ros/humble'), ('PWD', '/TestBotTeaching/build/drivetrain'), ('LC_ALL', 'C.UTF-8'), ('PYTHONPATH', '/opt/ros/humble/lib/python3.10/site-packages:/opt/ros/humble/local/lib/python3.10/dist-packages'), ('COLCON', '1'), ('CMAKE_PREFIX_PATH', '/opt/ros/humble')]), 'shell': False}
[0.200000] (-) TimerEvent: {}
[0.301856] (-) TimerEvent: {}
[0.402868] (-) TimerEvent: {}
[0.506007] (-) TimerEvent: {}
[0.607740] (-) TimerEvent: {}
[0.709422] (-) TimerEvent: {}
[0.715162] (drivetrain) StdoutLine: {'line': b'[100%] Built target drivetrainNode\n'}
[0.809958] (-) TimerEvent: {}
[0.837312] (drivetrain) CommandEnded: {'returncode': 0}
[0.911945] (-) TimerEvent: {}
[1.016644] (-) TimerEvent: {}
[1.080867] (drivetrain) JobProgress: {'identifier': 'drivetrain', 'progress': 'install'}
[1.116906] (-) TimerEvent: {}
[1.157626] (drivetrain) Command: {'cmd': ['/usr/bin/cmake', '--install', '/TestBotTeaching/build/drivetrain'], 'cwd': '/TestBotTeaching/build/drivetrain', 'env': OrderedDict([('HOSTNAME', '67eb869990eb'), ('SHLVL', '1'), ('LD_LIBRARY_PATH', '/opt/ros/humble/opt/rviz_ogre_vendor/lib:/opt/ros/humble/lib/aarch64-linux-gnu:/opt/ros/humble/lib'), ('HOME', '/home/astro-dev'), ('ROS_PYTHON_VERSION', '3'), ('ROS_DISTRO', 'humble'), ('_', '/usr/bin/colcon'), ('ROS_VERSION', '2'), ('TERM', 'xterm'), ('ROS_LOCALHOST_ONLY', '0'), ('PATH', '/opt/ros/humble/bin:/usr/local/sbin:/usr/local/bin:/usr/sbin:/usr/bin:/sbin:/bin'), ('LANG', 'C.UTF-8'), ('AMENT_PREFIX_PATH', '/opt/ros/humble'), ('PWD', '/TestBotTeaching/build/drivetrain'), ('LC_ALL', 'C.UTF-8'), ('PYTHONPATH', '/opt/ros/humble/lib/python3.10/site-packages:/opt/ros/humble/local/lib/python3.10/dist-packages'), ('COLCON', '1'), ('CMAKE_PREFIX_PATH', '/opt/ros/humble')]), 'shell': False}
[1.217451] (-) TimerEvent: {}
[1.236025] (drivetrain) StdoutLine: {'line': b'-- Install configuration: ""\n'}
[1.241440] (drivetrain) StdoutLine: {'line': b'-- Execute custom install script\n'}
[1.244416] (drivetrain) StdoutLine: {'line': b'-- Up-to-date symlink: /TestBotTeaching/install/drivetrain/lib/drivetrain/drivetrainNode\n'}
[1.247152] (drivetrain) StdoutLine: {'line': b'-- Up-to-date symlink: /TestBotTeaching/install/drivetrain/share/ament_index/resource_index/package_run_dependencies/drivetrain\n'}
[1.253564] (drivetrain) StdoutLine: {'line': b'-- Up-to-date symlink: /TestBotTeaching/install/drivetrain/share/ament_index/resource_index/parent_prefix_path/drivetrain\n'}
[1.255352] (drivetrain) StdoutLine: {'line': b'-- Up-to-date symlink: /TestBotTeaching/install/drivetrain/share/drivetrain/environment/ament_prefix_path.sh\n'}
[1.261473] (drivetrain) StdoutLine: {'line': b'-- Up-to-date symlink: /TestBotTeaching/install/drivetrain/share/drivetrain/environment/ament_prefix_path.dsv\n'}
[1.262658] (drivetrain) StdoutLine: {'line': b'-- Up-to-date symlink: /TestBotTeaching/install/drivetrain/share/drivetrain/environment/path.sh\n'}
[1.264007] (drivetrain) StdoutLine: {'line': b'-- Up-to-date symlink: /TestBotTeaching/install/drivetrain/share/drivetrain/environment/path.dsv\n'}
[1.265544] (drivetrain) StdoutLine: {'line': b'-- Up-to-date symlink: /TestBotTeaching/install/drivetrain/share/drivetrain/local_setup.bash\n'}
[1.274752] (drivetrain) StdoutLine: {'line': b'-- Up-to-date symlink: /TestBotTeaching/install/drivetrain/share/drivetrain/local_setup.sh\n'}
[1.276265] (drivetrain) StdoutLine: {'line': b'-- Up-to-date symlink: /TestBotTeaching/install/drivetrain/share/drivetrain/local_setup.zsh\n'}
[1.277520] (drivetrain) StdoutLine: {'line': b'-- Up-to-date symlink: /TestBotTeaching/install/drivetrain/share/drivetrain/local_setup.dsv\n'}
[1.285140] (drivetrain) StdoutLine: {'line': b'-- Symlinking: /TestBotTeaching/install/drivetrain/share/drivetrain/package.dsv\n'}
[1.317770] (-) TimerEvent: {}
[1.352172] (drivetrain) StdoutLine: {'line': b'-- Up-to-date symlink: /TestBotTeaching/install/drivetrain/share/ament_index/resource_index/packages/drivetrain\n'}
[1.355074] (drivetrain) StdoutLine: {'line': b'-- Up-to-date symlink: /TestBotTeaching/install/drivetrain/share/drivetrain/cmake/drivetrainConfig.cmake\n'}
[1.360413] (drivetrain) StdoutLine: {'line': b'-- Up-to-date symlink: /TestBotTeaching/install/drivetrain/share/drivetrain/cmake/drivetrainConfig-version.cmake\n'}
[1.361472] (drivetrain) StdoutLine: {'line': b'-- Up-to-date symlink: /TestBotTeaching/install/drivetrain/share/drivetrain/package.xml\n'}
[1.372718] (drivetrain) CommandEnded: {'returncode': 0}
[1.420202] (-) TimerEvent: {}
[1.522070] (-) TimerEvent: {}
[1.623202] (-) TimerEvent: {}
[1.727263] (-) TimerEvent: {}
[1.834160] (-) TimerEvent: {}
[1.854189] (drivetrain) JobEnded: {'identifier': 'drivetrain', 'rc': 0}
[1.865130] (-) EventReactorShutdown: {}
