[0.473s] Invoking command in '/workspaces/TestBotTeaching/pythonDriving': PYTHONPATH=/workspaces/TestBotTeaching/build/pythonDriving/prefix_override:/usr/lib/python3/dist-packages/colcon_core/task/python/colcon_distutils_commands:/workspaces/TestBotTeaching/install/pythonDriving/lib/python3.10/site-packages:${PYTHONPATH} /usr/bin/python3 -W ignore:setup.py install is deprecated setup.py egg_info --egg-base ../build/pythonDriving build --build-base /workspaces/TestBotTeaching/build/pythonDriving/build install --record /workspaces/TestBotTeaching/build/pythonDriving/install.log --single-version-externally-managed install_data
[0.661s] running egg_info
[0.661s] writing ../build/pythonDriving/pythonDriving.egg-info/PKG-INFO
[0.662s] writing dependency_links to ../build/pythonDriving/pythonDriving.egg-info/dependency_links.txt
[0.662s] writing entry points to ../build/pythonDriving/pythonDriving.egg-info/entry_points.txt
[0.662s] writing requirements to ../build/pythonDriving/pythonDriving.egg-info/requires.txt
[0.662s] writing top-level names to ../build/pythonDriving/pythonDriving.egg-info/top_level.txt
[0.664s] reading manifest file '../build/pythonDriving/pythonDriving.egg-info/SOURCES.txt'
[0.664s] writing manifest file '../build/pythonDriving/pythonDriving.egg-info/SOURCES.txt'
[0.664s] running build
[0.665s] running build_py
[0.665s] running install
[0.665s] running install_lib
[0.666s] running install_data
[0.666s] running install_egg_info
[0.668s] removing '/workspaces/TestBotTeaching/install/pythonDriving/lib/python3.10/site-packages/pythonDriving-0.0.0-py3.10.egg-info' (and everything under it)
[0.668s] Copying ../build/pythonDriving/pythonDriving.egg-info to /workspaces/TestBotTeaching/install/pythonDriving/lib/python3.10/site-packages/pythonDriving-0.0.0-py3.10.egg-info
[0.669s] running install_scripts
[0.684s] Installing pythonDriving script to /workspaces/TestBotTeaching/install/pythonDriving/lib/pythonDriving
[0.684s] writing list of installed files to '/workspaces/TestBotTeaching/build/pythonDriving/install.log'
[0.706s] Invoked command in '/workspaces/TestBotTeaching/pythonDriving' returned '0': PYTHONPATH=/workspaces/TestBotTeaching/build/pythonDriving/prefix_override:/usr/lib/python3/dist-packages/colcon_core/task/python/colcon_distutils_commands:/workspaces/TestBotTeaching/install/pythonDriving/lib/python3.10/site-packages:${PYTHONPATH} /usr/bin/python3 -W ignore:setup.py install is deprecated setup.py egg_info --egg-base ../build/pythonDriving build --build-base /workspaces/TestBotTeaching/build/pythonDriving/build install --record /workspaces/TestBotTeaching/build/pythonDriving/install.log --single-version-externally-managed install_data
