[1.270s] DEBUG:colcon:Command line arguments: ['/usr/bin/colcon', 'build']
[1.272s] DEBUG:colcon:Parsed command line arguments: Namespace(log_base=None, log_level=None, verb_name='build', build_base='build', install_base='install', merge_install=False, symlink_install=False, test_result_base=None, continue_on_error=False, executor='parallel', parallel_workers=4, event_handlers=None, ignore_user_meta=False, metas=['./colcon.meta'], base_paths=['.'], packages_ignore=None, packages_ignore_regex=None, paths=None, packages_up_to=None, packages_up_to_regex=None, packages_above=None, packages_above_and_dependencies=None, packages_above_depth=None, packages_select_by_dep=None, packages_skip_by_dep=None, packages_skip_up_to=None, packages_select_build_failed=False, packages_skip_build_finished=False, packages_select_test_failures=False, packages_skip_test_passed=False, packages_select=None, packages_skip=None, packages_select_regex=None, packages_skip_regex=None, packages_start=None, packages_end=None, cmake_args=None, cmake_target=None, cmake_target_skip_unavailable=False, cmake_clean_cache=False, cmake_clean_first=False, cmake_force_configure=False, ament_cmake_args=None, catkin_cmake_args=None, catkin_skip_building_tests=False, mixin_files=None, mixin=None, verb_parser=<colcon_mixin.mixin.mixin_argument.MixinArgumentDecorator object at 0xffff9c5e85e0>, verb_extension=<colcon_core.verb.build.BuildVerb object at 0xffff9c734c10>, main=<bound method BuildVerb.main of <colcon_core.verb.build.BuildVerb object at 0xffff9c734c10>>, mixin_verb=('build',))
[4.729s] Level 1:colcon.colcon_core.package_discovery:discover_packages(colcon_meta) check parameters
[4.731s] Level 1:colcon.colcon_core.package_discovery:discover_packages(recursive) check parameters
[4.731s] Level 1:colcon.colcon_core.package_discovery:discover_packages(ignore) check parameters
[4.732s] Level 1:colcon.colcon_core.package_discovery:discover_packages(path) check parameters
[4.732s] Level 1:colcon.colcon_core.package_discovery:discover_packages(colcon_meta) discover
[4.733s] Level 1:colcon.colcon_core.package_discovery:discover_packages(recursive) discover
[4.734s] INFO:colcon.colcon_core.package_discovery:Crawling recursively for packages in '/TestBotTeaching'
[4.736s] Level 1:colcon.colcon_core.package_identification:_identify(.) by extensions ['ignore', 'ignore_ament_install']
[4.738s] Level 1:colcon.colcon_core.package_identification:_identify(.) by extension 'ignore'
[4.739s] Level 1:colcon.colcon_core.package_identification:_identify(.) by extension 'ignore_ament_install'
[4.740s] Level 1:colcon.colcon_core.package_identification:_identify(.) by extensions ['colcon_pkg']
[4.741s] Level 1:colcon.colcon_core.package_identification:_identify(.) by extension 'colcon_pkg'
[4.742s] Level 1:colcon.colcon_core.package_identification:_identify(.) by extensions ['colcon_meta']
[4.743s] Level 1:colcon.colcon_core.package_identification:_identify(.) by extension 'colcon_meta'
[4.743s] Level 1:colcon.colcon_core.package_identification:_identify(.) by extensions ['ros']
[4.744s] Level 1:colcon.colcon_core.package_identification:_identify(.) by extension 'ros'
[4.940s] Level 1:colcon.colcon_core.package_identification:_identify(.) by extensions ['cmake', 'python']
[4.941s] Level 1:colcon.colcon_core.package_identification:_identify(.) by extension 'cmake'
[4.942s] Level 1:colcon.colcon_core.package_identification:_identify(.) by extension 'python'
[4.943s] Level 1:colcon.colcon_core.package_identification:_identify(.) by extensions ['python_setup_py']
[4.944s] Level 1:colcon.colcon_core.package_identification:_identify(.) by extension 'python_setup_py'
[4.946s] Level 1:colcon.colcon_core.package_identification:_identify(build) by extensions ['ignore', 'ignore_ament_install']
[4.948s] Level 1:colcon.colcon_core.package_identification:_identify(build) by extension 'ignore'
[4.949s] Level 1:colcon.colcon_core.package_identification:_identify(build) ignored
[4.951s] Level 1:colcon.colcon_core.package_identification:_identify(drivetrain) by extensions ['ignore', 'ignore_ament_install']
[4.953s] Level 1:colcon.colcon_core.package_identification:_identify(drivetrain) by extension 'ignore'
[4.954s] Level 1:colcon.colcon_core.package_identification:_identify(drivetrain) by extension 'ignore_ament_install'
[4.955s] Level 1:colcon.colcon_core.package_identification:_identify(drivetrain) by extensions ['colcon_pkg']
[4.956s] Level 1:colcon.colcon_core.package_identification:_identify(drivetrain) by extension 'colcon_pkg'
[4.957s] Level 1:colcon.colcon_core.package_identification:_identify(drivetrain) by extensions ['colcon_meta']
[4.958s] Level 1:colcon.colcon_core.package_identification:_identify(drivetrain) by extension 'colcon_meta'
[4.959s] Level 1:colcon.colcon_core.package_identification:_identify(drivetrain) by extensions ['ros']
[4.960s] Level 1:colcon.colcon_core.package_identification:_identify(drivetrain) by extension 'ros'
[4.993s] DEBUG:colcon.colcon_core.package_identification:Package 'drivetrain' with type 'ros.ament_cmake' and name 'drivetrain'
[4.995s] Level 1:colcon.colcon_core.package_identification:_identify(install) by extensions ['ignore', 'ignore_ament_install']
[4.997s] Level 1:colcon.colcon_core.package_identification:_identify(install) by extension 'ignore'
[4.998s] Level 1:colcon.colcon_core.package_identification:_identify(install) ignored
[5.004s] Level 1:colcon.colcon_core.package_identification:_identify(log) by extensions ['ignore', 'ignore_ament_install']
[5.006s] Level 1:colcon.colcon_core.package_identification:_identify(log) by extension 'ignore'
[5.007s] Level 1:colcon.colcon_core.package_identification:_identify(log) ignored
[5.009s] Level 1:colcon.colcon_core.package_identification:_identify(micro_ros_working) by extensions ['ignore', 'ignore_ament_install']
[5.011s] Level 1:colcon.colcon_core.package_identification:_identify(micro_ros_working) by extension 'ignore'
[5.012s] Level 1:colcon.colcon_core.package_identification:_identify(micro_ros_working) by extension 'ignore_ament_install'
[5.013s] Level 1:colcon.colcon_core.package_identification:_identify(micro_ros_working) by extensions ['colcon_pkg']
[5.014s] Level 1:colcon.colcon_core.package_identification:_identify(micro_ros_working) by extension 'colcon_pkg'
[5.015s] Level 1:colcon.colcon_core.package_identification:_identify(micro_ros_working) by extensions ['colcon_meta']
[5.016s] Level 1:colcon.colcon_core.package_identification:_identify(micro_ros_working) by extension 'colcon_meta'
[5.017s] Level 1:colcon.colcon_core.package_identification:_identify(micro_ros_working) by extensions ['ros']
[5.017s] Level 1:colcon.colcon_core.package_identification:_identify(micro_ros_working) by extension 'ros'
[5.023s] DEBUG:colcon.colcon_core.package_identification:Package 'micro_ros_working' with type 'ros.catkin' and name 'micro_ros_raspberrypicosdk'
[5.026s] Level 1:colcon.colcon_core.package_identification:_identify(pythonDriving) by extensions ['ignore', 'ignore_ament_install']
[5.027s] Level 1:colcon.colcon_core.package_identification:_identify(pythonDriving) by extension 'ignore'
[5.028s] Level 1:colcon.colcon_core.package_identification:_identify(pythonDriving) by extension 'ignore_ament_install'
[5.030s] Level 1:colcon.colcon_core.package_identification:_identify(pythonDriving) by extensions ['colcon_pkg']
[5.031s] Level 1:colcon.colcon_core.package_identification:_identify(pythonDriving) by extension 'colcon_pkg'
[5.032s] Level 1:colcon.colcon_core.package_identification:_identify(pythonDriving) by extensions ['colcon_meta']
[5.032s] Level 1:colcon.colcon_core.package_identification:_identify(pythonDriving) by extension 'colcon_meta'
[5.033s] Level 1:colcon.colcon_core.package_identification:_identify(pythonDriving) by extensions ['ros']
[5.034s] Level 1:colcon.colcon_core.package_identification:_identify(pythonDriving) by extension 'ros'
[5.043s] DEBUG:colcon.colcon_core.package_identification:Package 'pythonDriving' with type 'ros.ament_python' and name 'pythonDriving'
[5.044s] Level 1:colcon.colcon_core.package_discovery:discover_packages(recursive) using defaults
[5.045s] Level 1:colcon.colcon_core.package_discovery:discover_packages(ignore) discover
[5.046s] Level 1:colcon.colcon_core.package_discovery:discover_packages(ignore) using defaults
[5.046s] Level 1:colcon.colcon_core.package_discovery:discover_packages(path) discover
[5.047s] Level 1:colcon.colcon_core.package_discovery:discover_packages(path) using defaults
[5.410s] Level 5:colcon.colcon_core.verb:set package 'drivetrain' build argument 'cmake_args' from command line to 'None'
[5.410s] Level 5:colcon.colcon_core.verb:set package 'drivetrain' build argument 'cmake_target' from command line to 'None'
[5.411s] Level 5:colcon.colcon_core.verb:set package 'drivetrain' build argument 'cmake_target_skip_unavailable' from command line to 'False'
[5.411s] Level 5:colcon.colcon_core.verb:set package 'drivetrain' build argument 'cmake_clean_cache' from command line to 'False'
[5.411s] Level 5:colcon.colcon_core.verb:set package 'drivetrain' build argument 'cmake_clean_first' from command line to 'False'
[5.411s] Level 5:colcon.colcon_core.verb:set package 'drivetrain' build argument 'cmake_force_configure' from command line to 'False'
[5.411s] Level 5:colcon.colcon_core.verb:set package 'drivetrain' build argument 'ament_cmake_args' from command line to 'None'
[5.411s] Level 5:colcon.colcon_core.verb:set package 'drivetrain' build argument 'catkin_cmake_args' from command line to 'None'
[5.412s] Level 5:colcon.colcon_core.verb:set package 'drivetrain' build argument 'catkin_skip_building_tests' from command line to 'False'
[5.412s] DEBUG:colcon.colcon_core.verb:Building package 'drivetrain' with the following arguments: {'ament_cmake_args': None, 'build_base': '/TestBotTeaching/build/drivetrain', 'catkin_cmake_args': None, 'catkin_skip_building_tests': False, 'cmake_args': None, 'cmake_clean_cache': False, 'cmake_clean_first': False, 'cmake_force_configure': False, 'cmake_target': None, 'cmake_target_skip_unavailable': False, 'install_base': '/TestBotTeaching/install/drivetrain', 'merge_install': False, 'path': '/TestBotTeaching/drivetrain', 'symlink_install': False, 'test_result_base': None}
[5.414s] Level 5:colcon.colcon_core.verb:set package 'micro_ros_raspberrypicosdk' build argument 'cmake_args' from command line to 'None'
[5.414s] Level 5:colcon.colcon_core.verb:set package 'micro_ros_raspberrypicosdk' build argument 'cmake_target' from command line to 'None'
[5.414s] Level 5:colcon.colcon_core.verb:set package 'micro_ros_raspberrypicosdk' build argument 'cmake_target_skip_unavailable' from command line to 'False'
[5.415s] Level 5:colcon.colcon_core.verb:set package 'micro_ros_raspberrypicosdk' build argument 'cmake_clean_cache' from command line to 'False'
[5.415s] Level 5:colcon.colcon_core.verb:set package 'micro_ros_raspberrypicosdk' build argument 'cmake_clean_first' from command line to 'False'
[5.415s] Level 5:colcon.colcon_core.verb:set package 'micro_ros_raspberrypicosdk' build argument 'cmake_force_configure' from command line to 'False'
[5.415s] Level 5:colcon.colcon_core.verb:set package 'micro_ros_raspberrypicosdk' build argument 'ament_cmake_args' from command line to 'None'
[5.415s] Level 5:colcon.colcon_core.verb:set package 'micro_ros_raspberrypicosdk' build argument 'catkin_cmake_args' from command line to 'None'
[5.415s] Level 5:colcon.colcon_core.verb:set package 'micro_ros_raspberrypicosdk' build argument 'catkin_skip_building_tests' from command line to 'False'
[5.415s] DEBUG:colcon.colcon_core.verb:Building package 'micro_ros_raspberrypicosdk' with the following arguments: {'ament_cmake_args': None, 'build_base': '/TestBotTeaching/build/micro_ros_raspberrypicosdk', 'catkin_cmake_args': None, 'catkin_skip_building_tests': False, 'cmake_args': None, 'cmake_clean_cache': False, 'cmake_clean_first': False, 'cmake_force_configure': False, 'cmake_target': None, 'cmake_target_skip_unavailable': False, 'install_base': '/TestBotTeaching/install/micro_ros_raspberrypicosdk', 'merge_install': False, 'path': '/TestBotTeaching/micro_ros_working', 'symlink_install': False, 'test_result_base': None}
[5.417s] Level 5:colcon.colcon_core.verb:set package 'pythonDriving' build argument 'cmake_args' from command line to 'None'
[5.418s] Level 5:colcon.colcon_core.verb:set package 'pythonDriving' build argument 'cmake_target' from command line to 'None'
[5.418s] Level 5:colcon.colcon_core.verb:set package 'pythonDriving' build argument 'cmake_target_skip_unavailable' from command line to 'False'
[5.418s] Level 5:colcon.colcon_core.verb:set package 'pythonDriving' build argument 'cmake_clean_cache' from command line to 'False'
[5.418s] Level 5:colcon.colcon_core.verb:set package 'pythonDriving' build argument 'cmake_clean_first' from command line to 'False'
[5.418s] Level 5:colcon.colcon_core.verb:set package 'pythonDriving' build argument 'cmake_force_configure' from command line to 'False'
[5.419s] Level 5:colcon.colcon_core.verb:set package 'pythonDriving' build argument 'ament_cmake_args' from command line to 'None'
[5.419s] Level 5:colcon.colcon_core.verb:set package 'pythonDriving' build argument 'catkin_cmake_args' from command line to 'None'
[5.419s] Level 5:colcon.colcon_core.verb:set package 'pythonDriving' build argument 'catkin_skip_building_tests' from command line to 'False'
[5.419s] DEBUG:colcon.colcon_core.verb:Building package 'pythonDriving' with the following arguments: {'ament_cmake_args': None, 'build_base': '/TestBotTeaching/build/pythonDriving', 'catkin_cmake_args': None, 'catkin_skip_building_tests': False, 'cmake_args': None, 'cmake_clean_cache': False, 'cmake_clean_first': False, 'cmake_force_configure': False, 'cmake_target': None, 'cmake_target_skip_unavailable': False, 'install_base': '/TestBotTeaching/install/pythonDriving', 'merge_install': False, 'path': '/TestBotTeaching/pythonDriving', 'symlink_install': False, 'test_result_base': None}
[5.420s] INFO:colcon.colcon_core.executor:Executing jobs using 'parallel' executor
[5.425s] DEBUG:colcon.colcon_parallel_executor.executor.parallel:run_until_complete
[5.428s] INFO:colcon.colcon_ros.task.ament_cmake.build:Building ROS package in '/TestBotTeaching/drivetrain' with build type 'ament_cmake'
[5.429s] INFO:colcon.colcon_cmake.task.cmake.build:Building CMake package in '/TestBotTeaching/drivetrain'
[5.447s] INFO:colcon.colcon_core.plugin_system:Skipping extension 'colcon_core.shell.bat': Not used on non-Windows systems
[5.449s] INFO:colcon.colcon_core.shell:Skip shell extension 'powershell' for command environment: Not usable outside of PowerShell
[5.450s] DEBUG:colcon.colcon_core.shell:Skip shell extension 'dsv' for command environment
[5.495s] INFO:colcon.colcon_ros.task.catkin.build:Building ROS package in '/TestBotTeaching/micro_ros_working' with build type 'catkin'
[5.496s] INFO:colcon.colcon_cmake.task.cmake.build:Building CMake package in '/TestBotTeaching/micro_ros_working'
[5.499s] INFO:colcon.colcon_core.shell:Skip shell extension 'powershell' for command environment: Not usable outside of PowerShell
[5.500s] DEBUG:colcon.colcon_core.shell:Skip shell extension 'dsv' for command environment
[5.689s] INFO:colcon.colcon_ros.task.ament_python.build:Building ROS package in '/TestBotTeaching/pythonDriving' with build type 'ament_python'
[5.691s] Level 1:colcon.colcon_core.shell:create_environment_hook('pythonDriving', 'ament_prefix_path')
[5.719s] INFO:colcon.colcon_core.shell:Creating environment hook '/TestBotTeaching/install/pythonDriving/share/pythonDriving/hook/ament_prefix_path.ps1'
[5.744s] INFO:colcon.colcon_core.shell:Creating environment descriptor '/TestBotTeaching/install/pythonDriving/share/pythonDriving/hook/ament_prefix_path.dsv'
[5.774s] INFO:colcon.colcon_core.shell:Creating environment hook '/TestBotTeaching/install/pythonDriving/share/pythonDriving/hook/ament_prefix_path.sh'
[5.799s] INFO:colcon.colcon_core.shell:Skip shell extension 'powershell' for command environment: Not usable outside of PowerShell
[5.801s] DEBUG:colcon.colcon_core.shell:Skip shell extension 'dsv' for command environment
[5.965s] DEBUG:colcon.colcon_core.event_handler.log_command:Invoking command in '/TestBotTeaching/build/drivetrain': CMAKE_PREFIX_PATH=/opt/ros/humble /usr/bin/cmake /TestBotTeaching/drivetrain -DCMAKE_INSTALL_PREFIX=/TestBotTeaching/install/drivetrain
[6.050s] DEBUG:colcon.colcon_core.event_handler.log_command:Invoking command in '/TestBotTeaching/build/micro_ros_raspberrypicosdk': /usr/bin/cmake /TestBotTeaching/micro_ros_working -DCATKIN_INSTALL_INTO_PREFIX_ROOT=0 -DCMAKE_INSTALL_PREFIX=/TestBotTeaching/install/micro_ros_raspberrypicosdk
[18.395s] INFO:colcon.colcon_core.task.python.build:Building Python package in '/TestBotTeaching/pythonDriving'
[18.403s] INFO:colcon.colcon_core.shell:Skip shell extension 'powershell' for command environment: Not usable outside of PowerShell
[18.404s] DEBUG:colcon.colcon_core.shell:Skip shell extension 'dsv' for command environment
[35.849s] DEBUG:colcon.colcon_core.event_handler.log_command:Invoking command in '/TestBotTeaching/pythonDriving': PYTHONPATH=/TestBotTeaching/build/pythonDriving/prefix_override:/usr/lib/python3/dist-packages/colcon_core/task/python/colcon_distutils_commands:/TestBotTeaching/install/pythonDriving/lib/python3.10/site-packages:${PYTHONPATH} /usr/bin/python3 -W ignore:setup.py install is deprecated setup.py egg_info --egg-base ../build/pythonDriving build --build-base /TestBotTeaching/build/pythonDriving/build install --record /TestBotTeaching/build/pythonDriving/install.log --single-version-externally-managed install_data
[45.056s] DEBUG:colcon.colcon_core.event_handler.log_command:Invoked command in '/TestBotTeaching/pythonDriving' returned '1': PYTHONPATH=/TestBotTeaching/build/pythonDriving/prefix_override:/usr/lib/python3/dist-packages/colcon_core/task/python/colcon_distutils_commands:/TestBotTeaching/install/pythonDriving/lib/python3.10/site-packages:${PYTHONPATH} /usr/bin/python3 -W ignore:setup.py install is deprecated setup.py egg_info --egg-base ../build/pythonDriving build --build-base /TestBotTeaching/build/pythonDriving/build install --record /TestBotTeaching/build/pythonDriving/install.log --single-version-externally-managed install_data
[392.662s] DEBUG:colcon.colcon_parallel_executor.executor.parallel:closing loop
[392.669s] DEBUG:colcon.colcon_parallel_executor.executor.parallel:loop closed
[392.671s] DEBUG:colcon.colcon_parallel_executor.executor.parallel:run_until_complete finished with '1'
[392.673s] DEBUG:colcon.colcon_core.event_reactor:joining thread
[392.861s] INFO:colcon.colcon_core.plugin_system:Skipping extension 'colcon_notification.desktop_notification.notify_send': Could not find 'notify-send'
[392.864s] INFO:colcon.colcon_core.plugin_system:Skipping extension 'colcon_notification.desktop_notification.terminal_notifier': Not used on non-Darwin systems
[392.867s] INFO:colcon.colcon_core.plugin_system:Skipping extension 'colcon_notification.desktop_notification.win32': Not used on non-Windows systems
[392.869s] INFO:colcon.colcon_notification.desktop_notification:Sending desktop notification using 'notify2'
[392.954s] DEBUG:colcon.colcon_notification.desktop_notification.notify2:Failed to initialize notify2: org.freedesktop.DBus.Error.Spawn.ExecFailed: /usr/bin/dbus-launch terminated abnormally without any error message
[392.958s] DEBUG:colcon.colcon_core.event_reactor:joined thread
[392.965s] INFO:colcon.colcon_core.shell:Creating prefix script '/TestBotTeaching/install/local_setup.ps1'
[392.998s] INFO:colcon.colcon_core.shell:Creating prefix util module '/TestBotTeaching/install/_local_setup_util_ps1.py'
[393.024s] INFO:colcon.colcon_core.shell:Creating prefix chain script '/TestBotTeaching/install/setup.ps1'
[393.035s] INFO:colcon.colcon_core.shell:Creating prefix script '/TestBotTeaching/install/local_setup.sh'
[393.051s] INFO:colcon.colcon_core.shell:Creating prefix util module '/TestBotTeaching/install/_local_setup_util_sh.py'
[393.061s] INFO:colcon.colcon_core.shell:Creating prefix chain script '/TestBotTeaching/install/setup.sh'
[393.080s] INFO:colcon.colcon_core.shell:Creating prefix script '/TestBotTeaching/install/local_setup.bash'
[393.095s] INFO:colcon.colcon_core.shell:Creating prefix chain script '/TestBotTeaching/install/setup.bash'
[393.110s] INFO:colcon.colcon_core.shell:Creating prefix script '/TestBotTeaching/install/local_setup.zsh'
[393.121s] INFO:colcon.colcon_core.shell:Creating prefix chain script '/TestBotTeaching/install/setup.zsh'
