[0.000000] (-) TimerEvent: {}
[0.001345] (drivetrain) JobQueued: {'identifier': 'drivetrain', 'dependencies': OrderedDict()}
[0.001618] (pythonDriving) JobQueued: {'identifier': 'pythonDriving', 'dependencies': OrderedDict()}
[0.001726] (drivetrain) JobStarted: {'identifier': 'drivetrain'}
[0.037083] (pythonDriving) JobStarted: {'identifier': 'pythonDriving'}
[0.082937] (drivetrain) JobProgress: {'identifier': 'drivetrain', 'progress': 'cmake'}
[0.085686] (drivetrain) Command: {'cmd': ['/usr/bin/cmake', '/home/astrobotics/TestBotTeaching/drivetrain', '-DCMAKE_INSTALL_PREFIX=/home/astrobotics/TestBotTeaching/install/drivetrain'], 'cwd': '/home/astrobotics/TestBotTeaching/build/drivetrain', 'env': OrderedDict([('USER', 'astrobotics'), ('XDG_SESSION_TYPE', 'wayland'), ('SHLVL', '1'), ('LD_LIBRARY_PATH', '/opt/ros/humble/opt/rviz_ogre_vendor/lib:/opt/ros/humble/lib/aarch64-linux-gnu:/opt/ros/humble/lib'), ('HOME', '/home/astrobotics'), ('OLDPWD', '/home/astrobotics'), ('DESKTOP_SESSION', 'ubuntu'), ('ROS_PYTHON_VERSION', '3'), ('GNOME_SHELL_SESSION_MODE', 'ubuntu'), ('GTK_MODULES', 'gail:atk-bridge'), ('SYSTEMD_EXEC_PID', '10731'), ('DBUS_SESSION_BUS_ADDRESS', 'unix:path=/run/user/1000/bus'), ('COLORTERM', 'truecolor'), ('IM_CONFIG_PHASE', '1'), ('WAYLAND_DISPLAY', 'wayland-0'), ('ROS_DISTRO', 'humble'), ('LOGNAME', 'astrobotics'), ('_', '/usr/bin/colcon'), ('ROS_VERSION', '2'), ('XDG_SESSION_CLASS', 'user'), ('USERNAME', 'astrobotics'), ('TERM', 'xterm-256color'), ('GNOME_DESKTOP_SESSION_ID', 'this-is-deprecated'), ('ROS_LOCALHOST_ONLY', '0'), ('PATH', '/opt/ros/humble/bin:/usr/local/sbin:/usr/local/bin:/usr/sbin:/usr/bin:/sbin:/bin:/usr/games:/usr/local/games:/snap/bin:/snap/bin'), ('SESSION_MANAGER', 'local/astrobotics-desktop:@/tmp/.ICE-unix/10501,unix/astrobotics-desktop:/tmp/.ICE-unix/10501'), ('XDG_MENU_PREFIX', 'gnome-'), ('GNOME_TERMINAL_SCREEN', '/org/gnome/Terminal/screen/6e081162_8e4a_493b_835b_06af80c79e83'), ('GNOME_SETUP_DISPLAY', ':1'), ('XDG_RUNTIME_DIR', '/run/user/1000'), ('DISPLAY', ':0'), ('LANG', 'en_US.UTF-8'), ('XDG_CURRENT_DESKTOP', 'ubuntu:GNOME'), ('XMODIFIERS', '@im=ibus'), ('XDG_SESSION_DESKTOP', 'ubuntu'), ('XAUTHORITY', '/run/user/1000/.mutter-Xwaylandauth.NFW1V2'), ('GNOME_TERMINAL_SERVICE', ':1.103'), ('SSH_AGENT_LAUNCHER', 'gnome-keyring'), ('SSH_AUTH_SOCK', '/run/user/1000/keyring/ssh'), ('AMENT_PREFIX_PATH', '/opt/ros/humble'), ('SHELL', '/bin/bash'), ('QT_ACCESSIBILITY', '1'), ('GDMSESSION', 'ubuntu'), ('QT_IM_MODULE', 'ibus'), ('PWD', '/home/astrobotics/TestBotTeaching/build/drivetrain'), ('LC_ALL', 'en_US.UTF-8'), ('XDG_CONFIG_DIRS', '/etc/xdg/xdg-ubuntu:/etc/xdg'), ('XDG_DATA_DIRS', '/usr/share/ubuntu:/usr/local/share/:/usr/share/:/var/lib/snapd/desktop'), ('PYTHONPATH', '/opt/ros/humble/lib/python3.10/site-packages:/opt/ros/humble/local/lib/python3.10/dist-packages'), ('COLCON', '1'), ('VTE_VERSION', '6800'), ('CMAKE_PREFIX_PATH', '/opt/ros/humble')]), 'shell': False}
[0.100736] (-) TimerEvent: {}
[0.201769] (-) TimerEvent: {}
[0.303792] (-) TimerEvent: {}
[0.405351] (-) TimerEvent: {}
[0.485222] (drivetrain) StdoutLine: {'line': b'-- The C compiler identification is GNU 11.4.0\n'}
[0.505501] (-) TimerEvent: {}
[0.606494] (-) TimerEvent: {}
[0.708451] (-) TimerEvent: {}
[0.809695] (-) TimerEvent: {}
[0.859858] (drivetrain) StdoutLine: {'line': b'-- The CXX compiler identification is GNU 11.4.0\n'}
[0.903213] (drivetrain) StdoutLine: {'line': b'-- Detecting C compiler ABI info\n'}
[0.909591] (-) TimerEvent: {}
[1.010630] (-) TimerEvent: {}
[1.111781] (-) TimerEvent: {}
[1.212637] (-) TimerEvent: {}
[1.313828] (-) TimerEvent: {}
[1.349923] (drivetrain) StdoutLine: {'line': b'-- Detecting C compiler ABI info - done\n'}
[1.386686] (drivetrain) StdoutLine: {'line': b'-- Check for working C compiler: /usr/bin/cc - skipped\n'}
[1.387863] (drivetrain) StdoutLine: {'line': b'-- Detecting C compile features\n'}
[1.389627] (drivetrain) StdoutLine: {'line': b'-- Detecting C compile features - done\n'}
[1.407148] (drivetrain) StdoutLine: {'line': b'-- Detecting CXX compiler ABI info\n'}
[1.414060] (-) TimerEvent: {}
[1.515194] (-) TimerEvent: {}
[1.617582] (-) TimerEvent: {}
[1.720363] (-) TimerEvent: {}
[1.821794] (-) TimerEvent: {}
[1.923591] (-) TimerEvent: {}
[1.925728] (drivetrain) StdoutLine: {'line': b'-- Detecting CXX compiler ABI info - done\n'}
[1.960718] (drivetrain) StdoutLine: {'line': b'-- Check for working CXX compiler: /usr/bin/c++ - skipped\n'}
[1.963343] (drivetrain) StdoutLine: {'line': b'-- Detecting CXX compile features\n'}
[1.967377] (drivetrain) StdoutLine: {'line': b'-- Detecting CXX compile features - done\n'}
[2.003917] (drivetrain) StdoutLine: {'line': b'-- Found ament_cmake: 1.3.10 (/opt/ros/humble/share/ament_cmake/cmake)\n'}
[2.023791] (-) TimerEvent: {}
[2.124746] (-) TimerEvent: {}
[2.226980] (-) TimerEvent: {}
[2.328601] (-) TimerEvent: {}
[2.429563] (-) TimerEvent: {}
[2.530394] (-) TimerEvent: {}
[2.631916] (-) TimerEvent: {}
[2.733632] (-) TimerEvent: {}
[2.834632] (-) TimerEvent: {}
[2.937183] (-) TimerEvent: {}
[3.038606] (-) TimerEvent: {}
[3.140496] (-) TimerEvent: {}
[3.195549] (drivetrain) StdoutLine: {'line': b'-- Found Python3: /usr/bin/python3 (found version "3.10.12") found components: Interpreter \n'}
[3.240673] (-) TimerEvent: {}
[3.341489] (-) TimerEvent: {}
[3.442482] (-) TimerEvent: {}
[3.543677] (-) TimerEvent: {}
[3.644577] (-) TimerEvent: {}
[3.745680] (-) TimerEvent: {}
[3.846790] (-) TimerEvent: {}
[3.948350] (-) TimerEvent: {}
[3.959716] (drivetrain) StdoutLine: {'line': b'-- Found rclcpp: 16.0.10 (/opt/ros/humble/share/rclcpp/cmake)\n'}
[4.048620] (-) TimerEvent: {}
[4.150258] (-) TimerEvent: {}
[4.251473] (-) TimerEvent: {}
[4.353559] (-) TimerEvent: {}
[4.402598] (drivetrain) StdoutLine: {'line': b'-- Found rosidl_generator_c: 3.1.5 (/opt/ros/humble/share/rosidl_generator_c/cmake)\n'}
[4.454349] (-) TimerEvent: {}
[4.459262] (drivetrain) StdoutLine: {'line': b'-- Found rosidl_adapter: 3.1.5 (/opt/ros/humble/share/rosidl_adapter/cmake)\n'}
[4.537488] (drivetrain) StdoutLine: {'line': b'-- Found rosidl_generator_cpp: 3.1.5 (/opt/ros/humble/share/rosidl_generator_cpp/cmake)\n'}
[4.554528] (-) TimerEvent: {}
[4.644098] (drivetrain) StdoutLine: {'line': b'-- Using all available rosidl_typesupport_c: rosidl_typesupport_fastrtps_c;rosidl_typesupport_introspection_c\n'}
[4.654733] (-) TimerEvent: {}
[4.756132] (-) TimerEvent: {}
[4.813042] (drivetrain) StdoutLine: {'line': b'-- Using all available rosidl_typesupport_cpp: rosidl_typesupport_fastrtps_cpp;rosidl_typesupport_introspection_cpp\n'}
[4.856812] (-) TimerEvent: {}
[4.950581] (pythonDriving) Command: {'cmd': ['/usr/bin/python3', '-W', 'ignore:setup.py install is deprecated', 'setup.py', 'egg_info', '--egg-base', '../build/pythonDriving', 'build', '--build-base', '/home/astrobotics/TestBotTeaching/build/pythonDriving/build', 'install', '--record', '/home/astrobotics/TestBotTeaching/build/pythonDriving/install.log', '--single-version-externally-managed', 'install_data'], 'cwd': '/home/astrobotics/TestBotTeaching/pythonDriving', 'env': {'USER': 'astrobotics', 'XDG_SESSION_TYPE': 'wayland', 'SHLVL': '1', 'LD_LIBRARY_PATH': '/opt/ros/humble/opt/rviz_ogre_vendor/lib:/opt/ros/humble/lib/aarch64-linux-gnu:/opt/ros/humble/lib', 'HOME': '/home/astrobotics', 'OLDPWD': '/home/astrobotics', 'DESKTOP_SESSION': 'ubuntu', 'ROS_PYTHON_VERSION': '3', 'GNOME_SHELL_SESSION_MODE': 'ubuntu', 'GTK_MODULES': 'gail:atk-bridge', 'SYSTEMD_EXEC_PID': '10731', 'DBUS_SESSION_BUS_ADDRESS': 'unix:path=/run/user/1000/bus', 'COLORTERM': 'truecolor', 'IM_CONFIG_PHASE': '1', 'WAYLAND_DISPLAY': 'wayland-0', 'ROS_DISTRO': 'humble', 'LOGNAME': 'astrobotics', '_': '/usr/bin/colcon', 'ROS_VERSION': '2', 'XDG_SESSION_CLASS': 'user', 'USERNAME': 'astrobotics', 'TERM': 'xterm-256color', 'GNOME_DESKTOP_SESSION_ID': 'this-is-deprecated', 'ROS_LOCALHOST_ONLY': '0', 'PATH': '/opt/ros/humble/bin:/usr/local/sbin:/usr/local/bin:/usr/sbin:/usr/bin:/sbin:/bin:/usr/games:/usr/local/games:/snap/bin:/snap/bin', 'SESSION_MANAGER': 'local/astrobotics-desktop:@/tmp/.ICE-unix/10501,unix/astrobotics-desktop:/tmp/.ICE-unix/10501', 'XDG_MENU_PREFIX': 'gnome-', 'GNOME_TERMINAL_SCREEN': '/org/gnome/Terminal/screen/6e081162_8e4a_493b_835b_06af80c79e83', 'GNOME_SETUP_DISPLAY': ':1', 'XDG_RUNTIME_DIR': '/run/user/1000', 'DISPLAY': ':0', 'LANG': 'en_US.UTF-8', 'XDG_CURRENT_DESKTOP': 'ubuntu:GNOME', 'XMODIFIERS': '@im=ibus', 'XDG_SESSION_DESKTOP': 'ubuntu', 'XAUTHORITY': '/run/user/1000/.mutter-Xwaylandauth.NFW1V2', 'GNOME_TERMINAL_SERVICE': ':1.103', 'SSH_AGENT_LAUNCHER': 'gnome-keyring', 'SSH_AUTH_SOCK': '/run/user/1000/keyring/ssh', 'AMENT_PREFIX_PATH': '/opt/ros/humble', 'SHELL': '/bin/bash', 'QT_ACCESSIBILITY': '1', 'GDMSESSION': 'ubuntu', 'QT_IM_MODULE': 'ibus', 'PWD': '/home/astrobotics/TestBotTeaching/build/pythonDriving', 'LC_ALL': 'en_US.UTF-8', 'XDG_CONFIG_DIRS': '/etc/xdg/xdg-ubuntu:/etc/xdg', 'XDG_DATA_DIRS': '/usr/share/ubuntu:/usr/local/share/:/usr/share/:/var/lib/snapd/desktop', 'PYTHONPATH': '/home/astrobotics/TestBotTeaching/build/pythonDriving/prefix_override:/usr/lib/python3/dist-packages/colcon_core/task/python/colcon_distutils_commands:/home/astrobotics/TestBotTeaching/install/pythonDriving/lib/python3.10/site-packages:/opt/ros/humble/lib/python3.10/site-packages:/opt/ros/humble/local/lib/python3.10/dist-packages', 'COLCON': '1', 'VTE_VERSION': '6800'}, 'shell': False}
[4.958497] (-) TimerEvent: {}
[5.059537] (-) TimerEvent: {}
[5.161470] (-) TimerEvent: {}
[5.232446] (drivetrain) StdoutLine: {'line': b'-- Found rmw_implementation_cmake: 6.1.2 (/opt/ros/humble/share/rmw_implementation_cmake/cmake)\n'}
[5.260572] (drivetrain) StdoutLine: {'line': b'-- Found rmw_fastrtps_cpp: 6.2.7 (/opt/ros/humble/share/rmw_fastrtps_cpp/cmake)\n'}
[5.261459] (-) TimerEvent: {}
[5.362427] (-) TimerEvent: {}
[5.463445] (-) TimerEvent: {}
[5.564607] (-) TimerEvent: {}
[5.666195] (-) TimerEvent: {}
[5.767445] (-) TimerEvent: {}
[5.868399] (-) TimerEvent: {}
[5.970925] (-) TimerEvent: {}
[5.994643] (drivetrain) StdoutLine: {'line': b'-- Found OpenSSL: /usr/lib/aarch64-linux-gnu/libcrypto.so (found version "3.0.2")  \n'}
[6.071086] (-) TimerEvent: {}
[6.171783] (-) TimerEvent: {}
[6.272504] (-) TimerEvent: {}
[6.315809] (drivetrain) StdoutLine: {'line': b'-- Found FastRTPS: /opt/ros/humble/include  \n'}
[6.372694] (-) TimerEvent: {}
[6.473920] (-) TimerEvent: {}
[6.575133] (-) TimerEvent: {}
[6.676414] (-) TimerEvent: {}
[6.728066] (pythonDriving) StdoutLine: {'line': b'running egg_info\n'}
[6.732322] (pythonDriving) StdoutLine: {'line': b'creating ../build/pythonDriving/pythonDriving.egg-info\n'}
[6.733891] (pythonDriving) StdoutLine: {'line': b'writing ../build/pythonDriving/pythonDriving.egg-info/PKG-INFO\n'}
[6.736494] (pythonDriving) StdoutLine: {'line': b'writing dependency_links to ../build/pythonDriving/pythonDriving.egg-info/dependency_links.txt\n'}
[6.737545] (pythonDriving) StdoutLine: {'line': b'writing entry points to ../build/pythonDriving/pythonDriving.egg-info/entry_points.txt\n'}
[6.738578] (pythonDriving) StdoutLine: {'line': b'writing requirements to ../build/pythonDriving/pythonDriving.egg-info/requires.txt\n'}
[6.739015] (pythonDriving) StdoutLine: {'line': b'writing top-level names to ../build/pythonDriving/pythonDriving.egg-info/top_level.txt\n'}
[6.739806] (pythonDriving) StdoutLine: {'line': b"writing manifest file '../build/pythonDriving/pythonDriving.egg-info/SOURCES.txt'\n"}
[6.750123] (pythonDriving) StdoutLine: {'line': b"reading manifest file '../build/pythonDriving/pythonDriving.egg-info/SOURCES.txt'\n"}
[6.755167] (pythonDriving) StdoutLine: {'line': b"writing manifest file '../build/pythonDriving/pythonDriving.egg-info/SOURCES.txt'\n"}
[6.755906] (pythonDriving) StdoutLine: {'line': b'running build\n'}
[6.756681] (pythonDriving) StdoutLine: {'line': b'running build_py\n'}
[6.757382] (pythonDriving) StdoutLine: {'line': b'creating /home/astrobotics/TestBotTeaching/build/pythonDriving/build\n'}
[6.758443] (pythonDriving) StdoutLine: {'line': b'creating /home/astrobotics/TestBotTeaching/build/pythonDriving/build/lib\n'}
[6.759627] (pythonDriving) StdoutLine: {'line': b'creating /home/astrobotics/TestBotTeaching/build/pythonDriving/build/lib/pythonDriving\n'}
[6.760826] (pythonDriving) StdoutLine: {'line': b'copying pythonDriving/pythonDriving.py -> /home/astrobotics/TestBotTeaching/build/pythonDriving/build/lib/pythonDriving\n'}
[6.761675] (pythonDriving) StdoutLine: {'line': b'copying pythonDriving/__init__.py -> /home/astrobotics/TestBotTeaching/build/pythonDriving/build/lib/pythonDriving\n'}
[6.762635] (pythonDriving) StdoutLine: {'line': b'running install\n'}
[6.764246] (pythonDriving) StdoutLine: {'line': b'running install_lib\n'}
[6.771819] (pythonDriving) StdoutLine: {'line': b'creating /home/astrobotics/TestBotTeaching/install/pythonDriving/lib/python3.10/site-packages/pythonDriving\n'}
[6.772624] (pythonDriving) StdoutLine: {'line': b'copying /home/astrobotics/TestBotTeaching/build/pythonDriving/build/lib/pythonDriving/pythonDriving.py -> /home/astrobotics/TestBotTeaching/install/pythonDriving/lib/python3.10/site-packages/pythonDriving\n'}
[6.773915] (pythonDriving) StdoutLine: {'line': b'copying /home/astrobotics/TestBotTeaching/build/pythonDriving/build/lib/pythonDriving/__init__.py -> /home/astrobotics/TestBotTeaching/install/pythonDriving/lib/python3.10/site-packages/pythonDriving\n'}
[6.776688] (-) TimerEvent: {}
[6.778017] (pythonDriving) StdoutLine: {'line': b'byte-compiling /home/astrobotics/TestBotTeaching/install/pythonDriving/lib/python3.10/site-packages/pythonDriving/pythonDriving.py to pythonDriving.cpython-310.pyc\n'}
[6.782248] (pythonDriving) StdoutLine: {'line': b'byte-compiling /home/astrobotics/TestBotTeaching/install/pythonDriving/lib/python3.10/site-packages/pythonDriving/__init__.py to __init__.cpython-310.pyc\n'}
[6.785303] (pythonDriving) StdoutLine: {'line': b'running install_data\n'}
[6.787156] (pythonDriving) StdoutLine: {'line': b'creating /home/astrobotics/TestBotTeaching/install/pythonDriving/share/ament_index\n'}
[6.789927] (pythonDriving) StdoutLine: {'line': b'creating /home/astrobotics/TestBotTeaching/install/pythonDriving/share/ament_index/resource_index\n'}
[6.790868] (pythonDriving) StdoutLine: {'line': b'creating /home/astrobotics/TestBotTeaching/install/pythonDriving/share/ament_index/resource_index/packages\n'}
[6.791850] (pythonDriving) StdoutLine: {'line': b'copying resource/pythonDriving -> /home/astrobotics/TestBotTeaching/install/pythonDriving/share/ament_index/resource_index/packages\n'}
[6.792807] (pythonDriving) StdoutLine: {'line': b'copying package.xml -> /home/astrobotics/TestBotTeaching/install/pythonDriving/share/pythonDriving\n'}
[6.793858] (pythonDriving) StdoutLine: {'line': b'running install_egg_info\n'}
[6.802243] (pythonDriving) StdoutLine: {'line': b'Copying ../build/pythonDriving/pythonDriving.egg-info to /home/astrobotics/TestBotTeaching/install/pythonDriving/lib/python3.10/site-packages/pythonDriving-0.0.0-py3.10.egg-info\n'}
[6.812338] (pythonDriving) StdoutLine: {'line': b'running install_scripts\n'}
[6.847146] (drivetrain) StdoutLine: {'line': b"-- Using RMW implementation 'rmw_fastrtps_cpp' as default\n"}
[6.877084] (-) TimerEvent: {}
[6.940980] (pythonDriving) StdoutLine: {'line': b'Installing pythonDriving script to /home/astrobotics/TestBotTeaching/install/pythonDriving/lib/pythonDriving\n'}
[6.942500] (drivetrain) StdoutLine: {'line': b'-- Looking for pthread.h\n'}
[6.944810] (pythonDriving) StdoutLine: {'line': b"writing list of installed files to '/home/astrobotics/TestBotTeaching/build/pythonDriving/install.log'\n"}
[6.977558] (-) TimerEvent: {}
[7.080167] (-) TimerEvent: {}
[7.127698] (pythonDriving) CommandEnded: {'returncode': 0}
[7.184418] (-) TimerEvent: {}
[7.214119] (pythonDriving) JobEnded: {'identifier': 'pythonDriving', 'rc': 0}
[7.284687] (-) TimerEvent: {}
[7.386578] (-) TimerEvent: {}
[7.472198] (drivetrain) StdoutLine: {'line': b'-- Looking for pthread.h - found\n'}
[7.474760] (drivetrain) StdoutLine: {'line': b'-- Performing Test CMAKE_HAVE_LIBC_PTHREAD\n'}
[7.486679] (-) TimerEvent: {}
[7.587451] (-) TimerEvent: {}
[7.688312] (-) TimerEvent: {}
[7.789065] (-) TimerEvent: {}
[7.889867] (-) TimerEvent: {}
[7.894281] (drivetrain) StdoutLine: {'line': b'-- Performing Test CMAKE_HAVE_LIBC_PTHREAD - Success\n'}
[7.899751] (drivetrain) StdoutLine: {'line': b'-- Found Threads: TRUE  \n'}
[7.990072] (-) TimerEvent: {}
[8.090976] (-) TimerEvent: {}
[8.191698] (-) TimerEvent: {}
[8.238728] (drivetrain) StdoutLine: {'line': b'-- Found sensor_msgs: 4.2.4 (/opt/ros/humble/share/sensor_msgs/cmake)\n'}
[8.291884] (-) TimerEvent: {}
[8.392691] (-) TimerEvent: {}
[8.442205] (drivetrain) StdoutLine: {'line': b'-- Found ament_lint_auto: 0.12.11 (/opt/ros/humble/share/ament_lint_auto/cmake)\n'}
[8.492947] (-) TimerEvent: {}
[8.594365] (-) TimerEvent: {}
[8.695502] (-) TimerEvent: {}
[8.796540] (-) TimerEvent: {}
[8.898297] (-) TimerEvent: {}
[8.999420] (-) TimerEvent: {}
[9.020202] (drivetrain) StdoutLine: {'line': b"-- Added test 'cppcheck' to perform static code analysis on C / C++ code\n"}
[9.021151] (drivetrain) StdoutLine: {'line': b'-- Configured cppcheck include dirs: \n'}
[9.021658] (drivetrain) StdoutLine: {'line': b'-- Configured cppcheck exclude dirs and/or files: \n'}
[9.025129] (drivetrain) StdoutLine: {'line': b"-- Added test 'lint_cmake' to check CMake code style\n"}
[9.034153] (drivetrain) StdoutLine: {'line': b"-- Added test 'uncrustify' to check C / C++ code style\n"}
[9.034804] (drivetrain) StdoutLine: {'line': b'-- Configured uncrustify additional arguments: \n'}
[9.036826] (drivetrain) StdoutLine: {'line': b"-- Added test 'xmllint' to check XML markup files\n"}
[9.045291] (drivetrain) StdoutLine: {'line': b'-- Configuring done\n'}
[9.079703] (drivetrain) StderrLine: {'line': b'\x1b[31mCMake Error at CMakeLists.txt:16 (add_executable):\n'}
[9.080932] (drivetrain) StderrLine: {'line': b'  Cannot find source file:\n'}
[9.082198] (drivetrain) StderrLine: {'line': b'\n'}
[9.083269] (drivetrain) StderrLine: {'line': b'    /TestBotTeaching/drivetrain/src/drivesub.cpp\n'}
[9.083958] (drivetrain) StderrLine: {'line': b'\n'}
[9.084650] (drivetrain) StderrLine: {'line': b'  Tried extensions .c .C .c++ .cc .cpp .cxx .cu .mpp .m .M .mm .ixx .cppm .h\n'}
[9.085166] (drivetrain) StderrLine: {'line': b'  .hh .h++ .hm .hpp .hxx .in .txx .f .F .for .f77 .f90 .f95 .f03 .hip .ispc\n'}
[9.085848] (drivetrain) StderrLine: {'line': b'\n'}
[9.086429] (drivetrain) StderrLine: {'line': b'\x1b[0m\n'}
[9.087145] (drivetrain) StderrLine: {'line': b'\x1b[31mCMake Error at CMakeLists.txt:16 (add_executable):\n'}
[9.087690] (drivetrain) StderrLine: {'line': b'  No SOURCES given to target: drivetrainNode\n'}
[9.088133] (drivetrain) StderrLine: {'line': b'\n'}
[9.088595] (drivetrain) StderrLine: {'line': b'\x1b[0m\n'}
[9.089780] (drivetrain) StderrLine: {'line': b'\x1b[0mCMake Generate step failed.  Build files cannot be regenerated correctly.\x1b[0m\n'}
[9.099727] (-) TimerEvent: {}
[9.136530] (drivetrain) CommandEnded: {'returncode': 1}
[9.199862] (-) TimerEvent: {}
[9.226903] (drivetrain) JobEnded: {'identifier': 'drivetrain', 'rc': 1}
[9.239577] (-) EventReactorShutdown: {}
