[0.636s] DEBUG:colcon:Command line arguments: ['/usr/bin/colcon', 'build']
[0.637s] DEBUG:colcon:Parsed command line arguments: Namespace(log_base=None, log_level=None, verb_name='build', build_base='build', install_base='install', merge_install=False, symlink_install=False, test_result_base=None, continue_on_error=False, executor='parallel', parallel_workers=4, event_handlers=None, ignore_user_meta=False, metas=['./colcon.meta'], base_paths=['.'], packages_ignore=None, packages_ignore_regex=None, paths=None, packages_up_to=None, packages_up_to_regex=None, packages_above=None, packages_above_and_dependencies=None, packages_above_depth=None, packages_select_by_dep=None, packages_skip_by_dep=None, packages_skip_up_to=None, packages_select_build_failed=False, packages_skip_build_finished=False, packages_select_test_failures=False, packages_skip_test_passed=False, packages_select=None, packages_skip=None, packages_select_regex=None, packages_skip_regex=None, packages_start=None, packages_end=None, allow_overriding=[], cmake_args=None, cmake_target=None, cmake_target_skip_unavailable=False, cmake_clean_cache=False, cmake_clean_first=False, cmake_force_configure=False, ament_cmake_args=None, catkin_cmake_args=None, catkin_skip_building_tests=False, mixin_files=None, mixin=None, verb_parser=<colcon_mixin.mixin.mixin_argument.MixinArgumentDecorator object at 0xffff80611ae0>, verb_extension=<colcon_core.verb.build.BuildVerb object at 0xffff8072e230>, main=<bound method BuildVerb.main of <colcon_core.verb.build.BuildVerb object at 0xffff8072e230>>, mixin_verb=('build',))
[1.748s] Level 1:colcon.colcon_core.package_discovery:discover_packages(colcon_meta) check parameters
[1.749s] Level 1:colcon.colcon_core.package_discovery:discover_packages(recursive) check parameters
[1.749s] Level 1:colcon.colcon_core.package_discovery:discover_packages(ignore) check parameters
[1.749s] Level 1:colcon.colcon_core.package_discovery:discover_packages(path) check parameters
[1.750s] Level 1:colcon.colcon_core.package_discovery:discover_packages(colcon_meta) discover
[1.750s] Level 1:colcon.colcon_core.package_discovery:discover_packages(recursive) discover
[1.750s] INFO:colcon.colcon_core.package_discovery:Crawling recursively for packages in '/home/astrobotics/TestBotTeaching'
[1.751s] Level 1:colcon.colcon_core.package_identification:_identify(.) by extensions ['ignore', 'ignore_ament_install']
[1.752s] Level 1:colcon.colcon_core.package_identification:_identify(.) by extension 'ignore'
[1.752s] Level 1:colcon.colcon_core.package_identification:_identify(.) by extension 'ignore_ament_install'
[1.753s] Level 1:colcon.colcon_core.package_identification:_identify(.) by extensions ['colcon_pkg']
[1.753s] Level 1:colcon.colcon_core.package_identification:_identify(.) by extension 'colcon_pkg'
[1.753s] Level 1:colcon.colcon_core.package_identification:_identify(.) by extensions ['colcon_meta']
[1.753s] Level 1:colcon.colcon_core.package_identification:_identify(.) by extension 'colcon_meta'
[1.754s] Level 1:colcon.colcon_core.package_identification:_identify(.) by extensions ['ros']
[1.754s] Level 1:colcon.colcon_core.package_identification:_identify(.) by extension 'ros'
[1.813s] Level 1:colcon.colcon_core.package_identification:_identify(.) by extensions ['cmake', 'python']
[1.814s] Level 1:colcon.colcon_core.package_identification:_identify(.) by extension 'cmake'
[1.814s] Level 1:colcon.colcon_core.package_identification:_identify(.) by extension 'python'
[1.814s] Level 1:colcon.colcon_core.package_identification:_identify(.) by extensions ['python_setup_py']
[1.815s] Level 1:colcon.colcon_core.package_identification:_identify(.) by extension 'python_setup_py'
[1.815s] Level 1:colcon.colcon_core.package_identification:_identify(build) by extensions ['ignore', 'ignore_ament_install']
[1.816s] Level 1:colcon.colcon_core.package_identification:_identify(build) by extension 'ignore'
[1.817s] Level 1:colcon.colcon_core.package_identification:_identify(build) ignored
[1.817s] Level 1:colcon.colcon_core.package_identification:_identify(drivetrain) by extensions ['ignore', 'ignore_ament_install']
[1.818s] Level 1:colcon.colcon_core.package_identification:_identify(drivetrain) by extension 'ignore'
[1.818s] Level 1:colcon.colcon_core.package_identification:_identify(drivetrain) by extension 'ignore_ament_install'
[1.819s] Level 1:colcon.colcon_core.package_identification:_identify(drivetrain) by extensions ['colcon_pkg']
[1.819s] Level 1:colcon.colcon_core.package_identification:_identify(drivetrain) by extension 'colcon_pkg'
[1.819s] Level 1:colcon.colcon_core.package_identification:_identify(drivetrain) by extensions ['colcon_meta']
[1.819s] Level 1:colcon.colcon_core.package_identification:_identify(drivetrain) by extension 'colcon_meta'
[1.819s] Level 1:colcon.colcon_core.package_identification:_identify(drivetrain) by extensions ['ros']
[1.820s] Level 1:colcon.colcon_core.package_identification:_identify(drivetrain) by extension 'ros'
[1.830s] DEBUG:colcon.colcon_core.package_identification:Package 'drivetrain' with type 'ros.ament_cmake' and name 'drivetrain'
[1.831s] Level 1:colcon.colcon_core.package_identification:_identify(install) by extensions ['ignore', 'ignore_ament_install']
[1.832s] Level 1:colcon.colcon_core.package_identification:_identify(install) by extension 'ignore'
[1.832s] Level 1:colcon.colcon_core.package_identification:_identify(install) ignored
[1.835s] Level 1:colcon.colcon_core.package_identification:_identify(log) by extensions ['ignore', 'ignore_ament_install']
[1.835s] Level 1:colcon.colcon_core.package_identification:_identify(log) by extension 'ignore'
[1.835s] Level 1:colcon.colcon_core.package_identification:_identify(log) ignored
[1.836s] Level 1:colcon.colcon_core.package_identification:_identify(pythonDriving) by extensions ['ignore', 'ignore_ament_install']
[1.836s] Level 1:colcon.colcon_core.package_identification:_identify(pythonDriving) by extension 'ignore'
[1.837s] Level 1:colcon.colcon_core.package_identification:_identify(pythonDriving) by extension 'ignore_ament_install'
[1.837s] Level 1:colcon.colcon_core.package_identification:_identify(pythonDriving) by extensions ['colcon_pkg']
[1.837s] Level 1:colcon.colcon_core.package_identification:_identify(pythonDriving) by extension 'colcon_pkg'
[1.837s] Level 1:colcon.colcon_core.package_identification:_identify(pythonDriving) by extensions ['colcon_meta']
[1.837s] Level 1:colcon.colcon_core.package_identification:_identify(pythonDriving) by extension 'colcon_meta'
[1.838s] Level 1:colcon.colcon_core.package_identification:_identify(pythonDriving) by extensions ['ros']
[1.838s] Level 1:colcon.colcon_core.package_identification:_identify(pythonDriving) by extension 'ros'
[1.840s] DEBUG:colcon.colcon_core.package_identification:Package 'pythonDriving' with type 'ros.ament_python' and name 'pythonDriving'
[1.841s] Level 1:colcon.colcon_core.package_discovery:discover_packages(recursive) using defaults
[1.841s] Level 1:colcon.colcon_core.package_discovery:discover_packages(ignore) discover
[1.841s] Level 1:colcon.colcon_core.package_discovery:discover_packages(ignore) using defaults
[1.841s] Level 1:colcon.colcon_core.package_discovery:discover_packages(path) discover
[1.841s] Level 1:colcon.colcon_core.package_discovery:discover_packages(path) using defaults
[1.957s] Level 1:colcon.colcon_core.package_discovery:discover_packages(prefix_path) check parameters
[1.957s] Level 1:colcon.colcon_core.package_discovery:discover_packages(prefix_path) discover
[2.019s] DEBUG:colcon.colcon_installed_package_information.package_discovery:Found 270 installed packages in /opt/ros/humble
[2.026s] Level 1:colcon.colcon_core.package_discovery:discover_packages(prefix_path) using defaults
[2.257s] Level 5:colcon.colcon_core.verb:set package 'drivetrain' build argument 'cmake_args' from command line to 'None'
[2.258s] Level 5:colcon.colcon_core.verb:set package 'drivetrain' build argument 'cmake_target' from command line to 'None'
[2.258s] Level 5:colcon.colcon_core.verb:set package 'drivetrain' build argument 'cmake_target_skip_unavailable' from command line to 'False'
[2.258s] Level 5:colcon.colcon_core.verb:set package 'drivetrain' build argument 'cmake_clean_cache' from command line to 'False'
[2.258s] Level 5:colcon.colcon_core.verb:set package 'drivetrain' build argument 'cmake_clean_first' from command line to 'False'
[2.258s] Level 5:colcon.colcon_core.verb:set package 'drivetrain' build argument 'cmake_force_configure' from command line to 'False'
[2.259s] Level 5:colcon.colcon_core.verb:set package 'drivetrain' build argument 'ament_cmake_args' from command line to 'None'
[2.259s] Level 5:colcon.colcon_core.verb:set package 'drivetrain' build argument 'catkin_cmake_args' from command line to 'None'
[2.259s] Level 5:colcon.colcon_core.verb:set package 'drivetrain' build argument 'catkin_skip_building_tests' from command line to 'False'
[2.259s] DEBUG:colcon.colcon_core.verb:Building package 'drivetrain' with the following arguments: {'ament_cmake_args': None, 'build_base': '/home/astrobotics/TestBotTeaching/build/drivetrain', 'catkin_cmake_args': None, 'catkin_skip_building_tests': False, 'cmake_args': None, 'cmake_clean_cache': False, 'cmake_clean_first': False, 'cmake_force_configure': False, 'cmake_target': None, 'cmake_target_skip_unavailable': False, 'install_base': '/home/astrobotics/TestBotTeaching/install/drivetrain', 'merge_install': False, 'path': '/home/astrobotics/TestBotTeaching/drivetrain', 'symlink_install': False, 'test_result_base': None}
[2.261s] Level 5:colcon.colcon_core.verb:set package 'pythonDriving' build argument 'cmake_args' from command line to 'None'
[2.261s] Level 5:colcon.colcon_core.verb:set package 'pythonDriving' build argument 'cmake_target' from command line to 'None'
[2.262s] Level 5:colcon.colcon_core.verb:set package 'pythonDriving' build argument 'cmake_target_skip_unavailable' from command line to 'False'
[2.262s] Level 5:colcon.colcon_core.verb:set package 'pythonDriving' build argument 'cmake_clean_cache' from command line to 'False'
[2.262s] Level 5:colcon.colcon_core.verb:set package 'pythonDriving' build argument 'cmake_clean_first' from command line to 'False'
[2.262s] Level 5:colcon.colcon_core.verb:set package 'pythonDriving' build argument 'cmake_force_configure' from command line to 'False'
[2.262s] Level 5:colcon.colcon_core.verb:set package 'pythonDriving' build argument 'ament_cmake_args' from command line to 'None'
[2.262s] Level 5:colcon.colcon_core.verb:set package 'pythonDriving' build argument 'catkin_cmake_args' from command line to 'None'
[2.262s] Level 5:colcon.colcon_core.verb:set package 'pythonDriving' build argument 'catkin_skip_building_tests' from command line to 'False'
[2.263s] DEBUG:colcon.colcon_core.verb:Building package 'pythonDriving' with the following arguments: {'ament_cmake_args': None, 'build_base': '/home/astrobotics/TestBotTeaching/build/pythonDriving', 'catkin_cmake_args': None, 'catkin_skip_building_tests': False, 'cmake_args': None, 'cmake_clean_cache': False, 'cmake_clean_first': False, 'cmake_force_configure': False, 'cmake_target': None, 'cmake_target_skip_unavailable': False, 'install_base': '/home/astrobotics/TestBotTeaching/install/pythonDriving', 'merge_install': False, 'path': '/home/astrobotics/TestBotTeaching/pythonDriving', 'symlink_install': False, 'test_result_base': None}
[2.263s] INFO:colcon.colcon_core.executor:Executing jobs using 'parallel' executor
[2.268s] DEBUG:colcon.colcon_parallel_executor.executor.parallel:run_until_complete
[2.269s] INFO:colcon.colcon_ros.task.ament_cmake.build:Building ROS package in '/home/astrobotics/TestBotTeaching/drivetrain' with build type 'ament_cmake'
[2.269s] INFO:colcon.colcon_cmake.task.cmake.build:Building CMake package in '/home/astrobotics/TestBotTeaching/drivetrain'
[2.281s] INFO:colcon.colcon_core.plugin_system:Skipping extension 'colcon_core.shell.bat': Not used on non-Windows systems
[2.283s] INFO:colcon.colcon_core.shell:Skip shell extension 'powershell' for command environment: Not usable outside of PowerShell
[2.284s] DEBUG:colcon.colcon_core.shell:Skip shell extension 'dsv' for command environment
[2.306s] INFO:colcon.colcon_ros.task.ament_python.build:Building ROS package in '/home/astrobotics/TestBotTeaching/pythonDriving' with build type 'ament_python'
[2.307s] Level 1:colcon.colcon_core.shell:create_environment_hook('pythonDriving', 'ament_prefix_path')
[2.308s] INFO:colcon.colcon_core.shell:Creating environment hook '/home/astrobotics/TestBotTeaching/install/pythonDriving/share/pythonDriving/hook/ament_prefix_path.ps1'
[2.315s] INFO:colcon.colcon_core.shell:Creating environment descriptor '/home/astrobotics/TestBotTeaching/install/pythonDriving/share/pythonDriving/hook/ament_prefix_path.dsv'
[2.319s] INFO:colcon.colcon_core.shell:Creating environment hook '/home/astrobotics/TestBotTeaching/install/pythonDriving/share/pythonDriving/hook/ament_prefix_path.sh'
[2.324s] INFO:colcon.colcon_core.shell:Skip shell extension 'powershell' for command environment: Not usable outside of PowerShell
[2.324s] DEBUG:colcon.colcon_core.shell:Skip shell extension 'dsv' for command environment
[2.369s] DEBUG:colcon.colcon_core.event_handler.log_command:Invoking command in '/home/astrobotics/TestBotTeaching/build/drivetrain': CMAKE_PREFIX_PATH=/opt/ros/humble /usr/bin/cmake /home/astrobotics/TestBotTeaching/drivetrain -DCMAKE_INSTALL_PREFIX=/home/astrobotics/TestBotTeaching/install/drivetrain
[4.622s] INFO:colcon.colcon_core.task.python.build:Building Python package in '/home/astrobotics/TestBotTeaching/pythonDriving'
[4.623s] INFO:colcon.colcon_core.shell:Skip shell extension 'powershell' for command environment: Not usable outside of PowerShell
[4.624s] DEBUG:colcon.colcon_core.shell:Skip shell extension 'dsv' for command environment
[7.224s] DEBUG:colcon.colcon_core.event_handler.log_command:Invoking command in '/home/astrobotics/TestBotTeaching/pythonDriving': PYTHONPATH=/home/astrobotics/TestBotTeaching/build/pythonDriving/prefix_override:/usr/lib/python3/dist-packages/colcon_core/task/python/colcon_distutils_commands:/home/astrobotics/TestBotTeaching/install/pythonDriving/lib/python3.10/site-packages:${PYTHONPATH} /usr/bin/python3 -W ignore:setup.py install is deprecated setup.py egg_info --egg-base ../build/pythonDriving build --build-base /home/astrobotics/TestBotTeaching/build/pythonDriving/build install --record /home/astrobotics/TestBotTeaching/build/pythonDriving/install.log --single-version-externally-managed install_data
[9.398s] DEBUG:colcon.colcon_core.event_handler.log_command:Invoked command in '/home/astrobotics/TestBotTeaching/pythonDriving' returned '0': PYTHONPATH=/home/astrobotics/TestBotTeaching/build/pythonDriving/prefix_override:/usr/lib/python3/dist-packages/colcon_core/task/python/colcon_distutils_commands:/home/astrobotics/TestBotTeaching/install/pythonDriving/lib/python3.10/site-packages:${PYTHONPATH} /usr/bin/python3 -W ignore:setup.py install is deprecated setup.py egg_info --egg-base ../build/pythonDriving build --build-base /home/astrobotics/TestBotTeaching/build/pythonDriving/build install --record /home/astrobotics/TestBotTeaching/build/pythonDriving/install.log --single-version-externally-managed install_data
[9.418s] Level 1:colcon.colcon_core.environment:checking '/home/astrobotics/TestBotTeaching/install/pythonDriving' for CMake module files
[9.422s] Level 1:colcon.colcon_core.environment:checking '/home/astrobotics/TestBotTeaching/install/pythonDriving' for CMake config files
[9.428s] Level 1:colcon.colcon_core.environment:checking '/home/astrobotics/TestBotTeaching/install/pythonDriving/lib'
[9.429s] Level 1:colcon.colcon_core.environment:checking '/home/astrobotics/TestBotTeaching/install/pythonDriving/bin'
[9.430s] Level 1:colcon.colcon_core.environment:checking '/home/astrobotics/TestBotTeaching/install/pythonDriving/lib/pkgconfig/pythonDriving.pc'
[9.432s] Level 1:colcon.colcon_core.environment:checking '/home/astrobotics/TestBotTeaching/install/pythonDriving/lib/python3.10/site-packages'
[9.433s] Level 1:colcon.colcon_core.shell:create_environment_hook('pythonDriving', 'pythonpath')
[9.434s] INFO:colcon.colcon_core.shell:Creating environment hook '/home/astrobotics/TestBotTeaching/install/pythonDriving/share/pythonDriving/hook/pythonpath.ps1'
[9.439s] INFO:colcon.colcon_core.shell:Creating environment descriptor '/home/astrobotics/TestBotTeaching/install/pythonDriving/share/pythonDriving/hook/pythonpath.dsv'
[9.442s] INFO:colcon.colcon_core.shell:Creating environment hook '/home/astrobotics/TestBotTeaching/install/pythonDriving/share/pythonDriving/hook/pythonpath.sh'
[9.446s] Level 1:colcon.colcon_core.environment:checking '/home/astrobotics/TestBotTeaching/install/pythonDriving/bin'
[9.446s] Level 1:colcon.colcon_core.environment:create_environment_scripts_only(pythonDriving)
[9.448s] INFO:colcon.colcon_core.shell:Creating package script '/home/astrobotics/TestBotTeaching/install/pythonDriving/share/pythonDriving/package.ps1'
[9.456s] INFO:colcon.colcon_core.shell:Creating package descriptor '/home/astrobotics/TestBotTeaching/install/pythonDriving/share/pythonDriving/package.dsv'
[9.459s] INFO:colcon.colcon_core.shell:Creating package script '/home/astrobotics/TestBotTeaching/install/pythonDriving/share/pythonDriving/package.sh'
[9.464s] INFO:colcon.colcon_core.shell:Creating package script '/home/astrobotics/TestBotTeaching/install/pythonDriving/share/pythonDriving/package.bash'
[9.472s] INFO:colcon.colcon_core.shell:Creating package script '/home/astrobotics/TestBotTeaching/install/pythonDriving/share/pythonDriving/package.zsh'
[9.478s] Level 1:colcon.colcon_core.environment:create_file_with_runtime_dependencies(/home/astrobotics/TestBotTeaching/install/pythonDriving/share/colcon-core/packages/pythonDriving)
[11.407s] DEBUG:colcon.colcon_core.event_handler.log_command:Invoked command in '/home/astrobotics/TestBotTeaching/build/drivetrain' returned '1': CMAKE_PREFIX_PATH=/opt/ros/humble /usr/bin/cmake /home/astrobotics/TestBotTeaching/drivetrain -DCMAKE_INSTALL_PREFIX=/home/astrobotics/TestBotTeaching/install/drivetrain
[11.472s] Level 1:colcon.colcon_core.environment:create_environment_scripts_only(drivetrain)
[11.474s] Level 1:colcon.colcon_core.environment:checking '/home/astrobotics/TestBotTeaching/install/drivetrain' for CMake module files
[11.476s] Level 1:colcon.colcon_core.environment:checking '/home/astrobotics/TestBotTeaching/install/drivetrain' for CMake config files
[11.477s] Level 1:colcon.colcon_core.environment:checking '/home/astrobotics/TestBotTeaching/install/drivetrain/bin'
[11.477s] Level 1:colcon.colcon_core.environment:checking '/home/astrobotics/TestBotTeaching/install/drivetrain/lib/pkgconfig/drivetrain.pc'
[11.479s] Level 1:colcon.colcon_core.environment:checking '/home/astrobotics/TestBotTeaching/install/drivetrain/lib/python3.10/site-packages'
[11.480s] Level 1:colcon.colcon_core.environment:checking '/home/astrobotics/TestBotTeaching/install/drivetrain/bin'
[11.482s] INFO:colcon.colcon_core.shell:Creating package script '/home/astrobotics/TestBotTeaching/install/drivetrain/share/drivetrain/package.ps1'
[11.485s] INFO:colcon.colcon_core.shell:Creating package descriptor '/home/astrobotics/TestBotTeaching/install/drivetrain/share/drivetrain/package.dsv'
[11.487s] INFO:colcon.colcon_core.shell:Creating package script '/home/astrobotics/TestBotTeaching/install/drivetrain/share/drivetrain/package.sh'
[11.489s] INFO:colcon.colcon_core.shell:Creating package script '/home/astrobotics/TestBotTeaching/install/drivetrain/share/drivetrain/package.bash'
[11.492s] INFO:colcon.colcon_core.shell:Creating package script '/home/astrobotics/TestBotTeaching/install/drivetrain/share/drivetrain/package.zsh'
[11.494s] Level 1:colcon.colcon_core.environment:create_file_with_runtime_dependencies(/home/astrobotics/TestBotTeaching/install/drivetrain/share/colcon-core/packages/drivetrain)
[11.507s] DEBUG:colcon.colcon_parallel_executor.executor.parallel:closing loop
[11.508s] DEBUG:colcon.colcon_parallel_executor.executor.parallel:loop closed
[11.508s] DEBUG:colcon.colcon_parallel_executor.executor.parallel:run_until_complete finished with '1'
[11.508s] DEBUG:colcon.colcon_core.event_reactor:joining thread
[11.542s] INFO:colcon.colcon_core.plugin_system:Skipping extension 'colcon_notification.desktop_notification.terminal_notifier': Not used on non-Darwin systems
[11.543s] INFO:colcon.colcon_core.plugin_system:Skipping extension 'colcon_notification.desktop_notification.win32': Not used on non-Windows systems
[11.544s] INFO:colcon.colcon_notification.desktop_notification:Sending desktop notification using 'notify2'
[11.614s] DEBUG:colcon.colcon_core.event_reactor:joined thread
[11.615s] INFO:colcon.colcon_core.shell:Creating prefix script '/home/astrobotics/TestBotTeaching/install/local_setup.ps1'
[11.620s] INFO:colcon.colcon_core.shell:Creating prefix util module '/home/astrobotics/TestBotTeaching/install/_local_setup_util_ps1.py'
[11.627s] INFO:colcon.colcon_core.shell:Creating prefix chain script '/home/astrobotics/TestBotTeaching/install/setup.ps1'
[11.632s] INFO:colcon.colcon_core.shell:Creating prefix script '/home/astrobotics/TestBotTeaching/install/local_setup.sh'
[11.636s] INFO:colcon.colcon_core.shell:Creating prefix util module '/home/astrobotics/TestBotTeaching/install/_local_setup_util_sh.py'
[11.639s] INFO:colcon.colcon_core.shell:Creating prefix chain script '/home/astrobotics/TestBotTeaching/install/setup.sh'
[11.645s] INFO:colcon.colcon_core.shell:Creating prefix script '/home/astrobotics/TestBotTeaching/install/local_setup.bash'
[11.649s] INFO:colcon.colcon_core.shell:Creating prefix chain script '/home/astrobotics/TestBotTeaching/install/setup.bash'
[11.656s] INFO:colcon.colcon_core.shell:Creating prefix script '/home/astrobotics/TestBotTeaching/install/local_setup.zsh'
[11.659s] INFO:colcon.colcon_core.shell:Creating prefix chain script '/home/astrobotics/TestBotTeaching/install/setup.zsh'
